TID: [-1234] [2023-06-18 18:36:49,935]  INFO {AUDIT_LOG} - Initiator=wso2.system.user Action=Get-User-Claim-Values Target=admin Data={"Claims":{},"Profile":"default"} Outcome=Success
TID: [-1234] [2023-06-18 18:36:49,935]  INFO {AUDIT_LOG} - Initiator=wso2.system.user Action=Get-User-Claim-Values Target=admin Data={"Claims":{},"Profile":"default"} Outcome=Success
TID: [-1234] [2023-06-18 18:36:49,936]  INFO {AUDIT_LOG} - Initiator=wso2.system.user Action=Get-User-Claim-Values Target=admin Data={"Claims":{},"Profile":"default"} Outcome=Success
TID: [-1234] [2023-06-18 18:36:49,941]  INFO {AUDIT_LOG} - Initiator=wso2.system.user Action=Get-User-Claim-Values Target=admin Data={"Claims":{},"Profile":"default"} Outcome=Success
TID: [-1234] [2023-06-18 18:36:49,942]  INFO {AUDIT_LOG} - Initiator=wso2.system.user Action=Get-User-Claim-Values Target=admin Data={"Claims":{},"Profile":"default"} Outcome=Success
TID: [-1234] [2023-06-18 18:36:49,947]  INFO {AUDIT_LOG} - Initiator=wso2.system.user Action=Get-User-Claim-Values Target=admin Data={"Claims":{},"Profile":"default"} Outcome=Success
TID: [-1234] [2023-06-18 18:36:49,948]  INFO {AUDIT_LOG} - Initiator=wso2.system.user Action=Get-User-Claim-Values Target=admin Data={"Claims":{},"Profile":"default"} Outcome=Success
TID: [-1234] [2023-06-18 18:36:49,949]  INFO {AUDIT_LOG} - Initiator=wso2.system.user Action=Get-User-Claim-Values Target=admin Data={"Claims":{},"Profile":"default"} Outcome=Success
TID: [-1234] [2023-06-18 18:36:49,950]  INFO {AUDIT_LOG} - Initiator=wso2.system.user Action=Get-User-Claim-Values Target=admin Data={"Claims":{},"Profile":"default"} Outcome=Success
TID: [-1234] [2023-06-18 18:36:49,952]  INFO {AUDIT_LOG} - Initiator=wso2.system.user Action=Get-User-Claim-Values Target=admin Data={"Claims":{},"Profile":"default"} Outcome=Success
TID: [-1234] [2023-06-18 18:36:49,953]  INFO {AUDIT_LOG} - Initiator=wso2.system.user Action=Get-User-Claim-Values Target=admin Data={"Claims":{},"Profile":"default"} Outcome=Success
TID: [-1234] [2023-06-18 18:36:49,959]  INFO {AUDIT_LOG} - Initiator=wso2.system.user Action=Get-User-Claim-Values Target=admin Data={"Claims":{},"Profile":"default"} Outcome=Success
TID: [-1234] [2023-06-18 18:36:49,960]  INFO {AUDIT_LOG} - Initiator=wso2.system.user Action=Get-User-Claim-Values Target=admin Data={"Claims":{},"Profile":"default"} Outcome=Success
TID: [-1234] [2023-06-18 18:36:49,961]  INFO {AUDIT_LOG} - Initiator=wso2.system.user Action=Get-User-Claim-Values Target=admin Data={"Claims":{},"Profile":"default"} Outcome=Success
TID: [-1234] [2023-06-18 18:36:49,961]  INFO {AUDIT_LOG} - Initiator=wso2.system.user Action=Get-User-Claim-Values Target=admin Data={"Claims":{},"Profile":"default"} Outcome=Success
TID: [-1234] [2023-06-18 18:36:49,963]  INFO {AUDIT_LOG} - Initiator=wso2.system.user Action=Get-User-Claim-Values Target=admin Data={"Claims":{},"Profile":"default"} Outcome=Success
TID: [-1234] [2023-06-18 18:36:49,964]  INFO {AUDIT_LOG} - Initiator=wso2.system.user Action=Get-User-Claim-Values Target=admin Data={"Claims":{},"Profile":"default"} Outcome=Success
TID: [-1234] [2023-06-18 18:36:49,965]  INFO {AUDIT_LOG} - Initiator=wso2.system.user Action=Get-User-Claim-Values Target=admin Data={"Claims":{},"Profile":"default"} Outcome=Success
TID: [-1234] [2023-06-18 18:36:49,965]  INFO {AUDIT_LOG} - Initiator=wso2.system.user Action=Get-User-Claim-Values Target=admin Data={"Claims":{},"Profile":"default"} Outcome=Success
TID: [-1234] [2023-06-18 18:36:49,966]  INFO {AUDIT_LOG} - Initiator=wso2.system.user Action=Get-User-Claim-Values Target=admin Data={"Claims":{},"Profile":"default"} Outcome=Success
TID: [-1234] [2023-06-18 18:36:49,966]  INFO {AUDIT_LOG} - Initiator=wso2.system.user Action=Get-User-Claim-Values Target=admin Data={"Claims":{},"Profile":"default"} Outcome=Success
TID: [-1234] [2023-06-18 18:36:49,966]  INFO {AUDIT_LOG} - Initiator=wso2.system.user Action=Get-User-Claim-Values Target=admin Data={"Claims":{},"Profile":"default"} Outcome=Success
TID: [-1234] [2023-06-18 18:36:49,969]  INFO {AUDIT_LOG} - Initiator=wso2.system.user Action=Get-User-Claim-Values Target=admin Data={"Claims":{},"Profile":"default"} Outcome=Success
TID: [-1234] [2023-06-18 18:36:49,971]  INFO {AUDIT_LOG} - Initiator=wso2.system.user Action=Get-User-Claim-Values Target=admin Data={"Claims":{},"Profile":"default"} Outcome=Success
TID: [-1234] [2023-06-18 18:36:50,024]  INFO {AUDIT_LOG} - Initiator=wso2.system.user Action=Get-User-Claim-Values Target=admin Data={"Claims":{},"Profile":"default"} Outcome=Success
TID: [-1234] [2023-06-18 18:36:50,028]  INFO {AUDIT_LOG} - Initiator=wso2.system.user Action=Get-User-Claim-Values Target=admin Data={"Claims":{},"Profile":"default"} Outcome=Success
TID: [-1234] [2023-06-18 18:36:50,029]  INFO {AUDIT_LOG} - Initiator=wso2.system.user Action=Get-User-Claim-Values Target=admin Data={"Claims":{},"Profile":"default"} Outcome=Success
TID: [-1234] [2023-06-18 18:36:53,957]  INFO {AUDIT_LOG} - Initiator=wso2.system.user Action=Get-User-Claim-Values Target=admin Data={"Claims":{},"Profile":"default"} Outcome=Success
TID: [-1234] [2023-06-18 18:36:53,963]  INFO {AUDIT_LOG} - Initiator=wso2.system.user Action=Get-User-Claim-Values Target=admin Data={"Claims":{},"Profile":"default"} Outcome=Success
TID: [-1234] [2023-06-18 18:36:53,981]  INFO {AUDIT_LOG} - Initiator=wso2.system.user Action=Get-User-Claim-Values Target=admin Data={"Claims":{},"Profile":"default"} Outcome=Success
TID: [-1234] [2023-06-18 18:36:54,098]  INFO {AUDIT_LOG} - Initiator=wso2.system.user Action=Get-User-Claim-Values Target=admin Data={"Claims":{},"Profile":"default"} Outcome=Success
TID: [-1234] [2023-06-18 18:36:54,100]  INFO {AUDIT_LOG} - Initiator=wso2.system.user Action=Get-User-Claim-Values Target=admin Data={"Claims":{},"Profile":"default"} Outcome=Success
TID: [-1234] [2023-06-18 18:36:54,100]  INFO {AUDIT_LOG} - Initiator=wso2.system.user Action=Get-User-Claim-Values Target=admin Data={"Claims":{},"Profile":"default"} Outcome=Success
TID: [-1234] [2023-06-18 18:36:54,210]  INFO {AUDIT_LOG} - Initiator=wso2.system.user Action=Get-User-Claim-Values Target=admin Data={"Claims":{},"Profile":"default"} Outcome=Success
TID: [-1234] [2023-06-18 18:36:54,212]  INFO {AUDIT_LOG} - Initiator=wso2.system.user Action=Get-User-Claim-Values Target=admin Data={"Claims":{},"Profile":"default"} Outcome=Success
TID: [-1234] [2023-06-18 18:36:54,213]  INFO {AUDIT_LOG} - Initiator=wso2.system.user Action=Get-User-Claim-Values Target=admin Data={"Claims":{},"Profile":"default"} Outcome=Success
TID: [-1234] [2023-06-18 18:36:54,487]  INFO {AUDIT_LOG} - Initiator=wso2.system.user Action=Get-User-Claim-Values Target=admin Data={"Claims":{},"Profile":"default"} Outcome=Success
TID: [-1234] [2023-06-18 18:36:54,493]  INFO {AUDIT_LOG} - Initiator=wso2.system.user Action=Get-User-Claim-Values Target=admin Data={"Claims":{},"Profile":"default"} Outcome=Success
TID: [-1234] [2023-06-18 18:36:54,496]  INFO {AUDIT_LOG} - Initiator=wso2.system.user Action=Get-User-Claim-Values Target=admin Data={"Claims":{},"Profile":"default"} Outcome=Success
TID: [-1234] [2023-06-18 18:36:54,603]  INFO {AUDIT_LOG} - Initiator=wso2.system.user Action=Get-User-Claim-Values Target=admin Data={"Claims":{},"Profile":"default"} Outcome=Success
TID: [-1234] [2023-06-18 18:36:54,605]  INFO {AUDIT_LOG} - Initiator=wso2.system.user Action=Get-User-Claim-Values Target=admin Data={"Claims":{},"Profile":"default"} Outcome=Success
TID: [-1234] [2023-06-18 18:36:54,605]  INFO {AUDIT_LOG} - Initiator=wso2.system.user Action=Get-User-Claim-Values Target=admin Data={"Claims":{},"Profile":"default"} Outcome=Success
TID: [-1234] [2023-06-18 18:36:54,636]  INFO {AUDIT_LOG} - Initiator=wso2.system.user Action=Get-User-Claim-Values Target=admin Data={"Claims":{},"Profile":"default"} Outcome=Success
TID: [-1234] [2023-06-18 18:36:54,638]  INFO {AUDIT_LOG} - Initiator=wso2.system.user Action=Get-User-Claim-Values Target=admin Data={"Claims":{},"Profile":"default"} Outcome=Success
TID: [-1234] [2023-06-18 18:36:54,640]  INFO {AUDIT_LOG} - Initiator=wso2.system.user Action=Get-User-Claim-Values Target=admin Data={"Claims":{},"Profile":"default"} Outcome=Success
TID: [-1234] [2023-06-18 18:36:54,700]  INFO {AUDIT_LOG} - Initiator=wso2.system.user Action=Get-User-Claim-Values Target=admin Data={"Claims":{},"Profile":"default"} Outcome=Success
TID: [-1234] [2023-06-18 18:36:54,703]  INFO {AUDIT_LOG} - Initiator=wso2.system.user Action=Get-User-Claim-Values Target=admin Data={"Claims":{},"Profile":"default"} Outcome=Success
TID: [-1234] [2023-06-18 18:36:54,704]  INFO {AUDIT_LOG} - Initiator=wso2.system.user Action=Get-User-Claim-Values Target=admin Data={"Claims":{},"Profile":"default"} Outcome=Success
TID: [-1234] [2023-06-18 18:36:55,434]  INFO {AUDIT_LOG} - Initiator=wso2.system.user Action=Get-User-Claim-Values Target=admin Data={"Claims":{},"Profile":"default"} Outcome=Success
TID: [-1234] [2023-06-18 18:36:55,437]  INFO {AUDIT_LOG} - Initiator=wso2.system.user Action=Get-User-Claim-Values Target=admin Data={"Claims":{},"Profile":"default"} Outcome=Success
TID: [-1234] [2023-06-18 18:36:55,437]  INFO {AUDIT_LOG} - Initiator=wso2.system.user Action=Get-User-Claim-Values Target=admin Data={"Claims":{},"Profile":"default"} Outcome=Success
TID: [-1234] [2023-06-18 18:36:55,544]  INFO {AUDIT_LOG} - Initiator=wso2.system.user Action=Get-User-Claim-Values Target=admin Data={"Claims":{},"Profile":"default"} Outcome=Success
TID: [-1234] [2023-06-18 18:36:55,551]  INFO {AUDIT_LOG} - Initiator=wso2.system.user Action=Get-User-Claim-Values Target=admin Data={"Claims":{},"Profile":"default"} Outcome=Success
TID: [-1234] [2023-06-18 18:36:55,551]  INFO {AUDIT_LOG} - Initiator=wso2.system.user Action=Get-User-Claim-Values Target=admin Data={"Claims":{},"Profile":"default"} Outcome=Success
TID: [-1234] [2023-06-18 18:36:55,563]  INFO {AUDIT_LOG} - Initiator=wso2.system.user Action=Get-User-Claim-Values Target=admin Data={"Claims":{},"Profile":"default"} Outcome=Success
TID: [-1234] [2023-06-18 18:36:55,565]  INFO {AUDIT_LOG} - Initiator=wso2.system.user Action=Get-User-Claim-Values Target=admin Data={"Claims":{},"Profile":"default"} Outcome=Success
TID: [-1234] [2023-06-18 18:36:55,565]  INFO {AUDIT_LOG} - Initiator=wso2.system.user Action=Get-User-Claim-Values Target=admin Data={"Claims":{},"Profile":"default"} Outcome=Success
TID: [] [2023-06-18 18:36:56,946]  INFO {AUDIT_LOG} - Initiator=wso2.system.user Action=Get-User-Claim-Values Target=admin Data={"Claims":{},"Profile":"default"} Outcome=Success
TID: [] [2023-06-18 18:36:56,948]  INFO {AUDIT_LOG} - Initiator=wso2.system.user Action=Get-User-Claim-Values Target=admin Data={"Claims":{},"Profile":"default"} Outcome=Success
TID: [] [2023-06-18 18:36:56,949]  INFO {AUDIT_LOG} - Initiator=wso2.system.user Action=Get-User-Claim-Values Target=admin Data={"Claims":{},"Profile":"default"} Outcome=Success
TID: [] [2023-06-18 18:36:57,288]  INFO {AUDIT_LOG} - Initiator=wso2.system.user Action=Get-User-Claim-Values Target=admin Data={"Claims":{},"Profile":"default"} Outcome=Success
TID: [] [2023-06-18 18:36:57,291]  INFO {AUDIT_LOG} - Initiator=wso2.system.user Action=Get-User-Claim-Values Target=admin Data={"Claims":{},"Profile":"default"} Outcome=Success
TID: [] [2023-06-18 18:36:57,292]  INFO {AUDIT_LOG} - Initiator=wso2.system.user Action=Get-User-Claim-Values Target=admin Data={"Claims":{},"Profile":"default"} Outcome=Success
TID: [] [2023-06-18 18:36:57,293]  INFO {AUDIT_LOG} - Initiator=wso2.system.user Action=Get-User-Claim-Values Target=admin Data={"Claims":{},"Profile":"default"} Outcome=Success
TID: [] [2023-06-18 18:36:57,295]  INFO {AUDIT_LOG} - Initiator=wso2.system.user Action=Get-User-Claim-Values Target=admin Data={"Claims":{},"Profile":"default"} Outcome=Success
TID: [] [2023-06-18 18:36:57,296]  INFO {AUDIT_LOG} - Initiator=wso2.system.user Action=Get-User-Claim-Values Target=admin Data={"Claims":{},"Profile":"default"} Outcome=Success
TID: [] [2023-06-18 18:36:57,299]  INFO {AUDIT_LOG} - Initiator=wso2.system.user Action=Get-User-Claim-Values Target=admin Data={"Claims":{},"Profile":"default"} Outcome=Success
TID: [] [2023-06-18 18:36:57,301]  INFO {AUDIT_LOG} - Initiator=wso2.system.user Action=Get-User-Claim-Values Target=admin Data={"Claims":{},"Profile":"default"} Outcome=Success
TID: [] [2023-06-18 18:36:57,303]  INFO {AUDIT_LOG} - Initiator=wso2.system.user Action=Get-User-Claim-Values Target=admin Data={"Claims":{},"Profile":"default"} Outcome=Success
TID: [] [2023-06-18 18:36:57,303]  INFO {AUDIT_LOG} - Initiator=wso2.system.user Action=Get-User-Claim-Values Target=admin Data={"Claims":{},"Profile":"default"} Outcome=Success
TID: [] [2023-06-18 18:36:57,306]  INFO {AUDIT_LOG} - Initiator=wso2.system.user Action=Get-User-Claim-Values Target=admin Data={"Claims":{},"Profile":"default"} Outcome=Success
TID: [] [2023-06-18 18:36:57,307]  INFO {AUDIT_LOG} - Initiator=wso2.system.user Action=Get-User-Claim-Values Target=admin Data={"Claims":{},"Profile":"default"} Outcome=Success
TID: [] [2023-06-18 18:36:57,340]  INFO {AUDIT_LOG} - Initiator=wso2.system.user Action=Get-User-Claim-Values Target=admin Data={"Claims":{},"Profile":"default"} Outcome=Success
TID: [] [2023-06-18 18:36:57,342]  INFO {AUDIT_LOG} - Initiator=wso2.system.user Action=Get-User-Claim-Values Target=admin Data={"Claims":{},"Profile":"default"} Outcome=Success
TID: [] [2023-06-18 18:36:57,399]  INFO {AUDIT_LOG} - Initiator=wso2.system.user Action=Get-User-Claim-Values Target=admin Data={"Claims":{},"Profile":"default"} Outcome=Success
TID: [] [2023-06-18 18:36:57,402]  INFO {AUDIT_LOG} - Initiator=wso2.system.user Action=Get-User-Claim-Values Target=admin Data={"Claims":{},"Profile":"default"} Outcome=Success
TID: [] [2023-06-18 18:36:57,404]  INFO {AUDIT_LOG} - Initiator=wso2.system.user Action=Get-User-Claim-Values Target=admin Data={"Claims":{},"Profile":"default"} Outcome=Success
TID: [] [2023-06-18 18:36:57,405]  INFO {AUDIT_LOG} - Initiator=wso2.system.user Action=Get-User-Claim-Values Target=admin Data={"Claims":{},"Profile":"default"} Outcome=Success
TID: [] [2023-06-18 18:36:57,409]  INFO {AUDIT_LOG} - Initiator=wso2.system.user Action=Get-User-Claim-Values Target=admin Data={"Claims":{},"Profile":"default"} Outcome=Success
TID: [] [2023-06-18 18:36:57,410]  INFO {AUDIT_LOG} - Initiator=wso2.system.user Action=Get-User-Claim-Values Target=admin Data={"Claims":{},"Profile":"default"} Outcome=Success
TID: [] [2023-06-18 18:36:57,430]  INFO {AUDIT_LOG} - Initiator=wso2.system.user Action=Get-User-Claim-Values Target=admin Data={"Claims":{},"Profile":"default"} Outcome=Success
TID: [] [2023-06-18 18:36:57,433]  INFO {AUDIT_LOG} - Initiator=wso2.system.user Action=Get-User-Claim-Values Target=admin Data={"Claims":{},"Profile":"default"} Outcome=Success
TID: [] [2023-06-18 18:36:57,434]  INFO {AUDIT_LOG} - Initiator=wso2.system.user Action=Get-User-Claim-Values Target=admin Data={"Claims":{},"Profile":"default"} Outcome=Success
TID: [] [2023-06-18 18:36:57,436]  INFO {AUDIT_LOG} - Initiator=wso2.system.user Action=Get-User-Claim-Values Target=admin Data={"Claims":{},"Profile":"default"} Outcome=Success
TID: [] [2023-06-18 18:36:57,439]  INFO {AUDIT_LOG} - Initiator=wso2.system.user Action=Get-User-Claim-Values Target=admin Data={"Claims":{},"Profile":"default"} Outcome=Success
TID: [] [2023-06-18 18:36:57,441]  INFO {AUDIT_LOG} - Initiator=wso2.system.user Action=Get-User-Claim-Values Target=admin Data={"Claims":{},"Profile":"default"} Outcome=Success
TID: [] [2023-06-18 18:36:57,465]  INFO {AUDIT_LOG} - Initiator=wso2.system.user Action=Get-User-Claim-Values Target=admin Data={"Claims":{},"Profile":"default"} Outcome=Success
TID: [] [2023-06-18 18:36:58,051]  INFO {AUDIT_LOG} - Initiator=wso2.system.user Action=Get-User-Claim-Values Target=admin Data={"Claims":{},"Profile":"default"} Outcome=Success
TID: [] [2023-06-18 18:36:58,053]  INFO {AUDIT_LOG} - Initiator=wso2.system.user Action=Get-User-Claim-Values Target=admin Data={"Claims":{},"Profile":"default"} Outcome=Success
TID: [] [2023-06-18 18:36:58,053]  INFO {AUDIT_LOG} - Initiator=wso2.system.user Action=Get-User-Claim-Values Target=admin Data={"Claims":{},"Profile":"default"} Outcome=Success
TID: [] [2023-06-18 18:36:58,058]  INFO {AUDIT_LOG} - Initiator=wso2.system.user Action=Get-User-Claim-Values Target=admin Data={"Claims":{},"Profile":"default"} Outcome=Success
TID: [] [2023-06-18 18:36:58,059]  INFO {AUDIT_LOG} - Initiator=wso2.system.user Action=Get-User-Claim-Values Target=admin Data={"Claims":{},"Profile":"default"} Outcome=Success
TID: [] [2023-06-18 18:36:58,060]  INFO {AUDIT_LOG} - Initiator=wso2.system.user Action=Get-User-Claim-Values Target=admin Data={"Claims":{},"Profile":"default"} Outcome=Success
TID: [-1234] [2023-06-18 18:36:58,069]  INFO {AUDIT_LOG} - Initiator=wso2.system.user Action=Get-User-Claim-Values Target=admin Data={"Claims":{},"Profile":"default"} Outcome=Success
TID: [-1234] [2023-06-18 18:36:58,071]  INFO {AUDIT_LOG} - Initiator=wso2.system.user Action=Get-User-Claim-Values Target=admin Data={"Claims":{},"Profile":"default"} Outcome=Success
TID: [-1234] [2023-06-18 18:36:58,073]  INFO {AUDIT_LOG} - Initiator=wso2.system.user Action=Get-User-Claim-Values Target=admin Data={"Claims":{},"Profile":"default"} Outcome=Success
TID: [] [2023-06-18 18:36:58,217]  INFO {AUDIT_LOG} - Initiator=wso2.system.user Action=Get-User-Claim-Values Target=admin Data={"Claims":{},"Profile":"default"} Outcome=Success
TID: [] [2023-06-18 18:36:58,218]  INFO {AUDIT_LOG} - Initiator=wso2.system.user Action=Get-User-Claim-Values Target=admin Data={"Claims":{},"Profile":"default"} Outcome=Success
TID: [] [2023-06-18 18:36:58,219]  INFO {AUDIT_LOG} - Initiator=wso2.system.user Action=Get-User-Claim-Values Target=admin Data={"Claims":{},"Profile":"default"} Outcome=Success
TID: [] [2023-06-18 18:36:58,235]  INFO {AUDIT_LOG} - Initiator=wso2.system.user Action=Get-User-Claim-Values Target=admin Data={"Claims":{},"Profile":"default"} Outcome=Success
TID: [] [2023-06-18 18:36:58,237]  INFO {AUDIT_LOG} - Initiator=wso2.system.user Action=Get-User-Claim-Values Target=admin Data={"Claims":{},"Profile":"default"} Outcome=Success
TID: [] [2023-06-18 18:36:58,238]  INFO {AUDIT_LOG} - Initiator=wso2.system.user Action=Get-User-Claim-Values Target=admin Data={"Claims":{},"Profile":"default"} Outcome=Success
TID: [] [2023-06-18 18:36:58,370]  INFO {AUDIT_LOG} - Initiator=wso2.system.user Action=Get-Roles-of-User Target=admin Data={"Filter":"*","Roles":["Internal/subscriber","Internal/creator","Internal/publisher","Internal/everyone","Internal/devops","admin","Internal/analytics","Internal/observer","Internal/integration_dev"]} Outcome=Success
TID: [] [2023-06-18 18:36:58,412]  INFO {AUDIT_LOG} - Initiator=wso2.system.user Action=Get-User-Claim-Values Target=admin Data={"Claims":{},"Profile":"default"} Outcome=Success
TID: [] [2023-06-18 18:36:58,415]  INFO {AUDIT_LOG} - Initiator=wso2.system.user Action=Get-User-Claim-Values Target=admin Data={"Claims":{},"Profile":"default"} Outcome=Success
TID: [] [2023-06-18 18:36:58,416]  INFO {AUDIT_LOG} - Initiator=wso2.system.user Action=Get-User-Claim-Values Target=admin Data={"Claims":{},"Profile":"default"} Outcome=Success
TID: [] [2023-06-18 18:36:58,426]  INFO {AUDIT_LOG} - Initiator=wso2.system.user Action=Get-User-Claim-Values Target=admin Data={"Claims":{},"Profile":"default"} Outcome=Success
TID: [] [2023-06-18 18:36:58,429]  INFO {AUDIT_LOG} - Initiator=wso2.system.user Action=Get-User-Claim-Values Target=admin Data={"Claims":{},"Profile":"default"} Outcome=Success
TID: [] [2023-06-18 18:36:58,430]  INFO {AUDIT_LOG} - Initiator=wso2.system.user Action=Get-User-Claim-Values Target=admin Data={"Claims":{},"Profile":"default"} Outcome=Success
TID: [] [2023-06-18 18:36:58,456]  INFO {AUDIT_LOG} - Initiator=wso2.system.user Action=Get-User-Claim-Values Target=admin Data={"Claims":{},"Profile":"default"} Outcome=Success
TID: [] [2023-06-18 18:36:58,458]  INFO {AUDIT_LOG} - Initiator=wso2.system.user Action=Get-User-Claim-Values Target=admin Data={"Claims":{},"Profile":"default"} Outcome=Success
TID: [] [2023-06-18 18:36:58,459]  INFO {AUDIT_LOG} - Initiator=wso2.system.user Action=Get-User-Claim-Values Target=admin Data={"Claims":{},"Profile":"default"} Outcome=Success
TID: [] [2023-06-18 18:36:58,527]  INFO {AUDIT_LOG} - Initiator=wso2.system.user Action=Get-User-Claim-Values Target=admin Data={"Claims":{},"Profile":"default"} Outcome=Success
TID: [] [2023-06-18 18:36:58,550]  INFO {AUDIT_LOG} - Initiator=wso2.system.user Action=Get-User-Claim-Values Target=admin Data={"Claims":{},"Profile":"default"} Outcome=Success
TID: [] [2023-06-18 18:36:58,554]  INFO {AUDIT_LOG} - Initiator=wso2.system.user Action=Get-User-Claim-Values Target=admin Data={"Claims":{},"Profile":"default"} Outcome=Success
TID: [] [2023-06-18 18:36:59,207]  INFO {AUDIT_LOG} - Initiator=wso2.system.user Action=Get-User-Claim-Values Target=admin Data={"Claims":{},"Profile":"default"} Outcome=Success
TID: [] [2023-06-18 18:36:59,211]  INFO {AUDIT_LOG} - Initiator=wso2.system.user Action=Get-User-Claim-Values Target=admin Data={"Claims":{},"Profile":"default"} Outcome=Success
TID: [] [2023-06-18 18:36:59,212]  INFO {AUDIT_LOG} - Initiator=wso2.system.user Action=Get-User-Claim-Values Target=admin Data={"Claims":{},"Profile":"default"} Outcome=Success
TID: [-1234] [2023-06-18 18:37:00,105]  INFO {AUDIT_LOG} - Initiator=wso2.system.user Action=Get-User-Claim-Values Target=admin Data={"Claims":{},"Profile":"default"} Outcome=Success
TID: [-1234] [2023-06-18 18:37:00,106]  INFO {AUDIT_LOG} - Initiator=wso2.system.user Action=Get-User-Claim-Values Target=admin Data={"Claims":{},"Profile":"default"} Outcome=Success
TID: [-1234] [2023-06-18 18:37:00,107]  INFO {AUDIT_LOG} - Initiator=wso2.system.user Action=Get-User-Claim-Values Target=admin Data={"Claims":{},"Profile":"default"} Outcome=Success
TID: [-1234] [2023-06-18 18:37:01,919]  INFO {AUDIT_LOG} - Initiator=wso2.system.user Action=Get-User-Claim-Values Target=admin Data={"Claims":{},"Profile":"default"} Outcome=Success
TID: [-1234] [2023-06-18 18:37:01,921]  INFO {AUDIT_LOG} - Initiator=wso2.system.user Action=Get-User-Claim-Values Target=admin Data={"Claims":{},"Profile":"default"} Outcome=Success
TID: [-1234] [2023-06-18 18:37:01,921]  INFO {AUDIT_LOG} - Initiator=wso2.system.user Action=Get-User-Claim-Values Target=admin Data={"Claims":{},"Profile":"default"} Outcome=Success
TID: [-1234] [2023-06-18 18:39:21,886]  INFO {AUDIT_LOG} - Initiator=wso2.system.user Action=Get-User-List Target=null Data={"ServiceProviderName":"apim_publisher","Claim Value":"admin","Users":["admin"],"Claim":"http://wso2.org/claims/username"} Outcome=Success
TID: [-1234] [2023-06-18 18:39:21,895]  INFO {AUDIT_LOG} - Initiator=wso2.system.user Action=Get-User-Claim-Values Target=admin Data={"ServiceProviderName":"apim_publisher","Claims":{},"Profile":"default"} Outcome=Success
TID: [-1234] [2023-06-18 18:39:21,896]  INFO {AUDIT_LOG} - Initiator=wso2.system.user Action=Get-User-Claim-Values Target=admin Data={"ServiceProviderName":"apim_publisher","Claims":{},"Profile":"default"} Outcome=Success
TID: [-1234] [2023-06-18 18:39:21,896]  INFO {AUDIT_LOG} - Initiator=wso2.system.user Action=Get-User-Claim-Values Target=admin Data={"ServiceProviderName":"apim_publisher","Claims":{},"Profile":"default"} Outcome=Success
TID: [-1234] [2023-06-18 18:39:21,903]  INFO {AUDIT_LOG} - Initiator : admin | Action : LoginStepSuccess | Target : ApplicationAuthenticationFramework | Data : { "ContextIdentifier" : "1973311a-cb18-4eef-91ec-2b8de8671812","AuthenticatedUser" : "admin","AuthenticatedUserTenantDomain" : "carbon.super","ServiceProviderName" : "apim_publisher","RequestType" : "oidc","RelyingParty" : "txiX92C5lqCp5l9dsSSrmo9Dr6Ma","AuthenticatedIdP" : "LOCAL","User Agent" : "null","RemoteAddress" : "null","UserStoreDomain" : "PRIMARY" } | Result : Success 
TID: [-1234] [2023-06-18 18:39:21,909]  INFO {AUDIT_LOG} - Initiator : admin@carbon.super | Action : Authenticate | Target : ApplicationAuthenticationFramework | Data : { Step: 1, IDP: LOCAL, Authenticator:BasicAuthenticator } | Result : Success 
TID: [-1234] [2023-06-18 18:39:21,932]  INFO {AUDIT_LOG} - Initiator=wso2.system.user Action=Get-User-Claim-Values Target=admin Data={"ServiceProviderName":"apim_publisher","Claims":{"http://wso2.org/claims/username":"admin","http://wso2.org/claims/userid":"419d3f27-ed71-4348-be1c-824ababa77e2","http://wso2.org/claims/role":"Internal/subscriber,Internal/creator,Internal/publisher,Internal/everyone,Internal/devops,admin,Internal/analytics,Internal/observer,Internal/integration_dev","http://wso2.org/claims/userprincipal":"admin"}} Outcome=Success
TID: [-1234] [2023-06-18 18:39:22,325]  INFO {AUDIT_LOG} - Initiator : admin | Action : StoreSession | Data : { {"traceId":"49b3271e-cf47-42b2-aba3-785578fd22d3","RememberMe":false,"sessionContextId":"26b8755b984373cfb683c9d746aee8375b57c9968a382d1128281673a1b2b6f0","AuthenticatedUserTenantDomain":"carbon.super","AuthenticatedUser":"admin","LastAccessedTimestamp":1687102762006} } | Result : Success 
TID: [-1234] [2023-06-18 18:39:22,530]  INFO {AUDIT_LOG} - Initiator : admin | Action : Login | Target : ApplicationAuthenticationFramework | Data : { "ContextIdentifier" : "1973311a-cb18-4eef-91ec-2b8de8671812","AuthenticatedUser" : "admin","AuthenticatedUserTenantDomain" : "carbon.super","ServiceProviderName" : "apim_publisher","RequestType" : "oidc","RelyingParty" : "txiX92C5lqCp5l9dsSSrmo9Dr6Ma","AuthenticatedIdPs" : "eyJ0eXAiOiJKV1QiLCJhbGciOiJIUzI1NiJ9.eyJpc3MiOiJ3c28yIiwiZXhwIjoxNjg3MTAyNzY0OTA5LCJpYXQiOjE2ODcxMDI3NjE5MDksImlkcHMiOlt7ImlkcCI6IkxPQ0FMIiwiYXV0aGVudGljYXRvciI6IkJhc2ljQXV0aGVudGljYXRvciJ9XX0.2x-7tTKQ5pPisl8sn_X9OMNMqZUKYlxp1eh2pbfJgpw","User Agent" : "null","RemoteAddress" : "null","UserStoreDomain" : "PRIMARY" } | Result : Success 
TID: [-1234] [2023-06-18 18:39:24,677]  INFO {AUDIT_LOG} - Initiator=wso2.system.user Action=Get-User-List Target=null Data={"Claim Value":"admin","Users":["admin"],"Claim":"http://wso2.org/claims/username"} Outcome=Success
TID: [-1234] [2023-06-18 18:39:24,699]  INFO {AUDIT_LOG} - Initiator=wso2.system.user Action=Get-User-Claim-Values Target=admin Data={"Claims":{},"Profile":"default"} Outcome=Success
TID: [-1234] [2023-06-18 18:39:24,701]  INFO {AUDIT_LOG} - Initiator=wso2.system.user Action=Get-User-Claim-Values Target=admin Data={"Claims":{},"Profile":"default"} Outcome=Success
TID: [-1234] [2023-06-18 18:39:24,702]  INFO {AUDIT_LOG} - Initiator=wso2.system.user Action=Get-User-Claim-Values Target=admin Data={"Claims":{},"Profile":"default"} Outcome=Success
TID: [-1234] [2023-06-18 18:39:36,856]  INFO {AUDIT_LOG} - GET /api/am/publisher/apis?limit=10&offset=0 user: admin@carbon.super app: txiX92C5lqCp5l9dsSSrmo9Dr6Ma
TID: [-1234] [2023-06-18 18:40:32,816]  INFO {AUDIT_LOG} - GET /api/am/publisher/tenants?state=active user: admin@carbon.super app: txiX92C5lqCp5l9dsSSrmo9Dr6Ma
TID: [-1234] [2023-06-18 18:40:32,819]  INFO {AUDIT_LOG} - GET /api/am/publisher/apis/322d0fa8-4241-4e9e-a381-26b8d42c1467 user: admin@carbon.super app: txiX92C5lqCp5l9dsSSrmo9Dr6Ma
TID: [-1234] [2023-06-18 18:40:32,864]  INFO {AUDIT_LOG} - GET /api/am/publisher/settings user: admin@carbon.super app: txiX92C5lqCp5l9dsSSrmo9Dr6Ma
TID: [-1234] [2023-06-18 18:40:34,121]  INFO {AUDIT_LOG} - GET /api/am/publisher/apis/322d0fa8-4241-4e9e-a381-26b8d42c1467/revisions user: admin@carbon.super app: txiX92C5lqCp5l9dsSSrmo9Dr6Ma
TID: [-1234] [2023-06-18 18:40:34,133]  INFO {AUDIT_LOG} - GET /api/am/publisher/apis/322d0fa8-4241-4e9e-a381-26b8d42c1467/revisions?query=deployed%3Atrue user: admin@carbon.super app: txiX92C5lqCp5l9dsSSrmo9Dr6Ma
TID: [-1234] [2023-06-18 18:40:35,310]  INFO {AUDIT_LOG} - GET /api/am/publisher/apis/322d0fa8-4241-4e9e-a381-26b8d42c1467/swagger user: admin@carbon.super app: txiX92C5lqCp5l9dsSSrmo9Dr6Ma
TID: [-1234] [2023-06-18 18:40:35,319]  INFO {AUDIT_LOG} - GET /api/am/publisher/apis/322d0fa8-4241-4e9e-a381-26b8d42c1467/revisions?query=deployed%3Atrue user: admin@carbon.super app: txiX92C5lqCp5l9dsSSrmo9Dr6Ma
TID: [-1234] [2023-06-18 18:41:02,080]  INFO {AUDIT_LOG} - Initiator=wso2.system.user Action=Get-User-Claim-Values Target=admin Data={"ServiceProviderName":"apim_devportal","Claims":{"http://wso2.org/claims/username":"admin","http://wso2.org/claims/userid":"419d3f27-ed71-4348-be1c-824ababa77e2","http://wso2.org/claims/role":"Internal/subscriber,Internal/creator,Internal/publisher,Internal/everyone,Internal/devops,admin,Internal/analytics,Internal/observer,Internal/integration_dev","http://wso2.org/claims/userprincipal":"admin"}} Outcome=Success
TID: [-1234] [2023-06-18 18:41:02,163]  INFO {AUDIT_LOG} - Initiator : admin | Action : UpdateSession | Data : { {"traceId":"bc7b281d-d297-48e8-9bd8-ca05e3b7406e","RememberMe":false,"sessionContextId":"26b8755b984373cfb683c9d746aee8375b57c9968a382d1128281673a1b2b6f0","AuthenticatedUserTenantDomain":"carbon.super","AuthenticatedUser":"admin","LastAccessedTimestamp":1687102862084} } | Result : Success 
TID: [-1234] [2023-06-18 18:41:02,164]  INFO {AUDIT_LOG} - Initiator : admin | Action : Login | Target : ApplicationAuthenticationFramework | Data : { "ContextIdentifier" : "cae6f1ab-5167-4bf3-9641-c8171846a34e","AuthenticatedUser" : "admin","AuthenticatedUserTenantDomain" : "carbon.super","ServiceProviderName" : "apim_devportal","RequestType" : "oidc","RelyingParty" : "PWfgQzPGHoxzOjpmoCalMGNtF2Ia","AuthenticatedIdPs" : "eyJ0eXAiOiJKV1QiLCJhbGciOiJIUzI1NiJ9.eyJpc3MiOiJ3c28yIiwiZXhwIjoxNjg3MTAyODY1MDY2LCJpYXQiOjE2ODcxMDI4NjIwNjYsImlkcHMiOlt7ImlkcCI6IkxPQ0FMIiwiYXV0aGVudGljYXRvciI6IkJhc2ljQXV0aGVudGljYXRvciJ9XX0.5T8B_Kaq6dY7aAp4M74k8Xgpodbn7r1foxBUINBvrcM","User Agent" : "null","RemoteAddress" : "null","UserStoreDomain" : "PRIMARY" } | Result : Success 
TID: [-1234] [2023-06-18 18:41:07,841]  INFO {AUDIT_LOG} - Initiator=wso2.system.user Action=Get-User-List Target=null Data={"Claim Value":"admin","Users":["admin"],"Claim":"http://wso2.org/claims/username"} Outcome=Success
TID: [-1234] [2023-06-18 18:41:07,849]  INFO {AUDIT_LOG} - Initiator=wso2.system.user Action=Get-User-Claim-Values Target=admin Data={"Claims":{},"Profile":"default"} Outcome=Success
TID: [-1234] [2023-06-18 18:41:07,917]  INFO {AUDIT_LOG} - Initiator=wso2.system.user Action=Get-User-Claim-Values Target=admin Data={"Claims":{},"Profile":"default"} Outcome=Success
TID: [-1234] [2023-06-18 18:41:07,919]  INFO {AUDIT_LOG} - Initiator=wso2.system.user Action=Get-User-Claim-Values Target=admin Data={"Claims":{},"Profile":"default"} Outcome=Success
TID: [-1234] [2023-06-18 18:41:10,450]  INFO {AUDIT_LOG} - GET /api/am/devportal/settings user: admin@carbon.super app: PWfgQzPGHoxzOjpmoCalMGNtF2Ia
TID: [-1234] [2023-06-18 18:41:11,368]  INFO {AUDIT_LOG} - GET /api/am/devportal/subscriptions?apiId=322d0fa8-4241-4e9e-a381-26b8d42c1467&limit=5000 user: admin@carbon.super app: PWfgQzPGHoxzOjpmoCalMGNtF2Ia
TID: [-1234] [2023-06-18 18:41:11,647]  INFO {AUDIT_LOG} - GET /api/am/devportal/subscriptions?apiId=322d0fa8-4241-4e9e-a381-26b8d42c1467&limit=25 user: admin@carbon.super app: PWfgQzPGHoxzOjpmoCalMGNtF2Ia
TID: [-1234] [2023-06-18 18:41:12,235]  INFO {AUDIT_LOG} - GET /api/am/devportal/applications?limit=5000 user: admin@carbon.super app: PWfgQzPGHoxzOjpmoCalMGNtF2Ia
TID: [-1234] [2023-06-18 18:41:12,267]  INFO {AUDIT_LOG} - GET /api/am/devportal/apis/322d0fa8-4241-4e9e-a381-26b8d42c1467 user: admin@carbon.super app: PWfgQzPGHoxzOjpmoCalMGNtF2Ia
TID: [-1234] [2023-06-18 18:41:16,333]  INFO {AUDIT_LOG} - Initiator=wso2.system.user Action=Get-User-Claim-Values Target=admin Data={"Claims":{},"Profile":"default"} Outcome=Success
TID: [-1234] [2023-06-18 18:41:16,341]  INFO {AUDIT_LOG} - Initiator=wso2.system.user Action=Get-User-Claim-Values Target=admin Data={"ServiceProviderName":"apim_publisher","Claims":{"http://wso2.org/claims/username":"admin","http://wso2.org/claims/userid":"419d3f27-ed71-4348-be1c-824ababa77e2","http://wso2.org/claims/role":"Internal/subscriber,Internal/creator,Internal/publisher,Internal/everyone,Internal/devops,admin,Internal/analytics,Internal/observer,Internal/integration_dev","http://wso2.org/claims/userprincipal":"admin"}} Outcome=Success
TID: [-1234] [2023-06-18 18:41:16,348]  INFO {AUDIT_LOG} - Initiator : admin | Action : UpdateSession | Data : { {"traceId":"4a454734-e480-4103-b461-ff070cca236c","RememberMe":false,"sessionContextId":"26b8755b984373cfb683c9d746aee8375b57c9968a382d1128281673a1b2b6f0","AuthenticatedUserTenantDomain":"carbon.super","AuthenticatedUser":"admin","LastAccessedTimestamp":1687102876345} } | Result : Success 
TID: [-1234] [2023-06-18 18:41:16,350]  INFO {AUDIT_LOG} - Initiator : admin | Action : Login | Target : ApplicationAuthenticationFramework | Data : { "ContextIdentifier" : "d65fa56f-77ad-4a8a-b6dc-d2df1e04405a","AuthenticatedUser" : "admin","AuthenticatedUserTenantDomain" : "carbon.super","ServiceProviderName" : "apim_publisher","RequestType" : "oidc","RelyingParty" : "txiX92C5lqCp5l9dsSSrmo9Dr6Ma","AuthenticatedIdPs" : "eyJ0eXAiOiJKV1QiLCJhbGciOiJIUzI1NiJ9.eyJpc3MiOiJ3c28yIiwiZXhwIjoxNjg3MTAyODc5MzM0LCJpYXQiOjE2ODcxMDI4NzYzMzQsImlkcHMiOlt7ImlkcCI6IkxPQ0FMIiwiYXV0aGVudGljYXRvciI6IkJhc2ljQXV0aGVudGljYXRvciJ9XX0.X6MZexNtZwCgRiHCvYEF0AmMbYyzj_R_GHFoaXQuH-I","User Agent" : "null","RemoteAddress" : "null","UserStoreDomain" : "PRIMARY" } | Result : Success 
TID: [-1234] [2023-06-18 18:41:17,119]  INFO {AUDIT_LOG} - GET /api/am/devportal/apis/322d0fa8-4241-4e9e-a381-26b8d42c1467/documents user: admin@carbon.super app: PWfgQzPGHoxzOjpmoCalMGNtF2Ia
TID: [-1234] [2023-06-18 18:41:17,124]  INFO {AUDIT_LOG} - GET /api/am/devportal/throttling-policies/subscription user: admin@carbon.super app: PWfgQzPGHoxzOjpmoCalMGNtF2Ia
TID: [-1234] [2023-06-18 18:41:17,474]  INFO {AUDIT_LOG} - GET /api/am/devportal/apis/322d0fa8-4241-4e9e-a381-26b8d42c1467/documents user: admin@carbon.super app: PWfgQzPGHoxzOjpmoCalMGNtF2Ia
TID: [-1234] [2023-06-18 18:41:17,488]  INFO {AUDIT_LOG} - GET /api/am/devportal/throttling-policies/subscription user: admin@carbon.super app: PWfgQzPGHoxzOjpmoCalMGNtF2Ia
TID: [-1234] [2023-06-18 18:41:17,800]  INFO {AUDIT_LOG} - GET /api/am/devportal/apis/322d0fa8-4241-4e9e-a381-26b8d42c1467/thumbnail user: admin@carbon.super app: PWfgQzPGHoxzOjpmoCalMGNtF2Ia
TID: [-1234] [2023-06-18 18:41:17,970]  INFO {AUDIT_LOG} - GET /api/am/devportal/apis/322d0fa8-4241-4e9e-a381-26b8d42c1467/ratings user: admin@carbon.super app: PWfgQzPGHoxzOjpmoCalMGNtF2Ia
TID: [-1234] [2023-06-18 18:41:17,976]  INFO {AUDIT_LOG} - GET /api/am/devportal/apis/322d0fa8-4241-4e9e-a381-26b8d42c1467/comments?limit=5&offset=0 user: admin@carbon.super app: PWfgQzPGHoxzOjpmoCalMGNtF2Ia
TID: [-1234] [2023-06-18 18:41:23,909]  INFO {AUDIT_LOG} - GET /api/am/devportal/applications?sortBy=name&sortOrder=asc&limit=10&offset=0 user: admin@carbon.super app: PWfgQzPGHoxzOjpmoCalMGNtF2Ia
TID: [-1234] [2023-06-18 18:41:27,061]  INFO {AUDIT_LOG} - GET /api/am/devportal/applications/3da751bc-82c5-433c-a68e-265fd27cecb9 user: admin@carbon.super app: PWfgQzPGHoxzOjpmoCalMGNtF2Ia
TID: [-1234] [2023-06-18 18:41:27,229]  INFO {AUDIT_LOG} - GET /api/am/devportal/applications/3da751bc-82c5-433c-a68e-265fd27cecb9 user: admin@carbon.super app: PWfgQzPGHoxzOjpmoCalMGNtF2Ia
TID: [-1234] [2023-06-18 18:41:27,230]  INFO {AUDIT_LOG} - GET /api/am/devportal/throttling-policies/application/10PerMin user: admin@carbon.super app: PWfgQzPGHoxzOjpmoCalMGNtF2Ia
TID: [-1234] [2023-06-18 18:41:27,263]  INFO {AUDIT_LOG} - GET /api/am/devportal/throttling-policies/application/10PerMin user: admin@carbon.super app: PWfgQzPGHoxzOjpmoCalMGNtF2Ia
TID: [-1234] [2023-06-18 18:41:29,724]  INFO {AUDIT_LOG} - GET /api/am/devportal/key-managers user: admin@carbon.super app: PWfgQzPGHoxzOjpmoCalMGNtF2Ia
TID: [-1234] [2023-06-18 18:41:30,035]  INFO {AUDIT_LOG} - GET /api/am/devportal/applications/3da751bc-82c5-433c-a68e-265fd27cecb9 user: admin@carbon.super app: PWfgQzPGHoxzOjpmoCalMGNtF2Ia
TID: [-1234] [2023-06-18 18:41:30,099]  INFO {AUDIT_LOG} - GET /api/am/devportal/applications/3da751bc-82c5-433c-a68e-265fd27cecb9/oauth-keys user: admin@carbon.super app: PWfgQzPGHoxzOjpmoCalMGNtF2Ia
TID: [-1234] [2023-06-18 18:41:30,598]  INFO {AUDIT_LOG} - GET /api/am/devportal/applications/3da751bc-82c5-433c-a68e-265fd27cecb9 user: admin@carbon.super app: PWfgQzPGHoxzOjpmoCalMGNtF2Ia
TID: [-1234] [2023-06-18 18:41:30,632]  INFO {AUDIT_LOG} - GET /api/am/devportal/applications/3da751bc-82c5-433c-a68e-265fd27cecb9/oauth-keys user: admin@carbon.super app: PWfgQzPGHoxzOjpmoCalMGNtF2Ia
TID: [-1234] [2023-06-18 18:41:34,477]  INFO {AUDIT_LOG} - GET /api/am/devportal/applications/3da751bc-82c5-433c-a68e-265fd27cecb9/oauth-keys user: admin@carbon.super app: PWfgQzPGHoxzOjpmoCalMGNtF2Ia
TID: [-1234] [2023-06-18 18:41:35,097]  INFO {AUDIT_LOG} - POST /api/am/devportal/applications/3da751bc-82c5-433c-a68e-265fd27cecb9/oauth-keys/9d1527a8-ffd0-46ab-b170-ab874743f57f/generate-token user: admin@carbon.super app: PWfgQzPGHoxzOjpmoCalMGNtF2Ia
TID: [-1234] [2023-06-18 18:41:35,715]  INFO {AUDIT_LOG} - {"performedBy":"admin","action":"updated","typ":"Application","info":{"Re-Generated Keys for application with client Id":"8rrdlf00o8JfsCB4N2XyCnTxfQEa"}}
TID: [-1234] [2023-06-18 18:41:35,914]  INFO {AUDIT_LOG} - Initiator=wso2.system.user Action=Get-User-Claim-Values Target=admin Data={"Claims":{},"Profile":"default"} Outcome=Success
TID: [-1234] [2023-06-18 18:41:35,916]  INFO {AUDIT_LOG} - Initiator=wso2.system.user Action=Get-User-Claim-Values Target=admin Data={"Claims":{},"Profile":"default"} Outcome=Success
TID: [-1234] [2023-06-18 18:41:35,916]  INFO {AUDIT_LOG} - Initiator=wso2.system.user Action=Get-User-Claim-Values Target=admin Data={"Claims":{},"Profile":"default"} Outcome=Success
TID: [] [2023-06-18 18:41:42,553]  INFO {AUDIT_LOG} - Initiator=wso2.system.user Action=Get-User-Claim-Values Target=admin Data={"Claims":{},"Profile":"default"} Outcome=Success
TID: [] [2023-06-18 18:41:42,554]  INFO {AUDIT_LOG} - Initiator=wso2.system.user Action=Get-User-Claim-Values Target=admin Data={"Claims":{},"Profile":"default"} Outcome=Success
TID: [] [2023-06-18 18:41:42,554]  INFO {AUDIT_LOG} - Initiator=wso2.system.user Action=Get-User-Claim-Values Target=admin Data={"Claims":{},"Profile":"default"} Outcome=Success
TID: [-1234] [2023-06-18 18:41:50,835]  INFO {AUDIT_LOG} - GET /api/am/devportal/apis?limit=10&offset=0 user: admin@carbon.super app: PWfgQzPGHoxzOjpmoCalMGNtF2Ia
TID: [-1234] [2023-06-18 18:41:50,845]  INFO {AUDIT_LOG} - GET /api/am/devportal/api-categories user: admin@carbon.super app: PWfgQzPGHoxzOjpmoCalMGNtF2Ia
TID: [-1234] [2023-06-18 18:41:50,845]  INFO {AUDIT_LOG} - GET /api/am/devportal/tags user: admin@carbon.super app: PWfgQzPGHoxzOjpmoCalMGNtF2Ia
TID: [-1234] [2023-06-18 18:41:51,460]  INFO {AUDIT_LOG} - GET /api/am/devportal/apis/322d0fa8-4241-4e9e-a381-26b8d42c1467/ratings user: admin@carbon.super app: PWfgQzPGHoxzOjpmoCalMGNtF2Ia
TID: [-1234] [2023-06-18 18:41:51,461]  INFO {AUDIT_LOG} - GET /api/am/devportal/apis/322d0fa8-4241-4e9e-a381-26b8d42c1467/thumbnail user: admin@carbon.super app: PWfgQzPGHoxzOjpmoCalMGNtF2Ia
TID: [-1234] [2023-06-18 18:41:51,467]  INFO {AUDIT_LOG} - GET /api/am/devportal/apis/bd412728-6963-4947-ba67-61fa1e164022/ratings user: admin@carbon.super app: PWfgQzPGHoxzOjpmoCalMGNtF2Ia
TID: [-1234] [2023-06-18 18:41:51,496]  INFO {AUDIT_LOG} - GET /api/am/devportal/apis/bd412728-6963-4947-ba67-61fa1e164022/thumbnail user: admin@carbon.super app: PWfgQzPGHoxzOjpmoCalMGNtF2Ia
TID: [-1234] [2023-06-18 18:41:51,511]  INFO {AUDIT_LOG} - GET /api/am/devportal/apis/746c7962-0923-4c21-be0e-a84d3748b57b/thumbnail user: admin@carbon.super app: PWfgQzPGHoxzOjpmoCalMGNtF2Ia
TID: [-1234] [2023-06-18 18:41:51,526]  INFO {AUDIT_LOG} - GET /api/am/devportal/apis/746c7962-0923-4c21-be0e-a84d3748b57b/ratings user: admin@carbon.super app: PWfgQzPGHoxzOjpmoCalMGNtF2Ia
TID: [-1234] [2023-06-18 18:41:51,534]  INFO {AUDIT_LOG} - GET /api/am/devportal/apis/b708e07c-f833-4577-9072-b66243c058b3/ratings user: admin@carbon.super app: PWfgQzPGHoxzOjpmoCalMGNtF2Ia
TID: [-1234] [2023-06-18 18:41:51,754]  INFO {AUDIT_LOG} - GET /api/am/devportal/apis/b708e07c-f833-4577-9072-b66243c058b3/thumbnail user: admin@carbon.super app: PWfgQzPGHoxzOjpmoCalMGNtF2Ia
TID: [-1234] [2023-06-18 18:41:51,755]  INFO {AUDIT_LOG} - GET /api/am/devportal/apis/8485612f-b238-4e6d-9c05-e116e15f9121/thumbnail user: admin@carbon.super app: PWfgQzPGHoxzOjpmoCalMGNtF2Ia
TID: [-1234] [2023-06-18 18:41:51,757]  INFO {AUDIT_LOG} - GET /api/am/devportal/apis/8485612f-b238-4e6d-9c05-e116e15f9121/ratings user: admin@carbon.super app: PWfgQzPGHoxzOjpmoCalMGNtF2Ia
TID: [-1234] [2023-06-18 18:41:53,133]  INFO {AUDIT_LOG} - GET /api/am/devportal/apis/322d0fa8-4241-4e9e-a381-26b8d42c1467 user: admin@carbon.super app: PWfgQzPGHoxzOjpmoCalMGNtF2Ia
TID: [-1234] [2023-06-18 18:41:53,139]  INFO {AUDIT_LOG} - GET /api/am/devportal/subscriptions?apiId=322d0fa8-4241-4e9e-a381-26b8d42c1467&limit=25 user: admin@carbon.super app: PWfgQzPGHoxzOjpmoCalMGNtF2Ia
TID: [-1234] [2023-06-18 18:41:53,142]  INFO {AUDIT_LOG} - GET /api/am/devportal/subscriptions?apiId=322d0fa8-4241-4e9e-a381-26b8d42c1467&limit=5000 user: admin@carbon.super app: PWfgQzPGHoxzOjpmoCalMGNtF2Ia
TID: [-1234] [2023-06-18 18:41:53,177]  INFO {AUDIT_LOG} - GET /api/am/devportal/applications?limit=5000 user: admin@carbon.super app: PWfgQzPGHoxzOjpmoCalMGNtF2Ia
TID: [-1234] [2023-06-18 18:41:53,267]  INFO {AUDIT_LOG} - GET /api/am/devportal/apis/322d0fa8-4241-4e9e-a381-26b8d42c1467/documents user: admin@carbon.super app: PWfgQzPGHoxzOjpmoCalMGNtF2Ia
TID: [-1234] [2023-06-18 18:41:53,273]  INFO {AUDIT_LOG} - GET /api/am/devportal/throttling-policies/subscription user: admin@carbon.super app: PWfgQzPGHoxzOjpmoCalMGNtF2Ia
TID: [-1234] [2023-06-18 18:41:53,332]  INFO {AUDIT_LOG} - GET /api/am/devportal/throttling-policies/subscription user: admin@carbon.super app: PWfgQzPGHoxzOjpmoCalMGNtF2Ia
TID: [-1234] [2023-06-18 18:41:53,409]  INFO {AUDIT_LOG} - GET /api/am/devportal/apis/322d0fa8-4241-4e9e-a381-26b8d42c1467/documents user: admin@carbon.super app: PWfgQzPGHoxzOjpmoCalMGNtF2Ia
TID: [-1234] [2023-06-18 18:41:53,474]  INFO {AUDIT_LOG} - GET /api/am/devportal/apis/322d0fa8-4241-4e9e-a381-26b8d42c1467/thumbnail user: admin@carbon.super app: PWfgQzPGHoxzOjpmoCalMGNtF2Ia
TID: [-1234] [2023-06-18 18:41:53,516]  INFO {AUDIT_LOG} - GET /api/am/devportal/apis/322d0fa8-4241-4e9e-a381-26b8d42c1467/comments?limit=5&offset=0 user: admin@carbon.super app: PWfgQzPGHoxzOjpmoCalMGNtF2Ia
TID: [-1234] [2023-06-18 18:41:53,532]  INFO {AUDIT_LOG} - GET /api/am/devportal/apis/322d0fa8-4241-4e9e-a381-26b8d42c1467/ratings user: admin@carbon.super app: PWfgQzPGHoxzOjpmoCalMGNtF2Ia
TID: [-1234] [2023-06-18 18:41:56,017]  INFO {AUDIT_LOG} - GET /api/am/devportal/apis/322d0fa8-4241-4e9e-a381-26b8d42c1467 user: admin@carbon.super app: PWfgQzPGHoxzOjpmoCalMGNtF2Ia
TID: [-1234] [2023-06-18 18:41:56,022]  INFO {AUDIT_LOG} - GET /api/am/devportal/subscriptions?apiId=322d0fa8-4241-4e9e-a381-26b8d42c1467&limit=25 user: admin@carbon.super app: PWfgQzPGHoxzOjpmoCalMGNtF2Ia
TID: [-1234] [2023-06-18 18:41:56,022]  INFO {AUDIT_LOG} - GET /api/am/devportal/subscriptions?apiId=322d0fa8-4241-4e9e-a381-26b8d42c1467&limit=5000 user: admin@carbon.super app: PWfgQzPGHoxzOjpmoCalMGNtF2Ia
TID: [-1234] [2023-06-18 18:41:56,159]  INFO {AUDIT_LOG} - GET /api/am/devportal/applications?limit=5000 user: admin@carbon.super app: PWfgQzPGHoxzOjpmoCalMGNtF2Ia
TID: [-1234] [2023-06-18 18:41:58,746]  INFO {AUDIT_LOG} - GET /api/am/devportal/apis/322d0fa8-4241-4e9e-a381-26b8d42c1467 user: admin@carbon.super app: PWfgQzPGHoxzOjpmoCalMGNtF2Ia
TID: [-1234] [2023-06-18 18:41:58,809]  INFO {AUDIT_LOG} - GET /api/am/devportal/apis/322d0fa8-4241-4e9e-a381-26b8d42c1467/swagger?environmentName=Default user: admin@carbon.super app: PWfgQzPGHoxzOjpmoCalMGNtF2Ia
TID: [-1234] [2023-06-18 18:41:59,133]  INFO {AUDIT_LOG} - GET /api/am/devportal/key-managers user: admin@carbon.super app: PWfgQzPGHoxzOjpmoCalMGNtF2Ia
TID: [-1234] [2023-06-18 18:41:59,313]  INFO {AUDIT_LOG} - GET /api/am/devportal/subscriptions?apiId=322d0fa8-4241-4e9e-a381-26b8d42c1467&limit=25 user: admin@carbon.super app: PWfgQzPGHoxzOjpmoCalMGNtF2Ia
TID: [-1234] [2023-06-18 18:41:59,582]  INFO {AUDIT_LOG} - GET /api/am/devportal/subscriptions?apiId=322d0fa8-4241-4e9e-a381-26b8d42c1467&limit=25 user: admin@carbon.super app: PWfgQzPGHoxzOjpmoCalMGNtF2Ia
TID: [-1234] [2023-06-18 18:41:59,624]  INFO {AUDIT_LOG} - GET /api/am/devportal/applications/ user: admin@carbon.super app: PWfgQzPGHoxzOjpmoCalMGNtF2Ia
TID: [-1234] [2023-06-18 18:42:00,016]  INFO {AUDIT_LOG} - GET /api/am/devportal/applications/3da751bc-82c5-433c-a68e-265fd27cecb9 user: admin@carbon.super app: PWfgQzPGHoxzOjpmoCalMGNtF2Ia
TID: [-1234] [2023-06-18 18:42:00,049]  INFO {AUDIT_LOG} - GET /api/am/devportal/applications/3da751bc-82c5-433c-a68e-265fd27cecb9/oauth-keys user: admin@carbon.super app: PWfgQzPGHoxzOjpmoCalMGNtF2Ia
TID: [-1234] [2023-06-18 18:42:00,595]  INFO {AUDIT_LOG} - GET /api/am/devportal/applications/3da751bc-82c5-433c-a68e-265fd27cecb9 user: admin@carbon.super app: PWfgQzPGHoxzOjpmoCalMGNtF2Ia
TID: [-1234] [2023-06-18 18:42:00,847]  INFO {AUDIT_LOG} - GET /api/am/devportal/applications/3da751bc-82c5-433c-a68e-265fd27cecb9 user: admin@carbon.super app: PWfgQzPGHoxzOjpmoCalMGNtF2Ia
TID: [-1234] [2023-06-18 18:42:00,849]  INFO {AUDIT_LOG} - GET /api/am/devportal/applications/3da751bc-82c5-433c-a68e-265fd27cecb9/oauth-keys user: admin@carbon.super app: PWfgQzPGHoxzOjpmoCalMGNtF2Ia
TID: [-1234] [2023-06-18 18:42:00,911]  INFO {AUDIT_LOG} - GET /api/am/devportal/applications/3da751bc-82c5-433c-a68e-265fd27cecb9/oauth-keys user: admin@carbon.super app: PWfgQzPGHoxzOjpmoCalMGNtF2Ia
TID: [-1234] [2023-06-18 18:43:38,280]  INFO {AUDIT_LOG} - GET /api/am/publisher/apis/322d0fa8-4241-4e9e-a381-26b8d42c1467 user: admin@carbon.super app: txiX92C5lqCp5l9dsSSrmo9Dr6Ma
TID: [-1234] [2023-06-18 18:43:40,103]  INFO {AUDIT_LOG} - GET /api/am/publisher/tenants?state=active user: admin@carbon.super app: txiX92C5lqCp5l9dsSSrmo9Dr6Ma
TID: [-1234] [2023-06-18 18:43:40,170]  INFO {AUDIT_LOG} - GET /api/am/publisher/settings user: admin@carbon.super app: txiX92C5lqCp5l9dsSSrmo9Dr6Ma
TID: [-1234] [2023-06-18 18:43:53,987]  INFO {AUDIT_LOG} - GET /api/am/publisher/apis/322d0fa8-4241-4e9e-a381-26b8d42c1467/revisions user: admin@carbon.super app: txiX92C5lqCp5l9dsSSrmo9Dr6Ma
TID: [-1234] [2023-06-18 18:43:54,077]  INFO {AUDIT_LOG} - GET /api/am/publisher/apis/322d0fa8-4241-4e9e-a381-26b8d42c1467/revisions?query=deployed%3Atrue user: admin@carbon.super app: txiX92C5lqCp5l9dsSSrmo9Dr6Ma
TID: [-1234] [2023-06-18 18:44:03,321]  INFO {AUDIT_LOG} - GET /api/am/publisher/apis/322d0fa8-4241-4e9e-a381-26b8d42c1467/swagger user: admin@carbon.super app: txiX92C5lqCp5l9dsSSrmo9Dr6Ma
TID: [-1234] [2023-06-18 18:44:03,684]  INFO {AUDIT_LOG} - GET /api/am/publisher/apis/322d0fa8-4241-4e9e-a381-26b8d42c1467/revisions?query=deployed%3Atrue user: admin@carbon.super app: txiX92C5lqCp5l9dsSSrmo9Dr6Ma
TID: [-1234] [2023-06-18 18:44:10,183]  INFO {AUDIT_LOG} - GET /api/am/publisher/apis/322d0fa8-4241-4e9e-a381-26b8d42c1467/swagger user: admin@carbon.super app: txiX92C5lqCp5l9dsSSrmo9Dr6Ma
TID: [-1234] [2023-06-18 18:44:10,303]  INFO {AUDIT_LOG} - GET /api/am/publisher/apis/322d0fa8-4241-4e9e-a381-26b8d42c1467/revisions?query=deployed%3Atrue user: admin@carbon.super app: txiX92C5lqCp5l9dsSSrmo9Dr6Ma
TID: [-1234] [2023-06-18 18:44:11,774]  INFO {AUDIT_LOG} - GET /api/am/publisher/apis/322d0fa8-4241-4e9e-a381-26b8d42c1467/swagger user: admin@carbon.super app: txiX92C5lqCp5l9dsSSrmo9Dr6Ma
TID: [-1234] [2023-06-18 18:44:11,903]  INFO {AUDIT_LOG} - GET /api/am/publisher/apis/322d0fa8-4241-4e9e-a381-26b8d42c1467/revisions?query=deployed%3Atrue user: admin@carbon.super app: txiX92C5lqCp5l9dsSSrmo9Dr6Ma
TID: [] [2023-06-18 18:45:31,913]  INFO {AUDIT_LOG} - Initiator=wso2.system.user Action=Get-User-Claim-Values Target=admin Data={"Claims":{},"Profile":"default"} Outcome=Success
TID: [] [2023-06-18 18:45:31,997]  INFO {AUDIT_LOG} - Initiator=wso2.system.user Action=Get-User-Claim-Values Target=admin Data={"Claims":{},"Profile":"default"} Outcome=Success
TID: [] [2023-06-18 18:45:31,998]  INFO {AUDIT_LOG} - Initiator=wso2.system.user Action=Get-User-Claim-Values Target=admin Data={"Claims":{},"Profile":"default"} Outcome=Success
TID: [-1234] [2023-06-18 19:14:43,138]  INFO {AUDIT_LOG} - GET /api/am/publisher/scopes user: admin@carbon.super app: txiX92C5lqCp5l9dsSSrmo9Dr6Ma
TID: [-1234] [2023-06-18 19:14:43,145]  INFO {AUDIT_LOG} - GET /api/am/publisher/apis/322d0fa8-4241-4e9e-a381-26b8d42c1467/amznResourceNames user: admin@carbon.super app: txiX92C5lqCp5l9dsSSrmo9Dr6Ma
TID: [-1234] [2023-06-18 19:14:43,169]  INFO {AUDIT_LOG} - GET /api/am/publisher/apis/322d0fa8-4241-4e9e-a381-26b8d42c1467/swagger user: admin@carbon.super app: txiX92C5lqCp5l9dsSSrmo9Dr6Ma
TID: [-1234] [2023-06-18 19:14:43,236]  INFO {AUDIT_LOG} - GET /api/am/publisher/throttling-policies/api?limit=80 user: admin@carbon.super app: txiX92C5lqCp5l9dsSSrmo9Dr6Ma
TID: [-1234] [2023-06-18 19:16:35,122]  INFO {AUDIT_LOG} - PUT /api/am/publisher/apis/322d0fa8-4241-4e9e-a381-26b8d42c1467/swagger user: admin@carbon.super app: txiX92C5lqCp5l9dsSSrmo9Dr6Ma
TID: [-1234] [2023-06-18 19:16:37,888]  INFO {AUDIT_LOG} - {"performedBy":"admin","action":"updated","typ":"API","info":{"provider":"admin","name":"Evpay","context":"/sandbox/1.0.0","version":"1.0.0"}}
TID: [] [2023-06-18 19:16:39,055]  INFO {AUDIT_LOG} - Initiator=wso2.system.user Action=Get-User-Claim-Values Target=admin Data={"Claims":{},"Profile":"default"} Outcome=Success
TID: [] [2023-06-18 19:16:39,057]  INFO {AUDIT_LOG} - Initiator=wso2.system.user Action=Get-User-Claim-Values Target=admin Data={"Claims":{},"Profile":"default"} Outcome=Success
TID: [] [2023-06-18 19:16:39,057]  INFO {AUDIT_LOG} - Initiator=wso2.system.user Action=Get-User-Claim-Values Target=admin Data={"Claims":{},"Profile":"default"} Outcome=Success
TID: [-1234] [2023-06-18 19:16:39,087]  INFO {AUDIT_LOG} - GET /api/am/publisher/apis/322d0fa8-4241-4e9e-a381-26b8d42c1467 user: admin@carbon.super app: txiX92C5lqCp5l9dsSSrmo9Dr6Ma
TID: [] [2023-06-18 19:16:44,476]  INFO {AUDIT_LOG} - Initiator=wso2.system.user Action=Get-User-Claim-Values Target=admin Data={"Claims":{},"Profile":"default"} Outcome=Success
TID: [] [2023-06-18 19:16:44,477]  INFO {AUDIT_LOG} - Initiator=wso2.system.user Action=Get-User-Claim-Values Target=admin Data={"Claims":{},"Profile":"default"} Outcome=Success
TID: [] [2023-06-18 19:16:44,478]  INFO {AUDIT_LOG} - Initiator=wso2.system.user Action=Get-User-Claim-Values Target=admin Data={"Claims":{},"Profile":"default"} Outcome=Success
TID: [] [2023-06-18 19:16:44,497]  INFO {AUDIT_LOG} - Initiator=wso2.system.user Action=Get-Roles-of-User Target=admin Data={"Filter":"*","Roles":["Internal/subscriber","Internal/creator","Internal/publisher","Internal/everyone","Internal/devops","admin","Internal/analytics","Internal/observer","Internal/integration_dev"]} Outcome=Success
TID: [-1234] [2023-06-18 19:16:44,991]  INFO {AUDIT_LOG} - Initiator=wso2.system.user Action=Get-User-Claim-Values Target=admin Data={"Claims":{},"UserName":"admin","Profile":"default"} Outcome=Success
TID: [-1234] [2023-06-18 19:16:44,992]  INFO {AUDIT_LOG} - Initiator=wso2.system.user Action=Get-User-Claim-Values Target=admin Data={"Claims":{},"UserName":"admin","Profile":"default"} Outcome=Success
TID: [-1234] [2023-06-18 19:16:44,993]  INFO {AUDIT_LOG} - Initiator=wso2.system.user Action=Get-User-Claim-Values Target=admin Data={"Claims":{},"UserName":"admin","Profile":"default"} Outcome=Success
TID: [-1234] [2023-06-18 19:16:45,030]  INFO {AUDIT_LOG} - Initiator=wso2.system.user Action=Get-User-Claim-Values Target=admin Data={"Claims":{},"Profile":"default"} Outcome=Success
TID: [-1234] [2023-06-18 19:16:45,034]  INFO {AUDIT_LOG} - Initiator=wso2.system.user Action=Get-User-Claim-Values Target=admin Data={"Claims":{},"Profile":"default"} Outcome=Success
TID: [-1234] [2023-06-18 19:16:45,036]  INFO {AUDIT_LOG} - Initiator=wso2.system.user Action=Get-User-Claim-Values Target=admin Data={"Claims":{},"Profile":"default"} Outcome=Success
TID: [-1234] [2023-06-18 19:16:54,371]  INFO {AUDIT_LOG} - GET /api/am/devportal/settings user: admin@carbon.super app: PWfgQzPGHoxzOjpmoCalMGNtF2Ia
TID: [-1234] [2023-06-18 19:16:55,409]  INFO {AUDIT_LOG} - GET /api/am/devportal/tenants?state=active user: admin@carbon.super app: PWfgQzPGHoxzOjpmoCalMGNtF2Ia
TID: [-1234] [2023-06-18 19:16:55,837]  INFO {AUDIT_LOG} - GET /api/am/devportal/subscriptions?apiId=322d0fa8-4241-4e9e-a381-26b8d42c1467&limit=25 user: admin@carbon.super app: PWfgQzPGHoxzOjpmoCalMGNtF2Ia
TID: [-1234] [2023-06-18 19:16:55,840]  INFO {AUDIT_LOG} - GET /api/am/devportal/subscriptions?apiId=322d0fa8-4241-4e9e-a381-26b8d42c1467&limit=5000 user: admin@carbon.super app: PWfgQzPGHoxzOjpmoCalMGNtF2Ia
TID: [-1234] [2023-06-18 19:16:55,842]  INFO {AUDIT_LOG} - GET /api/am/devportal/apis/322d0fa8-4241-4e9e-a381-26b8d42c1467 user: admin@carbon.super app: PWfgQzPGHoxzOjpmoCalMGNtF2Ia
TID: [-1234] [2023-06-18 19:16:55,845]  INFO {AUDIT_LOG} - GET /api/am/devportal/applications?limit=5000 user: admin@carbon.super app: PWfgQzPGHoxzOjpmoCalMGNtF2Ia
TID: [-1234] [2023-06-18 19:16:58,792]  INFO {AUDIT_LOG} - GET /api/am/devportal/apis/322d0fa8-4241-4e9e-a381-26b8d42c1467 user: admin@carbon.super app: PWfgQzPGHoxzOjpmoCalMGNtF2Ia
TID: [-1234] [2023-06-18 19:16:58,838]  INFO {AUDIT_LOG} - GET /api/am/devportal/apis/322d0fa8-4241-4e9e-a381-26b8d42c1467/swagger?environmentName=Default user: admin@carbon.super app: PWfgQzPGHoxzOjpmoCalMGNtF2Ia
TID: [-1234] [2023-06-18 19:16:59,051]  INFO {AUDIT_LOG} - GET /api/am/devportal/subscriptions?apiId=322d0fa8-4241-4e9e-a381-26b8d42c1467&limit=25 user: admin@carbon.super app: PWfgQzPGHoxzOjpmoCalMGNtF2Ia
TID: [-1234] [2023-06-18 19:16:59,055]  INFO {AUDIT_LOG} - GET /api/am/devportal/key-managers user: admin@carbon.super app: PWfgQzPGHoxzOjpmoCalMGNtF2Ia
TID: [-1234] [2023-06-18 19:16:59,168]  INFO {AUDIT_LOG} - GET /api/am/devportal/subscriptions?apiId=322d0fa8-4241-4e9e-a381-26b8d42c1467&limit=25 user: admin@carbon.super app: PWfgQzPGHoxzOjpmoCalMGNtF2Ia
TID: [-1234] [2023-06-18 19:16:59,437]  INFO {AUDIT_LOG} - GET /api/am/devportal/applications/ user: admin@carbon.super app: PWfgQzPGHoxzOjpmoCalMGNtF2Ia
TID: [-1234] [2023-06-18 19:16:59,764]  INFO {AUDIT_LOG} - GET /api/am/devportal/applications/3da751bc-82c5-433c-a68e-265fd27cecb9 user: admin@carbon.super app: PWfgQzPGHoxzOjpmoCalMGNtF2Ia
TID: [-1234] [2023-06-18 19:16:59,793]  INFO {AUDIT_LOG} - GET /api/am/devportal/applications/3da751bc-82c5-433c-a68e-265fd27cecb9/oauth-keys user: admin@carbon.super app: PWfgQzPGHoxzOjpmoCalMGNtF2Ia
TID: [-1234] [2023-06-18 19:17:00,185]  INFO {AUDIT_LOG} - GET /api/am/devportal/applications/3da751bc-82c5-433c-a68e-265fd27cecb9 user: admin@carbon.super app: PWfgQzPGHoxzOjpmoCalMGNtF2Ia
TID: [-1234] [2023-06-18 19:17:00,432]  INFO {AUDIT_LOG} - GET /api/am/devportal/applications/3da751bc-82c5-433c-a68e-265fd27cecb9 user: admin@carbon.super app: PWfgQzPGHoxzOjpmoCalMGNtF2Ia
TID: [-1234] [2023-06-18 19:17:00,436]  INFO {AUDIT_LOG} - GET /api/am/devportal/applications/3da751bc-82c5-433c-a68e-265fd27cecb9/oauth-keys user: admin@carbon.super app: PWfgQzPGHoxzOjpmoCalMGNtF2Ia
TID: [-1234] [2023-06-18 19:17:00,466]  INFO {AUDIT_LOG} - GET /api/am/devportal/applications/3da751bc-82c5-433c-a68e-265fd27cecb9/oauth-keys user: admin@carbon.super app: PWfgQzPGHoxzOjpmoCalMGNtF2Ia
TID: [-1234] [2023-06-18 19:22:13,639]  INFO {AUDIT_LOG} - GET /api/am/devportal/applications?sortBy=name&sortOrder=asc&limit=10&offset=0 user: admin@carbon.super app: PWfgQzPGHoxzOjpmoCalMGNtF2Ia
TID: [-1234] [2023-06-18 19:22:18,631]  INFO {AUDIT_LOG} - GET /api/am/devportal/applications/3da751bc-82c5-433c-a68e-265fd27cecb9 user: admin@carbon.super app: PWfgQzPGHoxzOjpmoCalMGNtF2Ia
TID: [-1234] [2023-06-18 19:22:18,751]  INFO {AUDIT_LOG} - GET /api/am/devportal/applications/3da751bc-82c5-433c-a68e-265fd27cecb9 user: admin@carbon.super app: PWfgQzPGHoxzOjpmoCalMGNtF2Ia
TID: [-1234] [2023-06-18 19:22:18,766]  INFO {AUDIT_LOG} - GET /api/am/devportal/throttling-policies/application/10PerMin user: admin@carbon.super app: PWfgQzPGHoxzOjpmoCalMGNtF2Ia
TID: [-1234] [2023-06-18 19:22:18,795]  INFO {AUDIT_LOG} - GET /api/am/devportal/throttling-policies/application/10PerMin user: admin@carbon.super app: PWfgQzPGHoxzOjpmoCalMGNtF2Ia
TID: [-1234] [2023-06-18 19:22:20,747]  INFO {AUDIT_LOG} - GET /api/am/devportal/key-managers user: admin@carbon.super app: PWfgQzPGHoxzOjpmoCalMGNtF2Ia
TID: [-1234] [2023-06-18 19:22:21,104]  INFO {AUDIT_LOG} - GET /api/am/devportal/applications/3da751bc-82c5-433c-a68e-265fd27cecb9 user: admin@carbon.super app: PWfgQzPGHoxzOjpmoCalMGNtF2Ia
TID: [-1234] [2023-06-18 19:22:21,143]  INFO {AUDIT_LOG} - GET /api/am/devportal/applications/3da751bc-82c5-433c-a68e-265fd27cecb9/oauth-keys user: admin@carbon.super app: PWfgQzPGHoxzOjpmoCalMGNtF2Ia
TID: [-1234] [2023-06-18 19:22:21,535]  INFO {AUDIT_LOG} - GET /api/am/devportal/applications/3da751bc-82c5-433c-a68e-265fd27cecb9 user: admin@carbon.super app: PWfgQzPGHoxzOjpmoCalMGNtF2Ia
TID: [-1234] [2023-06-18 19:22:21,562]  INFO {AUDIT_LOG} - GET /api/am/devportal/applications/3da751bc-82c5-433c-a68e-265fd27cecb9/oauth-keys user: admin@carbon.super app: PWfgQzPGHoxzOjpmoCalMGNtF2Ia
TID: [-1234] [2023-06-18 19:22:25,254]  INFO {AUDIT_LOG} - GET /api/am/devportal/key-managers user: admin@carbon.super app: PWfgQzPGHoxzOjpmoCalMGNtF2Ia
TID: [-1234] [2023-06-18 19:22:25,566]  INFO {AUDIT_LOG} - GET /api/am/devportal/applications/3da751bc-82c5-433c-a68e-265fd27cecb9 user: admin@carbon.super app: PWfgQzPGHoxzOjpmoCalMGNtF2Ia
TID: [-1234] [2023-06-18 19:22:25,614]  INFO {AUDIT_LOG} - GET /api/am/devportal/applications/3da751bc-82c5-433c-a68e-265fd27cecb9/oauth-keys user: admin@carbon.super app: PWfgQzPGHoxzOjpmoCalMGNtF2Ia
TID: [-1234] [2023-06-18 19:22:26,000]  INFO {AUDIT_LOG} - GET /api/am/devportal/applications/3da751bc-82c5-433c-a68e-265fd27cecb9 user: admin@carbon.super app: PWfgQzPGHoxzOjpmoCalMGNtF2Ia
TID: [-1234] [2023-06-18 19:22:26,039]  INFO {AUDIT_LOG} - GET /api/am/devportal/applications/3da751bc-82c5-433c-a68e-265fd27cecb9/oauth-keys user: admin@carbon.super app: PWfgQzPGHoxzOjpmoCalMGNtF2Ia
TID: [-1234] [2023-06-18 19:22:29,878]  INFO {AUDIT_LOG} - GET /api/am/devportal/applications/3da751bc-82c5-433c-a68e-265fd27cecb9/oauth-keys user: admin@carbon.super app: PWfgQzPGHoxzOjpmoCalMGNtF2Ia
TID: [-1234] [2023-06-18 19:22:29,920]  INFO {AUDIT_LOG} - POST /api/am/devportal/applications/3da751bc-82c5-433c-a68e-265fd27cecb9/oauth-keys/9d1527a8-ffd0-46ab-b170-ab874743f57f/generate-token user: admin@carbon.super app: PWfgQzPGHoxzOjpmoCalMGNtF2Ia
TID: [-1234] [2023-06-18 19:22:30,134]  INFO {AUDIT_LOG} - {"performedBy":"admin","action":"updated","typ":"Application","info":{"Re-Generated Keys for application with client Id":"8rrdlf00o8JfsCB4N2XyCnTxfQEa"}}
TID: [-1234] [2023-06-18 19:22:30,279]  INFO {AUDIT_LOG} - Initiator=wso2.system.user Action=Get-User-Claim-Values Target=admin Data={"Claims":{},"Profile":"default"} Outcome=Success
TID: [-1234] [2023-06-18 19:22:30,283]  INFO {AUDIT_LOG} - Initiator=wso2.system.user Action=Get-User-Claim-Values Target=admin Data={"Claims":{},"Profile":"default"} Outcome=Success
TID: [-1234] [2023-06-18 19:22:30,284]  INFO {AUDIT_LOG} - Initiator=wso2.system.user Action=Get-User-Claim-Values Target=admin Data={"Claims":{},"Profile":"default"} Outcome=Success
TID: [] [2023-06-18 19:22:34,853]  INFO {AUDIT_LOG} - Initiator=wso2.system.user Action=Get-User-Claim-Values Target=admin Data={"Claims":{},"Profile":"default"} Outcome=Success
TID: [] [2023-06-18 19:22:34,854]  INFO {AUDIT_LOG} - Initiator=wso2.system.user Action=Get-User-Claim-Values Target=admin Data={"Claims":{},"Profile":"default"} Outcome=Success
TID: [] [2023-06-18 19:22:34,855]  INFO {AUDIT_LOG} - Initiator=wso2.system.user Action=Get-User-Claim-Values Target=admin Data={"Claims":{},"Profile":"default"} Outcome=Success
TID: [-1234] [2023-06-18 19:22:44,280]  INFO {AUDIT_LOG} - GET /api/am/devportal/tags user: admin@carbon.super app: PWfgQzPGHoxzOjpmoCalMGNtF2Ia
TID: [-1234] [2023-06-18 19:22:44,293]  INFO {AUDIT_LOG} - GET /api/am/devportal/api-categories user: admin@carbon.super app: PWfgQzPGHoxzOjpmoCalMGNtF2Ia
TID: [-1234] [2023-06-18 19:22:44,298]  INFO {AUDIT_LOG} - GET /api/am/devportal/apis?limit=10&offset=0 user: admin@carbon.super app: PWfgQzPGHoxzOjpmoCalMGNtF2Ia
TID: [-1234] [2023-06-18 19:22:44,631]  INFO {AUDIT_LOG} - GET /api/am/devportal/apis/bd412728-6963-4947-ba67-61fa1e164022/thumbnail user: admin@carbon.super app: PWfgQzPGHoxzOjpmoCalMGNtF2Ia
TID: [-1234] [2023-06-18 19:22:44,631]  INFO {AUDIT_LOG} - GET /api/am/devportal/apis/322d0fa8-4241-4e9e-a381-26b8d42c1467/ratings user: admin@carbon.super app: PWfgQzPGHoxzOjpmoCalMGNtF2Ia
TID: [-1234] [2023-06-18 19:22:44,635]  INFO {AUDIT_LOG} - GET /api/am/devportal/apis/322d0fa8-4241-4e9e-a381-26b8d42c1467/thumbnail user: admin@carbon.super app: PWfgQzPGHoxzOjpmoCalMGNtF2Ia
TID: [-1234] [2023-06-18 19:22:44,645]  INFO {AUDIT_LOG} - GET /api/am/devportal/apis/bd412728-6963-4947-ba67-61fa1e164022/ratings user: admin@carbon.super app: PWfgQzPGHoxzOjpmoCalMGNtF2Ia
TID: [-1234] [2023-06-18 19:22:44,668]  INFO {AUDIT_LOG} - GET /api/am/devportal/apis/746c7962-0923-4c21-be0e-a84d3748b57b/thumbnail user: admin@carbon.super app: PWfgQzPGHoxzOjpmoCalMGNtF2Ia
TID: [-1234] [2023-06-18 19:22:44,773]  INFO {AUDIT_LOG} - GET /api/am/devportal/apis/b708e07c-f833-4577-9072-b66243c058b3/ratings user: admin@carbon.super app: PWfgQzPGHoxzOjpmoCalMGNtF2Ia
TID: [-1234] [2023-06-18 19:22:44,775]  INFO {AUDIT_LOG} - GET /api/am/devportal/apis/b708e07c-f833-4577-9072-b66243c058b3/thumbnail user: admin@carbon.super app: PWfgQzPGHoxzOjpmoCalMGNtF2Ia
TID: [-1234] [2023-06-18 19:22:44,802]  INFO {AUDIT_LOG} - GET /api/am/devportal/apis/8485612f-b238-4e6d-9c05-e116e15f9121/ratings user: admin@carbon.super app: PWfgQzPGHoxzOjpmoCalMGNtF2Ia
TID: [-1234] [2023-06-18 19:22:44,826]  INFO {AUDIT_LOG} - GET /api/am/devportal/apis/8485612f-b238-4e6d-9c05-e116e15f9121/thumbnail user: admin@carbon.super app: PWfgQzPGHoxzOjpmoCalMGNtF2Ia
TID: [-1234] [2023-06-18 19:22:44,976]  INFO {AUDIT_LOG} - GET /api/am/devportal/apis/746c7962-0923-4c21-be0e-a84d3748b57b/ratings user: admin@carbon.super app: PWfgQzPGHoxzOjpmoCalMGNtF2Ia
TID: [-1234] [2023-06-18 19:22:47,097]  INFO {AUDIT_LOG} - GET /api/am/devportal/subscriptions?apiId=322d0fa8-4241-4e9e-a381-26b8d42c1467&limit=25 user: admin@carbon.super app: PWfgQzPGHoxzOjpmoCalMGNtF2Ia
TID: [-1234] [2023-06-18 19:22:47,112]  INFO {AUDIT_LOG} - GET /api/am/devportal/apis/322d0fa8-4241-4e9e-a381-26b8d42c1467 user: admin@carbon.super app: PWfgQzPGHoxzOjpmoCalMGNtF2Ia
TID: [-1234] [2023-06-18 19:22:47,112]  INFO {AUDIT_LOG} - GET /api/am/devportal/applications?limit=5000 user: admin@carbon.super app: PWfgQzPGHoxzOjpmoCalMGNtF2Ia
TID: [-1234] [2023-06-18 19:22:47,131]  INFO {AUDIT_LOG} - GET /api/am/devportal/subscriptions?apiId=322d0fa8-4241-4e9e-a381-26b8d42c1467&limit=5000 user: admin@carbon.super app: PWfgQzPGHoxzOjpmoCalMGNtF2Ia
TID: [-1234] [2023-06-18 19:22:47,354]  INFO {AUDIT_LOG} - GET /api/am/devportal/apis/322d0fa8-4241-4e9e-a381-26b8d42c1467/documents user: admin@carbon.super app: PWfgQzPGHoxzOjpmoCalMGNtF2Ia
TID: [-1234] [2023-06-18 19:22:47,358]  INFO {AUDIT_LOG} - GET /api/am/devportal/throttling-policies/subscription user: admin@carbon.super app: PWfgQzPGHoxzOjpmoCalMGNtF2Ia
TID: [-1234] [2023-06-18 19:22:47,370]  INFO {AUDIT_LOG} - GET /api/am/devportal/throttling-policies/subscription user: admin@carbon.super app: PWfgQzPGHoxzOjpmoCalMGNtF2Ia
TID: [-1234] [2023-06-18 19:22:47,390]  INFO {AUDIT_LOG} - GET /api/am/devportal/apis/322d0fa8-4241-4e9e-a381-26b8d42c1467/documents user: admin@carbon.super app: PWfgQzPGHoxzOjpmoCalMGNtF2Ia
TID: [-1234] [2023-06-18 19:22:47,473]  INFO {AUDIT_LOG} - GET /api/am/devportal/apis/322d0fa8-4241-4e9e-a381-26b8d42c1467/comments?limit=5&offset=0 user: admin@carbon.super app: PWfgQzPGHoxzOjpmoCalMGNtF2Ia
TID: [-1234] [2023-06-18 19:22:47,473]  INFO {AUDIT_LOG} - GET /api/am/devportal/apis/322d0fa8-4241-4e9e-a381-26b8d42c1467/thumbnail user: admin@carbon.super app: PWfgQzPGHoxzOjpmoCalMGNtF2Ia
TID: [-1234] [2023-06-18 19:22:47,475]  INFO {AUDIT_LOG} - GET /api/am/devportal/apis/322d0fa8-4241-4e9e-a381-26b8d42c1467/ratings user: admin@carbon.super app: PWfgQzPGHoxzOjpmoCalMGNtF2Ia
TID: [-1234] [2023-06-18 19:22:49,628]  INFO {AUDIT_LOG} - GET /api/am/devportal/applications?limit=5000 user: admin@carbon.super app: PWfgQzPGHoxzOjpmoCalMGNtF2Ia
TID: [-1234] [2023-06-18 19:22:49,637]  INFO {AUDIT_LOG} - GET /api/am/devportal/subscriptions?apiId=322d0fa8-4241-4e9e-a381-26b8d42c1467&limit=5000 user: admin@carbon.super app: PWfgQzPGHoxzOjpmoCalMGNtF2Ia
TID: [-1234] [2023-06-18 19:22:49,637]  INFO {AUDIT_LOG} - GET /api/am/devportal/subscriptions?apiId=322d0fa8-4241-4e9e-a381-26b8d42c1467&limit=25 user: admin@carbon.super app: PWfgQzPGHoxzOjpmoCalMGNtF2Ia
TID: [-1234] [2023-06-18 19:22:49,644]  INFO {AUDIT_LOG} - GET /api/am/devportal/apis/322d0fa8-4241-4e9e-a381-26b8d42c1467 user: admin@carbon.super app: PWfgQzPGHoxzOjpmoCalMGNtF2Ia
TID: [-1234] [2023-06-18 19:22:49,677]  INFO {AUDIT_LOG} - GET /api/am/devportal/apis/322d0fa8-4241-4e9e-a381-26b8d42c1467 user: admin@carbon.super app: PWfgQzPGHoxzOjpmoCalMGNtF2Ia
TID: [-1234] [2023-06-18 19:22:49,759]  INFO {AUDIT_LOG} - GET /api/am/devportal/apis/322d0fa8-4241-4e9e-a381-26b8d42c1467/swagger?environmentName=Default user: admin@carbon.super app: PWfgQzPGHoxzOjpmoCalMGNtF2Ia
TID: [-1234] [2023-06-18 19:22:50,004]  INFO {AUDIT_LOG} - GET /api/am/devportal/subscriptions?apiId=322d0fa8-4241-4e9e-a381-26b8d42c1467&limit=25 user: admin@carbon.super app: PWfgQzPGHoxzOjpmoCalMGNtF2Ia
TID: [-1234] [2023-06-18 19:22:50,022]  INFO {AUDIT_LOG} - GET /api/am/devportal/key-managers user: admin@carbon.super app: PWfgQzPGHoxzOjpmoCalMGNtF2Ia
TID: [-1234] [2023-06-18 19:22:50,144]  INFO {AUDIT_LOG} - GET /api/am/devportal/subscriptions?apiId=322d0fa8-4241-4e9e-a381-26b8d42c1467&limit=25 user: admin@carbon.super app: PWfgQzPGHoxzOjpmoCalMGNtF2Ia
TID: [-1234] [2023-06-18 19:22:50,318]  INFO {AUDIT_LOG} - GET /api/am/devportal/applications/ user: admin@carbon.super app: PWfgQzPGHoxzOjpmoCalMGNtF2Ia
TID: [-1234] [2023-06-18 19:22:50,589]  INFO {AUDIT_LOG} - GET /api/am/devportal/applications/3da751bc-82c5-433c-a68e-265fd27cecb9 user: admin@carbon.super app: PWfgQzPGHoxzOjpmoCalMGNtF2Ia
TID: [-1234] [2023-06-18 19:22:50,624]  INFO {AUDIT_LOG} - GET /api/am/devportal/applications/3da751bc-82c5-433c-a68e-265fd27cecb9/oauth-keys user: admin@carbon.super app: PWfgQzPGHoxzOjpmoCalMGNtF2Ia
TID: [-1234] [2023-06-18 19:22:51,026]  INFO {AUDIT_LOG} - GET /api/am/devportal/applications/3da751bc-82c5-433c-a68e-265fd27cecb9 user: admin@carbon.super app: PWfgQzPGHoxzOjpmoCalMGNtF2Ia
TID: [-1234] [2023-06-18 19:22:51,205]  INFO {AUDIT_LOG} - GET /api/am/devportal/applications/3da751bc-82c5-433c-a68e-265fd27cecb9 user: admin@carbon.super app: PWfgQzPGHoxzOjpmoCalMGNtF2Ia
TID: [-1234] [2023-06-18 19:22:51,230]  INFO {AUDIT_LOG} - GET /api/am/devportal/applications/3da751bc-82c5-433c-a68e-265fd27cecb9/oauth-keys user: admin@carbon.super app: PWfgQzPGHoxzOjpmoCalMGNtF2Ia
TID: [-1234] [2023-06-18 19:22:51,261]  INFO {AUDIT_LOG} - GET /api/am/devportal/applications/3da751bc-82c5-433c-a68e-265fd27cecb9/oauth-keys user: admin@carbon.super app: PWfgQzPGHoxzOjpmoCalMGNtF2Ia
TID: [-1234] [2023-06-18 19:41:31,815]  INFO {AUDIT_LOG} - Initiator=wso2.system.user Action=Get-User-List Target=null Data={"ServiceProviderName":"apim_devportal","Claim Value":"admin","Users":["admin"],"Claim":"http://wso2.org/claims/username"} Outcome=Success
TID: [-1234] [2023-06-18 19:41:31,830]  INFO {AUDIT_LOG} - Initiator=wso2.system.user Action=Get-User-Claim-Values Target=admin Data={"ServiceProviderName":"apim_devportal","Claims":{},"Profile":"default"} Outcome=Success
TID: [-1234] [2023-06-18 19:41:31,831]  INFO {AUDIT_LOG} - Initiator=wso2.system.user Action=Get-User-Claim-Values Target=admin Data={"ServiceProviderName":"apim_devportal","Claims":{},"Profile":"default"} Outcome=Success
TID: [-1234] [2023-06-18 19:41:31,831]  INFO {AUDIT_LOG} - Initiator=wso2.system.user Action=Get-User-Claim-Values Target=admin Data={"ServiceProviderName":"apim_devportal","Claims":{},"Profile":"default"} Outcome=Success
TID: [-1234] [2023-06-18 19:41:31,832]  INFO {AUDIT_LOG} - Initiator : admin | Action : LoginStepSuccess | Target : ApplicationAuthenticationFramework | Data : { "ContextIdentifier" : "e31d06a8-ee0c-456d-87be-584b84c2cbdf","AuthenticatedUser" : "admin","AuthenticatedUserTenantDomain" : "carbon.super","ServiceProviderName" : "apim_devportal","RequestType" : "oidc","RelyingParty" : "PWfgQzPGHoxzOjpmoCalMGNtF2Ia","AuthenticatedIdP" : "LOCAL","User Agent" : "null","RemoteAddress" : "null","UserStoreDomain" : "PRIMARY" } | Result : Success 
TID: [-1234] [2023-06-18 19:41:31,834]  INFO {AUDIT_LOG} - Initiator : admin@carbon.super | Action : Authenticate | Target : ApplicationAuthenticationFramework | Data : { Step: 1, IDP: LOCAL, Authenticator:BasicAuthenticator } | Result : Success 
TID: [-1234] [2023-06-18 19:41:31,838]  INFO {AUDIT_LOG} - Initiator=wso2.system.user Action=Get-Roles-of-User Target=admin Data={"ServiceProviderName":"apim_devportal","Filter":"*","Roles":["Internal/subscriber","Internal/creator","Internal/publisher","Internal/everyone","Internal/devops","admin","Internal/analytics","Internal/observer","Internal/integration_dev"]} Outcome=Success
TID: [-1234] [2023-06-18 19:41:31,839]  INFO {AUDIT_LOG} - Initiator=wso2.system.user Action=Get-User-Claim-Values Target=admin Data={"ServiceProviderName":"apim_devportal","Claims":{"http://wso2.org/claims/username":"admin","http://wso2.org/claims/userid":"419d3f27-ed71-4348-be1c-824ababa77e2","http://wso2.org/claims/role":"Internal/subscriber,Internal/creator,Internal/publisher,Internal/everyone,Internal/devops,admin,Internal/analytics,Internal/observer,Internal/integration_dev","http://wso2.org/claims/userprincipal":"admin"}} Outcome=Success
TID: [-1234] [2023-06-18 19:41:31,943]  INFO {AUDIT_LOG} - Initiator : admin | Action : StoreSession | Data : { {"traceId":"511d6bb9-efa5-46ad-8b6b-3c039603aef9","RememberMe":false,"sessionContextId":"9acd0356f7395c1c08f0b2b3fcbd64bb6d9e4c49231f8281f6a3b0370fc28423","AuthenticatedUserTenantDomain":"carbon.super","AuthenticatedUser":"admin","LastAccessedTimestamp":1687106491848} } | Result : Success 
TID: [-1234] [2023-06-18 19:41:31,946]  INFO {AUDIT_LOG} - Initiator : admin | Action : Login | Target : ApplicationAuthenticationFramework | Data : { "ContextIdentifier" : "e31d06a8-ee0c-456d-87be-584b84c2cbdf","AuthenticatedUser" : "admin","AuthenticatedUserTenantDomain" : "carbon.super","ServiceProviderName" : "apim_devportal","RequestType" : "oidc","RelyingParty" : "PWfgQzPGHoxzOjpmoCalMGNtF2Ia","AuthenticatedIdPs" : "eyJ0eXAiOiJKV1QiLCJhbGciOiJIUzI1NiJ9.eyJpc3MiOiJ3c28yIiwiZXhwIjoxNjg3MTA2NDk0ODM0LCJpYXQiOjE2ODcxMDY0OTE4MzQsImlkcHMiOlt7ImlkcCI6IkxPQ0FMIiwiYXV0aGVudGljYXRvciI6IkJhc2ljQXV0aGVudGljYXRvciJ9XX0.4NgbfOfRTkOWnQhsybt3O7FCiBbsbJwzHou3E1itxA8","User Agent" : "null","RemoteAddress" : "null","UserStoreDomain" : "PRIMARY" } | Result : Success 
TID: [-1234] [2023-06-18 19:41:33,614]  INFO {AUDIT_LOG} - Initiator=wso2.system.user Action=Get-User-Claim-Values Target=admin Data={"Claims":{},"Profile":"default"} Outcome=Success
TID: [-1234] [2023-06-18 19:41:33,617]  INFO {AUDIT_LOG} - Initiator=wso2.system.user Action=Get-User-Claim-Values Target=admin Data={"ServiceProviderName":"apim_devportal","Claims":{"http://wso2.org/claims/username":"admin","http://wso2.org/claims/userid":"419d3f27-ed71-4348-be1c-824ababa77e2","http://wso2.org/claims/role":"Internal/subscriber,Internal/creator,Internal/publisher,Internal/everyone,Internal/devops,admin,Internal/analytics,Internal/observer,Internal/integration_dev","http://wso2.org/claims/userprincipal":"admin"}} Outcome=Success
TID: [-1234] [2023-06-18 19:41:33,621]  INFO {AUDIT_LOG} - Initiator : admin | Action : UpdateSession | Data : { {"traceId":"c7428671-e1da-457b-90ce-2baa4b87834f","RememberMe":false,"sessionContextId":"9acd0356f7395c1c08f0b2b3fcbd64bb6d9e4c49231f8281f6a3b0370fc28423","AuthenticatedUserTenantDomain":"carbon.super","AuthenticatedUser":"admin","LastAccessedTimestamp":1687106493618} } | Result : Success 
TID: [-1234] [2023-06-18 19:41:33,623]  INFO {AUDIT_LOG} - Initiator : admin | Action : Login | Target : ApplicationAuthenticationFramework | Data : { "ContextIdentifier" : "3b4aad38-4b67-4921-8bd8-fea524dcc1ff","AuthenticatedUser" : "admin","AuthenticatedUserTenantDomain" : "carbon.super","ServiceProviderName" : "apim_devportal","RequestType" : "oidc","RelyingParty" : "PWfgQzPGHoxzOjpmoCalMGNtF2Ia","AuthenticatedIdPs" : "eyJ0eXAiOiJKV1QiLCJhbGciOiJIUzI1NiJ9.eyJpc3MiOiJ3c28yIiwiZXhwIjoxNjg3MTA2NDk2NjE0LCJpYXQiOjE2ODcxMDY0OTM2MTQsImlkcHMiOlt7ImlkcCI6IkxPQ0FMIiwiYXV0aGVudGljYXRvciI6IkJhc2ljQXV0aGVudGljYXRvciJ9XX0.ZU8ODpBfFjrveSTOhP5v7z0HIOJN9to68wdIcpMkPb4","User Agent" : "null","RemoteAddress" : "null","UserStoreDomain" : "PRIMARY" } | Result : Success 
TID: [-1234] [2023-06-18 19:41:34,626]  INFO {AUDIT_LOG} - Initiator=wso2.system.user Action=Get-User-List Target=null Data={"Claim Value":"admin","Users":["admin"],"Claim":"http://wso2.org/claims/username"} Outcome=Success
TID: [-1234] [2023-06-18 19:41:34,630]  INFO {AUDIT_LOG} - Initiator=wso2.system.user Action=Get-User-Claim-Values Target=admin Data={"Claims":{},"Profile":"default"} Outcome=Success
TID: [-1234] [2023-06-18 19:41:34,630]  INFO {AUDIT_LOG} - Initiator=wso2.system.user Action=Get-User-Claim-Values Target=admin Data={"Claims":{},"Profile":"default"} Outcome=Success
TID: [-1234] [2023-06-18 19:41:34,631]  INFO {AUDIT_LOG} - Initiator=wso2.system.user Action=Get-User-Claim-Values Target=admin Data={"Claims":{},"Profile":"default"} Outcome=Success
TID: [-1234] [2023-06-18 19:41:34,746]  INFO {AUDIT_LOG} - GET /api/am/devportal/settings user: admin@carbon.super app: PWfgQzPGHoxzOjpmoCalMGNtF2Ia
TID: [-1234] [2023-06-18 19:41:35,140]  INFO {AUDIT_LOG} - GET /api/am/devportal/applications?sortBy=name&sortOrder=asc&limit=10&offset=0 user: admin@carbon.super app: PWfgQzPGHoxzOjpmoCalMGNtF2Ia
TID: [-1234] [2023-06-18 19:41:37,902]  INFO {AUDIT_LOG} - GET /api/am/devportal/applications/3da751bc-82c5-433c-a68e-265fd27cecb9 user: admin@carbon.super app: PWfgQzPGHoxzOjpmoCalMGNtF2Ia
TID: [-1234] [2023-06-18 19:41:37,993]  INFO {AUDIT_LOG} - GET /api/am/devportal/throttling-policies/application/10PerMin user: admin@carbon.super app: PWfgQzPGHoxzOjpmoCalMGNtF2Ia
TID: [-1234] [2023-06-18 19:41:38,002]  INFO {AUDIT_LOG} - GET /api/am/devportal/applications/3da751bc-82c5-433c-a68e-265fd27cecb9 user: admin@carbon.super app: PWfgQzPGHoxzOjpmoCalMGNtF2Ia
TID: [-1234] [2023-06-18 19:41:38,033]  INFO {AUDIT_LOG} - GET /api/am/devportal/throttling-policies/application/10PerMin user: admin@carbon.super app: PWfgQzPGHoxzOjpmoCalMGNtF2Ia
TID: [-1234] [2023-06-18 19:41:40,441]  INFO {AUDIT_LOG} - GET /api/am/devportal/key-managers user: admin@carbon.super app: PWfgQzPGHoxzOjpmoCalMGNtF2Ia
TID: [-1234] [2023-06-18 19:41:40,729]  INFO {AUDIT_LOG} - GET /api/am/devportal/applications/3da751bc-82c5-433c-a68e-265fd27cecb9 user: admin@carbon.super app: PWfgQzPGHoxzOjpmoCalMGNtF2Ia
TID: [-1234] [2023-06-18 19:41:40,747]  INFO {AUDIT_LOG} - GET /api/am/devportal/applications/3da751bc-82c5-433c-a68e-265fd27cecb9/oauth-keys user: admin@carbon.super app: PWfgQzPGHoxzOjpmoCalMGNtF2Ia
TID: [-1234] [2023-06-18 19:41:41,136]  INFO {AUDIT_LOG} - GET /api/am/devportal/applications/3da751bc-82c5-433c-a68e-265fd27cecb9 user: admin@carbon.super app: PWfgQzPGHoxzOjpmoCalMGNtF2Ia
TID: [-1234] [2023-06-18 19:41:41,176]  INFO {AUDIT_LOG} - GET /api/am/devportal/applications/3da751bc-82c5-433c-a68e-265fd27cecb9/oauth-keys user: admin@carbon.super app: PWfgQzPGHoxzOjpmoCalMGNtF2Ia
TID: [-1234] [2023-06-18 19:41:44,730]  INFO {AUDIT_LOG} - GET /api/am/devportal/applications/3da751bc-82c5-433c-a68e-265fd27cecb9/oauth-keys user: admin@carbon.super app: PWfgQzPGHoxzOjpmoCalMGNtF2Ia
TID: [-1234] [2023-06-18 19:41:44,753]  INFO {AUDIT_LOG} - POST /api/am/devportal/applications/3da751bc-82c5-433c-a68e-265fd27cecb9/oauth-keys/9d1527a8-ffd0-46ab-b170-ab874743f57f/generate-token user: admin@carbon.super app: PWfgQzPGHoxzOjpmoCalMGNtF2Ia
TID: [-1234] [2023-06-18 19:41:44,810]  INFO {AUDIT_LOG} - {"performedBy":"admin","action":"updated","typ":"Application","info":{"Re-Generated Keys for application with client Id":"8rrdlf00o8JfsCB4N2XyCnTxfQEa"}}
TID: [-1234] [2023-06-18 19:41:44,887]  INFO {AUDIT_LOG} - Initiator=wso2.system.user Action=Get-User-Claim-Values Target=admin Data={"Claims":{},"Profile":"default"} Outcome=Success
TID: [-1234] [2023-06-18 19:41:44,889]  INFO {AUDIT_LOG} - Initiator=wso2.system.user Action=Get-User-Claim-Values Target=admin Data={"Claims":{},"Profile":"default"} Outcome=Success
TID: [-1234] [2023-06-18 19:41:44,889]  INFO {AUDIT_LOG} - Initiator=wso2.system.user Action=Get-User-Claim-Values Target=admin Data={"Claims":{},"Profile":"default"} Outcome=Success
TID: [] [2023-06-18 19:41:49,496]  INFO {AUDIT_LOG} - Initiator=wso2.system.user Action=Get-User-Claim-Values Target=admin Data={"Claims":{},"Profile":"default"} Outcome=Success
TID: [] [2023-06-18 19:41:49,497]  INFO {AUDIT_LOG} - Initiator=wso2.system.user Action=Get-User-Claim-Values Target=admin Data={"Claims":{},"Profile":"default"} Outcome=Success
TID: [] [2023-06-18 19:41:49,497]  INFO {AUDIT_LOG} - Initiator=wso2.system.user Action=Get-User-Claim-Values Target=admin Data={"Claims":{},"Profile":"default"} Outcome=Success
TID: [-1234] [2023-06-18 19:41:51,994]  INFO {AUDIT_LOG} - GET /api/am/devportal/apis?limit=10&offset=0 user: admin@carbon.super app: PWfgQzPGHoxzOjpmoCalMGNtF2Ia
TID: [-1234] [2023-06-18 19:41:51,997]  INFO {AUDIT_LOG} - GET /api/am/devportal/tags user: admin@carbon.super app: PWfgQzPGHoxzOjpmoCalMGNtF2Ia
TID: [-1234] [2023-06-18 19:41:52,003]  INFO {AUDIT_LOG} - GET /api/am/devportal/api-categories user: admin@carbon.super app: PWfgQzPGHoxzOjpmoCalMGNtF2Ia
TID: [-1234] [2023-06-18 19:41:52,224]  INFO {AUDIT_LOG} - GET /api/am/devportal/apis/322d0fa8-4241-4e9e-a381-26b8d42c1467/ratings user: admin@carbon.super app: PWfgQzPGHoxzOjpmoCalMGNtF2Ia
TID: [-1234] [2023-06-18 19:41:52,229]  INFO {AUDIT_LOG} - GET /api/am/devportal/apis/bd412728-6963-4947-ba67-61fa1e164022/ratings user: admin@carbon.super app: PWfgQzPGHoxzOjpmoCalMGNtF2Ia
TID: [-1234] [2023-06-18 19:41:52,236]  INFO {AUDIT_LOG} - GET /api/am/devportal/apis/322d0fa8-4241-4e9e-a381-26b8d42c1467/thumbnail user: admin@carbon.super app: PWfgQzPGHoxzOjpmoCalMGNtF2Ia
TID: [-1234] [2023-06-18 19:41:52,248]  INFO {AUDIT_LOG} - GET /api/am/devportal/apis/b708e07c-f833-4577-9072-b66243c058b3/ratings user: admin@carbon.super app: PWfgQzPGHoxzOjpmoCalMGNtF2Ia
TID: [-1234] [2023-06-18 19:41:52,264]  INFO {AUDIT_LOG} - GET /api/am/devportal/apis/bd412728-6963-4947-ba67-61fa1e164022/thumbnail user: admin@carbon.super app: PWfgQzPGHoxzOjpmoCalMGNtF2Ia
TID: [-1234] [2023-06-18 19:41:52,296]  INFO {AUDIT_LOG} - GET /api/am/devportal/apis/b708e07c-f833-4577-9072-b66243c058b3/thumbnail user: admin@carbon.super app: PWfgQzPGHoxzOjpmoCalMGNtF2Ia
TID: [-1234] [2023-06-18 19:41:52,302]  INFO {AUDIT_LOG} - GET /api/am/devportal/apis/8485612f-b238-4e6d-9c05-e116e15f9121/ratings user: admin@carbon.super app: PWfgQzPGHoxzOjpmoCalMGNtF2Ia
TID: [-1234] [2023-06-18 19:41:52,309]  INFO {AUDIT_LOG} - GET /api/am/devportal/apis/746c7962-0923-4c21-be0e-a84d3748b57b/thumbnail user: admin@carbon.super app: PWfgQzPGHoxzOjpmoCalMGNtF2Ia
TID: [-1234] [2023-06-18 19:41:52,315]  INFO {AUDIT_LOG} - GET /api/am/devportal/apis/746c7962-0923-4c21-be0e-a84d3748b57b/ratings user: admin@carbon.super app: PWfgQzPGHoxzOjpmoCalMGNtF2Ia
TID: [-1234] [2023-06-18 19:41:52,331]  INFO {AUDIT_LOG} - GET /api/am/devportal/apis/8485612f-b238-4e6d-9c05-e116e15f9121/thumbnail user: admin@carbon.super app: PWfgQzPGHoxzOjpmoCalMGNtF2Ia
TID: [-1234] [2023-06-18 19:41:54,543]  INFO {AUDIT_LOG} - GET /api/am/devportal/apis/322d0fa8-4241-4e9e-a381-26b8d42c1467 user: admin@carbon.super app: PWfgQzPGHoxzOjpmoCalMGNtF2Ia
TID: [-1234] [2023-06-18 19:41:54,544]  INFO {AUDIT_LOG} - GET /api/am/devportal/subscriptions?apiId=322d0fa8-4241-4e9e-a381-26b8d42c1467&limit=25 user: admin@carbon.super app: PWfgQzPGHoxzOjpmoCalMGNtF2Ia
TID: [-1234] [2023-06-18 19:41:54,545]  INFO {AUDIT_LOG} - GET /api/am/devportal/applications?limit=5000 user: admin@carbon.super app: PWfgQzPGHoxzOjpmoCalMGNtF2Ia
TID: [-1234] [2023-06-18 19:41:54,546]  INFO {AUDIT_LOG} - GET /api/am/devportal/subscriptions?apiId=322d0fa8-4241-4e9e-a381-26b8d42c1467&limit=5000 user: admin@carbon.super app: PWfgQzPGHoxzOjpmoCalMGNtF2Ia
TID: [-1234] [2023-06-18 19:41:55,465]  INFO {AUDIT_LOG} - GET /api/am/devportal/throttling-policies/subscription user: admin@carbon.super app: PWfgQzPGHoxzOjpmoCalMGNtF2Ia
TID: [-1234] [2023-06-18 19:41:55,465]  INFO {AUDIT_LOG} - GET /api/am/devportal/apis/322d0fa8-4241-4e9e-a381-26b8d42c1467/documents user: admin@carbon.super app: PWfgQzPGHoxzOjpmoCalMGNtF2Ia
TID: [-1234] [2023-06-18 19:41:55,479]  INFO {AUDIT_LOG} - GET /api/am/devportal/throttling-policies/subscription user: admin@carbon.super app: PWfgQzPGHoxzOjpmoCalMGNtF2Ia
TID: [-1234] [2023-06-18 19:41:55,511]  INFO {AUDIT_LOG} - GET /api/am/devportal/apis/322d0fa8-4241-4e9e-a381-26b8d42c1467/documents user: admin@carbon.super app: PWfgQzPGHoxzOjpmoCalMGNtF2Ia
TID: [-1234] [2023-06-18 19:41:55,572]  INFO {AUDIT_LOG} - GET /api/am/devportal/apis/322d0fa8-4241-4e9e-a381-26b8d42c1467/thumbnail user: admin@carbon.super app: PWfgQzPGHoxzOjpmoCalMGNtF2Ia
TID: [-1234] [2023-06-18 19:41:55,573]  INFO {AUDIT_LOG} - GET /api/am/devportal/apis/322d0fa8-4241-4e9e-a381-26b8d42c1467/comments?limit=5&offset=0 user: admin@carbon.super app: PWfgQzPGHoxzOjpmoCalMGNtF2Ia
TID: [-1234] [2023-06-18 19:41:55,578]  INFO {AUDIT_LOG} - GET /api/am/devportal/apis/322d0fa8-4241-4e9e-a381-26b8d42c1467/ratings user: admin@carbon.super app: PWfgQzPGHoxzOjpmoCalMGNtF2Ia
TID: [-1234] [2023-06-18 19:41:57,712]  INFO {AUDIT_LOG} - GET /api/am/devportal/apis/322d0fa8-4241-4e9e-a381-26b8d42c1467 user: admin@carbon.super app: PWfgQzPGHoxzOjpmoCalMGNtF2Ia
TID: [-1234] [2023-06-18 19:41:57,747]  INFO {AUDIT_LOG} - GET /api/am/devportal/subscriptions?apiId=322d0fa8-4241-4e9e-a381-26b8d42c1467&limit=25 user: admin@carbon.super app: PWfgQzPGHoxzOjpmoCalMGNtF2Ia
TID: [-1234] [2023-06-18 19:41:57,749]  INFO {AUDIT_LOG} - GET /api/am/devportal/subscriptions?apiId=322d0fa8-4241-4e9e-a381-26b8d42c1467&limit=5000 user: admin@carbon.super app: PWfgQzPGHoxzOjpmoCalMGNtF2Ia
TID: [-1234] [2023-06-18 19:41:57,756]  INFO {AUDIT_LOG} - GET /api/am/devportal/applications?limit=5000 user: admin@carbon.super app: PWfgQzPGHoxzOjpmoCalMGNtF2Ia
TID: [-1234] [2023-06-18 19:41:59,079]  INFO {AUDIT_LOG} - GET /api/am/devportal/apis/322d0fa8-4241-4e9e-a381-26b8d42c1467 user: admin@carbon.super app: PWfgQzPGHoxzOjpmoCalMGNtF2Ia
TID: [-1234] [2023-06-18 19:41:59,107]  INFO {AUDIT_LOG} - GET /api/am/devportal/apis/322d0fa8-4241-4e9e-a381-26b8d42c1467/swagger?environmentName=Default user: admin@carbon.super app: PWfgQzPGHoxzOjpmoCalMGNtF2Ia
TID: [-1234] [2023-06-18 19:41:59,284]  INFO {AUDIT_LOG} - GET /api/am/devportal/key-managers user: admin@carbon.super app: PWfgQzPGHoxzOjpmoCalMGNtF2Ia
TID: [-1234] [2023-06-18 19:41:59,289]  INFO {AUDIT_LOG} - GET /api/am/devportal/subscriptions?apiId=322d0fa8-4241-4e9e-a381-26b8d42c1467&limit=25 user: admin@carbon.super app: PWfgQzPGHoxzOjpmoCalMGNtF2Ia
TID: [-1234] [2023-06-18 19:41:59,448]  INFO {AUDIT_LOG} - GET /api/am/devportal/subscriptions?apiId=322d0fa8-4241-4e9e-a381-26b8d42c1467&limit=25 user: admin@carbon.super app: PWfgQzPGHoxzOjpmoCalMGNtF2Ia
TID: [-1234] [2023-06-18 19:41:59,697]  INFO {AUDIT_LOG} - GET /api/am/devportal/applications/ user: admin@carbon.super app: PWfgQzPGHoxzOjpmoCalMGNtF2Ia
TID: [-1234] [2023-06-18 19:41:59,990]  INFO {AUDIT_LOG} - GET /api/am/devportal/applications/3da751bc-82c5-433c-a68e-265fd27cecb9 user: admin@carbon.super app: PWfgQzPGHoxzOjpmoCalMGNtF2Ia
TID: [-1234] [2023-06-18 19:42:00,008]  INFO {AUDIT_LOG} - GET /api/am/devportal/applications/3da751bc-82c5-433c-a68e-265fd27cecb9/oauth-keys user: admin@carbon.super app: PWfgQzPGHoxzOjpmoCalMGNtF2Ia
TID: [-1234] [2023-06-18 19:42:00,357]  INFO {AUDIT_LOG} - GET /api/am/devportal/applications/3da751bc-82c5-433c-a68e-265fd27cecb9 user: admin@carbon.super app: PWfgQzPGHoxzOjpmoCalMGNtF2Ia
TID: [-1234] [2023-06-18 19:42:00,605]  INFO {AUDIT_LOG} - GET /api/am/devportal/applications/3da751bc-82c5-433c-a68e-265fd27cecb9 user: admin@carbon.super app: PWfgQzPGHoxzOjpmoCalMGNtF2Ia
TID: [-1234] [2023-06-18 19:42:00,610]  INFO {AUDIT_LOG} - GET /api/am/devportal/applications/3da751bc-82c5-433c-a68e-265fd27cecb9/oauth-keys user: admin@carbon.super app: PWfgQzPGHoxzOjpmoCalMGNtF2Ia
TID: [-1234] [2023-06-18 19:42:00,625]  INFO {AUDIT_LOG} - GET /api/am/devportal/applications/3da751bc-82c5-433c-a68e-265fd27cecb9/oauth-keys user: admin@carbon.super app: PWfgQzPGHoxzOjpmoCalMGNtF2Ia
TID: [] [2023-06-18 19:46:37,542]  INFO {AUDIT_LOG} - Initiator=wso2.system.user Action=Get-User-Claim-Values Target=admin Data={"Claims":{},"Profile":"default"} Outcome=Success
TID: [] [2023-06-18 19:46:37,543]  INFO {AUDIT_LOG} - Initiator=wso2.system.user Action=Get-User-Claim-Values Target=admin Data={"Claims":{},"Profile":"default"} Outcome=Success
TID: [] [2023-06-18 19:46:37,543]  INFO {AUDIT_LOG} - Initiator=wso2.system.user Action=Get-User-Claim-Values Target=admin Data={"Claims":{},"Profile":"default"} Outcome=Success
