TID: [-1234] [2023-06-14 12:09:50,792]  INFO {AUDIT_LOG} - Initiator=wso2.system.user Action=Get-User-Claim-Values Target=admin Data={"Claims":{},"Profile":"default"} Outcome=Success
TID: [-1234] [2023-06-14 12:09:50,792]  INFO {AUDIT_LOG} - Initiator=wso2.system.user Action=Get-User-Claim-Values Target=admin Data={"Claims":{},"Profile":"default"} Outcome=Success
TID: [-1234] [2023-06-14 12:09:50,796]  INFO {AUDIT_LOG} - Initiator=wso2.system.user Action=Get-User-Claim-Values Target=admin Data={"Claims":{},"Profile":"default"} Outcome=Success
TID: [-1234] [2023-06-14 12:09:50,796]  INFO {AUDIT_LOG} - Initiator=wso2.system.user Action=Get-User-Claim-Values Target=admin Data={"Claims":{},"Profile":"default"} Outcome=Success
TID: [-1234] [2023-06-14 12:09:50,796]  INFO {AUDIT_LOG} - Initiator=wso2.system.user Action=Get-User-Claim-Values Target=admin Data={"Claims":{},"Profile":"default"} Outcome=Success
TID: [-1234] [2023-06-14 12:09:50,796]  INFO {AUDIT_LOG} - Initiator=wso2.system.user Action=Get-User-Claim-Values Target=admin Data={"Claims":{},"Profile":"default"} Outcome=Success
TID: [-1234] [2023-06-14 12:09:50,796]  INFO {AUDIT_LOG} - Initiator=wso2.system.user Action=Get-User-Claim-Values Target=admin Data={"Claims":{},"Profile":"default"} Outcome=Success
TID: [-1234] [2023-06-14 12:09:50,796]  INFO {AUDIT_LOG} - Initiator=wso2.system.user Action=Get-User-Claim-Values Target=admin Data={"Claims":{},"Profile":"default"} Outcome=Success
TID: [-1234] [2023-06-14 12:09:50,797]  INFO {AUDIT_LOG} - Initiator=wso2.system.user Action=Get-User-Claim-Values Target=admin Data={"Claims":{},"Profile":"default"} Outcome=Success
TID: [-1234] [2023-06-14 12:09:50,805]  INFO {AUDIT_LOG} - Initiator=wso2.system.user Action=Get-User-Claim-Values Target=admin Data={"Claims":{},"Profile":"default"} Outcome=Success
TID: [-1234] [2023-06-14 12:09:50,805]  INFO {AUDIT_LOG} - Initiator=wso2.system.user Action=Get-User-Claim-Values Target=admin Data={"Claims":{},"Profile":"default"} Outcome=Success
TID: [-1234] [2023-06-14 12:09:50,807]  INFO {AUDIT_LOG} - Initiator=wso2.system.user Action=Get-User-Claim-Values Target=admin Data={"Claims":{},"Profile":"default"} Outcome=Success
TID: [-1234] [2023-06-14 12:09:50,807]  INFO {AUDIT_LOG} - Initiator=wso2.system.user Action=Get-User-Claim-Values Target=admin Data={"Claims":{},"Profile":"default"} Outcome=Success
TID: [-1234] [2023-06-14 12:09:50,808]  INFO {AUDIT_LOG} - Initiator=wso2.system.user Action=Get-User-Claim-Values Target=admin Data={"Claims":{},"Profile":"default"} Outcome=Success
TID: [-1234] [2023-06-14 12:09:50,815]  INFO {AUDIT_LOG} - Initiator=wso2.system.user Action=Get-User-Claim-Values Target=admin Data={"Claims":{},"Profile":"default"} Outcome=Success
TID: [-1234] [2023-06-14 12:09:50,818]  INFO {AUDIT_LOG} - Initiator=wso2.system.user Action=Get-User-Claim-Values Target=admin Data={"Claims":{},"Profile":"default"} Outcome=Success
TID: [-1234] [2023-06-14 12:09:50,819]  INFO {AUDIT_LOG} - Initiator=wso2.system.user Action=Get-User-Claim-Values Target=admin Data={"Claims":{},"Profile":"default"} Outcome=Success
TID: [-1234] [2023-06-14 12:09:50,819]  INFO {AUDIT_LOG} - Initiator=wso2.system.user Action=Get-User-Claim-Values Target=admin Data={"Claims":{},"Profile":"default"} Outcome=Success
TID: [-1234] [2023-06-14 12:09:50,821]  INFO {AUDIT_LOG} - Initiator=wso2.system.user Action=Get-User-Claim-Values Target=admin Data={"Claims":{},"Profile":"default"} Outcome=Success
TID: [-1234] [2023-06-14 12:09:50,824]  INFO {AUDIT_LOG} - Initiator=wso2.system.user Action=Get-User-Claim-Values Target=admin Data={"Claims":{},"Profile":"default"} Outcome=Success
TID: [-1234] [2023-06-14 12:09:50,824]  INFO {AUDIT_LOG} - Initiator=wso2.system.user Action=Get-User-Claim-Values Target=admin Data={"Claims":{},"Profile":"default"} Outcome=Success
TID: [-1234] [2023-06-14 12:09:50,834]  INFO {AUDIT_LOG} - Initiator=wso2.system.user Action=Get-User-Claim-Values Target=admin Data={"Claims":{},"Profile":"default"} Outcome=Success
TID: [-1234] [2023-06-14 12:09:50,836]  INFO {AUDIT_LOG} - Initiator=wso2.system.user Action=Get-User-Claim-Values Target=admin Data={"Claims":{},"Profile":"default"} Outcome=Success
TID: [-1234] [2023-06-14 12:09:50,841]  INFO {AUDIT_LOG} - Initiator=wso2.system.user Action=Get-User-Claim-Values Target=admin Data={"Claims":{},"Profile":"default"} Outcome=Success
TID: [-1234] [2023-06-14 12:09:50,841]  INFO {AUDIT_LOG} - Initiator=wso2.system.user Action=Get-User-Claim-Values Target=admin Data={"Claims":{},"Profile":"default"} Outcome=Success
TID: [-1234] [2023-06-14 12:09:50,848]  INFO {AUDIT_LOG} - Initiator=wso2.system.user Action=Get-User-Claim-Values Target=admin Data={"Claims":{},"Profile":"default"} Outcome=Success
TID: [-1234] [2023-06-14 12:09:50,849]  INFO {AUDIT_LOG} - Initiator=wso2.system.user Action=Get-User-Claim-Values Target=admin Data={"Claims":{},"Profile":"default"} Outcome=Success
TID: [-1234] [2023-06-14 12:09:52,696]  INFO {AUDIT_LOG} - Initiator=wso2.system.user Action=Get-User-Claim-Values Target=admin Data={"Claims":{},"Profile":"default"} Outcome=Success
TID: [-1234] [2023-06-14 12:09:52,698]  INFO {AUDIT_LOG} - Initiator=wso2.system.user Action=Get-User-Claim-Values Target=admin Data={"Claims":{},"Profile":"default"} Outcome=Success
TID: [-1234] [2023-06-14 12:09:52,698]  INFO {AUDIT_LOG} - Initiator=wso2.system.user Action=Get-User-Claim-Values Target=admin Data={"Claims":{},"Profile":"default"} Outcome=Success
TID: [-1234] [2023-06-14 12:09:52,811]  INFO {AUDIT_LOG} - Initiator=wso2.system.user Action=Get-User-Claim-Values Target=admin Data={"Claims":{},"Profile":"default"} Outcome=Success
TID: [-1234] [2023-06-14 12:09:52,815]  INFO {AUDIT_LOG} - Initiator=wso2.system.user Action=Get-User-Claim-Values Target=admin Data={"Claims":{},"Profile":"default"} Outcome=Success
TID: [-1234] [2023-06-14 12:09:52,816]  INFO {AUDIT_LOG} - Initiator=wso2.system.user Action=Get-User-Claim-Values Target=admin Data={"Claims":{},"Profile":"default"} Outcome=Success
TID: [-1234] [2023-06-14 12:09:52,956]  INFO {AUDIT_LOG} - Initiator=wso2.system.user Action=Get-User-Claim-Values Target=admin Data={"Claims":{},"Profile":"default"} Outcome=Success
TID: [-1234] [2023-06-14 12:09:52,960]  INFO {AUDIT_LOG} - Initiator=wso2.system.user Action=Get-User-Claim-Values Target=admin Data={"Claims":{},"Profile":"default"} Outcome=Success
TID: [-1234] [2023-06-14 12:09:52,960]  INFO {AUDIT_LOG} - Initiator=wso2.system.user Action=Get-User-Claim-Values Target=admin Data={"Claims":{},"Profile":"default"} Outcome=Success
TID: [-1234] [2023-06-14 12:09:53,104]  INFO {AUDIT_LOG} - Initiator=wso2.system.user Action=Get-User-Claim-Values Target=admin Data={"Claims":{},"Profile":"default"} Outcome=Success
TID: [-1234] [2023-06-14 12:09:53,106]  INFO {AUDIT_LOG} - Initiator=wso2.system.user Action=Get-User-Claim-Values Target=admin Data={"Claims":{},"Profile":"default"} Outcome=Success
TID: [-1234] [2023-06-14 12:09:53,107]  INFO {AUDIT_LOG} - Initiator=wso2.system.user Action=Get-User-Claim-Values Target=admin Data={"Claims":{},"Profile":"default"} Outcome=Success
TID: [-1234] [2023-06-14 12:09:53,108]  INFO {AUDIT_LOG} - Initiator=wso2.system.user Action=Get-User-Claim-Values Target=admin Data={"Claims":{},"Profile":"default"} Outcome=Success
TID: [-1234] [2023-06-14 12:09:53,115]  INFO {AUDIT_LOG} - Initiator=wso2.system.user Action=Get-User-Claim-Values Target=admin Data={"Claims":{},"Profile":"default"} Outcome=Success
TID: [-1234] [2023-06-14 12:09:53,115]  INFO {AUDIT_LOG} - Initiator=wso2.system.user Action=Get-User-Claim-Values Target=admin Data={"Claims":{},"Profile":"default"} Outcome=Success
TID: [-1234] [2023-06-14 12:09:53,156]  INFO {AUDIT_LOG} - Initiator=wso2.system.user Action=Get-User-Claim-Values Target=admin Data={"Claims":{},"Profile":"default"} Outcome=Success
TID: [-1234] [2023-06-14 12:09:53,157]  INFO {AUDIT_LOG} - Initiator=wso2.system.user Action=Get-User-Claim-Values Target=admin Data={"Claims":{},"Profile":"default"} Outcome=Success
TID: [-1234] [2023-06-14 12:09:53,158]  INFO {AUDIT_LOG} - Initiator=wso2.system.user Action=Get-User-Claim-Values Target=admin Data={"Claims":{},"Profile":"default"} Outcome=Success
TID: [-1234] [2023-06-14 12:09:53,189]  INFO {AUDIT_LOG} - Initiator=wso2.system.user Action=Get-User-Claim-Values Target=admin Data={"Claims":{},"Profile":"default"} Outcome=Success
TID: [-1234] [2023-06-14 12:09:53,190]  INFO {AUDIT_LOG} - Initiator=wso2.system.user Action=Get-User-Claim-Values Target=admin Data={"Claims":{},"Profile":"default"} Outcome=Success
TID: [-1234] [2023-06-14 12:09:53,194]  INFO {AUDIT_LOG} - Initiator=wso2.system.user Action=Get-User-Claim-Values Target=admin Data={"Claims":{},"Profile":"default"} Outcome=Success
TID: [] [2023-06-14 12:09:53,754]  INFO {AUDIT_LOG} - Initiator=wso2.system.user Action=Get-User-Claim-Values Target=admin Data={"Claims":{},"Profile":"default"} Outcome=Success
TID: [] [2023-06-14 12:09:53,756]  INFO {AUDIT_LOG} - Initiator=wso2.system.user Action=Get-User-Claim-Values Target=admin Data={"Claims":{},"Profile":"default"} Outcome=Success
TID: [] [2023-06-14 12:09:53,756]  INFO {AUDIT_LOG} - Initiator=wso2.system.user Action=Get-User-Claim-Values Target=admin Data={"Claims":{},"Profile":"default"} Outcome=Success
TID: [-1234] [2023-06-14 12:09:54,098]  INFO {AUDIT_LOG} - Initiator=wso2.system.user Action=Get-User-Claim-Values Target=admin Data={"Claims":{},"Profile":"default"} Outcome=Success
TID: [-1234] [2023-06-14 12:09:54,099]  INFO {AUDIT_LOG} - Initiator=wso2.system.user Action=Get-User-Claim-Values Target=admin Data={"Claims":{},"Profile":"default"} Outcome=Success
TID: [-1234] [2023-06-14 12:09:54,100]  INFO {AUDIT_LOG} - Initiator=wso2.system.user Action=Get-User-Claim-Values Target=admin Data={"Claims":{},"Profile":"default"} Outcome=Success
TID: [-1234] [2023-06-14 12:09:54,100]  INFO {AUDIT_LOG} - Initiator=wso2.system.user Action=Get-User-Claim-Values Target=admin Data={"Claims":{},"Profile":"default"} Outcome=Success
TID: [-1234] [2023-06-14 12:09:54,102]  INFO {AUDIT_LOG} - Initiator=wso2.system.user Action=Get-User-Claim-Values Target=admin Data={"Claims":{},"Profile":"default"} Outcome=Success
TID: [-1234] [2023-06-14 12:09:54,102]  INFO {AUDIT_LOG} - Initiator=wso2.system.user Action=Get-User-Claim-Values Target=admin Data={"Claims":{},"Profile":"default"} Outcome=Success
TID: [-1234] [2023-06-14 12:09:54,136]  INFO {AUDIT_LOG} - Initiator=wso2.system.user Action=Get-User-Claim-Values Target=admin Data={"Claims":{},"Profile":"default"} Outcome=Success
TID: [-1234] [2023-06-14 12:09:54,137]  INFO {AUDIT_LOG} - Initiator=wso2.system.user Action=Get-User-Claim-Values Target=admin Data={"Claims":{},"Profile":"default"} Outcome=Success
TID: [-1234] [2023-06-14 12:09:54,137]  INFO {AUDIT_LOG} - Initiator=wso2.system.user Action=Get-User-Claim-Values Target=admin Data={"Claims":{},"Profile":"default"} Outcome=Success
TID: [] [2023-06-14 12:09:54,385]  INFO {AUDIT_LOG} - Initiator=wso2.system.user Action=Get-User-Claim-Values Target=admin Data={"Claims":{},"Profile":"default"} Outcome=Success
TID: [] [2023-06-14 12:09:54,386]  INFO {AUDIT_LOG} - Initiator=wso2.system.user Action=Get-User-Claim-Values Target=admin Data={"Claims":{},"Profile":"default"} Outcome=Success
TID: [] [2023-06-14 12:09:54,386]  INFO {AUDIT_LOG} - Initiator=wso2.system.user Action=Get-User-Claim-Values Target=admin Data={"Claims":{},"Profile":"default"} Outcome=Success
TID: [] [2023-06-14 12:09:54,386]  INFO {AUDIT_LOG} - Initiator=wso2.system.user Action=Get-User-Claim-Values Target=admin Data={"Claims":{},"Profile":"default"} Outcome=Success
TID: [] [2023-06-14 12:09:54,390]  INFO {AUDIT_LOG} - Initiator=wso2.system.user Action=Get-User-Claim-Values Target=admin Data={"Claims":{},"Profile":"default"} Outcome=Success
TID: [] [2023-06-14 12:09:54,397]  INFO {AUDIT_LOG} - Initiator=wso2.system.user Action=Get-User-Claim-Values Target=admin Data={"Claims":{},"Profile":"default"} Outcome=Success
TID: [] [2023-06-14 12:09:54,397]  INFO {AUDIT_LOG} - Initiator=wso2.system.user Action=Get-User-Claim-Values Target=admin Data={"Claims":{},"Profile":"default"} Outcome=Success
TID: [] [2023-06-14 12:09:54,399]  INFO {AUDIT_LOG} - Initiator=wso2.system.user Action=Get-User-Claim-Values Target=admin Data={"Claims":{},"Profile":"default"} Outcome=Success
TID: [] [2023-06-14 12:09:54,399]  INFO {AUDIT_LOG} - Initiator=wso2.system.user Action=Get-User-Claim-Values Target=admin Data={"Claims":{},"Profile":"default"} Outcome=Success
TID: [] [2023-06-14 12:09:54,400]  INFO {AUDIT_LOG} - Initiator=wso2.system.user Action=Get-User-Claim-Values Target=admin Data={"Claims":{},"Profile":"default"} Outcome=Success
TID: [] [2023-06-14 12:09:54,401]  INFO {AUDIT_LOG} - Initiator=wso2.system.user Action=Get-User-Claim-Values Target=admin Data={"Claims":{},"Profile":"default"} Outcome=Success
TID: [] [2023-06-14 12:09:54,402]  INFO {AUDIT_LOG} - Initiator=wso2.system.user Action=Get-User-Claim-Values Target=admin Data={"Claims":{},"Profile":"default"} Outcome=Success
TID: [] [2023-06-14 12:09:54,438]  INFO {AUDIT_LOG} - Initiator=wso2.system.user Action=Get-User-Claim-Values Target=admin Data={"Claims":{},"Profile":"default"} Outcome=Success
TID: [] [2023-06-14 12:09:54,439]  INFO {AUDIT_LOG} - Initiator=wso2.system.user Action=Get-User-Claim-Values Target=admin Data={"Claims":{},"Profile":"default"} Outcome=Success
TID: [] [2023-06-14 12:09:54,439]  INFO {AUDIT_LOG} - Initiator=wso2.system.user Action=Get-User-Claim-Values Target=admin Data={"Claims":{},"Profile":"default"} Outcome=Success
TID: [] [2023-06-14 12:09:54,450]  INFO {AUDIT_LOG} - Initiator=wso2.system.user Action=Get-User-Claim-Values Target=admin Data={"Claims":{},"Profile":"default"} Outcome=Success
TID: [] [2023-06-14 12:09:54,451]  INFO {AUDIT_LOG} - Initiator=wso2.system.user Action=Get-User-Claim-Values Target=admin Data={"Claims":{},"Profile":"default"} Outcome=Success
TID: [] [2023-06-14 12:09:54,451]  INFO {AUDIT_LOG} - Initiator=wso2.system.user Action=Get-User-Claim-Values Target=admin Data={"Claims":{},"Profile":"default"} Outcome=Success
TID: [] [2023-06-14 12:09:54,455]  INFO {AUDIT_LOG} - Initiator=wso2.system.user Action=Get-User-Claim-Values Target=admin Data={"Claims":{},"Profile":"default"} Outcome=Success
TID: [] [2023-06-14 12:09:54,457]  INFO {AUDIT_LOG} - Initiator=wso2.system.user Action=Get-User-Claim-Values Target=admin Data={"Claims":{},"Profile":"default"} Outcome=Success
TID: [] [2023-06-14 12:09:54,458]  INFO {AUDIT_LOG} - Initiator=wso2.system.user Action=Get-User-Claim-Values Target=admin Data={"Claims":{},"Profile":"default"} Outcome=Success
TID: [] [2023-06-14 12:09:54,465]  INFO {AUDIT_LOG} - Initiator=wso2.system.user Action=Get-User-Claim-Values Target=admin Data={"Claims":{},"Profile":"default"} Outcome=Success
TID: [] [2023-06-14 12:09:54,466]  INFO {AUDIT_LOG} - Initiator=wso2.system.user Action=Get-User-Claim-Values Target=admin Data={"Claims":{},"Profile":"default"} Outcome=Success
TID: [] [2023-06-14 12:09:54,467]  INFO {AUDIT_LOG} - Initiator=wso2.system.user Action=Get-User-Claim-Values Target=admin Data={"Claims":{},"Profile":"default"} Outcome=Success
TID: [-1234] [2023-06-14 12:09:54,488]  INFO {AUDIT_LOG} - Initiator=wso2.system.user Action=Get-User-Claim-Values Target=admin Data={"Claims":{},"Profile":"default"} Outcome=Success
TID: [-1234] [2023-06-14 12:09:54,489]  INFO {AUDIT_LOG} - Initiator=wso2.system.user Action=Get-User-Claim-Values Target=admin Data={"Claims":{},"Profile":"default"} Outcome=Success
TID: [-1234] [2023-06-14 12:09:54,490]  INFO {AUDIT_LOG} - Initiator=wso2.system.user Action=Get-User-Claim-Values Target=admin Data={"Claims":{},"Profile":"default"} Outcome=Success
TID: [] [2023-06-14 12:09:54,574]  INFO {AUDIT_LOG} - Initiator=wso2.system.user Action=Get-User-Claim-Values Target=admin Data={"Claims":{},"Profile":"default"} Outcome=Success
TID: [] [2023-06-14 12:09:54,582]  INFO {AUDIT_LOG} - Initiator=wso2.system.user Action=Get-User-Claim-Values Target=admin Data={"Claims":{},"Profile":"default"} Outcome=Success
TID: [] [2023-06-14 12:09:54,582]  INFO {AUDIT_LOG} - Initiator=wso2.system.user Action=Get-User-Claim-Values Target=admin Data={"Claims":{},"Profile":"default"} Outcome=Success
TID: [-1234] [2023-06-14 12:09:54,904]  INFO {AUDIT_LOG} - Initiator=wso2.system.user Action=Get-User-Claim-Values Target=admin Data={"Claims":{},"Profile":"default"} Outcome=Success
TID: [-1234] [2023-06-14 12:09:54,906]  INFO {AUDIT_LOG} - Initiator=wso2.system.user Action=Get-User-Claim-Values Target=admin Data={"Claims":{},"Profile":"default"} Outcome=Success
TID: [-1234] [2023-06-14 12:09:54,906]  INFO {AUDIT_LOG} - Initiator=wso2.system.user Action=Get-User-Claim-Values Target=admin Data={"Claims":{},"Profile":"default"} Outcome=Success
TID: [] [2023-06-14 12:09:55,134]  INFO {AUDIT_LOG} - Initiator=wso2.system.user Action=Get-User-Claim-Values Target=admin Data={"Claims":{},"Profile":"default"} Outcome=Success
TID: [] [2023-06-14 12:09:55,135]  INFO {AUDIT_LOG} - Initiator=wso2.system.user Action=Get-User-Claim-Values Target=admin Data={"Claims":{},"Profile":"default"} Outcome=Success
TID: [] [2023-06-14 12:09:55,137]  INFO {AUDIT_LOG} - Initiator=wso2.system.user Action=Get-User-Claim-Values Target=admin Data={"Claims":{},"Profile":"default"} Outcome=Success
TID: [] [2023-06-14 12:09:55,137]  INFO {AUDIT_LOG} - Initiator=wso2.system.user Action=Get-User-Claim-Values Target=admin Data={"Claims":{},"Profile":"default"} Outcome=Success
TID: [] [2023-06-14 12:09:55,141]  INFO {AUDIT_LOG} - Initiator=wso2.system.user Action=Get-User-Claim-Values Target=admin Data={"Claims":{},"Profile":"default"} Outcome=Success
TID: [] [2023-06-14 12:09:55,148]  INFO {AUDIT_LOG} - Initiator=wso2.system.user Action=Get-User-Claim-Values Target=admin Data={"Claims":{},"Profile":"default"} Outcome=Success
TID: [] [2023-06-14 12:09:55,154]  INFO {AUDIT_LOG} - Initiator=wso2.system.user Action=Get-User-Claim-Values Target=admin Data={"Claims":{},"Profile":"default"} Outcome=Success
TID: [] [2023-06-14 12:09:55,156]  INFO {AUDIT_LOG} - Initiator=wso2.system.user Action=Get-User-Claim-Values Target=admin Data={"Claims":{},"Profile":"default"} Outcome=Success
TID: [] [2023-06-14 12:09:55,157]  INFO {AUDIT_LOG} - Initiator=wso2.system.user Action=Get-User-Claim-Values Target=admin Data={"Claims":{},"Profile":"default"} Outcome=Success
TID: [] [2023-06-14 12:09:55,165]  INFO {AUDIT_LOG} - Initiator=wso2.system.user Action=Get-User-Claim-Values Target=admin Data={"Claims":{},"Profile":"default"} Outcome=Success
TID: [] [2023-06-14 12:09:55,169]  INFO {AUDIT_LOG} - Initiator=wso2.system.user Action=Get-User-Claim-Values Target=admin Data={"Claims":{},"Profile":"default"} Outcome=Success
TID: [] [2023-06-14 12:09:55,170]  INFO {AUDIT_LOG} - Initiator=wso2.system.user Action=Get-User-Claim-Values Target=admin Data={"Claims":{},"Profile":"default"} Outcome=Success
TID: [] [2023-06-14 12:09:55,215]  INFO {AUDIT_LOG} - Initiator=wso2.system.user Action=Get-User-Claim-Values Target=admin Data={"Claims":{},"Profile":"default"} Outcome=Success
TID: [] [2023-06-14 12:09:55,216]  INFO {AUDIT_LOG} - Initiator=wso2.system.user Action=Get-User-Claim-Values Target=admin Data={"Claims":{},"Profile":"default"} Outcome=Success
TID: [] [2023-06-14 12:09:55,217]  INFO {AUDIT_LOG} - Initiator=wso2.system.user Action=Get-User-Claim-Values Target=admin Data={"Claims":{},"Profile":"default"} Outcome=Success
TID: [] [2023-06-14 12:09:55,341]  INFO {AUDIT_LOG} - Initiator=wso2.system.user Action=Get-Roles-of-User Target=admin Data={"Filter":"*","Roles":["Internal/subscriber","Internal/creator","Internal/publisher","Internal/everyone","Internal/devops","admin","Internal/analytics","Internal/observer","Internal/integration_dev"]} Outcome=Success
TID: [] [2023-06-14 12:09:55,835]  INFO {AUDIT_LOG} - Initiator=wso2.system.user Action=Get-User-Claim-Values Target=admin Data={"Claims":{},"Profile":"default"} Outcome=Success
TID: [] [2023-06-14 12:09:55,838]  INFO {AUDIT_LOG} - Initiator=wso2.system.user Action=Get-User-Claim-Values Target=admin Data={"Claims":{},"Profile":"default"} Outcome=Success
TID: [] [2023-06-14 12:09:55,838]  INFO {AUDIT_LOG} - Initiator=wso2.system.user Action=Get-User-Claim-Values Target=admin Data={"Claims":{},"Profile":"default"} Outcome=Success
TID: [] [2023-06-14 12:09:55,861]  INFO {AUDIT_LOG} - Initiator=wso2.system.user Action=Get-User-Claim-Values Target=admin Data={"Claims":{},"Profile":"default"} Outcome=Success
TID: [] [2023-06-14 12:09:55,862]  INFO {AUDIT_LOG} - Initiator=wso2.system.user Action=Get-User-Claim-Values Target=admin Data={"Claims":{},"Profile":"default"} Outcome=Success
TID: [] [2023-06-14 12:09:55,863]  INFO {AUDIT_LOG} - Initiator=wso2.system.user Action=Get-User-Claim-Values Target=admin Data={"Claims":{},"Profile":"default"} Outcome=Success
TID: [] [2023-06-14 12:09:55,870]  INFO {AUDIT_LOG} - Initiator=wso2.system.user Action=Get-User-Claim-Values Target=admin Data={"Claims":{},"Profile":"default"} Outcome=Success
TID: [] [2023-06-14 12:09:55,871]  INFO {AUDIT_LOG} - Initiator=wso2.system.user Action=Get-User-Claim-Values Target=admin Data={"Claims":{},"Profile":"default"} Outcome=Success
TID: [] [2023-06-14 12:09:55,871]  INFO {AUDIT_LOG} - Initiator=wso2.system.user Action=Get-User-Claim-Values Target=admin Data={"Claims":{},"Profile":"default"} Outcome=Success
TID: [] [2023-06-14 12:09:55,872]  INFO {AUDIT_LOG} - Initiator=wso2.system.user Action=Get-User-Claim-Values Target=admin Data={"Claims":{},"Profile":"default"} Outcome=Success
TID: [] [2023-06-14 12:09:55,874]  INFO {AUDIT_LOG} - Initiator=wso2.system.user Action=Get-User-Claim-Values Target=admin Data={"Claims":{},"Profile":"default"} Outcome=Success
TID: [] [2023-06-14 12:09:55,874]  INFO {AUDIT_LOG} - Initiator=wso2.system.user Action=Get-User-Claim-Values Target=admin Data={"Claims":{},"Profile":"default"} Outcome=Success
TID: [-1234] [2023-06-14 12:09:55,901]  INFO {AUDIT_LOG} - Initiator=wso2.system.user Action=Get-User-Claim-Values Target=admin Data={"Claims":{},"Profile":"default"} Outcome=Success
TID: [-1234] [2023-06-14 12:09:55,902]  INFO {AUDIT_LOG} - Initiator=wso2.system.user Action=Get-User-Claim-Values Target=admin Data={"Claims":{},"Profile":"default"} Outcome=Success
TID: [-1234] [2023-06-14 12:09:55,903]  INFO {AUDIT_LOG} - Initiator=wso2.system.user Action=Get-User-Claim-Values Target=admin Data={"Claims":{},"Profile":"default"} Outcome=Success
TID: [-1234] [2023-06-14 12:22:56,325]  INFO {AUDIT_LOG} - Initiator=wso2.system.user Action=Get-User-Claim-Values Target=admin Data={"Claims":{},"Profile":"default"} Outcome=Success
TID: [-1234] [2023-06-14 12:22:56,332]  INFO {AUDIT_LOG} - Initiator=wso2.system.user Action=Get-User-Claim-Values Target=admin Data={"Claims":{},"Profile":"default"} Outcome=Success
TID: [-1234] [2023-06-14 12:22:56,333]  INFO {AUDIT_LOG} - Initiator=wso2.system.user Action=Get-User-Claim-Values Target=admin Data={"Claims":{},"Profile":"default"} Outcome=Success
TID: [-1234] [2023-06-14 12:22:58,195]  INFO {AUDIT_LOG} - Initiator : admin@carbon.super | Action : Add-Application | Target : 81c4f928-095e-4ec4-b9e1-61ffc0d771f9 | Data : { Changed-State : { Name:rest_api_import_export, Description:Service Provider for application rest_api_import_export, Resource ID:81c4f928-095e-4ec4-b9e1-61ffc0d771f9, Access URL:null, Is Discoverable:false, Is SaaS:true, , Service Provider Properties:[{useUserIdForDefaultSubject:true}, {isManagementApp:false}, {TokenType:DEFAULT}, {skipLogoutConsent:true}, {DisplayName:rest_api_import_export}, {skipConsent:true}, {jwksURI:}, {templateId:}, {orgId:carbon.super}] } } | Result : Success 
TID: [-1234] [2023-06-14 12:22:59,219]  INFO {AUDIT_LOG} - Initiator : admin@carbon.super | Action : Update-Application | Target : 81c4f928-095e-4ec4-b9e1-61ffc0d771f9 | Data : { Changed-State : { Name:rest_api_import_export, Description:Service Provider for application rest_api_import_export, Resource ID:81c4f928-095e-4ec4-b9e1-61ffc0d771f9, Access URL:null, Is Discoverable:false, Is SaaS:true, Inbound Authentication Configs:[{Auth Key:Kv2LY7oGJ0sMBhCZsxV85v0Yrkwa, Auth Type:oauth2, Config Type:null, Inbound configuration:null}], Local and Outbound Configuration:{Auth Type:default}, Claim Configuration:{User Claim URI:null, Role Claim URI:null}, Inbound Provisioning Configuration:{Provisioning Userstore:null, Is Dumb Mode:false}, Outbound Provisioning Configuration:{}, Service Provider Properties:[{isManagementApp:false}, {TokenType:DEFAULT}, {skipLogoutConsent:true}, {USE_DOMAIN_IN_ROLES:true}, {DisplayName:rest_api_import_export}, {skipConsent:true}, {jwksURI:}, {templateId:}, {orgId:carbon.super}] } } | Result : Success 
TID: [-1234] [2023-06-14 12:22:59,534]  INFO {AUDIT_LOG} - Initiator=wso2.system.user Action=Get-User-Claim-Values Target=admin Data={"Claims":{},"Profile":"default"} Outcome=Success
TID: [-1234] [2023-06-14 12:22:59,537]  INFO {AUDIT_LOG} - Initiator=wso2.system.user Action=Get-User-Claim-Values Target=admin Data={"Claims":{},"Profile":"default"} Outcome=Success
TID: [-1234] [2023-06-14 12:22:59,538]  INFO {AUDIT_LOG} - Initiator=wso2.system.user Action=Get-User-Claim-Values Target=admin Data={"Claims":{},"Profile":"default"} Outcome=Success
TID: [-1234] [2023-06-14 12:22:59,545]  INFO {AUDIT_LOG} - Initiator : admin@carbon.super | Action : Add-Application | Target : c2774c2b-12c1-44fd-82e1-8f8178b8453a | Data : { Changed-State : { Name:rest_api_devportal, Description:Service Provider for application rest_api_devportal, Resource ID:c2774c2b-12c1-44fd-82e1-8f8178b8453a, Access URL:null, Is Discoverable:false, Is SaaS:true, , Service Provider Properties:[{useUserIdForDefaultSubject:true}, {isManagementApp:false}, {TokenType:DEFAULT}, {skipLogoutConsent:true}, {DisplayName:rest_api_devportal}, {skipConsent:true}, {jwksURI:}, {templateId:}, {orgId:carbon.super}] } } | Result : Success 
TID: [-1234] [2023-06-14 12:22:59,579]  INFO {AUDIT_LOG} - Initiator : admin@carbon.super | Action : Update-Application | Target : c2774c2b-12c1-44fd-82e1-8f8178b8453a | Data : { Changed-State : { Name:rest_api_devportal, Description:Service Provider for application rest_api_devportal, Resource ID:c2774c2b-12c1-44fd-82e1-8f8178b8453a, Access URL:null, Is Discoverable:false, Is SaaS:true, Inbound Authentication Configs:[{Auth Key:mlof65kQo_RZ3ibbvILNAhudEwAa, Auth Type:oauth2, Config Type:null, Inbound configuration:null}], Local and Outbound Configuration:{Auth Type:default}, Claim Configuration:{User Claim URI:null, Role Claim URI:null}, Inbound Provisioning Configuration:{Provisioning Userstore:null, Is Dumb Mode:false}, Outbound Provisioning Configuration:{}, Service Provider Properties:[{isManagementApp:false}, {TokenType:DEFAULT}, {skipLogoutConsent:true}, {USE_DOMAIN_IN_ROLES:true}, {DisplayName:rest_api_devportal}, {skipConsent:true}, {jwksURI:}, {templateId:}, {orgId:carbon.super}] } } | Result : Success 
TID: [-1234] [2023-06-14 12:22:59,881]  INFO {AUDIT_LOG} - Initiator=wso2.system.user Action=Get-User-List Target=null Data={"Claim Value":"admin","Users":["admin"],"Claim":"http://wso2.org/claims/username"} Outcome=Success
TID: [-1234] [2023-06-14 12:22:59,889]  INFO {AUDIT_LOG} - Initiator=wso2.system.user Action=Get-User-Claim-Values Target=admin Data={"Claims":{},"Profile":"default"} Outcome=Success
TID: [-1234] [2023-06-14 12:22:59,891]  INFO {AUDIT_LOG} - Initiator=wso2.system.user Action=Get-User-Claim-Values Target=admin Data={"Claims":{},"Profile":"default"} Outcome=Success
TID: [-1234] [2023-06-14 12:22:59,892]  INFO {AUDIT_LOG} - Initiator=wso2.system.user Action=Get-User-Claim-Values Target=admin Data={"Claims":{},"Profile":"default"} Outcome=Success
TID: [-1234] [2023-06-14 12:23:00,083]  INFO {AUDIT_LOG} - Initiator : admin | Action : PostTokenIssue | Target : PasswordGrantAuditLogger | Data : { "AuthenticatedUser" : "admin","AuthenticatedUserStoreDomain" : "PRIMARY","AuthenticatedUserTenantDomain" : "carbon.super","ServiceProvider" : "rest_api_devportal","RequestType" : "oauth2","RelyingParty" : "mlof65kQo_RZ3ibbvILNAhudEwAa" } | Result : Success 
TID: [-1234] [2023-06-14 12:23:03,225]  INFO {AUDIT_LOG} - GET /api/am/publisher/search?query=name%3A%22SwaggerPetstore%22+version%3A%221.0.0%22+provider%3A%22admin%22 user: admin@carbon.super app: mlof65kQo_RZ3ibbvILNAhudEwAa
TID: [-1234] [2023-06-14 12:23:07,593]  INFO {AUDIT_LOG} - GET /api/am/publisher/search?query=name%3A%22SwaggerPetstore%22+version%3A%221.0.0%22+provider%3A%22admin%22+type%3A%22APIProduct%22 user: admin@carbon.super app: mlof65kQo_RZ3ibbvILNAhudEwAa
TID: [-1234] [2023-06-14 12:26:44,466]  INFO {AUDIT_LOG} - Initiator=wso2.system.user Action=Get-User-List Target=null Data={"Claim Value":"admin","Users":["admin"],"Claim":"http://wso2.org/claims/username"} Outcome=Success
TID: [-1234] [2023-06-14 12:26:44,475]  INFO {AUDIT_LOG} - Initiator=wso2.system.user Action=Get-User-Claim-Values Target=admin Data={"Claims":{},"Profile":"default"} Outcome=Success
TID: [-1234] [2023-06-14 12:26:44,478]  INFO {AUDIT_LOG} - Initiator=wso2.system.user Action=Get-User-Claim-Values Target=admin Data={"Claims":{},"Profile":"default"} Outcome=Success
TID: [-1234] [2023-06-14 12:26:44,479]  INFO {AUDIT_LOG} - Initiator=wso2.system.user Action=Get-User-Claim-Values Target=admin Data={"Claims":{},"Profile":"default"} Outcome=Success
TID: [-1234] [2023-06-14 12:26:44,482]  INFO {AUDIT_LOG} - Initiator=wso2.system.user Action=Get-Roles-of-User Target=admin Data={"Filter":"*","Roles":["Internal/subscriber","Internal/creator","Internal/publisher","Internal/everyone","Internal/devops","admin","Internal/analytics","Internal/observer","Internal/integration_dev"]} Outcome=Success
TID: [-1234] [2023-06-14 12:26:44,489]  INFO {AUDIT_LOG} - Initiator : admin | Action : PostTokenIssue | Target : PasswordGrantAuditLogger | Data : { "AuthenticatedUser" : "admin","AuthenticatedUserStoreDomain" : "PRIMARY","AuthenticatedUserTenantDomain" : "carbon.super","ServiceProvider" : "rest_api_import_export","RequestType" : "oauth2","RelyingParty" : "Kv2LY7oGJ0sMBhCZsxV85v0Yrkwa" } | Result : Success 
TID: [-1234] [2023-06-14 12:26:45,544]  INFO {AUDIT_LOG} - POST /api/am/publisher/apis/import?preserveProvider=true&rotateRevision=false user: admin@carbon.super app: Kv2LY7oGJ0sMBhCZsxV85v0Yrkwa
TID: [] [2023-06-14 12:26:46,874]  INFO {AUDIT_LOG} - Initiator=wso2.system.user Action=Get-User-Claim-Values Target=admin Data={"Claims":{},"Profile":"default"} Outcome=Success
TID: [] [2023-06-14 12:26:46,876]  INFO {AUDIT_LOG} - Initiator=wso2.system.user Action=Get-User-Claim-Values Target=admin Data={"Claims":{},"Profile":"default"} Outcome=Success
TID: [] [2023-06-14 12:26:46,877]  INFO {AUDIT_LOG} - Initiator=wso2.system.user Action=Get-User-Claim-Values Target=admin Data={"Claims":{},"Profile":"default"} Outcome=Success
TID: [-1234] [2023-06-14 12:26:46,939]  INFO {AUDIT_LOG} - {"performedBy":"admin","action":"created","typ":"API","info":{"provider":"admin","name":"SwaggerPetstore","context":"/SwaggerPetstore/1.0.0","version":"1.0.0"}}
TID: [] [2023-06-14 12:26:47,519]  INFO {AUDIT_LOG} - Initiator=wso2.system.user Action=Get-User-Claim-Values Target=admin Data={"Claims":{},"Profile":"default"} Outcome=Success
TID: [] [2023-06-14 12:26:47,521]  INFO {AUDIT_LOG} - Initiator=wso2.system.user Action=Get-User-Claim-Values Target=admin Data={"Claims":{},"Profile":"default"} Outcome=Success
TID: [] [2023-06-14 12:26:47,521]  INFO {AUDIT_LOG} - Initiator=wso2.system.user Action=Get-User-Claim-Values Target=admin Data={"Claims":{},"Profile":"default"} Outcome=Success
TID: [-1234] [2023-06-14 12:26:48,007]  INFO {AUDIT_LOG} - Initiator=wso2.system.user Action=Get-User-List Target=null Data={"Claim Value":"admin","Users":["admin"],"Claim":"http://wso2.org/claims/username"} Outcome=Success
TID: [-1234] [2023-06-14 12:26:48,014]  INFO {AUDIT_LOG} - Initiator=wso2.system.user Action=Get-User-Claim-Values Target=admin Data={"Claims":{},"Profile":"default"} Outcome=Success
TID: [-1234] [2023-06-14 12:26:48,016]  INFO {AUDIT_LOG} - Initiator=wso2.system.user Action=Get-User-Claim-Values Target=admin Data={"Claims":{},"Profile":"default"} Outcome=Success
TID: [-1234] [2023-06-14 12:26:48,017]  INFO {AUDIT_LOG} - Initiator=wso2.system.user Action=Get-User-Claim-Values Target=admin Data={"Claims":{},"Profile":"default"} Outcome=Success
TID: [-1234] [2023-06-14 12:26:48,803]  INFO {AUDIT_LOG} - Initiator=wso2.system.user Action=Get-User-List Target=null Data={"Claim Value":"admin","Users":["admin"],"Claim":"http://wso2.org/claims/username"} Outcome=Success
TID: [-1234] [2023-06-14 12:26:48,809]  INFO {AUDIT_LOG} - Initiator=wso2.system.user Action=Get-User-Claim-Values Target=admin Data={"Claims":{},"Profile":"default"} Outcome=Success
TID: [-1234] [2023-06-14 12:26:48,811]  INFO {AUDIT_LOG} - Initiator=wso2.system.user Action=Get-User-Claim-Values Target=admin Data={"Claims":{},"Profile":"default"} Outcome=Success
TID: [-1234] [2023-06-14 12:26:48,811]  INFO {AUDIT_LOG} - Initiator=wso2.system.user Action=Get-User-Claim-Values Target=admin Data={"Claims":{},"Profile":"default"} Outcome=Success
TID: [-1234] [2023-06-14 12:26:50,844]  INFO {AUDIT_LOG} - Initiator=wso2.system.user Action=Get-User-List Target=null Data={"Claim Value":"admin","Users":["admin"],"Claim":"http://wso2.org/claims/username"} Outcome=Success
TID: [-1234] [2023-06-14 12:26:50,848]  INFO {AUDIT_LOG} - Initiator=wso2.system.user Action=Get-User-Claim-Values Target=admin Data={"Claims":{},"Profile":"default"} Outcome=Success
TID: [-1234] [2023-06-14 12:26:50,851]  INFO {AUDIT_LOG} - Initiator=wso2.system.user Action=Get-User-Claim-Values Target=admin Data={"Claims":{},"Profile":"default"} Outcome=Success
TID: [-1234] [2023-06-14 12:26:50,853]  INFO {AUDIT_LOG} - Initiator=wso2.system.user Action=Get-User-Claim-Values Target=admin Data={"Claims":{},"Profile":"default"} Outcome=Success
TID: [-1234] [2023-06-14 12:26:50,863]  INFO {AUDIT_LOG} - Initiator=wso2.system.user Action=Get-User-List Target=null Data={"Claim Value":"admin","Users":["admin"],"Claim":"http://wso2.org/claims/username"} Outcome=Success
TID: [-1234] [2023-06-14 12:26:50,873]  INFO {AUDIT_LOG} - Initiator=wso2.system.user Action=Get-User-Claim-Values Target=admin Data={"Claims":{},"Profile":"default"} Outcome=Success
TID: [-1234] [2023-06-14 12:26:50,874]  INFO {AUDIT_LOG} - Initiator=wso2.system.user Action=Get-User-Claim-Values Target=admin Data={"Claims":{},"Profile":"default"} Outcome=Success
TID: [-1234] [2023-06-14 12:26:50,875]  INFO {AUDIT_LOG} - Initiator=wso2.system.user Action=Get-User-Claim-Values Target=admin Data={"Claims":{},"Profile":"default"} Outcome=Success
TID: [-1234] [2023-06-14 12:26:51,243]  INFO {AUDIT_LOG} - {"performedBy":"admin","action":"updated","typ":"API","info":{"provider":"admin","name":"SwaggerPetstore","context":"/SwaggerPetstore/1.0.0","version":"1.0.0"}}
TID: [-1234] [2023-06-14 12:33:57,761]  INFO {AUDIT_LOG} - Initiator=wso2.system.user Action=Get-User-List Target=null Data={"Claim Value":"admin","Users":["admin"],"Claim":"http://wso2.org/claims/username"} Outcome=Success
TID: [-1234] [2023-06-14 12:33:58,000]  INFO {AUDIT_LOG} - Initiator=wso2.system.user Action=Get-User-Claim-Values Target=admin Data={"Claims":{},"Profile":"default"} Outcome=Success
TID: [-1234] [2023-06-14 12:33:58,003]  INFO {AUDIT_LOG} - Initiator=wso2.system.user Action=Get-User-Claim-Values Target=admin Data={"Claims":{},"Profile":"default"} Outcome=Success
TID: [-1234] [2023-06-14 12:33:58,003]  INFO {AUDIT_LOG} - Initiator=wso2.system.user Action=Get-User-Claim-Values Target=admin Data={"Claims":{},"Profile":"default"} Outcome=Success
TID: [-1234] [2023-06-14 12:33:58,009]  INFO {AUDIT_LOG} - Initiator : admin | Action : PostTokenIssue | Target : PasswordGrantAuditLogger | Data : { "AuthenticatedUser" : "admin","AuthenticatedUserStoreDomain" : "PRIMARY","AuthenticatedUserTenantDomain" : "carbon.super","ServiceProvider" : "rest_api_import_export","RequestType" : "oauth2","RelyingParty" : "Kv2LY7oGJ0sMBhCZsxV85v0Yrkwa" } | Result : Success 
TID: [-1234] [2023-06-14 12:33:58,305]  INFO {AUDIT_LOG} - POST /api/am/publisher/apis/import?preserveProvider=true&rotateRevision=false user: admin@carbon.super app: Kv2LY7oGJ0sMBhCZsxV85v0Yrkwa
TID: [-1234] [2023-06-14 12:35:29,161]  INFO {AUDIT_LOG} - Initiator=wso2.system.user Action=Get-User-List Target=null Data={"ServiceProviderName":"apim_publisher","Claim Value":"admin","Users":["admin"],"Claim":"http://wso2.org/claims/username"} Outcome=Success
TID: [-1234] [2023-06-14 12:35:29,167]  INFO {AUDIT_LOG} - Initiator=wso2.system.user Action=Get-User-Claim-Values Target=admin Data={"ServiceProviderName":"apim_publisher","Claims":{},"Profile":"default"} Outcome=Success
TID: [-1234] [2023-06-14 12:35:29,168]  INFO {AUDIT_LOG} - Initiator=wso2.system.user Action=Get-User-Claim-Values Target=admin Data={"ServiceProviderName":"apim_publisher","Claims":{},"Profile":"default"} Outcome=Success
TID: [-1234] [2023-06-14 12:35:29,168]  INFO {AUDIT_LOG} - Initiator=wso2.system.user Action=Get-User-Claim-Values Target=admin Data={"ServiceProviderName":"apim_publisher","Claims":{},"Profile":"default"} Outcome=Success
TID: [-1234] [2023-06-14 12:35:29,173]  INFO {AUDIT_LOG} - Initiator : admin | Action : LoginStepSuccess | Target : ApplicationAuthenticationFramework | Data : { "ContextIdentifier" : "1b97e0c8-a99f-435e-aa92-df31d1a0ecb4","AuthenticatedUser" : "admin","AuthenticatedUserTenantDomain" : "carbon.super","ServiceProviderName" : "apim_publisher","RequestType" : "oidc","RelyingParty" : "txiX92C5lqCp5l9dsSSrmo9Dr6Ma","AuthenticatedIdP" : "LOCAL","User Agent" : "null","RemoteAddress" : "null","UserStoreDomain" : "PRIMARY" } | Result : Success 
TID: [-1234] [2023-06-14 12:35:29,197]  INFO {AUDIT_LOG} - Initiator : admin@carbon.super | Action : Authenticate | Target : ApplicationAuthenticationFramework | Data : { Step: 1, IDP: LOCAL, Authenticator:BasicAuthenticator } | Result : Success 
TID: [-1234] [2023-06-14 12:35:29,208]  INFO {AUDIT_LOG} - Initiator=wso2.system.user Action=Get-User-Claim-Values Target=admin Data={"ServiceProviderName":"apim_publisher","Claims":{"http://wso2.org/claims/username":"admin","http://wso2.org/claims/userid":"419d3f27-ed71-4348-be1c-824ababa77e2","http://wso2.org/claims/role":"Internal/subscriber,Internal/creator,Internal/publisher,Internal/everyone,Internal/devops,admin,Internal/analytics,Internal/observer,Internal/integration_dev","http://wso2.org/claims/userprincipal":"admin"}} Outcome=Success
TID: [-1234] [2023-06-14 12:35:29,435]  INFO {AUDIT_LOG} - Initiator : admin | Action : StoreSession | Data : { {"traceId":"edb70cef-497c-4604-88a9-a1c1c6d032de","RememberMe":false,"sessionContextId":"95e6838432aae6defc67e625b1c158dfeff98dec32c8f12933df9edc1b4a6de7","AuthenticatedUserTenantDomain":"carbon.super","AuthenticatedUser":"admin","LastAccessedTimestamp":1686735329277} } | Result : Success 
TID: [-1234] [2023-06-14 12:35:29,517]  INFO {AUDIT_LOG} - Initiator : admin | Action : Login | Target : ApplicationAuthenticationFramework | Data : { "ContextIdentifier" : "1b97e0c8-a99f-435e-aa92-df31d1a0ecb4","AuthenticatedUser" : "admin","AuthenticatedUserTenantDomain" : "carbon.super","ServiceProviderName" : "apim_publisher","RequestType" : "oidc","RelyingParty" : "txiX92C5lqCp5l9dsSSrmo9Dr6Ma","AuthenticatedIdPs" : "eyJ0eXAiOiJKV1QiLCJhbGciOiJIUzI1NiJ9.eyJpc3MiOiJ3c28yIiwiZXhwIjoxNjg2NzM1MzMyMTk4LCJpYXQiOjE2ODY3MzUzMjkxOTgsImlkcHMiOlt7ImlkcCI6IkxPQ0FMIiwiYXV0aGVudGljYXRvciI6IkJhc2ljQXV0aGVudGljYXRvciJ9XX0.hsdUoKYVgL8BUoMteOO2RfDKXxnSsy8HacpS_OAgd8U","User Agent" : "null","RemoteAddress" : "null","UserStoreDomain" : "PRIMARY" } | Result : Success 
TID: [-1234] [2023-06-14 12:35:30,405]  INFO {AUDIT_LOG} - Initiator=wso2.system.user Action=Get-User-List Target=null Data={"Claim Value":"admin","Users":["admin"],"Claim":"http://wso2.org/claims/username"} Outcome=Success
TID: [-1234] [2023-06-14 12:35:30,423]  INFO {AUDIT_LOG} - Initiator=wso2.system.user Action=Get-User-Claim-Values Target=admin Data={"Claims":{},"Profile":"default"} Outcome=Success
TID: [-1234] [2023-06-14 12:35:30,425]  INFO {AUDIT_LOG} - Initiator=wso2.system.user Action=Get-User-Claim-Values Target=admin Data={"Claims":{},"Profile":"default"} Outcome=Success
TID: [-1234] [2023-06-14 12:35:30,426]  INFO {AUDIT_LOG} - Initiator=wso2.system.user Action=Get-User-Claim-Values Target=admin Data={"Claims":{},"Profile":"default"} Outcome=Success
TID: [-1234] [2023-06-14 12:35:36,956]  INFO {AUDIT_LOG} - Initiator=wso2.system.user Action=Get-User-Claim-Values Target=admin Data={"ServiceProviderName":"apim_devportal","Claims":{"http://wso2.org/claims/username":"admin","http://wso2.org/claims/userid":"419d3f27-ed71-4348-be1c-824ababa77e2","http://wso2.org/claims/role":"Internal/subscriber,Internal/creator,Internal/publisher,Internal/everyone,Internal/devops,admin,Internal/analytics,Internal/observer,Internal/integration_dev","http://wso2.org/claims/userprincipal":"admin"}} Outcome=Success
TID: [-1234] [2023-06-14 12:35:36,970]  INFO {AUDIT_LOG} - Initiator : admin | Action : UpdateSession | Data : { {"traceId":"6eef210e-6c19-4365-b80f-dd7381ecf97b","RememberMe":false,"sessionContextId":"95e6838432aae6defc67e625b1c158dfeff98dec32c8f12933df9edc1b4a6de7","AuthenticatedUserTenantDomain":"carbon.super","AuthenticatedUser":"admin","LastAccessedTimestamp":1686735336963} } | Result : Success 
TID: [-1234] [2023-06-14 12:35:36,973]  INFO {AUDIT_LOG} - Initiator : admin | Action : Login | Target : ApplicationAuthenticationFramework | Data : { "ContextIdentifier" : "b4ce15f1-db51-4454-b2e4-59b41a9e4fc9","AuthenticatedUser" : "admin","AuthenticatedUserTenantDomain" : "carbon.super","ServiceProviderName" : "apim_devportal","RequestType" : "oidc","RelyingParty" : "PWfgQzPGHoxzOjpmoCalMGNtF2Ia","AuthenticatedIdPs" : "eyJ0eXAiOiJKV1QiLCJhbGciOiJIUzI1NiJ9.eyJpc3MiOiJ3c28yIiwiZXhwIjoxNjg2NzM1MzM5OTUwLCJpYXQiOjE2ODY3MzUzMzY5NTAsImlkcHMiOlt7ImlkcCI6IkxPQ0FMIiwiYXV0aGVudGljYXRvciI6IkJhc2ljQXV0aGVudGljYXRvciJ9XX0.DN0HJR411pAqNBqTfm8ESVikIQ_gig5nvKSNfmd2mP0","User Agent" : "null","RemoteAddress" : "null","UserStoreDomain" : "PRIMARY" } | Result : Success 
TID: [-1234] [2023-06-14 12:35:38,129]  INFO {AUDIT_LOG} - Initiator=wso2.system.user Action=Get-User-List Target=null Data={"Claim Value":"admin","Users":["admin"],"Claim":"http://wso2.org/claims/username"} Outcome=Success
TID: [-1234] [2023-06-14 12:35:38,137]  INFO {AUDIT_LOG} - Initiator=wso2.system.user Action=Get-User-Claim-Values Target=admin Data={"Claims":{},"Profile":"default"} Outcome=Success
TID: [-1234] [2023-06-14 12:35:38,139]  INFO {AUDIT_LOG} - Initiator=wso2.system.user Action=Get-User-Claim-Values Target=admin Data={"Claims":{},"Profile":"default"} Outcome=Success
TID: [-1234] [2023-06-14 12:35:38,142]  INFO {AUDIT_LOG} - Initiator=wso2.system.user Action=Get-User-Claim-Values Target=admin Data={"Claims":{},"Profile":"default"} Outcome=Success
TID: [-1234] [2023-06-14 12:35:39,202]  INFO {AUDIT_LOG} - GET /api/am/devportal/settings user: admin@carbon.super app: PWfgQzPGHoxzOjpmoCalMGNtF2Ia
TID: [-1234] [2023-06-14 12:35:39,254]  INFO {AUDIT_LOG} - GET /api/am/devportal/apis?limit=10&offset=0 user: admin@carbon.super app: PWfgQzPGHoxzOjpmoCalMGNtF2Ia
TID: [-1234] [2023-06-14 12:35:39,490]  INFO {AUDIT_LOG} - GET /api/am/devportal/api-categories user: admin@carbon.super app: PWfgQzPGHoxzOjpmoCalMGNtF2Ia
TID: [-1234] [2023-06-14 12:35:39,548]  INFO {AUDIT_LOG} - GET /api/am/devportal/apis/746c7962-0923-4c21-be0e-a84d3748b57b/ratings user: admin@carbon.super app: PWfgQzPGHoxzOjpmoCalMGNtF2Ia
TID: [-1234] [2023-06-14 12:35:39,550]  INFO {AUDIT_LOG} - GET /api/am/devportal/apis/746c7962-0923-4c21-be0e-a84d3748b57b/thumbnail user: admin@carbon.super app: PWfgQzPGHoxzOjpmoCalMGNtF2Ia
TID: [-1234] [2023-06-14 12:35:39,569]  INFO {AUDIT_LOG} - GET /api/am/devportal/apis/bd412728-6963-4947-ba67-61fa1e164022/ratings user: admin@carbon.super app: PWfgQzPGHoxzOjpmoCalMGNtF2Ia
TID: [-1234] [2023-06-14 12:35:39,570]  INFO {AUDIT_LOG} - GET /api/am/devportal/apis/bd412728-6963-4947-ba67-61fa1e164022/thumbnail user: admin@carbon.super app: PWfgQzPGHoxzOjpmoCalMGNtF2Ia
TID: [-1234] [2023-06-14 12:35:39,625]  INFO {AUDIT_LOG} - GET /api/am/devportal/apis/b708e07c-f833-4577-9072-b66243c058b3/ratings user: admin@carbon.super app: PWfgQzPGHoxzOjpmoCalMGNtF2Ia
TID: [-1234] [2023-06-14 12:35:39,776]  INFO {AUDIT_LOG} - GET /api/am/devportal/tags user: admin@carbon.super app: PWfgQzPGHoxzOjpmoCalMGNtF2Ia
TID: [-1234] [2023-06-14 12:35:39,801]  INFO {AUDIT_LOG} - GET /api/am/devportal/apis/b708e07c-f833-4577-9072-b66243c058b3/thumbnail user: admin@carbon.super app: PWfgQzPGHoxzOjpmoCalMGNtF2Ia
TID: [-1234] [2023-06-14 12:35:39,991]  INFO {AUDIT_LOG} - GET /api/am/devportal/apis/8485612f-b238-4e6d-9c05-e116e15f9121/thumbnail user: admin@carbon.super app: PWfgQzPGHoxzOjpmoCalMGNtF2Ia
TID: [-1234] [2023-06-14 12:35:39,998]  INFO {AUDIT_LOG} - GET /api/am/devportal/apis/8485612f-b238-4e6d-9c05-e116e15f9121/ratings user: admin@carbon.super app: PWfgQzPGHoxzOjpmoCalMGNtF2Ia
TID: [-1234] [2023-06-14 12:35:43,304]  INFO {AUDIT_LOG} - Initiator=wso2.system.user Action=Get-User-Claim-Values Target=admin Data={"Claims":{},"Profile":"default"} Outcome=Success
TID: [-1234] [2023-06-14 12:35:43,319]  INFO {AUDIT_LOG} - Initiator=wso2.system.user Action=Get-User-Claim-Values Target=admin Data={"ServiceProviderName":"apim_publisher","Claims":{"http://wso2.org/claims/username":"admin","http://wso2.org/claims/userid":"419d3f27-ed71-4348-be1c-824ababa77e2","http://wso2.org/claims/role":"Internal/subscriber,Internal/creator,Internal/publisher,Internal/everyone,Internal/devops,admin,Internal/analytics,Internal/observer,Internal/integration_dev","http://wso2.org/claims/userprincipal":"admin"}} Outcome=Success
TID: [-1234] [2023-06-14 12:35:43,327]  INFO {AUDIT_LOG} - Initiator : admin | Action : UpdateSession | Data : { {"traceId":"50f767fe-9025-490e-8d8a-c63cc1141aec","RememberMe":false,"sessionContextId":"95e6838432aae6defc67e625b1c158dfeff98dec32c8f12933df9edc1b4a6de7","AuthenticatedUserTenantDomain":"carbon.super","AuthenticatedUser":"admin","LastAccessedTimestamp":1686735343323} } | Result : Success 
TID: [-1234] [2023-06-14 12:35:43,336]  INFO {AUDIT_LOG} - Initiator : admin | Action : Login | Target : ApplicationAuthenticationFramework | Data : { "ContextIdentifier" : "2664d118-3b0f-4f0a-a6ae-8864e426e4d8","AuthenticatedUser" : "admin","AuthenticatedUserTenantDomain" : "carbon.super","ServiceProviderName" : "apim_publisher","RequestType" : "oidc","RelyingParty" : "txiX92C5lqCp5l9dsSSrmo9Dr6Ma","AuthenticatedIdPs" : "eyJ0eXAiOiJKV1QiLCJhbGciOiJIUzI1NiJ9.eyJpc3MiOiJ3c28yIiwiZXhwIjoxNjg2NzM1MzQ2MzA2LCJpYXQiOjE2ODY3MzUzNDMzMDYsImlkcHMiOlt7ImlkcCI6IkxPQ0FMIiwiYXV0aGVudGljYXRvciI6IkJhc2ljQXV0aGVudGljYXRvciJ9XX0.ocbn-MFy-5kbW0xMjdF2y24xtm272DnrVzbEBUWDD6E","User Agent" : "null","RemoteAddress" : "null","UserStoreDomain" : "PRIMARY" } | Result : Success 
TID: [-1234] [2023-06-14 12:35:46,370]  INFO {AUDIT_LOG} - GET /api/am/publisher/settings user: admin@carbon.super app: txiX92C5lqCp5l9dsSSrmo9Dr6Ma
TID: [-1234] [2023-06-14 12:35:46,374]  INFO {AUDIT_LOG} - GET /api/am/publisher/tenants?state=active user: admin@carbon.super app: txiX92C5lqCp5l9dsSSrmo9Dr6Ma
TID: [-1234] [2023-06-14 12:35:46,385]  INFO {AUDIT_LOG} - GET /api/am/publisher/apis/bd412728-6963-4947-ba67-61fa1e164022 user: admin@carbon.super app: txiX92C5lqCp5l9dsSSrmo9Dr6Ma
TID: [-1234] [2023-06-14 12:35:47,153]  INFO {AUDIT_LOG} - GET /api/am/publisher/apis/bd412728-6963-4947-ba67-61fa1e164022/revisions?query=deployed%3Atrue user: admin@carbon.super app: txiX92C5lqCp5l9dsSSrmo9Dr6Ma
TID: [-1234] [2023-06-14 12:35:47,155]  INFO {AUDIT_LOG} - GET /api/am/publisher/apis/bd412728-6963-4947-ba67-61fa1e164022/revisions user: admin@carbon.super app: txiX92C5lqCp5l9dsSSrmo9Dr6Ma
TID: [-1234] [2023-06-14 12:35:47,580]  INFO {AUDIT_LOG} - GET /api/am/publisher/apis/bd412728-6963-4947-ba67-61fa1e164022/swagger user: admin@carbon.super app: txiX92C5lqCp5l9dsSSrmo9Dr6Ma
TID: [-1234] [2023-06-14 12:35:47,588]  INFO {AUDIT_LOG} - GET /api/am/publisher/endpoint-certificates?endpoint=http%3A%2F%2Frun.mocky.io%2Fv2%2F5185415ba171ea3a00704eed user: admin@carbon.super app: txiX92C5lqCp5l9dsSSrmo9Dr6Ma
TID: [-1234] [2023-06-14 12:35:47,874]  INFO {AUDIT_LOG} - GET /api/am/publisher/apis/bd412728-6963-4947-ba67-61fa1e164022/swagger user: admin@carbon.super app: txiX92C5lqCp5l9dsSSrmo9Dr6Ma
TID: [-1234] [2023-06-14 12:35:47,884]  INFO {AUDIT_LOG} - GET /api/am/publisher/endpoint-certificates?endpoint=http%3A%2F%2Frun.mocky.io%2Fv2%2F5185415ba171ea3a00704eed user: admin@carbon.super app: txiX92C5lqCp5l9dsSSrmo9Dr6Ma
TID: [-1234] [2023-06-14 12:35:48,118]  INFO {AUDIT_LOG} - GET /api/am/publisher/endpoint-certificates?endpoint=http%3A%2F%2Frun.mocky.io%2Fv2%2F5185415ba171ea3a00704eed user: admin@carbon.super app: txiX92C5lqCp5l9dsSSrmo9Dr6Ma
TID: [-1234] [2023-06-14 12:35:48,143]  INFO {AUDIT_LOG} - GET /api/am/publisher/apis/bd412728-6963-4947-ba67-61fa1e164022/swagger user: admin@carbon.super app: txiX92C5lqCp5l9dsSSrmo9Dr6Ma
TID: [-1234] [2023-06-14 12:35:54,495]  INFO {AUDIT_LOG} - GET /api/am/publisher/apis?limit=10&offset=0 user: admin@carbon.super app: txiX92C5lqCp5l9dsSSrmo9Dr6Ma
TID: [-1234] [2023-06-14 12:36:34,165]  INFO {AUDIT_LOG} - Initiator=wso2.system.user Action=Get-User-Claim-Values Target=admin Data={"Claims":{},"Profile":"default"} Outcome=Success
TID: [-1234] [2023-06-14 12:36:34,166]  INFO {AUDIT_LOG} - Initiator=wso2.system.user Action=Get-User-Claim-Values Target=admin Data={"Claims":{},"Profile":"default"} Outcome=Success
TID: [-1234] [2023-06-14 12:36:34,167]  INFO {AUDIT_LOG} - Initiator=wso2.system.user Action=Get-User-Claim-Values Target=admin Data={"Claims":{},"Profile":"default"} Outcome=Success
TID: [-1234] [2023-06-14 12:36:34,203]  INFO {AUDIT_LOG} - Initiator=wso2.system.user Action=Get-User-List Target=null Data={"Claim Value":"admin","Users":["admin"],"Claim":"http://wso2.org/claims/username"} Outcome=Success
TID: [-1234] [2023-06-14 12:36:34,209]  INFO {AUDIT_LOG} - Initiator=wso2.system.user Action=Get-User-Claim-Values Target=admin Data={"Claims":{},"Profile":"default"} Outcome=Success
TID: [-1234] [2023-06-14 12:36:34,211]  INFO {AUDIT_LOG} - Initiator=wso2.system.user Action=Get-User-Claim-Values Target=admin Data={"Claims":{},"Profile":"default"} Outcome=Success
TID: [-1234] [2023-06-14 12:36:34,212]  INFO {AUDIT_LOG} - Initiator=wso2.system.user Action=Get-User-Claim-Values Target=admin Data={"Claims":{},"Profile":"default"} Outcome=Success
TID: [-1234] [2023-06-14 12:36:34,216]  INFO {AUDIT_LOG} - Initiator : admin | Action : PostTokenIssue | Target : PasswordGrantAuditLogger | Data : { "AuthenticatedUser" : "admin","AuthenticatedUserStoreDomain" : "PRIMARY","AuthenticatedUserTenantDomain" : "carbon.super","ServiceProvider" : "rest_api_devportal","RequestType" : "oauth2","RelyingParty" : "mlof65kQo_RZ3ibbvILNAhudEwAa" } | Result : Success 
TID: [-1234] [2023-06-14 12:36:34,234]  INFO {AUDIT_LOG} - GET /api/am/publisher/search?query=name%3A%22SwaggerPetstore%22+version%3A%221.0.0%22+provider%3A%22admin%22 user: admin@carbon.super app: mlof65kQo_RZ3ibbvILNAhudEwAa
TID: [-1234] [2023-06-14 12:36:34,292]  INFO {AUDIT_LOG} - GET /api/am/publisher/apis/c0366ba1-d258-4c56-be76-015bf4f7e6aa user: admin@carbon.super app: mlof65kQo_RZ3ibbvILNAhudEwAa
TID: [-1234] [2023-06-14 12:36:34,427]  INFO {AUDIT_LOG} - GET /api/am/devportal/throttling-policies/application user: admin@carbon.super app: mlof65kQo_RZ3ibbvILNAhudEwAa
TID: [-1234] [2023-06-14 12:36:34,568]  INFO {AUDIT_LOG} - GET /api/am/devportal/applications?query=default-apictl-app user: admin@carbon.super app: mlof65kQo_RZ3ibbvILNAhudEwAa
TID: [-1234] [2023-06-14 12:36:35,163]  INFO {AUDIT_LOG} - POST /api/am/devportal/applications user: admin@carbon.super app: mlof65kQo_RZ3ibbvILNAhudEwAa
TID: [-1234] [2023-06-14 12:36:35,435]  INFO {AUDIT_LOG} - {"performedBy":"admin","action":"created","typ":"Application","info":{"owner":"admin","tier":"10PerMin","name":"default-apictl-app","groups":null,"callbackURL":null}}
TID: [] [2023-06-14 12:36:35,583]  INFO {AUDIT_LOG} - Initiator=wso2.system.user Action=Get-User-Claim-Values Target=admin Data={"Claims":{},"Profile":"default"} Outcome=Success
TID: [-1234] [2023-06-14 12:36:35,585]  INFO {AUDIT_LOG} - GET /api/am/publisher/search?query=name%3A%22SwaggerPetstore%22+version%3A%221.0.0%22+provider%3A%22admin%22 user: admin@carbon.super app: mlof65kQo_RZ3ibbvILNAhudEwAa
TID: [] [2023-06-14 12:36:35,585]  INFO {AUDIT_LOG} - Initiator=wso2.system.user Action=Get-User-Claim-Values Target=admin Data={"Claims":{},"Profile":"default"} Outcome=Success
TID: [] [2023-06-14 12:36:35,585]  INFO {AUDIT_LOG} - Initiator=wso2.system.user Action=Get-User-Claim-Values Target=admin Data={"Claims":{},"Profile":"default"} Outcome=Success
TID: [-1234] [2023-06-14 12:36:35,627]  INFO {AUDIT_LOG} - GET /api/am/devportal/subscriptions?apiId=c0366ba1-d258-4c56-be76-015bf4f7e6aa user: admin@carbon.super app: mlof65kQo_RZ3ibbvILNAhudEwAa
TID: [-1234] [2023-06-14 12:36:35,802]  INFO {AUDIT_LOG} - POST /api/am/devportal/subscriptions user: admin@carbon.super app: mlof65kQo_RZ3ibbvILNAhudEwAa
TID: [-1234] [2023-06-14 12:37:07,228]  INFO {AUDIT_LOG} - Initiator=wso2.system.user Action=Get-User-Claim-Values Target=admin Data={"Claims":{},"Profile":"default"} Outcome=Success
TID: [-1234] [2023-06-14 12:37:07,230]  INFO {AUDIT_LOG} - Initiator=wso2.system.user Action=Get-User-Claim-Values Target=admin Data={"Claims":{},"Profile":"default"} Outcome=Success
TID: [-1234] [2023-06-14 12:37:07,231]  INFO {AUDIT_LOG} - Initiator=wso2.system.user Action=Get-User-Claim-Values Target=admin Data={"Claims":{},"Profile":"default"} Outcome=Success
TID: [-1234] [2023-06-14 12:37:07,260]  INFO {AUDIT_LOG} - Initiator=wso2.system.user Action=Get-User-List Target=null Data={"Claim Value":"admin","Users":["admin"],"Claim":"http://wso2.org/claims/username"} Outcome=Success
TID: [-1234] [2023-06-14 12:37:07,263]  INFO {AUDIT_LOG} - Initiator=wso2.system.user Action=Get-User-Claim-Values Target=admin Data={"Claims":{},"Profile":"default"} Outcome=Success
TID: [-1234] [2023-06-14 12:37:07,264]  INFO {AUDIT_LOG} - Initiator=wso2.system.user Action=Get-User-Claim-Values Target=admin Data={"Claims":{},"Profile":"default"} Outcome=Success
TID: [-1234] [2023-06-14 12:37:07,265]  INFO {AUDIT_LOG} - Initiator=wso2.system.user Action=Get-User-Claim-Values Target=admin Data={"Claims":{},"Profile":"default"} Outcome=Success
TID: [-1234] [2023-06-14 12:37:07,267]  INFO {AUDIT_LOG} - Initiator : admin | Action : PostTokenIssue | Target : PasswordGrantAuditLogger | Data : { "AuthenticatedUser" : "admin","AuthenticatedUserStoreDomain" : "PRIMARY","AuthenticatedUserTenantDomain" : "carbon.super","ServiceProvider" : "rest_api_devportal","RequestType" : "oauth2","RelyingParty" : "mlof65kQo_RZ3ibbvILNAhudEwAa" } | Result : Success 
TID: [-1234] [2023-06-14 12:37:07,281]  INFO {AUDIT_LOG} - GET /api/am/publisher/search?query=name%3A%22SwaggerPetstore%22+version%3A%221.0.0%22+provider%3A%22admin%22 user: admin@carbon.super app: mlof65kQo_RZ3ibbvILNAhudEwAa
TID: [-1234] [2023-06-14 12:37:07,340]  INFO {AUDIT_LOG} - GET /api/am/publisher/apis/c0366ba1-d258-4c56-be76-015bf4f7e6aa user: admin@carbon.super app: mlof65kQo_RZ3ibbvILNAhudEwAa
TID: [-1234] [2023-06-14 12:37:07,508]  INFO {AUDIT_LOG} - GET /api/am/devportal/throttling-policies/application user: admin@carbon.super app: mlof65kQo_RZ3ibbvILNAhudEwAa
TID: [-1234] [2023-06-14 12:37:07,535]  INFO {AUDIT_LOG} - GET /api/am/devportal/applications?query=default-apictl-app user: admin@carbon.super app: mlof65kQo_RZ3ibbvILNAhudEwAa
TID: [-1234] [2023-06-14 12:37:07,573]  INFO {AUDIT_LOG} - GET /api/am/publisher/search?query=name%3A%22SwaggerPetstore%22+version%3A%221.0.0%22+provider%3A%22admin%22 user: admin@carbon.super app: mlof65kQo_RZ3ibbvILNAhudEwAa
TID: [-1234] [2023-06-14 12:37:07,619]  INFO {AUDIT_LOG} - GET /api/am/devportal/subscriptions?apiId=c0366ba1-d258-4c56-be76-015bf4f7e6aa user: admin@carbon.super app: mlof65kQo_RZ3ibbvILNAhudEwAa
TID: [-1234] [2023-06-14 12:37:07,663]  INFO {AUDIT_LOG} - POST /api/am/devportal/subscriptions user: admin@carbon.super app: mlof65kQo_RZ3ibbvILNAhudEwAa
TID: [-1234] [2023-06-14 14:09:07,033]  INFO {AUDIT_LOG} - Initiator=wso2.system.user Action=Get-User-Claim-Values Target=admin Data={"Claims":{},"Profile":"default"} Outcome=Success
TID: [-1234] [2023-06-14 14:09:07,041]  INFO {AUDIT_LOG} - Initiator=wso2.system.user Action=Get-User-Claim-Values Target=admin Data={"Claims":{},"Profile":"default"} Outcome=Success
TID: [-1234] [2023-06-14 14:09:07,043]  INFO {AUDIT_LOG} - Initiator=wso2.system.user Action=Get-User-Claim-Values Target=admin Data={"Claims":{},"Profile":"default"} Outcome=Success
TID: [-1234] [2023-06-14 14:09:07,154]  INFO {AUDIT_LOG} - 'admin@carbon.super [-1234]' logged in at [2023-06-14 14:09:07,153+0300]
TID: [-1234] [2023-06-14 14:15:43,571]  INFO {AUDIT_LOG} - Initiator : admin@carbon.super | Action : Add-IDP | Target : 62a0328e-d07e-44b3-a59c-fc9b4bc7d95a | Data : { Changed-State : { Name:blackoaz, Display Name:null, Resource ID:62a0328e-d07e-44b3-a59c-fc9b4bc7d95a, Description:null, Alias:https://localhost:9443/oauth2/token, Home Realm ID:null, Image URL:null, Provisioning Role:null, Claim Configuration:{User Claim URI:null, User Role URI:http://wso2.org/claims/roles}, Role Configuration:{}, Just In Time Provisioning Configuration:{Is Provisioning Enabled:false, Is Modify Username Allowed:false, Is Prompt Consent:false, Is Password Provisioning Enabled:false, Userstore Claim URI:null, Provisioning Userstore:null, Is Dumb Mode:false} } } | Result : Success 
TID: [-1234] [2023-06-14 14:34:09,522]  INFO {AUDIT_LOG} - Initiator : admin@carbon.super | Action : Add-IDP | Target : aff43865-6f16-45fa-bfa1-a512477d0639 | Data : { Changed-State : { Name:blackoaz, Display Name:null, Resource ID:aff43865-6f16-45fa-bfa1-a512477d0639, Description:null, Alias:https://localhost:9443/oauth2/token, Home Realm ID:null, Image URL:null, Provisioning Role:null, Claim Configuration:{User Claim URI:http://wso2.org/claims/groups, User Role URI:http://wso2.org/claims/roles}, Role Configuration:{}, Federated Authenticator Configs:[{Name:SAMLSSOAuthenticator, Properties:[{IsLogoutReqSigned:f***e}, {ISArtifactResolveReqSigned:f***e}, {ACSUrl:null}, {SignatureAlgorithm:null}, {SPEntityId:8************a}, {NameIDType:u***************************************************d}, {IncludeNameIDPolicy:f***e}, {IncludeProtocolBinding:f***e}, {ResponseAuthnContextClassRef:d*****t}, {IsSLORequestAccepted:f***e}, {AuthnContextClassRef:null}, {AttributeConsumingServiceIndex:null}, {AuthnContextComparisonLevel:E***t}, {ForceAuthentication:a********t}, {IsLogoutEnabled:f***e}, {IncludeCert:f***e}, {IsAuthnRespSigned:f***e}, {IsUserIdInClaims:f***e}, {ISArtifactBindingEnabled:f***e}, {ArtifactResolveUrl:null}, {ISAuthnReqSigned:f***e}, {meta_data_saml:null}, {DigestAlgorithm:null}, {IncludeAuthnContext:y*s}, {SignatureAlgorithmPost:null}, {commonAuthQueryParams:null}, {SSOUrl:h*******************************h}, {IdPEntityId:8************a}, {LogoutReqUrl:null}, {isAssertionSigned:f***e}, {RequestMethod:r******t}, {IsAssertionEncrypted:f***e}, {ISArtifactResponseSigned:f***e}]}], Default Authenticator:SAMLSSOAuthenticator, Just In Time Provisioning Configuration:{Is Provisioning Enabled:false, Is Modify Username Allowed:false, Is Prompt Consent:false, Is Password Provisioning Enabled:false, Userstore Claim URI:null, Provisioning Userstore:null, Is Dumb Mode:false} } } | Result : Success 
