TID: [-1234] [2023-06-09 08:36:08,796]  INFO {AUDIT_LOG} - Initiator=wso2.system.user Action=Get-User-Claim-Values Target=admin Data={"Claims":{},"Profile":"default"} Outcome=Success
TID: [-1234] [2023-06-09 08:36:08,801]  INFO {AUDIT_LOG} - Initiator=wso2.system.user Action=Get-User-Claim-Values Target=admin Data={"Claims":{},"Profile":"default"} Outcome=Success
TID: [-1234] [2023-06-09 08:36:08,802]  INFO {AUDIT_LOG} - Initiator=wso2.system.user Action=Get-User-Claim-Values Target=admin Data={"Claims":{},"Profile":"default"} Outcome=Success
TID: [-1234] [2023-06-09 08:36:09,098]  INFO {AUDIT_LOG} - Initiator=wso2.system.user Action=Get-User-Claim-Values Target=admin Data={"Claims":{},"UserName":"admin","Profile":"default"} Outcome=Success
TID: [-1234] [2023-06-09 08:36:09,101]  INFO {AUDIT_LOG} - Initiator=wso2.system.user Action=Get-User-Claim-Values Target=admin Data={"Claims":{},"UserName":"admin","Profile":"default"} Outcome=Success
TID: [-1234] [2023-06-09 08:36:09,102]  INFO {AUDIT_LOG} - Initiator=wso2.system.user Action=Get-User-Claim-Values Target=admin Data={"Claims":{},"UserName":"admin","Profile":"default"} Outcome=Success
TID: [-1234] [2023-06-09 08:36:09,156]  INFO {AUDIT_LOG} - 'admin@carbon.super [-1234]' logged in at [2023-06-09 08:36:08,955+0300]
TID: [-1234] [2023-06-09 08:36:09,186]  INFO {AUDIT_LOG} - 'admin@carbon.super [-1234]' logged in at [2023-06-09 08:36:09,108+0300]
TID: [-1234] [2023-06-09 09:16:38,626]  INFO {AUDIT_LOG} - Initiator=wso2.system.user Action=Get-User-List Target=null Data={"ServiceProviderName":"apim_publisher","Claim Value":"admin","Users":["admin"],"Claim":"http://wso2.org/claims/username"} Outcome=Success
TID: [-1234] [2023-06-09 09:16:38,701]  INFO {AUDIT_LOG} - Initiator=wso2.system.user Action=Get-User-Claim-Values Target=admin Data={"ServiceProviderName":"apim_publisher","Claims":{},"Profile":"default"} Outcome=Success
TID: [-1234] [2023-06-09 09:16:38,703]  INFO {AUDIT_LOG} - Initiator=wso2.system.user Action=Get-User-Claim-Values Target=admin Data={"ServiceProviderName":"apim_publisher","Claims":{},"Profile":"default"} Outcome=Success
TID: [-1234] [2023-06-09 09:16:38,703]  INFO {AUDIT_LOG} - Initiator=wso2.system.user Action=Get-User-Claim-Values Target=admin Data={"ServiceProviderName":"apim_publisher","Claims":{},"Profile":"default"} Outcome=Success
TID: [-1234] [2023-06-09 09:16:38,715]  INFO {AUDIT_LOG} - Initiator : admin | Action : LoginStepSuccess | Target : ApplicationAuthenticationFramework | Data : { "ContextIdentifier" : "96b91039-0d73-4061-a211-a529ae00de75","AuthenticatedUser" : "admin","AuthenticatedUserTenantDomain" : "carbon.super","ServiceProviderName" : "apim_publisher","RequestType" : "oidc","RelyingParty" : "txiX92C5lqCp5l9dsSSrmo9Dr6Ma","AuthenticatedIdP" : "LOCAL","User Agent" : "null","RemoteAddress" : "null","UserStoreDomain" : "PRIMARY" } | Result : Success 
TID: [-1234] [2023-06-09 09:16:38,726]  INFO {AUDIT_LOG} - Initiator : admin@carbon.super | Action : Authenticate | Target : ApplicationAuthenticationFramework | Data : { Step: 1, IDP: LOCAL, Authenticator:BasicAuthenticator } | Result : Success 
TID: [-1234] [2023-06-09 09:16:38,772]  INFO {AUDIT_LOG} - Initiator=wso2.system.user Action=Get-Roles-of-User Target=admin Data={"ServiceProviderName":"apim_publisher","Filter":"*","Roles":["Internal/subscriber","Internal/creator","Internal/publisher","Internal/everyone","Internal/devops","admin","Internal/analytics","Internal/observer","Internal/integration_dev"]} Outcome=Success
TID: [-1234] [2023-06-09 09:16:38,773]  INFO {AUDIT_LOG} - Initiator=wso2.system.user Action=Get-User-Claim-Values Target=admin Data={"ServiceProviderName":"apim_publisher","Claims":{"http://wso2.org/claims/username":"admin","http://wso2.org/claims/userid":"419d3f27-ed71-4348-be1c-824ababa77e2","http://wso2.org/claims/role":"Internal/subscriber,Internal/creator,Internal/publisher,Internal/everyone,Internal/devops,admin,Internal/analytics,Internal/observer,Internal/integration_dev","http://wso2.org/claims/userprincipal":"admin"}} Outcome=Success
TID: [-1234] [2023-06-09 09:16:38,816]  INFO {AUDIT_LOG} - Initiator : admin | Action : StoreSession | Data : { {"traceId":"d3cf26b1-0130-44df-803a-24bc47139179","RememberMe":false,"sessionContextId":"f3f4569656c2250de64384c1939e7fabcd2b27277a4a4680827980114b31ee5d","AuthenticatedUserTenantDomain":"carbon.super","AuthenticatedUser":"admin","LastAccessedTimestamp":1686291398795} } | Result : Success 
TID: [-1234] [2023-06-09 09:16:38,821]  INFO {AUDIT_LOG} - Initiator : admin | Action : Login | Target : ApplicationAuthenticationFramework | Data : { "ContextIdentifier" : "96b91039-0d73-4061-a211-a529ae00de75","AuthenticatedUser" : "admin","AuthenticatedUserTenantDomain" : "carbon.super","ServiceProviderName" : "apim_publisher","RequestType" : "oidc","RelyingParty" : "txiX92C5lqCp5l9dsSSrmo9Dr6Ma","AuthenticatedIdPs" : "eyJ0eXAiOiJKV1QiLCJhbGciOiJIUzI1NiJ9.eyJpc3MiOiJ3c28yIiwiZXhwIjoxNjg2MjkxNDAxNzI2LCJpYXQiOjE2ODYyOTEzOTg3MjYsImlkcHMiOlt7ImlkcCI6IkxPQ0FMIiwiYXV0aGVudGljYXRvciI6IkJhc2ljQXV0aGVudGljYXRvciJ9XX0.qfp-o2C7O7tn6bsWTUIeNMha8HNN8LsKi47UGy6i4FE","User Agent" : "null","RemoteAddress" : "null","UserStoreDomain" : "PRIMARY" } | Result : Success 
TID: [-1234] [2023-06-09 09:16:39,636]  INFO {AUDIT_LOG} - Initiator=wso2.system.user Action=Get-User-List Target=null Data={"UserName":"admin","Claim Value":"admin","Users":["admin"],"Claim":"http://wso2.org/claims/username"} Outcome=Success
TID: [-1234] [2023-06-09 09:16:39,641]  INFO {AUDIT_LOG} - Initiator=wso2.system.user Action=Get-User-Claim-Values Target=admin Data={"Claims":{},"UserName":"admin","Profile":"default"} Outcome=Success
TID: [-1234] [2023-06-09 09:16:39,642]  INFO {AUDIT_LOG} - Initiator=wso2.system.user Action=Get-User-Claim-Values Target=admin Data={"Claims":{},"UserName":"admin","Profile":"default"} Outcome=Success
TID: [-1234] [2023-06-09 09:16:39,642]  INFO {AUDIT_LOG} - Initiator=wso2.system.user Action=Get-User-Claim-Values Target=admin Data={"Claims":{},"UserName":"admin","Profile":"default"} Outcome=Success
TID: [-1234] [2023-06-09 09:16:41,874]  INFO {AUDIT_LOG} - GET /api/am/publisher/apis?limit=10&offset=0 user: admin@carbon.super app: txiX92C5lqCp5l9dsSSrmo9Dr6Ma
TID: [-1234] [2023-06-09 09:16:49,411]  INFO {AUDIT_LOG} - GET /api/am/publisher/tenants?state=active user: admin@carbon.super app: txiX92C5lqCp5l9dsSSrmo9Dr6Ma
TID: [-1234] [2023-06-09 09:16:49,505]  INFO {AUDIT_LOG} - GET /api/am/publisher/apis/b708e07c-f833-4577-9072-b66243c058b3 user: admin@carbon.super app: txiX92C5lqCp5l9dsSSrmo9Dr6Ma
TID: [-1234] [2023-06-09 09:16:49,508]  INFO {AUDIT_LOG} - GET /api/am/publisher/settings user: admin@carbon.super app: txiX92C5lqCp5l9dsSSrmo9Dr6Ma
TID: [-1234] [2023-06-09 09:16:50,278]  INFO {AUDIT_LOG} - GET /api/am/publisher/apis/b708e07c-f833-4577-9072-b66243c058b3/revisions user: admin@carbon.super app: txiX92C5lqCp5l9dsSSrmo9Dr6Ma
TID: [-1234] [2023-06-09 09:16:50,291]  INFO {AUDIT_LOG} - GET /api/am/publisher/apis/b708e07c-f833-4577-9072-b66243c058b3/revisions?query=deployed%3Atrue user: admin@carbon.super app: txiX92C5lqCp5l9dsSSrmo9Dr6Ma
TID: [-1234] [2023-06-09 09:16:50,622]  INFO {AUDIT_LOG} - GET /api/am/publisher/apis/b708e07c-f833-4577-9072-b66243c058b3/swagger user: admin@carbon.super app: txiX92C5lqCp5l9dsSSrmo9Dr6Ma
TID: [-1234] [2023-06-09 09:16:50,627]  INFO {AUDIT_LOG} - GET /api/am/publisher/apis/b708e07c-f833-4577-9072-b66243c058b3/revisions?query=deployed%3Atrue user: admin@carbon.super app: txiX92C5lqCp5l9dsSSrmo9Dr6Ma
TID: [-1234] [2023-06-09 09:16:50,951]  INFO {AUDIT_LOG} - GET /api/am/publisher/apis/b708e07c-f833-4577-9072-b66243c058b3/revisions?query=deployed%3Atrue user: admin@carbon.super app: txiX92C5lqCp5l9dsSSrmo9Dr6Ma
TID: [-1234] [2023-06-09 09:16:50,955]  INFO {AUDIT_LOG} - GET /api/am/publisher/apis/b708e07c-f833-4577-9072-b66243c058b3/swagger user: admin@carbon.super app: txiX92C5lqCp5l9dsSSrmo9Dr6Ma
TID: [-1234] [2023-06-09 09:16:51,142]  INFO {AUDIT_LOG} - GET /api/am/publisher/apis/b708e07c-f833-4577-9072-b66243c058b3/revisions?query=deployed%3Atrue user: admin@carbon.super app: txiX92C5lqCp5l9dsSSrmo9Dr6Ma
TID: [-1234] [2023-06-09 09:16:51,149]  INFO {AUDIT_LOG} - GET /api/am/publisher/apis/b708e07c-f833-4577-9072-b66243c058b3/swagger user: admin@carbon.super app: txiX92C5lqCp5l9dsSSrmo9Dr6Ma
TID: [-1234] [2023-06-09 09:16:55,665]  INFO {AUDIT_LOG} - GET /api/am/publisher/apis/b708e07c-f833-4577-9072-b66243c058b3/swagger user: admin@carbon.super app: txiX92C5lqCp5l9dsSSrmo9Dr6Ma
TID: [-1234] [2023-06-09 09:16:55,665]  INFO {AUDIT_LOG} - GET /api/am/publisher/endpoint-certificates?endpoint=http%3A%2F%2Flocalhost%3A8000 user: admin@carbon.super app: txiX92C5lqCp5l9dsSSrmo9Dr6Ma
TID: [-1234] [2023-06-09 09:17:05,350]  INFO {AUDIT_LOG} - PUT /api/am/publisher/apis/b708e07c-f833-4577-9072-b66243c058b3 user: admin@carbon.super app: txiX92C5lqCp5l9dsSSrmo9Dr6Ma
TID: [-1234] [2023-06-09 09:17:06,969]  INFO {AUDIT_LOG} - {"performedBy":"admin","action":"updated","typ":"API","info":{"provider":"admin","name":"SocialApp","context":"/posts/1.0","version":"1.0"}}
TID: [] [2023-06-09 09:17:07,516]  INFO {AUDIT_LOG} - Initiator=wso2.system.user Action=Get-User-Claim-Values Target=admin Data={"Claims":{},"Profile":"default"} Outcome=Success
TID: [] [2023-06-09 09:17:07,518]  INFO {AUDIT_LOG} - Initiator=wso2.system.user Action=Get-User-Claim-Values Target=admin Data={"Claims":{},"Profile":"default"} Outcome=Success
TID: [] [2023-06-09 09:17:07,519]  INFO {AUDIT_LOG} - Initiator=wso2.system.user Action=Get-User-Claim-Values Target=admin Data={"Claims":{},"Profile":"default"} Outcome=Success
TID: [-1234] [2023-06-09 09:17:07,726]  INFO {AUDIT_LOG} - GET /api/am/publisher/endpoint-certificates?endpoint=http%3A%2F%2Flocalhost%3A8000 user: admin@carbon.super app: txiX92C5lqCp5l9dsSSrmo9Dr6Ma
TID: [-1234] [2023-06-09 09:17:07,737]  INFO {AUDIT_LOG} - GET /api/am/publisher/apis/b708e07c-f833-4577-9072-b66243c058b3/swagger user: admin@carbon.super app: txiX92C5lqCp5l9dsSSrmo9Dr6Ma
TID: [-1234] [2023-06-09 09:17:10,650]  INFO {AUDIT_LOG} - GET /api/am/publisher/apis/b708e07c-f833-4577-9072-b66243c058b3/revisions?query=deployed%3Atrue user: admin@carbon.super app: txiX92C5lqCp5l9dsSSrmo9Dr6Ma
TID: [-1234] [2023-06-09 09:17:10,651]  INFO {AUDIT_LOG} - GET /api/am/publisher/apis/b708e07c-f833-4577-9072-b66243c058b3/swagger user: admin@carbon.super app: txiX92C5lqCp5l9dsSSrmo9Dr6Ma
TID: [] [2023-06-09 09:17:13,010]  INFO {AUDIT_LOG} - Initiator=wso2.system.user Action=Get-User-Claim-Values Target=admin Data={"Claims":{},"Profile":"default"} Outcome=Success
TID: [] [2023-06-09 09:17:13,011]  INFO {AUDIT_LOG} - Initiator=wso2.system.user Action=Get-User-Claim-Values Target=admin Data={"Claims":{},"Profile":"default"} Outcome=Success
TID: [] [2023-06-09 09:17:13,011]  INFO {AUDIT_LOG} - Initiator=wso2.system.user Action=Get-User-Claim-Values Target=admin Data={"Claims":{},"Profile":"default"} Outcome=Success
TID: [-1234] [2023-06-09 09:17:13,910]  INFO {AUDIT_LOG} - GET /api/am/publisher/apis/b708e07c-f833-4577-9072-b66243c058b3/asyncapi user: admin@carbon.super app: txiX92C5lqCp5l9dsSSrmo9Dr6Ma
TID: [-1234] [2023-06-09 09:17:22,022]  INFO {AUDIT_LOG} - GET /api/am/publisher/apis/b708e07c-f833-4577-9072-b66243c058b3/deployments user: admin@carbon.super app: txiX92C5lqCp5l9dsSSrmo9Dr6Ma
TID: [-1234] [2023-06-09 09:17:22,037]  INFO {AUDIT_LOG} - GET /api/am/publisher/apis/b708e07c-f833-4577-9072-b66243c058b3/swagger user: admin@carbon.super app: txiX92C5lqCp5l9dsSSrmo9Dr6Ma
TID: [-1234] [2023-06-09 09:17:22,071]  INFO {AUDIT_LOG} - POST /api/am/publisher/apis/b708e07c-f833-4577-9072-b66243c058b3/generate-key user: admin@carbon.super app: txiX92C5lqCp5l9dsSSrmo9Dr6Ma
TID: [-1234] [2023-06-09 09:17:25,615]  INFO {AUDIT_LOG} - POST /api/am/publisher/apis/b708e07c-f833-4577-9072-b66243c058b3/generate-key user: admin@carbon.super app: txiX92C5lqCp5l9dsSSrmo9Dr6Ma
TID: [-1234] [2023-06-09 09:18:03,427]  INFO {AUDIT_LOG} - GET /api/am/publisher/apis/b708e07c-f833-4577-9072-b66243c058b3/revisions?query=deployed%3Atrue user: admin@carbon.super app: txiX92C5lqCp5l9dsSSrmo9Dr6Ma
TID: [-1234] [2023-06-09 09:18:03,440]  INFO {AUDIT_LOG} - GET /api/am/publisher/apis/b708e07c-f833-4577-9072-b66243c058b3/swagger user: admin@carbon.super app: txiX92C5lqCp5l9dsSSrmo9Dr6Ma
TID: [-1234] [2023-06-09 09:18:19,293]  INFO {AUDIT_LOG} - GET /api/am/publisher/apis/b708e07c-f833-4577-9072-b66243c058b3/swagger user: admin@carbon.super app: txiX92C5lqCp5l9dsSSrmo9Dr6Ma
TID: [-1234] [2023-06-09 09:18:19,364]  INFO {AUDIT_LOG} - GET /api/am/publisher/scopes user: admin@carbon.super app: txiX92C5lqCp5l9dsSSrmo9Dr6Ma
TID: [-1234] [2023-06-09 09:18:19,366]  INFO {AUDIT_LOG} - GET /api/am/publisher/throttling-policies/api?limit=80 user: admin@carbon.super app: txiX92C5lqCp5l9dsSSrmo9Dr6Ma
TID: [-1234] [2023-06-09 09:18:19,366]  INFO {AUDIT_LOG} - GET /api/am/publisher/apis/b708e07c-f833-4577-9072-b66243c058b3/amznResourceNames user: admin@carbon.super app: txiX92C5lqCp5l9dsSSrmo9Dr6Ma
TID: [-1234] [2023-06-09 09:19:07,185]  INFO {AUDIT_LOG} - PUT /api/am/publisher/apis/b708e07c-f833-4577-9072-b66243c058b3/swagger user: admin@carbon.super app: txiX92C5lqCp5l9dsSSrmo9Dr6Ma
TID: [-1234] [2023-06-09 09:19:07,462]  INFO {AUDIT_LOG} - {"performedBy":"admin","action":"updated","typ":"API","info":{"provider":"admin","name":"SocialApp","context":"/posts/1.0","version":"1.0"}}
TID: [-1234] [2023-06-09 09:19:07,783]  INFO {AUDIT_LOG} - GET /api/am/publisher/apis/b708e07c-f833-4577-9072-b66243c058b3 user: admin@carbon.super app: txiX92C5lqCp5l9dsSSrmo9Dr6Ma
TID: [] [2023-06-09 09:19:12,218]  INFO {AUDIT_LOG} - Initiator=wso2.system.user Action=Get-User-Claim-Values Target=admin Data={"Claims":{},"Profile":"default"} Outcome=Success
TID: [] [2023-06-09 09:19:12,219]  INFO {AUDIT_LOG} - Initiator=wso2.system.user Action=Get-User-Claim-Values Target=admin Data={"Claims":{},"Profile":"default"} Outcome=Success
TID: [] [2023-06-09 09:19:12,219]  INFO {AUDIT_LOG} - Initiator=wso2.system.user Action=Get-User-Claim-Values Target=admin Data={"Claims":{},"Profile":"default"} Outcome=Success
TID: [-1234] [2023-06-09 09:19:24,283]  INFO {AUDIT_LOG} - GET /api/am/publisher/apis/b708e07c-f833-4577-9072-b66243c058b3/swagger user: admin@carbon.super app: txiX92C5lqCp5l9dsSSrmo9Dr6Ma
TID: [-1234] [2023-06-09 09:19:24,300]  INFO {AUDIT_LOG} - GET /api/am/publisher/apis/b708e07c-f833-4577-9072-b66243c058b3/revisions?query=deployed%3Atrue user: admin@carbon.super app: txiX92C5lqCp5l9dsSSrmo9Dr6Ma
TID: [-1234] [2023-06-09 09:19:29,112]  INFO {AUDIT_LOG} - Initiator=wso2.system.user Action=Get-User-Claim-Values Target=admin Data={"ServiceProviderName":"apim_devportal","Claims":{"http://wso2.org/claims/username":"admin","http://wso2.org/claims/userid":"419d3f27-ed71-4348-be1c-824ababa77e2","http://wso2.org/claims/role":"Internal/subscriber,Internal/creator,Internal/publisher,Internal/everyone,Internal/devops,admin,Internal/analytics,Internal/observer,Internal/integration_dev","http://wso2.org/claims/userprincipal":"admin"},"UserName":"admin"} Outcome=Success
TID: [-1234] [2023-06-09 09:19:29,158]  INFO {AUDIT_LOG} - Initiator : admin | Action : UpdateSession | Data : { {"traceId":"c12f48b5-6d7d-46a1-8a03-3a55e45c7fba","RememberMe":false,"sessionContextId":"f3f4569656c2250de64384c1939e7fabcd2b27277a4a4680827980114b31ee5d","AuthenticatedUserTenantDomain":"carbon.super","AuthenticatedUser":"admin","LastAccessedTimestamp":1686291569114} } | Result : Success 
TID: [-1234] [2023-06-09 09:19:29,159]  INFO {AUDIT_LOG} - Initiator : admin | Action : Login | Target : ApplicationAuthenticationFramework | Data : { "ContextIdentifier" : "9dad18c8-e3c6-46c0-a975-5118a62017df","AuthenticatedUser" : "admin","AuthenticatedUserTenantDomain" : "carbon.super","ServiceProviderName" : "apim_devportal","RequestType" : "oidc","RelyingParty" : "PWfgQzPGHoxzOjpmoCalMGNtF2Ia","AuthenticatedIdPs" : "eyJ0eXAiOiJKV1QiLCJhbGciOiJIUzI1NiJ9.eyJpc3MiOiJ3c28yIiwiZXhwIjoxNjg2MjkxNTcyMTA5LCJpYXQiOjE2ODYyOTE1NjkxMDksImlkcHMiOlt7ImlkcCI6IkxPQ0FMIiwiYXV0aGVudGljYXRvciI6IkJhc2ljQXV0aGVudGljYXRvciJ9XX0.lDb9lOxC0cNRzo0oqf4DCU-82MjjFO9utiHqECXO6YM","User Agent" : "null","RemoteAddress" : "null","UserStoreDomain" : "PRIMARY" } | Result : Success 
TID: [-1234] [2023-06-09 09:19:30,167]  INFO {AUDIT_LOG} - Initiator=wso2.system.user Action=Get-User-List Target=null Data={"UserName":"admin","Claim Value":"admin","Users":["admin"],"Claim":"http://wso2.org/claims/username"} Outcome=Success
TID: [-1234] [2023-06-09 09:19:30,173]  INFO {AUDIT_LOG} - Initiator=wso2.system.user Action=Get-User-Claim-Values Target=admin Data={"Claims":{},"UserName":"admin","Profile":"default"} Outcome=Success
TID: [-1234] [2023-06-09 09:19:30,174]  INFO {AUDIT_LOG} - Initiator=wso2.system.user Action=Get-User-Claim-Values Target=admin Data={"Claims":{},"UserName":"admin","Profile":"default"} Outcome=Success
TID: [-1234] [2023-06-09 09:19:30,174]  INFO {AUDIT_LOG} - Initiator=wso2.system.user Action=Get-User-Claim-Values Target=admin Data={"Claims":{},"UserName":"admin","Profile":"default"} Outcome=Success
TID: [-1234] [2023-06-09 09:19:30,303]  INFO {AUDIT_LOG} - GET /api/am/devportal/settings user: admin@carbon.super app: PWfgQzPGHoxzOjpmoCalMGNtF2Ia
TID: [-1234] [2023-06-09 09:19:30,534]  INFO {AUDIT_LOG} - GET /api/am/devportal/api-categories user: admin@carbon.super app: PWfgQzPGHoxzOjpmoCalMGNtF2Ia
TID: [-1234] [2023-06-09 09:19:30,565]  INFO {AUDIT_LOG} - GET /api/am/devportal/apis?limit=10&offset=0 user: admin@carbon.super app: PWfgQzPGHoxzOjpmoCalMGNtF2Ia
TID: [-1234] [2023-06-09 09:19:30,568]  INFO {AUDIT_LOG} - GET /api/am/devportal/tags user: admin@carbon.super app: PWfgQzPGHoxzOjpmoCalMGNtF2Ia
TID: [-1234] [2023-06-09 09:19:31,115]  INFO {AUDIT_LOG} - GET /api/am/devportal/apis/746c7962-0923-4c21-be0e-a84d3748b57b/ratings user: admin@carbon.super app: PWfgQzPGHoxzOjpmoCalMGNtF2Ia
TID: [-1234] [2023-06-09 09:19:31,120]  INFO {AUDIT_LOG} - GET /api/am/devportal/apis/8485612f-b238-4e6d-9c05-e116e15f9121/ratings user: admin@carbon.super app: PWfgQzPGHoxzOjpmoCalMGNtF2Ia
TID: [-1234] [2023-06-09 09:19:31,146]  INFO {AUDIT_LOG} - GET /api/am/devportal/apis/b708e07c-f833-4577-9072-b66243c058b3/ratings user: admin@carbon.super app: PWfgQzPGHoxzOjpmoCalMGNtF2Ia
TID: [-1234] [2023-06-09 09:19:43,192]  INFO {AUDIT_LOG} - GET /api/am/devportal/applications?limit=5000 user: admin@carbon.super app: PWfgQzPGHoxzOjpmoCalMGNtF2Ia
TID: [-1234] [2023-06-09 09:19:43,192]  INFO {AUDIT_LOG} - GET /api/am/devportal/subscriptions?apiId=b708e07c-f833-4577-9072-b66243c058b3&limit=25 user: admin@carbon.super app: PWfgQzPGHoxzOjpmoCalMGNtF2Ia
TID: [-1234] [2023-06-09 09:19:43,193]  INFO {AUDIT_LOG} - GET /api/am/devportal/subscriptions?apiId=b708e07c-f833-4577-9072-b66243c058b3&limit=5000 user: admin@carbon.super app: PWfgQzPGHoxzOjpmoCalMGNtF2Ia
TID: [-1234] [2023-06-09 09:19:43,200]  INFO {AUDIT_LOG} - GET /api/am/devportal/apis/b708e07c-f833-4577-9072-b66243c058b3 user: admin@carbon.super app: PWfgQzPGHoxzOjpmoCalMGNtF2Ia
TID: [-1234] [2023-06-09 09:19:44,015]  INFO {AUDIT_LOG} - GET /api/am/devportal/throttling-policies/subscription user: admin@carbon.super app: PWfgQzPGHoxzOjpmoCalMGNtF2Ia
TID: [-1234] [2023-06-09 09:19:44,015]  INFO {AUDIT_LOG} - GET /api/am/devportal/apis/b708e07c-f833-4577-9072-b66243c058b3/documents user: admin@carbon.super app: PWfgQzPGHoxzOjpmoCalMGNtF2Ia
TID: [-1234] [2023-06-09 09:19:44,164]  INFO {AUDIT_LOG} - GET /api/am/devportal/apis/b708e07c-f833-4577-9072-b66243c058b3/documents user: admin@carbon.super app: PWfgQzPGHoxzOjpmoCalMGNtF2Ia
TID: [-1234] [2023-06-09 09:19:44,226]  INFO {AUDIT_LOG} - GET /api/am/devportal/throttling-policies/subscription user: admin@carbon.super app: PWfgQzPGHoxzOjpmoCalMGNtF2Ia
TID: [-1234] [2023-06-09 09:19:44,261]  INFO {AUDIT_LOG} - GET /api/am/devportal/apis/b708e07c-f833-4577-9072-b66243c058b3/thumbnail user: admin@carbon.super app: PWfgQzPGHoxzOjpmoCalMGNtF2Ia
TID: [-1234] [2023-06-09 09:19:44,264]  INFO {AUDIT_LOG} - GET /api/am/devportal/apis/b708e07c-f833-4577-9072-b66243c058b3/ratings user: admin@carbon.super app: PWfgQzPGHoxzOjpmoCalMGNtF2Ia
TID: [-1234] [2023-06-09 09:19:44,275]  INFO {AUDIT_LOG} - GET /api/am/devportal/apis/b708e07c-f833-4577-9072-b66243c058b3/comments?limit=5&offset=0 user: admin@carbon.super app: PWfgQzPGHoxzOjpmoCalMGNtF2Ia
TID: [-1234] [2023-06-09 09:19:56,028]  INFO {AUDIT_LOG} - POST /api/am/devportal/subscriptions user: admin@carbon.super app: PWfgQzPGHoxzOjpmoCalMGNtF2Ia
TID: [-1234] [2023-06-09 09:19:56,120]  INFO {AUDIT_LOG} - {"performedBy":"admin","action":"created","typ":"Subscription","info":{"application_name":"userApi","tier":"Unlimited","provider":"admin","api_name":"SocialApp","application_id":4}}
TID: [-1234] [2023-06-09 09:19:56,229]  INFO {AUDIT_LOG} - GET /api/am/devportal/applications?limit=5000 user: admin@carbon.super app: PWfgQzPGHoxzOjpmoCalMGNtF2Ia
TID: [-1234] [2023-06-09 09:19:56,232]  INFO {AUDIT_LOG} - GET /api/am/devportal/apis/b708e07c-f833-4577-9072-b66243c058b3 user: admin@carbon.super app: PWfgQzPGHoxzOjpmoCalMGNtF2Ia
TID: [-1234] [2023-06-09 09:19:56,243]  INFO {AUDIT_LOG} - GET /api/am/devportal/subscriptions?apiId=b708e07c-f833-4577-9072-b66243c058b3&limit=5000 user: admin@carbon.super app: PWfgQzPGHoxzOjpmoCalMGNtF2Ia
TID: [-1234] [2023-06-09 09:19:56,245]  INFO {AUDIT_LOG} - GET /api/am/devportal/subscriptions?apiId=b708e07c-f833-4577-9072-b66243c058b3&limit=25 user: admin@carbon.super app: PWfgQzPGHoxzOjpmoCalMGNtF2Ia
TID: [] [2023-06-09 09:20:01,065]  INFO {AUDIT_LOG} - Initiator=wso2.system.user Action=Get-User-Claim-Values Target=admin Data={"Claims":{},"Profile":"default"} Outcome=Success
TID: [] [2023-06-09 09:20:01,067]  INFO {AUDIT_LOG} - Initiator=wso2.system.user Action=Get-User-Claim-Values Target=admin Data={"Claims":{},"Profile":"default"} Outcome=Success
TID: [] [2023-06-09 09:20:01,067]  INFO {AUDIT_LOG} - Initiator=wso2.system.user Action=Get-User-Claim-Values Target=admin Data={"Claims":{},"Profile":"default"} Outcome=Success
TID: [-1234] [2023-06-09 09:20:11,307]  INFO {AUDIT_LOG} - GET /api/am/devportal/throttling-policies/application user: admin@carbon.super app: PWfgQzPGHoxzOjpmoCalMGNtF2Ia
TID: [-1234] [2023-06-09 09:20:11,308]  INFO {AUDIT_LOG} - GET /api/am/devportal/key-managers user: admin@carbon.super app: PWfgQzPGHoxzOjpmoCalMGNtF2Ia
TID: [-1234] [2023-06-09 09:20:11,315]  INFO {AUDIT_LOG} - GET /api/am/devportal/settings/application-attributes user: admin@carbon.super app: PWfgQzPGHoxzOjpmoCalMGNtF2Ia
TID: [-1234] [2023-06-09 09:20:24,802]  INFO {AUDIT_LOG} - POST /api/am/devportal/applications user: admin@carbon.super app: PWfgQzPGHoxzOjpmoCalMGNtF2Ia
TID: [-1234] [2023-06-09 09:20:24,869]  INFO {AUDIT_LOG} - {"performedBy":"admin","action":"created","typ":"Application","info":{"owner":"admin","tier":"10PerMin","name":"post","groups":null,"callbackURL":null}}
TID: [-1234] [2023-06-09 09:20:26,982]  INFO {AUDIT_LOG} - POST /api/am/devportal/subscriptions user: admin@carbon.super app: PWfgQzPGHoxzOjpmoCalMGNtF2Ia
TID: [-1234] [2023-06-09 09:20:27,029]  INFO {AUDIT_LOG} - {"performedBy":"admin","action":"created","typ":"Subscription","info":{"application_name":"post","tier":"Unlimited","provider":"admin","api_name":"SocialApp","application_id":5}}
TID: [-1234] [2023-06-09 09:20:27,060]  INFO {AUDIT_LOG} - GET /api/am/devportal/key-managers user: admin@carbon.super app: PWfgQzPGHoxzOjpmoCalMGNtF2Ia
TID: [] [2023-06-09 09:20:29,550]  INFO {AUDIT_LOG} - Initiator=wso2.system.user Action=Get-User-Claim-Values Target=admin Data={"Claims":{},"Profile":"default"} Outcome=Success
TID: [] [2023-06-09 09:20:29,551]  INFO {AUDIT_LOG} - Initiator=wso2.system.user Action=Get-User-Claim-Values Target=admin Data={"Claims":{},"Profile":"default"} Outcome=Success
TID: [] [2023-06-09 09:20:29,551]  INFO {AUDIT_LOG} - Initiator=wso2.system.user Action=Get-User-Claim-Values Target=admin Data={"Claims":{},"Profile":"default"} Outcome=Success
TID: [-1234] [2023-06-09 09:20:31,111]  INFO {AUDIT_LOG} - GET /api/am/devportal/applications/a2385395-c1a6-420a-a994-b4d9358fd5ff user: admin@carbon.super app: PWfgQzPGHoxzOjpmoCalMGNtF2Ia
TID: [-1234] [2023-06-09 09:20:31,126]  INFO {AUDIT_LOG} - POST /api/am/devportal/applications/a2385395-c1a6-420a-a994-b4d9358fd5ff/generate-keys user: admin@carbon.super app: PWfgQzPGHoxzOjpmoCalMGNtF2Ia
TID: [-1234] [2023-06-09 09:20:31,168]  INFO {AUDIT_LOG} - Initiator=wso2.system.user Action=Get-User-List Target=null Data={"UserName":"admin","Claim Value":"admin","Users":["admin"],"Claim":"http://wso2.org/claims/username"} Outcome=Success
TID: [-1234] [2023-06-09 09:20:31,171]  INFO {AUDIT_LOG} - Initiator=wso2.system.user Action=Get-User-Claim-Values Target=admin Data={"Claims":{},"UserName":"admin","Profile":"default"} Outcome=Success
TID: [-1234] [2023-06-09 09:20:31,172]  INFO {AUDIT_LOG} - Initiator=wso2.system.user Action=Get-User-Claim-Values Target=admin Data={"Claims":{},"UserName":"admin","Profile":"default"} Outcome=Success
TID: [-1234] [2023-06-09 09:20:31,172]  INFO {AUDIT_LOG} - Initiator=wso2.system.user Action=Get-User-Claim-Values Target=admin Data={"Claims":{},"UserName":"admin","Profile":"default"} Outcome=Success
TID: [-1234] [2023-06-09 09:20:31,221]  INFO {AUDIT_LOG} - Initiator : admin@carbon.super | Action : Add-Application | Target : null | Data : { Changed-State : { Name:admin_a2385395-c1a6-420a-a994-b4d9358fd5ff_SANDBOX, Description:Service Provider for application admin_a2385395-c1a6-420a-a994-b4d9358fd5ff_SANDBOX, Resource ID:null, Access URL:null, Is Discoverable:false, Is SaaS:true, , Service Provider Properties:[{useUserIdForDefaultSubject:true}] } } | Result : Success 
TID: [] [2023-06-09 09:20:31,588]  INFO {AUDIT_LOG} - Initiator=wso2.system.user Action=Get-User-Claim-Values Target=admin Data={"Claims":{},"Profile":"default"} Outcome=Success
TID: [] [2023-06-09 09:20:31,590]  INFO {AUDIT_LOG} - Initiator=wso2.system.user Action=Get-User-Claim-Values Target=admin Data={"Claims":{},"Profile":"default"} Outcome=Success
TID: [] [2023-06-09 09:20:31,590]  INFO {AUDIT_LOG} - Initiator=wso2.system.user Action=Get-User-Claim-Values Target=admin Data={"Claims":{},"Profile":"default"} Outcome=Success
TID: [-1234] [2023-06-09 09:20:31,654]  INFO {AUDIT_LOG} - Initiator : admin@carbon.super | Action : Update-Application | Target : 5e299872-9e49-45db-a653-0d1280bfb02c | Data : { Changed-State : { Name:admin_a2385395-c1a6-420a-a994-b4d9358fd5ff_SANDBOX, Description:Service Provider for application admin_a2385395-c1a6-420a-a994-b4d9358fd5ff_SANDBOX, Resource ID:5e299872-9e49-45db-a653-0d1280bfb02c, Access URL:null, Is Discoverable:false, Is SaaS:true, Inbound Authentication Configs:[{Auth Key:Wptqkh_NNE7rjMpys4cuHsAMjYMa, Auth Type:oauth2, Config Type:null, Inbound configuration:null}], Local and Outbound Configuration:{Auth Type:default}, Claim Configuration:{User Claim URI:null, Role Claim URI:null}, Inbound Provisioning Configuration:{Provisioning Userstore:null, Is Dumb Mode:false}, Outbound Provisioning Configuration:{}, Service Provider Properties:[{useUserIdForDefaultSubject:true}, {isManagementApp:false}, {USE_DOMAIN_IN_ROLES:true}, {skipLogoutConsent:false}, {DisplayName:post}, {skipConsent:false}, {jwksURI:}, {templateId:}] } } | Result : Success 
TID: [-1234] [2023-06-09 09:20:31,726]  INFO {AUDIT_LOG} - {"performedBy":"admin","action":"updated","typ":"Application","info":{"Generated keys for application":"post"}}
TID: [-1234] [2023-06-09 09:20:32,050]  INFO {AUDIT_LOG} - GET /api/am/devportal/applications/a2385395-c1a6-420a-a994-b4d9358fd5ff user: admin@carbon.super app: PWfgQzPGHoxzOjpmoCalMGNtF2Ia
TID: [-1234] [2023-06-09 09:20:32,072]  INFO {AUDIT_LOG} - GET /api/am/devportal/applications/a2385395-c1a6-420a-a994-b4d9358fd5ff/oauth-keys user: admin@carbon.super app: PWfgQzPGHoxzOjpmoCalMGNtF2Ia
TID: [-1234] [2023-06-09 09:20:34,834]  INFO {AUDIT_LOG} - GET /api/am/devportal/applications/a2385395-c1a6-420a-a994-b4d9358fd5ff user: admin@carbon.super app: PWfgQzPGHoxzOjpmoCalMGNtF2Ia
TID: [-1234] [2023-06-09 09:20:34,854]  INFO {AUDIT_LOG} - GET /api/am/devportal/applications/a2385395-c1a6-420a-a994-b4d9358fd5ff/oauth-keys user: admin@carbon.super app: PWfgQzPGHoxzOjpmoCalMGNtF2Ia
TID: [-1234] [2023-06-09 09:20:34,872]  INFO {AUDIT_LOG} - POST /api/am/devportal/applications/a2385395-c1a6-420a-a994-b4d9358fd5ff/oauth-keys/ef0aa066-7c1a-4c93-94cb-3f129ed7996b/generate-token user: admin@carbon.super app: PWfgQzPGHoxzOjpmoCalMGNtF2Ia
TID: [-1234] [2023-06-09 09:20:34,891]  INFO {AUDIT_LOG} - {"performedBy":"admin","action":"updated","typ":"Application","info":{"Re-Generated Keys for application with client Id":"Wptqkh_NNE7rjMpys4cuHsAMjYMa"}}
TID: [-1234] [2023-06-09 09:20:35,150]  INFO {AUDIT_LOG} - Initiator=wso2.system.user Action=Get-User-Claim-Values Target=admin Data={"Claims":{},"Profile":"default"} Outcome=Success
TID: [-1234] [2023-06-09 09:20:35,151]  INFO {AUDIT_LOG} - Initiator=wso2.system.user Action=Get-User-Claim-Values Target=admin Data={"Claims":{},"Profile":"default"} Outcome=Success
TID: [-1234] [2023-06-09 09:20:35,151]  INFO {AUDIT_LOG} - Initiator=wso2.system.user Action=Get-User-Claim-Values Target=admin Data={"Claims":{},"Profile":"default"} Outcome=Success
TID: [] [2023-06-09 09:20:39,842]  INFO {AUDIT_LOG} - Initiator=wso2.system.user Action=Get-User-Claim-Values Target=admin Data={"Claims":{},"Profile":"default"} Outcome=Success
TID: [] [2023-06-09 09:20:39,843]  INFO {AUDIT_LOG} - Initiator=wso2.system.user Action=Get-User-Claim-Values Target=admin Data={"Claims":{},"Profile":"default"} Outcome=Success
TID: [] [2023-06-09 09:20:39,843]  INFO {AUDIT_LOG} - Initiator=wso2.system.user Action=Get-User-Claim-Values Target=admin Data={"Claims":{},"Profile":"default"} Outcome=Success
TID: [-1234] [2023-06-09 09:20:53,832]  INFO {AUDIT_LOG} - GET /api/am/devportal/subscriptions?apiId=b708e07c-f833-4577-9072-b66243c058b3&limit=5000 user: admin@carbon.super app: PWfgQzPGHoxzOjpmoCalMGNtF2Ia
TID: [-1234] [2023-06-09 09:20:53,840]  INFO {AUDIT_LOG} - GET /api/am/devportal/apis/b708e07c-f833-4577-9072-b66243c058b3 user: admin@carbon.super app: PWfgQzPGHoxzOjpmoCalMGNtF2Ia
TID: [-1234] [2023-06-09 09:20:53,872]  INFO {AUDIT_LOG} - GET /api/am/devportal/subscriptions?apiId=b708e07c-f833-4577-9072-b66243c058b3&limit=25 user: admin@carbon.super app: PWfgQzPGHoxzOjpmoCalMGNtF2Ia
TID: [-1234] [2023-06-09 09:20:53,872]  INFO {AUDIT_LOG} - GET /api/am/devportal/applications?limit=5000 user: admin@carbon.super app: PWfgQzPGHoxzOjpmoCalMGNtF2Ia
TID: [-1234] [2023-06-09 09:21:04,680]  INFO {AUDIT_LOG} - GET /api/am/devportal/apis/b708e07c-f833-4577-9072-b66243c058b3 user: admin@carbon.super app: PWfgQzPGHoxzOjpmoCalMGNtF2Ia
TID: [-1234] [2023-06-09 09:21:04,727]  INFO {AUDIT_LOG} - GET /api/am/devportal/apis/b708e07c-f833-4577-9072-b66243c058b3/swagger?environmentName=Default user: admin@carbon.super app: PWfgQzPGHoxzOjpmoCalMGNtF2Ia
TID: [-1234] [2023-06-09 09:21:04,852]  INFO {AUDIT_LOG} - GET /api/am/devportal/key-managers user: admin@carbon.super app: PWfgQzPGHoxzOjpmoCalMGNtF2Ia
TID: [-1234] [2023-06-09 09:21:04,854]  INFO {AUDIT_LOG} - GET /api/am/devportal/subscriptions?apiId=b708e07c-f833-4577-9072-b66243c058b3&limit=25 user: admin@carbon.super app: PWfgQzPGHoxzOjpmoCalMGNtF2Ia
TID: [-1234] [2023-06-09 09:21:05,150]  INFO {AUDIT_LOG} - GET /api/am/devportal/subscriptions?apiId=b708e07c-f833-4577-9072-b66243c058b3&limit=25 user: admin@carbon.super app: PWfgQzPGHoxzOjpmoCalMGNtF2Ia
TID: [-1234] [2023-06-09 09:21:05,295]  INFO {AUDIT_LOG} - GET /api/am/devportal/applications/ user: admin@carbon.super app: PWfgQzPGHoxzOjpmoCalMGNtF2Ia
TID: [-1234] [2023-06-09 09:21:05,707]  INFO {AUDIT_LOG} - GET /api/am/devportal/applications/d8414650-0dc6-4424-9310-830582be7bd1 user: admin@carbon.super app: PWfgQzPGHoxzOjpmoCalMGNtF2Ia
TID: [-1234] [2023-06-09 09:21:05,738]  INFO {AUDIT_LOG} - GET /api/am/devportal/applications/d8414650-0dc6-4424-9310-830582be7bd1/oauth-keys user: admin@carbon.super app: PWfgQzPGHoxzOjpmoCalMGNtF2Ia
TID: [-1234] [2023-06-09 09:21:06,188]  INFO {AUDIT_LOG} - GET /api/am/devportal/applications/d8414650-0dc6-4424-9310-830582be7bd1 user: admin@carbon.super app: PWfgQzPGHoxzOjpmoCalMGNtF2Ia
TID: [-1234] [2023-06-09 09:21:06,399]  INFO {AUDIT_LOG} - GET /api/am/devportal/applications/d8414650-0dc6-4424-9310-830582be7bd1 user: admin@carbon.super app: PWfgQzPGHoxzOjpmoCalMGNtF2Ia
TID: [-1234] [2023-06-09 09:21:06,406]  INFO {AUDIT_LOG} - GET /api/am/devportal/applications/d8414650-0dc6-4424-9310-830582be7bd1/oauth-keys user: admin@carbon.super app: PWfgQzPGHoxzOjpmoCalMGNtF2Ia
TID: [-1234] [2023-06-09 09:21:06,425]  INFO {AUDIT_LOG} - GET /api/am/devportal/applications/d8414650-0dc6-4424-9310-830582be7bd1/oauth-keys user: admin@carbon.super app: PWfgQzPGHoxzOjpmoCalMGNtF2Ia
TID: [-1234] [2023-06-09 09:21:20,186]  INFO {AUDIT_LOG} - GET /api/am/devportal/applications/a2385395-c1a6-420a-a994-b4d9358fd5ff user: admin@carbon.super app: PWfgQzPGHoxzOjpmoCalMGNtF2Ia
TID: [-1234] [2023-06-09 09:21:20,205]  INFO {AUDIT_LOG} - GET /api/am/devportal/applications/a2385395-c1a6-420a-a994-b4d9358fd5ff/oauth-keys user: admin@carbon.super app: PWfgQzPGHoxzOjpmoCalMGNtF2Ia
TID: [-1234] [2023-06-09 09:21:26,151]  INFO {AUDIT_LOG} - GET /api/am/devportal/applications/a2385395-c1a6-420a-a994-b4d9358fd5ff user: admin@carbon.super app: PWfgQzPGHoxzOjpmoCalMGNtF2Ia
TID: [-1234] [2023-06-09 09:21:26,167]  INFO {AUDIT_LOG} - GET /api/am/devportal/applications/a2385395-c1a6-420a-a994-b4d9358fd5ff/oauth-keys user: admin@carbon.super app: PWfgQzPGHoxzOjpmoCalMGNtF2Ia
TID: [-1234] [2023-06-09 09:25:35,123]  INFO {AUDIT_LOG} - GET /api/am/publisher/throttling-policies/api?limit=80 user: admin@carbon.super app: txiX92C5lqCp5l9dsSSrmo9Dr6Ma
TID: [-1234] [2023-06-09 09:25:35,123]  INFO {AUDIT_LOG} - GET /api/am/publisher/scopes user: admin@carbon.super app: txiX92C5lqCp5l9dsSSrmo9Dr6Ma
TID: [-1234] [2023-06-09 09:25:35,128]  INFO {AUDIT_LOG} - GET /api/am/publisher/apis/b708e07c-f833-4577-9072-b66243c058b3/swagger user: admin@carbon.super app: txiX92C5lqCp5l9dsSSrmo9Dr6Ma
TID: [-1234] [2023-06-09 09:25:35,137]  INFO {AUDIT_LOG} - GET /api/am/publisher/apis/b708e07c-f833-4577-9072-b66243c058b3/amznResourceNames user: admin@carbon.super app: txiX92C5lqCp5l9dsSSrmo9Dr6Ma
TID: [-1234] [2023-06-09 09:26:33,082]  INFO {AUDIT_LOG} - GET /api/am/publisher/apis/b708e07c-f833-4577-9072-b66243c058b3/asyncapi user: admin@carbon.super app: txiX92C5lqCp5l9dsSSrmo9Dr6Ma
TID: [-1234] [2023-06-09 09:26:50,409]  INFO {AUDIT_LOG} - GET /api/am/publisher/apis/b708e07c-f833-4577-9072-b66243c058b3/asyncapi user: admin@carbon.super app: txiX92C5lqCp5l9dsSSrmo9Dr6Ma
TID: [-1234] [2023-06-09 09:26:52,540]  INFO {AUDIT_LOG} - GET /api/am/publisher/apis/b708e07c-f833-4577-9072-b66243c058b3/swagger user: admin@carbon.super app: txiX92C5lqCp5l9dsSSrmo9Dr6Ma
TID: [-1234] [2023-06-09 09:26:56,059]  INFO {AUDIT_LOG} - GET /api/am/publisher/apis/b708e07c-f833-4577-9072-b66243c058b3/swagger user: admin@carbon.super app: txiX92C5lqCp5l9dsSSrmo9Dr6Ma
TID: [-1234] [2023-06-09 09:26:56,114]  INFO {AUDIT_LOG} - GET /api/am/publisher/endpoint-certificates?endpoint=http%3A%2F%2Flocalhost%3A8000 user: admin@carbon.super app: txiX92C5lqCp5l9dsSSrmo9Dr6Ma
TID: [-1234] [2023-06-09 09:27:06,134]  INFO {AUDIT_LOG} - GET /api/am/publisher/apis/b708e07c-f833-4577-9072-b66243c058b3/swagger user: admin@carbon.super app: txiX92C5lqCp5l9dsSSrmo9Dr6Ma
TID: [-1234] [2023-06-09 09:27:06,200]  INFO {AUDIT_LOG} - GET /api/am/publisher/apis/b708e07c-f833-4577-9072-b66243c058b3/amznResourceNames user: admin@carbon.super app: txiX92C5lqCp5l9dsSSrmo9Dr6Ma
TID: [-1234] [2023-06-09 09:27:06,212]  INFO {AUDIT_LOG} - GET /api/am/publisher/scopes user: admin@carbon.super app: txiX92C5lqCp5l9dsSSrmo9Dr6Ma
TID: [-1234] [2023-06-09 09:27:06,217]  INFO {AUDIT_LOG} - GET /api/am/publisher/throttling-policies/api?limit=80 user: admin@carbon.super app: txiX92C5lqCp5l9dsSSrmo9Dr6Ma
TID: [-1234] [2023-06-09 09:27:43,688]  INFO {AUDIT_LOG} - PUT /api/am/publisher/apis/b708e07c-f833-4577-9072-b66243c058b3/swagger user: admin@carbon.super app: txiX92C5lqCp5l9dsSSrmo9Dr6Ma
TID: [-1234] [2023-06-09 09:27:44,090]  INFO {AUDIT_LOG} - {"performedBy":"admin","action":"updated","typ":"API","info":{"provider":"admin","name":"SocialApp","context":"/posts/1.0","version":"1.0"}}
TID: [-1234] [2023-06-09 09:27:44,631]  INFO {AUDIT_LOG} - GET /api/am/publisher/apis/b708e07c-f833-4577-9072-b66243c058b3 user: admin@carbon.super app: txiX92C5lqCp5l9dsSSrmo9Dr6Ma
TID: [] [2023-06-09 09:27:48,910]  INFO {AUDIT_LOG} - Initiator=wso2.system.user Action=Get-User-Claim-Values Target=admin Data={"Claims":{},"Profile":"default"} Outcome=Success
TID: [] [2023-06-09 09:27:48,912]  INFO {AUDIT_LOG} - Initiator=wso2.system.user Action=Get-User-Claim-Values Target=admin Data={"Claims":{},"Profile":"default"} Outcome=Success
TID: [] [2023-06-09 09:27:48,913]  INFO {AUDIT_LOG} - Initiator=wso2.system.user Action=Get-User-Claim-Values Target=admin Data={"Claims":{},"Profile":"default"} Outcome=Success
TID: [-1234] [2023-06-09 09:27:52,658]  INFO {AUDIT_LOG} - GET /api/am/publisher/apis/b708e07c-f833-4577-9072-b66243c058b3/swagger user: admin@carbon.super app: txiX92C5lqCp5l9dsSSrmo9Dr6Ma
TID: [-1234] [2023-06-09 09:27:52,662]  INFO {AUDIT_LOG} - GET /api/am/publisher/apis/b708e07c-f833-4577-9072-b66243c058b3/revisions?query=deployed%3Atrue user: admin@carbon.super app: txiX92C5lqCp5l9dsSSrmo9Dr6Ma
TID: [-1234] [2023-06-09 09:27:55,865]  INFO {AUDIT_LOG} - GET /api/am/devportal/settings user: admin@carbon.super app: PWfgQzPGHoxzOjpmoCalMGNtF2Ia
TID: [-1234] [2023-06-09 09:27:56,388]  INFO {AUDIT_LOG} - GET /api/am/devportal/tenants?state=active user: admin@carbon.super app: PWfgQzPGHoxzOjpmoCalMGNtF2Ia
TID: [-1234] [2023-06-09 09:27:56,888]  INFO {AUDIT_LOG} - GET /api/am/devportal/subscriptions?apiId=b708e07c-f833-4577-9072-b66243c058b3&limit=5000 user: admin@carbon.super app: PWfgQzPGHoxzOjpmoCalMGNtF2Ia
TID: [-1234] [2023-06-09 09:27:56,891]  INFO {AUDIT_LOG} - GET /api/am/devportal/apis/b708e07c-f833-4577-9072-b66243c058b3 user: admin@carbon.super app: PWfgQzPGHoxzOjpmoCalMGNtF2Ia
TID: [-1234] [2023-06-09 09:27:56,906]  INFO {AUDIT_LOG} - GET /api/am/devportal/applications?limit=5000 user: admin@carbon.super app: PWfgQzPGHoxzOjpmoCalMGNtF2Ia
TID: [-1234] [2023-06-09 09:27:56,923]  INFO {AUDIT_LOG} - GET /api/am/devportal/subscriptions?apiId=b708e07c-f833-4577-9072-b66243c058b3&limit=25 user: admin@carbon.super app: PWfgQzPGHoxzOjpmoCalMGNtF2Ia
TID: [-1234] [2023-06-09 09:27:58,174]  INFO {AUDIT_LOG} - GET /api/am/devportal/throttling-policies/subscription user: admin@carbon.super app: PWfgQzPGHoxzOjpmoCalMGNtF2Ia
TID: [-1234] [2023-06-09 09:27:58,174]  INFO {AUDIT_LOG} - GET /api/am/devportal/apis/b708e07c-f833-4577-9072-b66243c058b3/documents user: admin@carbon.super app: PWfgQzPGHoxzOjpmoCalMGNtF2Ia
TID: [-1234] [2023-06-09 09:27:58,184]  INFO {AUDIT_LOG} - GET /api/am/devportal/throttling-policies/subscription user: admin@carbon.super app: PWfgQzPGHoxzOjpmoCalMGNtF2Ia
TID: [-1234] [2023-06-09 09:27:58,206]  INFO {AUDIT_LOG} - GET /api/am/devportal/apis/b708e07c-f833-4577-9072-b66243c058b3/documents user: admin@carbon.super app: PWfgQzPGHoxzOjpmoCalMGNtF2Ia
TID: [-1234] [2023-06-09 09:27:58,318]  INFO {AUDIT_LOG} - GET /api/am/devportal/apis/b708e07c-f833-4577-9072-b66243c058b3/thumbnail user: admin@carbon.super app: PWfgQzPGHoxzOjpmoCalMGNtF2Ia
TID: [-1234] [2023-06-09 09:27:58,321]  INFO {AUDIT_LOG} - GET /api/am/devportal/apis/b708e07c-f833-4577-9072-b66243c058b3/comments?limit=5&offset=0 user: admin@carbon.super app: PWfgQzPGHoxzOjpmoCalMGNtF2Ia
TID: [-1234] [2023-06-09 09:27:58,340]  INFO {AUDIT_LOG} - GET /api/am/devportal/apis/b708e07c-f833-4577-9072-b66243c058b3/ratings user: admin@carbon.super app: PWfgQzPGHoxzOjpmoCalMGNtF2Ia
TID: [-1234] [2023-06-09 09:28:03,305]  INFO {AUDIT_LOG} - GET /api/am/devportal/subscriptions?apiId=b708e07c-f833-4577-9072-b66243c058b3&limit=5000 user: admin@carbon.super app: PWfgQzPGHoxzOjpmoCalMGNtF2Ia
TID: [-1234] [2023-06-09 09:28:03,317]  INFO {AUDIT_LOG} - GET /api/am/devportal/applications?limit=5000 user: admin@carbon.super app: PWfgQzPGHoxzOjpmoCalMGNtF2Ia
TID: [-1234] [2023-06-09 09:28:03,342]  INFO {AUDIT_LOG} - GET /api/am/devportal/subscriptions?apiId=b708e07c-f833-4577-9072-b66243c058b3&limit=25 user: admin@carbon.super app: PWfgQzPGHoxzOjpmoCalMGNtF2Ia
TID: [-1234] [2023-06-09 09:28:03,384]  INFO {AUDIT_LOG} - GET /api/am/devportal/apis/b708e07c-f833-4577-9072-b66243c058b3 user: admin@carbon.super app: PWfgQzPGHoxzOjpmoCalMGNtF2Ia
TID: [-1234] [2023-06-09 09:28:04,313]  INFO {AUDIT_LOG} - GET /api/am/devportal/apis/b708e07c-f833-4577-9072-b66243c058b3 user: admin@carbon.super app: PWfgQzPGHoxzOjpmoCalMGNtF2Ia
TID: [-1234] [2023-06-09 09:28:04,340]  INFO {AUDIT_LOG} - GET /api/am/devportal/apis/b708e07c-f833-4577-9072-b66243c058b3/swagger?environmentName=Default user: admin@carbon.super app: PWfgQzPGHoxzOjpmoCalMGNtF2Ia
TID: [-1234] [2023-06-09 09:28:04,494]  INFO {AUDIT_LOG} - GET /api/am/devportal/subscriptions?apiId=b708e07c-f833-4577-9072-b66243c058b3&limit=25 user: admin@carbon.super app: PWfgQzPGHoxzOjpmoCalMGNtF2Ia
TID: [-1234] [2023-06-09 09:28:04,509]  INFO {AUDIT_LOG} - GET /api/am/devportal/key-managers user: admin@carbon.super app: PWfgQzPGHoxzOjpmoCalMGNtF2Ia
TID: [-1234] [2023-06-09 09:28:04,834]  INFO {AUDIT_LOG} - GET /api/am/devportal/subscriptions?apiId=b708e07c-f833-4577-9072-b66243c058b3&limit=25 user: admin@carbon.super app: PWfgQzPGHoxzOjpmoCalMGNtF2Ia
TID: [-1234] [2023-06-09 09:28:04,987]  INFO {AUDIT_LOG} - GET /api/am/devportal/applications/ user: admin@carbon.super app: PWfgQzPGHoxzOjpmoCalMGNtF2Ia
TID: [-1234] [2023-06-09 09:28:05,205]  INFO {AUDIT_LOG} - GET /api/am/devportal/applications/d8414650-0dc6-4424-9310-830582be7bd1 user: admin@carbon.super app: PWfgQzPGHoxzOjpmoCalMGNtF2Ia
TID: [-1234] [2023-06-09 09:28:05,283]  INFO {AUDIT_LOG} - GET /api/am/devportal/applications/d8414650-0dc6-4424-9310-830582be7bd1/oauth-keys user: admin@carbon.super app: PWfgQzPGHoxzOjpmoCalMGNtF2Ia
TID: [-1234] [2023-06-09 09:28:05,653]  INFO {AUDIT_LOG} - GET /api/am/devportal/applications/d8414650-0dc6-4424-9310-830582be7bd1 user: admin@carbon.super app: PWfgQzPGHoxzOjpmoCalMGNtF2Ia
TID: [-1234] [2023-06-09 09:28:05,878]  INFO {AUDIT_LOG} - GET /api/am/devportal/applications/d8414650-0dc6-4424-9310-830582be7bd1 user: admin@carbon.super app: PWfgQzPGHoxzOjpmoCalMGNtF2Ia
TID: [-1234] [2023-06-09 09:28:05,883]  INFO {AUDIT_LOG} - GET /api/am/devportal/applications/d8414650-0dc6-4424-9310-830582be7bd1/oauth-keys user: admin@carbon.super app: PWfgQzPGHoxzOjpmoCalMGNtF2Ia
TID: [-1234] [2023-06-09 09:28:05,899]  INFO {AUDIT_LOG} - GET /api/am/devportal/applications/d8414650-0dc6-4424-9310-830582be7bd1/oauth-keys user: admin@carbon.super app: PWfgQzPGHoxzOjpmoCalMGNtF2Ia
TID: [-1234] [2023-06-09 09:28:11,719]  INFO {AUDIT_LOG} - GET /api/am/devportal/applications/d8414650-0dc6-4424-9310-830582be7bd1 user: admin@carbon.super app: PWfgQzPGHoxzOjpmoCalMGNtF2Ia
TID: [-1234] [2023-06-09 09:28:11,748]  INFO {AUDIT_LOG} - GET /api/am/devportal/applications/d8414650-0dc6-4424-9310-830582be7bd1/oauth-keys user: admin@carbon.super app: PWfgQzPGHoxzOjpmoCalMGNtF2Ia
TID: [-1234] [2023-06-09 09:28:34,992]  INFO {AUDIT_LOG} - GET /api/am/devportal/applications/a2385395-c1a6-420a-a994-b4d9358fd5ff user: admin@carbon.super app: PWfgQzPGHoxzOjpmoCalMGNtF2Ia
TID: [-1234] [2023-06-09 09:28:35,017]  INFO {AUDIT_LOG} - GET /api/am/devportal/applications/a2385395-c1a6-420a-a994-b4d9358fd5ff/oauth-keys user: admin@carbon.super app: PWfgQzPGHoxzOjpmoCalMGNtF2Ia
TID: [-1234] [2023-06-09 10:01:25,923]  INFO {AUDIT_LOG} - GET /api/am/publisher/apis?limit=10&offset=0 user: admin@carbon.super app: txiX92C5lqCp5l9dsSSrmo9Dr6Ma
TID: [-1234] [2023-06-09 10:01:26,549]  INFO {AUDIT_LOG} - Initiator=admin@carbon.super Action=Get-Roles-of-User Target=admin Data={"Filter":"*","Roles":["Internal/subscriber","Internal/creator","Internal/publisher","Internal/everyone","Internal/devops","admin","Internal/analytics","Internal/observer","Internal/integration_dev"]} Outcome=Success
TID: [-1234] [2023-06-09 10:02:15,542]  INFO {AUDIT_LOG} - GET /api/am/publisher/apis/8485612f-b238-4e6d-9c05-e116e15f9121 user: admin@carbon.super app: txiX92C5lqCp5l9dsSSrmo9Dr6Ma
TID: [-1234] [2023-06-09 10:02:15,546]  INFO {AUDIT_LOG} - GET /api/am/publisher/tenants?state=active user: admin@carbon.super app: txiX92C5lqCp5l9dsSSrmo9Dr6Ma
TID: [-1234] [2023-06-09 10:02:16,210]  INFO {AUDIT_LOG} - GET /api/am/publisher/apis/8485612f-b238-4e6d-9c05-e116e15f9121/swagger user: admin@carbon.super app: txiX92C5lqCp5l9dsSSrmo9Dr6Ma
TID: [-1234] [2023-06-09 10:02:16,222]  INFO {AUDIT_LOG} - GET /api/am/publisher/apis/8485612f-b238-4e6d-9c05-e116e15f9121/revisions?query=deployed%3Atrue user: admin@carbon.super app: txiX92C5lqCp5l9dsSSrmo9Dr6Ma
TID: [-1234] [2023-06-09 10:02:16,231]  INFO {AUDIT_LOG} - GET /api/am/publisher/apis/8485612f-b238-4e6d-9c05-e116e15f9121/revisions user: admin@carbon.super app: txiX92C5lqCp5l9dsSSrmo9Dr6Ma
TID: [-1234] [2023-06-09 10:02:16,398]  INFO {AUDIT_LOG} - GET /api/am/publisher/apis/8485612f-b238-4e6d-9c05-e116e15f9121/revisions?query=deployed%3Atrue user: admin@carbon.super app: txiX92C5lqCp5l9dsSSrmo9Dr6Ma
TID: [-1234] [2023-06-09 10:02:16,526]  INFO {AUDIT_LOG} - GET /api/am/publisher/apis/8485612f-b238-4e6d-9c05-e116e15f9121/swagger user: admin@carbon.super app: txiX92C5lqCp5l9dsSSrmo9Dr6Ma
TID: [-1234] [2023-06-09 10:02:16,527]  INFO {AUDIT_LOG} - GET /api/am/publisher/apis/8485612f-b238-4e6d-9c05-e116e15f9121/revisions?query=deployed%3Atrue user: admin@carbon.super app: txiX92C5lqCp5l9dsSSrmo9Dr6Ma
TID: [-1234] [2023-06-09 10:02:16,713]  INFO {AUDIT_LOG} - GET /api/am/publisher/apis/8485612f-b238-4e6d-9c05-e116e15f9121/revisions?query=deployed%3Atrue user: admin@carbon.super app: txiX92C5lqCp5l9dsSSrmo9Dr6Ma
TID: [-1234] [2023-06-09 10:02:16,715]  INFO {AUDIT_LOG} - GET /api/am/publisher/apis/8485612f-b238-4e6d-9c05-e116e15f9121/swagger user: admin@carbon.super app: txiX92C5lqCp5l9dsSSrmo9Dr6Ma
TID: [-1234] [2023-06-09 10:02:31,708]  INFO {AUDIT_LOG} - GET /api/am/devportal/tags user: admin@carbon.super app: PWfgQzPGHoxzOjpmoCalMGNtF2Ia
TID: [-1234] [2023-06-09 10:02:31,708]  INFO {AUDIT_LOG} - GET /api/am/devportal/apis?limit=10&offset=0 user: admin@carbon.super app: PWfgQzPGHoxzOjpmoCalMGNtF2Ia
TID: [-1234] [2023-06-09 10:02:31,723]  INFO {AUDIT_LOG} - GET /api/am/devportal/api-categories user: admin@carbon.super app: PWfgQzPGHoxzOjpmoCalMGNtF2Ia
TID: [-1234] [2023-06-09 10:02:32,083]  INFO {AUDIT_LOG} - GET /api/am/devportal/apis/746c7962-0923-4c21-be0e-a84d3748b57b/ratings user: admin@carbon.super app: PWfgQzPGHoxzOjpmoCalMGNtF2Ia
TID: [-1234] [2023-06-09 10:02:32,084]  INFO {AUDIT_LOG} - GET /api/am/devportal/apis/b708e07c-f833-4577-9072-b66243c058b3/ratings user: admin@carbon.super app: PWfgQzPGHoxzOjpmoCalMGNtF2Ia
TID: [-1234] [2023-06-09 10:02:32,085]  INFO {AUDIT_LOG} - GET /api/am/devportal/apis/8485612f-b238-4e6d-9c05-e116e15f9121/ratings user: admin@carbon.super app: PWfgQzPGHoxzOjpmoCalMGNtF2Ia
TID: [-1234] [2023-06-09 10:02:34,970]  INFO {AUDIT_LOG} - GET /api/am/devportal/subscriptions?apiId=8485612f-b238-4e6d-9c05-e116e15f9121&limit=25 user: admin@carbon.super app: PWfgQzPGHoxzOjpmoCalMGNtF2Ia
TID: [-1234] [2023-06-09 10:02:34,984]  INFO {AUDIT_LOG} - GET /api/am/devportal/applications?limit=5000 user: admin@carbon.super app: PWfgQzPGHoxzOjpmoCalMGNtF2Ia
TID: [-1234] [2023-06-09 10:02:34,984]  INFO {AUDIT_LOG} - GET /api/am/devportal/apis/8485612f-b238-4e6d-9c05-e116e15f9121 user: admin@carbon.super app: PWfgQzPGHoxzOjpmoCalMGNtF2Ia
TID: [-1234] [2023-06-09 10:02:34,991]  INFO {AUDIT_LOG} - GET /api/am/devportal/subscriptions?apiId=8485612f-b238-4e6d-9c05-e116e15f9121&limit=5000 user: admin@carbon.super app: PWfgQzPGHoxzOjpmoCalMGNtF2Ia
TID: [-1234] [2023-06-09 10:02:35,076]  INFO {AUDIT_LOG} - GET /api/am/devportal/apis/8485612f-b238-4e6d-9c05-e116e15f9121/documents user: admin@carbon.super app: PWfgQzPGHoxzOjpmoCalMGNtF2Ia
TID: [-1234] [2023-06-09 10:02:35,085]  INFO {AUDIT_LOG} - GET /api/am/devportal/throttling-policies/subscription user: admin@carbon.super app: PWfgQzPGHoxzOjpmoCalMGNtF2Ia
TID: [-1234] [2023-06-09 10:02:35,117]  INFO {AUDIT_LOG} - GET /api/am/devportal/throttling-policies/subscription user: admin@carbon.super app: PWfgQzPGHoxzOjpmoCalMGNtF2Ia
TID: [-1234] [2023-06-09 10:02:35,169]  INFO {AUDIT_LOG} - GET /api/am/devportal/apis/8485612f-b238-4e6d-9c05-e116e15f9121/documents user: admin@carbon.super app: PWfgQzPGHoxzOjpmoCalMGNtF2Ia
TID: [-1234] [2023-06-09 10:02:35,394]  INFO {AUDIT_LOG} - GET /api/am/devportal/apis/8485612f-b238-4e6d-9c05-e116e15f9121/thumbnail user: admin@carbon.super app: PWfgQzPGHoxzOjpmoCalMGNtF2Ia
TID: [-1234] [2023-06-09 10:02:35,416]  INFO {AUDIT_LOG} - GET /api/am/devportal/apis/8485612f-b238-4e6d-9c05-e116e15f9121/comments?limit=5&offset=0 user: admin@carbon.super app: PWfgQzPGHoxzOjpmoCalMGNtF2Ia
TID: [-1234] [2023-06-09 10:02:35,505]  INFO {AUDIT_LOG} - GET /api/am/devportal/apis/8485612f-b238-4e6d-9c05-e116e15f9121/ratings user: admin@carbon.super app: PWfgQzPGHoxzOjpmoCalMGNtF2Ia
TID: [-1234] [2023-06-09 10:02:50,785]  INFO {AUDIT_LOG} - GET /api/am/devportal/apis?limit=10&offset=0 user: admin@carbon.super app: PWfgQzPGHoxzOjpmoCalMGNtF2Ia
TID: [-1234] [2023-06-09 10:02:50,788]  INFO {AUDIT_LOG} - GET /api/am/devportal/tags user: admin@carbon.super app: PWfgQzPGHoxzOjpmoCalMGNtF2Ia
TID: [-1234] [2023-06-09 10:02:50,801]  INFO {AUDIT_LOG} - GET /api/am/devportal/api-categories user: admin@carbon.super app: PWfgQzPGHoxzOjpmoCalMGNtF2Ia
TID: [-1234] [2023-06-09 10:02:51,053]  INFO {AUDIT_LOG} - GET /api/am/devportal/apis/746c7962-0923-4c21-be0e-a84d3748b57b/ratings user: admin@carbon.super app: PWfgQzPGHoxzOjpmoCalMGNtF2Ia
TID: [-1234] [2023-06-09 10:02:51,054]  INFO {AUDIT_LOG} - GET /api/am/devportal/apis/8485612f-b238-4e6d-9c05-e116e15f9121/ratings user: admin@carbon.super app: PWfgQzPGHoxzOjpmoCalMGNtF2Ia
TID: [-1234] [2023-06-09 10:02:51,058]  INFO {AUDIT_LOG} - GET /api/am/devportal/apis/b708e07c-f833-4577-9072-b66243c058b3/ratings user: admin@carbon.super app: PWfgQzPGHoxzOjpmoCalMGNtF2Ia
