TID: [-1234] [2023-06-12 10:25:09,021]  INFO {AUDIT_LOG} - Initiator=wso2.system.user Action=Get-User-Claim-Values Target=admin Data={"Claims":{},"Profile":"default"} Outcome=Success
TID: [-1234] [2023-06-12 10:25:09,021]  INFO {AUDIT_LOG} - Initiator=wso2.system.user Action=Get-User-Claim-Values Target=admin Data={"Claims":{},"Profile":"default"} Outcome=Success
TID: [-1234] [2023-06-12 10:25:09,021]  INFO {AUDIT_LOG} - Initiator=wso2.system.user Action=Get-User-Claim-Values Target=admin Data={"Claims":{},"Profile":"default"} Outcome=Success
TID: [-1234] [2023-06-12 10:25:09,021]  INFO {AUDIT_LOG} - Initiator=wso2.system.user Action=Get-User-Claim-Values Target=admin Data={"Claims":{},"Profile":"default"} Outcome=Success
TID: [-1234] [2023-06-12 10:25:09,021]  INFO {AUDIT_LOG} - Initiator=wso2.system.user Action=Get-User-Claim-Values Target=admin Data={"Claims":{},"Profile":"default"} Outcome=Success
TID: [-1234] [2023-06-12 10:25:09,021]  INFO {AUDIT_LOG} - Initiator=wso2.system.user Action=Get-User-Claim-Values Target=admin Data={"Claims":{},"Profile":"default"} Outcome=Success
TID: [-1234] [2023-06-12 10:25:09,021]  INFO {AUDIT_LOG} - Initiator=wso2.system.user Action=Get-User-Claim-Values Target=admin Data={"Claims":{},"Profile":"default"} Outcome=Success
TID: [-1234] [2023-06-12 10:25:09,021]  INFO {AUDIT_LOG} - Initiator=wso2.system.user Action=Get-User-Claim-Values Target=admin Data={"Claims":{},"Profile":"default"} Outcome=Success
TID: [-1234] [2023-06-12 10:25:09,022]  INFO {AUDIT_LOG} - Initiator=wso2.system.user Action=Get-User-Claim-Values Target=admin Data={"Claims":{},"Profile":"default"} Outcome=Success
TID: [-1234] [2023-06-12 10:25:09,027]  INFO {AUDIT_LOG} - Initiator=wso2.system.user Action=Get-User-Claim-Values Target=admin Data={"Claims":{},"Profile":"default"} Outcome=Success
TID: [-1234] [2023-06-12 10:25:09,027]  INFO {AUDIT_LOG} - Initiator=wso2.system.user Action=Get-User-Claim-Values Target=admin Data={"Claims":{},"Profile":"default"} Outcome=Success
TID: [-1234] [2023-06-12 10:25:09,027]  INFO {AUDIT_LOG} - Initiator=wso2.system.user Action=Get-User-Claim-Values Target=admin Data={"Claims":{},"Profile":"default"} Outcome=Success
TID: [-1234] [2023-06-12 10:25:09,027]  INFO {AUDIT_LOG} - Initiator=wso2.system.user Action=Get-User-Claim-Values Target=admin Data={"Claims":{},"Profile":"default"} Outcome=Success
TID: [-1234] [2023-06-12 10:25:09,028]  INFO {AUDIT_LOG} - Initiator=wso2.system.user Action=Get-User-Claim-Values Target=admin Data={"Claims":{},"Profile":"default"} Outcome=Success
TID: [-1234] [2023-06-12 10:25:09,029]  INFO {AUDIT_LOG} - Initiator=wso2.system.user Action=Get-User-Claim-Values Target=admin Data={"Claims":{},"Profile":"default"} Outcome=Success
TID: [-1234] [2023-06-12 10:25:09,030]  INFO {AUDIT_LOG} - Initiator=wso2.system.user Action=Get-User-Claim-Values Target=admin Data={"Claims":{},"Profile":"default"} Outcome=Success
TID: [-1234] [2023-06-12 10:25:09,031]  INFO {AUDIT_LOG} - Initiator=wso2.system.user Action=Get-User-Claim-Values Target=admin Data={"Claims":{},"Profile":"default"} Outcome=Success
TID: [-1234] [2023-06-12 10:25:09,032]  INFO {AUDIT_LOG} - Initiator=wso2.system.user Action=Get-User-Claim-Values Target=admin Data={"Claims":{},"Profile":"default"} Outcome=Success
TID: [-1234] [2023-06-12 10:25:09,032]  INFO {AUDIT_LOG} - Initiator=wso2.system.user Action=Get-User-Claim-Values Target=admin Data={"Claims":{},"Profile":"default"} Outcome=Success
TID: [-1234] [2023-06-12 10:25:09,038]  INFO {AUDIT_LOG} - Initiator=wso2.system.user Action=Get-User-Claim-Values Target=admin Data={"Claims":{},"Profile":"default"} Outcome=Success
TID: [-1234] [2023-06-12 10:25:09,043]  INFO {AUDIT_LOG} - Initiator=wso2.system.user Action=Get-User-Claim-Values Target=admin Data={"Claims":{},"Profile":"default"} Outcome=Success
TID: [-1234] [2023-06-12 10:25:09,045]  INFO {AUDIT_LOG} - Initiator=wso2.system.user Action=Get-User-Claim-Values Target=admin Data={"Claims":{},"Profile":"default"} Outcome=Success
TID: [-1234] [2023-06-12 10:25:09,046]  INFO {AUDIT_LOG} - Initiator=wso2.system.user Action=Get-User-Claim-Values Target=admin Data={"Claims":{},"Profile":"default"} Outcome=Success
TID: [-1234] [2023-06-12 10:25:09,047]  INFO {AUDIT_LOG} - Initiator=wso2.system.user Action=Get-User-Claim-Values Target=admin Data={"Claims":{},"Profile":"default"} Outcome=Success
TID: [-1234] [2023-06-12 10:25:09,048]  INFO {AUDIT_LOG} - Initiator=wso2.system.user Action=Get-User-Claim-Values Target=admin Data={"Claims":{},"Profile":"default"} Outcome=Success
TID: [-1234] [2023-06-12 10:25:09,050]  INFO {AUDIT_LOG} - Initiator=wso2.system.user Action=Get-User-Claim-Values Target=admin Data={"Claims":{},"Profile":"default"} Outcome=Success
TID: [-1234] [2023-06-12 10:25:09,051]  INFO {AUDIT_LOG} - Initiator=wso2.system.user Action=Get-User-Claim-Values Target=admin Data={"Claims":{},"Profile":"default"} Outcome=Success
TID: [-1234] [2023-06-12 10:25:10,583]  INFO {AUDIT_LOG} - Initiator=wso2.system.user Action=Get-User-Claim-Values Target=admin Data={"Claims":{},"Profile":"default"} Outcome=Success
TID: [-1234] [2023-06-12 10:25:10,585]  INFO {AUDIT_LOG} - Initiator=wso2.system.user Action=Get-User-Claim-Values Target=admin Data={"Claims":{},"Profile":"default"} Outcome=Success
TID: [-1234] [2023-06-12 10:25:10,586]  INFO {AUDIT_LOG} - Initiator=wso2.system.user Action=Get-User-Claim-Values Target=admin Data={"Claims":{},"Profile":"default"} Outcome=Success
TID: [-1234] [2023-06-12 10:25:10,653]  INFO {AUDIT_LOG} - Initiator=wso2.system.user Action=Get-User-Claim-Values Target=admin Data={"Claims":{},"Profile":"default"} Outcome=Success
TID: [-1234] [2023-06-12 10:25:10,655]  INFO {AUDIT_LOG} - Initiator=wso2.system.user Action=Get-User-Claim-Values Target=admin Data={"Claims":{},"Profile":"default"} Outcome=Success
TID: [-1234] [2023-06-12 10:25:10,655]  INFO {AUDIT_LOG} - Initiator=wso2.system.user Action=Get-User-Claim-Values Target=admin Data={"Claims":{},"Profile":"default"} Outcome=Success
TID: [-1234] [2023-06-12 10:25:10,667]  INFO {AUDIT_LOG} - Initiator=wso2.system.user Action=Get-User-Claim-Values Target=admin Data={"Claims":{},"Profile":"default"} Outcome=Success
TID: [-1234] [2023-06-12 10:25:10,669]  INFO {AUDIT_LOG} - Initiator=wso2.system.user Action=Get-User-Claim-Values Target=admin Data={"Claims":{},"Profile":"default"} Outcome=Success
TID: [-1234] [2023-06-12 10:25:10,669]  INFO {AUDIT_LOG} - Initiator=wso2.system.user Action=Get-User-Claim-Values Target=admin Data={"Claims":{},"Profile":"default"} Outcome=Success
TID: [-1234] [2023-06-12 10:25:10,799]  INFO {AUDIT_LOG} - Initiator=wso2.system.user Action=Get-User-Claim-Values Target=admin Data={"Claims":{},"Profile":"default"} Outcome=Success
TID: [-1234] [2023-06-12 10:25:10,800]  INFO {AUDIT_LOG} - Initiator=wso2.system.user Action=Get-User-Claim-Values Target=admin Data={"Claims":{},"Profile":"default"} Outcome=Success
TID: [-1234] [2023-06-12 10:25:10,801]  INFO {AUDIT_LOG} - Initiator=wso2.system.user Action=Get-User-Claim-Values Target=admin Data={"Claims":{},"Profile":"default"} Outcome=Success
TID: [-1234] [2023-06-12 10:25:10,807]  INFO {AUDIT_LOG} - Initiator=wso2.system.user Action=Get-User-Claim-Values Target=admin Data={"Claims":{},"Profile":"default"} Outcome=Success
TID: [-1234] [2023-06-12 10:25:10,809]  INFO {AUDIT_LOG} - Initiator=wso2.system.user Action=Get-User-Claim-Values Target=admin Data={"Claims":{},"Profile":"default"} Outcome=Success
TID: [-1234] [2023-06-12 10:25:10,813]  INFO {AUDIT_LOG} - Initiator=wso2.system.user Action=Get-User-Claim-Values Target=admin Data={"Claims":{},"Profile":"default"} Outcome=Success
TID: [-1234] [2023-06-12 10:25:10,856]  INFO {AUDIT_LOG} - Initiator=wso2.system.user Action=Get-User-Claim-Values Target=admin Data={"Claims":{},"Profile":"default"} Outcome=Success
TID: [-1234] [2023-06-12 10:25:10,858]  INFO {AUDIT_LOG} - Initiator=wso2.system.user Action=Get-User-Claim-Values Target=admin Data={"Claims":{},"Profile":"default"} Outcome=Success
TID: [-1234] [2023-06-12 10:25:10,858]  INFO {AUDIT_LOG} - Initiator=wso2.system.user Action=Get-User-Claim-Values Target=admin Data={"Claims":{},"Profile":"default"} Outcome=Success
TID: [-1234] [2023-06-12 10:25:10,936]  INFO {AUDIT_LOG} - Initiator=wso2.system.user Action=Get-User-Claim-Values Target=admin Data={"Claims":{},"Profile":"default"} Outcome=Success
TID: [-1234] [2023-06-12 10:25:10,938]  INFO {AUDIT_LOG} - Initiator=wso2.system.user Action=Get-User-Claim-Values Target=admin Data={"Claims":{},"Profile":"default"} Outcome=Success
TID: [-1234] [2023-06-12 10:25:10,938]  INFO {AUDIT_LOG} - Initiator=wso2.system.user Action=Get-User-Claim-Values Target=admin Data={"Claims":{},"Profile":"default"} Outcome=Success
TID: [] [2023-06-12 10:25:11,496]  INFO {AUDIT_LOG} - Initiator=wso2.system.user Action=Get-User-Claim-Values Target=admin Data={"Claims":{},"Profile":"default"} Outcome=Success
TID: [] [2023-06-12 10:25:11,497]  INFO {AUDIT_LOG} - Initiator=wso2.system.user Action=Get-User-Claim-Values Target=admin Data={"Claims":{},"Profile":"default"} Outcome=Success
TID: [] [2023-06-12 10:25:11,498]  INFO {AUDIT_LOG} - Initiator=wso2.system.user Action=Get-User-Claim-Values Target=admin Data={"Claims":{},"Profile":"default"} Outcome=Success
TID: [-1234] [2023-06-12 10:25:11,858]  INFO {AUDIT_LOG} - Initiator=wso2.system.user Action=Get-User-Claim-Values Target=admin Data={"Claims":{},"Profile":"default"} Outcome=Success
TID: [-1234] [2023-06-12 10:25:11,858]  INFO {AUDIT_LOG} - Initiator=wso2.system.user Action=Get-User-Claim-Values Target=admin Data={"Claims":{},"Profile":"default"} Outcome=Success
TID: [-1234] [2023-06-12 10:25:11,859]  INFO {AUDIT_LOG} - Initiator=wso2.system.user Action=Get-User-Claim-Values Target=admin Data={"Claims":{},"Profile":"default"} Outcome=Success
TID: [-1234] [2023-06-12 10:25:11,859]  INFO {AUDIT_LOG} - Initiator=wso2.system.user Action=Get-User-Claim-Values Target=admin Data={"Claims":{},"Profile":"default"} Outcome=Success
TID: [-1234] [2023-06-12 10:25:11,859]  INFO {AUDIT_LOG} - Initiator=wso2.system.user Action=Get-User-Claim-Values Target=admin Data={"Claims":{},"Profile":"default"} Outcome=Success
TID: [-1234] [2023-06-12 10:25:11,859]  INFO {AUDIT_LOG} - Initiator=wso2.system.user Action=Get-User-Claim-Values Target=admin Data={"Claims":{},"Profile":"default"} Outcome=Success
TID: [-1234] [2023-06-12 10:25:11,871]  INFO {AUDIT_LOG} - Initiator=wso2.system.user Action=Get-User-Claim-Values Target=admin Data={"Claims":{},"Profile":"default"} Outcome=Success
TID: [-1234] [2023-06-12 10:25:11,873]  INFO {AUDIT_LOG} - Initiator=wso2.system.user Action=Get-User-Claim-Values Target=admin Data={"Claims":{},"Profile":"default"} Outcome=Success
TID: [-1234] [2023-06-12 10:25:11,873]  INFO {AUDIT_LOG} - Initiator=wso2.system.user Action=Get-User-Claim-Values Target=admin Data={"Claims":{},"Profile":"default"} Outcome=Success
TID: [-1234] [2023-06-12 10:25:12,506]  INFO {AUDIT_LOG} - Initiator=wso2.system.user Action=Get-User-Claim-Values Target=admin Data={"Claims":{},"Profile":"default"} Outcome=Success
TID: [-1234] [2023-06-12 10:25:12,511]  INFO {AUDIT_LOG} - Initiator=wso2.system.user Action=Get-User-Claim-Values Target=admin Data={"Claims":{},"Profile":"default"} Outcome=Success
TID: [-1234] [2023-06-12 10:25:12,512]  INFO {AUDIT_LOG} - Initiator=wso2.system.user Action=Get-User-Claim-Values Target=admin Data={"Claims":{},"Profile":"default"} Outcome=Success
TID: [-1234] [2023-06-12 10:25:12,756]  INFO {AUDIT_LOG} - Initiator=wso2.system.user Action=Get-User-Claim-Values Target=admin Data={"Claims":{},"Profile":"default"} Outcome=Success
TID: [-1234] [2023-06-12 10:25:12,759]  INFO {AUDIT_LOG} - Initiator=wso2.system.user Action=Get-User-Claim-Values Target=admin Data={"Claims":{},"Profile":"default"} Outcome=Success
TID: [-1234] [2023-06-12 10:25:12,760]  INFO {AUDIT_LOG} - Initiator=wso2.system.user Action=Get-User-Claim-Values Target=admin Data={"Claims":{},"Profile":"default"} Outcome=Success
TID: [-1234] [2023-06-12 10:25:13,034]  INFO {AUDIT_LOG} - Initiator=wso2.system.user Action=Get-User-Claim-Values Target=admin Data={"Claims":{},"Profile":"default"} Outcome=Success
TID: [-1234] [2023-06-12 10:25:13,036]  INFO {AUDIT_LOG} - Initiator=wso2.system.user Action=Get-User-Claim-Values Target=admin Data={"Claims":{},"Profile":"default"} Outcome=Success
TID: [-1234] [2023-06-12 10:25:13,036]  INFO {AUDIT_LOG} - Initiator=wso2.system.user Action=Get-User-Claim-Values Target=admin Data={"Claims":{},"Profile":"default"} Outcome=Success
TID: [] [2023-06-12 10:25:16,992]  INFO {AUDIT_LOG} - Initiator=wso2.system.user Action=Get-User-Claim-Values Target=admin Data={"Claims":{},"Profile":"default"} Outcome=Success
TID: [] [2023-06-12 10:25:16,992]  INFO {AUDIT_LOG} - Initiator=wso2.system.user Action=Get-User-Claim-Values Target=admin Data={"Claims":{},"Profile":"default"} Outcome=Success
TID: [] [2023-06-12 10:25:16,993]  INFO {AUDIT_LOG} - Initiator=wso2.system.user Action=Get-User-Claim-Values Target=admin Data={"Claims":{},"Profile":"default"} Outcome=Success
TID: [] [2023-06-12 10:25:16,993]  INFO {AUDIT_LOG} - Initiator=wso2.system.user Action=Get-User-Claim-Values Target=admin Data={"Claims":{},"Profile":"default"} Outcome=Success
TID: [] [2023-06-12 10:25:16,993]  INFO {AUDIT_LOG} - Initiator=wso2.system.user Action=Get-User-Claim-Values Target=admin Data={"Claims":{},"Profile":"default"} Outcome=Success
TID: [] [2023-06-12 10:25:16,993]  INFO {AUDIT_LOG} - Initiator=wso2.system.user Action=Get-User-Claim-Values Target=admin Data={"Claims":{},"Profile":"default"} Outcome=Success
TID: [] [2023-06-12 10:25:17,004]  INFO {AUDIT_LOG} - Initiator=wso2.system.user Action=Get-User-Claim-Values Target=admin Data={"Claims":{},"Profile":"default"} Outcome=Success
TID: [] [2023-06-12 10:25:17,005]  INFO {AUDIT_LOG} - Initiator=wso2.system.user Action=Get-User-Claim-Values Target=admin Data={"Claims":{},"Profile":"default"} Outcome=Success
TID: [] [2023-06-12 10:25:17,005]  INFO {AUDIT_LOG} - Initiator=wso2.system.user Action=Get-User-Claim-Values Target=admin Data={"Claims":{},"Profile":"default"} Outcome=Success
TID: [] [2023-06-12 10:25:17,007]  INFO {AUDIT_LOG} - Initiator=wso2.system.user Action=Get-User-Claim-Values Target=admin Data={"Claims":{},"Profile":"default"} Outcome=Success
TID: [] [2023-06-12 10:25:17,008]  INFO {AUDIT_LOG} - Initiator=wso2.system.user Action=Get-User-Claim-Values Target=admin Data={"Claims":{},"Profile":"default"} Outcome=Success
TID: [] [2023-06-12 10:25:17,008]  INFO {AUDIT_LOG} - Initiator=wso2.system.user Action=Get-User-Claim-Values Target=admin Data={"Claims":{},"Profile":"default"} Outcome=Success
TID: [] [2023-06-12 10:25:21,566]  INFO {AUDIT_LOG} - Initiator=wso2.system.user Action=Get-User-Claim-Values Target=admin Data={"Claims":{},"Profile":"default"} Outcome=Success
TID: [] [2023-06-12 10:25:21,566]  INFO {AUDIT_LOG} - Initiator=wso2.system.user Action=Get-User-Claim-Values Target=admin Data={"Claims":{},"Profile":"default"} Outcome=Success
TID: [] [2023-06-12 10:25:21,567]  INFO {AUDIT_LOG} - Initiator=wso2.system.user Action=Get-User-Claim-Values Target=admin Data={"Claims":{},"Profile":"default"} Outcome=Success
TID: [] [2023-06-12 10:25:21,567]  INFO {AUDIT_LOG} - Initiator=wso2.system.user Action=Get-User-Claim-Values Target=admin Data={"Claims":{},"Profile":"default"} Outcome=Success
TID: [] [2023-06-12 10:25:21,567]  INFO {AUDIT_LOG} - Initiator=wso2.system.user Action=Get-User-Claim-Values Target=admin Data={"Claims":{},"Profile":"default"} Outcome=Success
TID: [] [2023-06-12 10:25:21,567]  INFO {AUDIT_LOG} - Initiator=wso2.system.user Action=Get-User-Claim-Values Target=admin Data={"Claims":{},"Profile":"default"} Outcome=Success
TID: [] [2023-06-12 10:25:21,568]  INFO {AUDIT_LOG} - Initiator=wso2.system.user Action=Get-User-Claim-Values Target=admin Data={"Claims":{},"Profile":"default"} Outcome=Success
TID: [] [2023-06-12 10:25:21,569]  INFO {AUDIT_LOG} - Initiator=wso2.system.user Action=Get-User-Claim-Values Target=admin Data={"Claims":{},"Profile":"default"} Outcome=Success
TID: [] [2023-06-12 10:25:21,569]  INFO {AUDIT_LOG} - Initiator=wso2.system.user Action=Get-User-Claim-Values Target=admin Data={"Claims":{},"Profile":"default"} Outcome=Success
TID: [] [2023-06-12 10:25:21,573]  INFO {AUDIT_LOG} - Initiator=wso2.system.user Action=Get-User-Claim-Values Target=admin Data={"Claims":{},"Profile":"default"} Outcome=Success
TID: [] [2023-06-12 10:25:21,576]  INFO {AUDIT_LOG} - Initiator=wso2.system.user Action=Get-User-Claim-Values Target=admin Data={"Claims":{},"Profile":"default"} Outcome=Success
TID: [] [2023-06-12 10:25:21,576]  INFO {AUDIT_LOG} - Initiator=wso2.system.user Action=Get-User-Claim-Values Target=admin Data={"Claims":{},"Profile":"default"} Outcome=Success
TID: [] [2023-06-12 10:25:26,121]  INFO {AUDIT_LOG} - Initiator=wso2.system.user Action=Get-User-Claim-Values Target=admin Data={"Claims":{},"Profile":"default"} Outcome=Success
TID: [] [2023-06-12 10:25:26,122]  INFO {AUDIT_LOG} - Initiator=wso2.system.user Action=Get-User-Claim-Values Target=admin Data={"Claims":{},"Profile":"default"} Outcome=Success
TID: [] [2023-06-12 10:25:26,122]  INFO {AUDIT_LOG} - Initiator=wso2.system.user Action=Get-User-Claim-Values Target=admin Data={"Claims":{},"Profile":"default"} Outcome=Success
TID: [] [2023-06-12 10:25:26,200]  INFO {AUDIT_LOG} - Initiator=wso2.system.user Action=Get-User-Claim-Values Target=admin Data={"Claims":{},"Profile":"default"} Outcome=Success
TID: [] [2023-06-12 10:25:26,201]  INFO {AUDIT_LOG} - Initiator=wso2.system.user Action=Get-User-Claim-Values Target=admin Data={"Claims":{},"Profile":"default"} Outcome=Success
TID: [] [2023-06-12 10:25:26,201]  INFO {AUDIT_LOG} - Initiator=wso2.system.user Action=Get-User-Claim-Values Target=admin Data={"Claims":{},"Profile":"default"} Outcome=Success
TID: [] [2023-06-12 10:25:26,215]  INFO {AUDIT_LOG} - Initiator=wso2.system.user Action=Get-User-Claim-Values Target=admin Data={"Claims":{},"Profile":"default"} Outcome=Success
TID: [] [2023-06-12 10:25:26,215]  INFO {AUDIT_LOG} - Initiator=wso2.system.user Action=Get-User-Claim-Values Target=admin Data={"Claims":{},"Profile":"default"} Outcome=Success
TID: [] [2023-06-12 10:25:26,216]  INFO {AUDIT_LOG} - Initiator=wso2.system.user Action=Get-User-Claim-Values Target=admin Data={"Claims":{},"Profile":"default"} Outcome=Success
TID: [] [2023-06-12 10:25:26,216]  INFO {AUDIT_LOG} - Initiator=wso2.system.user Action=Get-User-Claim-Values Target=admin Data={"Claims":{},"Profile":"default"} Outcome=Success
TID: [] [2023-06-12 10:25:26,217]  INFO {AUDIT_LOG} - Initiator=wso2.system.user Action=Get-User-Claim-Values Target=admin Data={"Claims":{},"Profile":"default"} Outcome=Success
TID: [] [2023-06-12 10:25:26,217]  INFO {AUDIT_LOG} - Initiator=wso2.system.user Action=Get-User-Claim-Values Target=admin Data={"Claims":{},"Profile":"default"} Outcome=Success
TID: [] [2023-06-12 10:25:30,777]  INFO {AUDIT_LOG} - Initiator=wso2.system.user Action=Get-User-Claim-Values Target=admin Data={"Claims":{},"Profile":"default"} Outcome=Success
TID: [] [2023-06-12 10:25:30,778]  INFO {AUDIT_LOG} - Initiator=wso2.system.user Action=Get-User-Claim-Values Target=admin Data={"Claims":{},"Profile":"default"} Outcome=Success
TID: [] [2023-06-12 10:25:30,778]  INFO {AUDIT_LOG} - Initiator=wso2.system.user Action=Get-User-Claim-Values Target=admin Data={"Claims":{},"Profile":"default"} Outcome=Success
TID: [] [2023-06-12 10:25:30,778]  INFO {AUDIT_LOG} - Initiator=wso2.system.user Action=Get-User-Claim-Values Target=admin Data={"Claims":{},"Profile":"default"} Outcome=Success
TID: [] [2023-06-12 10:25:30,778]  INFO {AUDIT_LOG} - Initiator=wso2.system.user Action=Get-User-Claim-Values Target=admin Data={"Claims":{},"Profile":"default"} Outcome=Success
TID: [] [2023-06-12 10:25:30,779]  INFO {AUDIT_LOG} - Initiator=wso2.system.user Action=Get-User-Claim-Values Target=admin Data={"Claims":{},"Profile":"default"} Outcome=Success
TID: [] [2023-06-12 10:25:30,781]  INFO {AUDIT_LOG} - Initiator=wso2.system.user Action=Get-User-Claim-Values Target=admin Data={"Claims":{},"Profile":"default"} Outcome=Success
TID: [] [2023-06-12 10:25:30,782]  INFO {AUDIT_LOG} - Initiator=wso2.system.user Action=Get-User-Claim-Values Target=admin Data={"Claims":{},"Profile":"default"} Outcome=Success
TID: [] [2023-06-12 10:25:30,782]  INFO {AUDIT_LOG} - Initiator=wso2.system.user Action=Get-User-Claim-Values Target=admin Data={"Claims":{},"Profile":"default"} Outcome=Success
TID: [] [2023-06-12 10:25:30,783]  INFO {AUDIT_LOG} - Initiator=wso2.system.user Action=Get-User-Claim-Values Target=admin Data={"Claims":{},"Profile":"default"} Outcome=Success
TID: [] [2023-06-12 10:25:30,784]  INFO {AUDIT_LOG} - Initiator=wso2.system.user Action=Get-User-Claim-Values Target=admin Data={"Claims":{},"Profile":"default"} Outcome=Success
TID: [] [2023-06-12 10:25:30,784]  INFO {AUDIT_LOG} - Initiator=wso2.system.user Action=Get-User-Claim-Values Target=admin Data={"Claims":{},"Profile":"default"} Outcome=Success
TID: [] [2023-06-12 10:25:30,877]  INFO {AUDIT_LOG} - Initiator=wso2.system.user Action=Get-Roles-of-User Target=admin Data={"Filter":"*","Roles":["Internal/subscriber","Internal/creator","Internal/publisher","Internal/everyone","Internal/devops","admin","Internal/analytics","Internal/observer","Internal/integration_dev"]} Outcome=Success
TID: [] [2023-06-12 10:25:35,447]  INFO {AUDIT_LOG} - Initiator=wso2.system.user Action=Get-User-Claim-Values Target=admin Data={"Claims":{},"Profile":"default"} Outcome=Success
TID: [] [2023-06-12 10:25:35,447]  INFO {AUDIT_LOG} - Initiator=wso2.system.user Action=Get-User-Claim-Values Target=admin Data={"Claims":{},"Profile":"default"} Outcome=Success
TID: [] [2023-06-12 10:25:35,448]  INFO {AUDIT_LOG} - Initiator=wso2.system.user Action=Get-User-Claim-Values Target=admin Data={"Claims":{},"Profile":"default"} Outcome=Success
TID: [] [2023-06-12 10:25:35,448]  INFO {AUDIT_LOG} - Initiator=wso2.system.user Action=Get-User-Claim-Values Target=admin Data={"Claims":{},"Profile":"default"} Outcome=Success
TID: [] [2023-06-12 10:25:35,448]  INFO {AUDIT_LOG} - Initiator=wso2.system.user Action=Get-User-Claim-Values Target=admin Data={"Claims":{},"Profile":"default"} Outcome=Success
TID: [] [2023-06-12 10:25:35,448]  INFO {AUDIT_LOG} - Initiator=wso2.system.user Action=Get-User-Claim-Values Target=admin Data={"Claims":{},"Profile":"default"} Outcome=Success
TID: [-1234] [2023-06-12 10:40:37,380]  INFO {AUDIT_LOG} - Initiator=wso2.system.user Action=Get-User-List Target=null Data={"ServiceProviderName":"apim_publisher","Claim Value":"admin","Users":["admin"],"Claim":"http://wso2.org/claims/username"} Outcome=Success
TID: [-1234] [2023-06-12 10:40:37,388]  INFO {AUDIT_LOG} - Initiator=wso2.system.user Action=Get-User-Claim-Values Target=admin Data={"ServiceProviderName":"apim_publisher","Claims":{},"Profile":"default"} Outcome=Success
TID: [-1234] [2023-06-12 10:40:37,390]  INFO {AUDIT_LOG} - Initiator=wso2.system.user Action=Get-User-Claim-Values Target=admin Data={"ServiceProviderName":"apim_publisher","Claims":{},"Profile":"default"} Outcome=Success
TID: [-1234] [2023-06-12 10:40:37,390]  INFO {AUDIT_LOG} - Initiator=wso2.system.user Action=Get-User-Claim-Values Target=admin Data={"ServiceProviderName":"apim_publisher","Claims":{},"Profile":"default"} Outcome=Success
TID: [-1234] [2023-06-12 10:40:37,399]  INFO {AUDIT_LOG} - Initiator : admin | Action : LoginStepSuccess | Target : ApplicationAuthenticationFramework | Data : { "ContextIdentifier" : "e7708e02-574d-420e-b3ea-aa2d604c3e33","AuthenticatedUser" : "admin","AuthenticatedUserTenantDomain" : "carbon.super","ServiceProviderName" : "apim_publisher","RequestType" : "oidc","RelyingParty" : "txiX92C5lqCp5l9dsSSrmo9Dr6Ma","AuthenticatedIdP" : "LOCAL","User Agent" : "null","RemoteAddress" : "null","UserStoreDomain" : "PRIMARY" } | Result : Success 
TID: [-1234] [2023-06-12 10:40:37,403]  INFO {AUDIT_LOG} - Initiator : admin@carbon.super | Action : Authenticate | Target : ApplicationAuthenticationFramework | Data : { Step: 1, IDP: LOCAL, Authenticator:BasicAuthenticator } | Result : Success 
TID: [-1234] [2023-06-12 10:40:37,412]  INFO {AUDIT_LOG} - Initiator=wso2.system.user Action=Get-User-Claim-Values Target=admin Data={"ServiceProviderName":"apim_publisher","Claims":{"http://wso2.org/claims/username":"admin","http://wso2.org/claims/userid":"419d3f27-ed71-4348-be1c-824ababa77e2","http://wso2.org/claims/role":"Internal/subscriber,Internal/creator,Internal/publisher,Internal/everyone,Internal/devops,admin,Internal/analytics,Internal/observer,Internal/integration_dev","http://wso2.org/claims/userprincipal":"admin"}} Outcome=Success
TID: [-1234] [2023-06-12 10:40:37,667]  INFO {AUDIT_LOG} - Initiator : admin | Action : StoreSession | Data : { {"traceId":"6d09fadd-49d7-47d6-9c49-e3a1ac130293","RememberMe":false,"sessionContextId":"d050fb51d975f4ca14774b51995174ee4ecfae70e1e048d34bb6b780602c61d0","AuthenticatedUserTenantDomain":"carbon.super","AuthenticatedUser":"admin","LastAccessedTimestamp":1686555637469} } | Result : Success 
TID: [-1234] [2023-06-12 10:40:37,711]  INFO {AUDIT_LOG} - Initiator : admin | Action : Login | Target : ApplicationAuthenticationFramework | Data : { "ContextIdentifier" : "e7708e02-574d-420e-b3ea-aa2d604c3e33","AuthenticatedUser" : "admin","AuthenticatedUserTenantDomain" : "carbon.super","ServiceProviderName" : "apim_publisher","RequestType" : "oidc","RelyingParty" : "txiX92C5lqCp5l9dsSSrmo9Dr6Ma","AuthenticatedIdPs" : "eyJ0eXAiOiJKV1QiLCJhbGciOiJIUzI1NiJ9.eyJpc3MiOiJ3c28yIiwiZXhwIjoxNjg2NTU1NjQwNDAzLCJpYXQiOjE2ODY1NTU2Mzc0MDMsImlkcHMiOlt7ImlkcCI6IkxPQ0FMIiwiYXV0aGVudGljYXRvciI6IkJhc2ljQXV0aGVudGljYXRvciJ9XX0.9lbI3sI8J6sOn-B6IGuXJR3y6XZnLNA70-DttHPbhns","User Agent" : "null","RemoteAddress" : "null","UserStoreDomain" : "PRIMARY" } | Result : Success 
TID: [-1234] [2023-06-12 10:40:38,596]  INFO {AUDIT_LOG} - Initiator=wso2.system.user Action=Get-User-List Target=null Data={"Claim Value":"admin","Users":["admin"],"Claim":"http://wso2.org/claims/username"} Outcome=Success
TID: [-1234] [2023-06-12 10:40:38,602]  INFO {AUDIT_LOG} - Initiator=wso2.system.user Action=Get-User-Claim-Values Target=admin Data={"Claims":{},"Profile":"default"} Outcome=Success
TID: [-1234] [2023-06-12 10:40:38,603]  INFO {AUDIT_LOG} - Initiator=wso2.system.user Action=Get-User-Claim-Values Target=admin Data={"Claims":{},"Profile":"default"} Outcome=Success
TID: [-1234] [2023-06-12 10:40:38,604]  INFO {AUDIT_LOG} - Initiator=wso2.system.user Action=Get-User-Claim-Values Target=admin Data={"Claims":{},"Profile":"default"} Outcome=Success
TID: [-1234] [2023-06-12 10:40:44,046]  INFO {AUDIT_LOG} - GET /api/am/publisher/apis?limit=10&offset=0 user: admin@carbon.super app: txiX92C5lqCp5l9dsSSrmo9Dr6Ma
TID: [-1234] [2023-06-12 10:40:44,751]  INFO {AUDIT_LOG} - Initiator=admin@carbon.super Action=Get-Roles-of-User Target=admin Data={"Filter":"*","Roles":["Internal/subscriber","Internal/creator","Internal/publisher","Internal/everyone","Internal/devops","admin","Internal/analytics","Internal/observer","Internal/integration_dev"]} Outcome=Success
TID: [-1234] [2023-06-12 10:40:57,650]  INFO {AUDIT_LOG} - GET /api/am/publisher/apis/746c7962-0923-4c21-be0e-a84d3748b57b user: admin@carbon.super app: txiX92C5lqCp5l9dsSSrmo9Dr6Ma
TID: [-1234] [2023-06-12 10:40:57,652]  INFO {AUDIT_LOG} - GET /api/am/publisher/tenants?state=active user: admin@carbon.super app: txiX92C5lqCp5l9dsSSrmo9Dr6Ma
TID: [-1234] [2023-06-12 10:40:57,714]  INFO {AUDIT_LOG} - GET /api/am/publisher/settings user: admin@carbon.super app: txiX92C5lqCp5l9dsSSrmo9Dr6Ma
TID: [-1234] [2023-06-12 10:40:58,486]  INFO {AUDIT_LOG} - GET /api/am/publisher/apis/746c7962-0923-4c21-be0e-a84d3748b57b/revisions?query=deployed%3Atrue user: admin@carbon.super app: txiX92C5lqCp5l9dsSSrmo9Dr6Ma
TID: [-1234] [2023-06-12 10:40:58,492]  INFO {AUDIT_LOG} - GET /api/am/publisher/apis/746c7962-0923-4c21-be0e-a84d3748b57b/revisions user: admin@carbon.super app: txiX92C5lqCp5l9dsSSrmo9Dr6Ma
TID: [-1234] [2023-06-12 10:40:58,850]  INFO {AUDIT_LOG} - GET /api/am/publisher/apis/746c7962-0923-4c21-be0e-a84d3748b57b/revisions?query=deployed%3Atrue user: admin@carbon.super app: txiX92C5lqCp5l9dsSSrmo9Dr6Ma
TID: [-1234] [2023-06-12 10:40:58,862]  INFO {AUDIT_LOG} - GET /api/am/publisher/apis/746c7962-0923-4c21-be0e-a84d3748b57b/swagger user: admin@carbon.super app: txiX92C5lqCp5l9dsSSrmo9Dr6Ma
TID: [-1234] [2023-06-12 10:40:59,217]  INFO {AUDIT_LOG} - GET /api/am/publisher/apis/746c7962-0923-4c21-be0e-a84d3748b57b/swagger user: admin@carbon.super app: txiX92C5lqCp5l9dsSSrmo9Dr6Ma
TID: [-1234] [2023-06-12 10:40:59,218]  INFO {AUDIT_LOG} - GET /api/am/publisher/apis/746c7962-0923-4c21-be0e-a84d3748b57b/revisions?query=deployed%3Atrue user: admin@carbon.super app: txiX92C5lqCp5l9dsSSrmo9Dr6Ma
TID: [-1234] [2023-06-12 10:40:59,480]  INFO {AUDIT_LOG} - GET /api/am/publisher/apis/746c7962-0923-4c21-be0e-a84d3748b57b/swagger user: admin@carbon.super app: txiX92C5lqCp5l9dsSSrmo9Dr6Ma
TID: [-1234] [2023-06-12 10:40:59,480]  INFO {AUDIT_LOG} - GET /api/am/publisher/apis/746c7962-0923-4c21-be0e-a84d3748b57b/revisions?query=deployed%3Atrue user: admin@carbon.super app: txiX92C5lqCp5l9dsSSrmo9Dr6Ma
TID: [-1234] [2023-06-12 11:07:57,912]  INFO {AUDIT_LOG} - Initiator=wso2.system.user Action=Get-User-Claim-Values Target=admin Data={"Claims":{},"Profile":"default"} Outcome=Success
TID: [-1234] [2023-06-12 11:07:57,912]  INFO {AUDIT_LOG} - Initiator=wso2.system.user Action=Get-User-Claim-Values Target=admin Data={"Claims":{},"Profile":"default"} Outcome=Success
TID: [-1234] [2023-06-12 11:07:57,912]  INFO {AUDIT_LOG} - Initiator=wso2.system.user Action=Get-User-Claim-Values Target=admin Data={"Claims":{},"Profile":"default"} Outcome=Success
TID: [-1234] [2023-06-12 11:07:57,912]  INFO {AUDIT_LOG} - Initiator=wso2.system.user Action=Get-User-Claim-Values Target=admin Data={"Claims":{},"Profile":"default"} Outcome=Success
TID: [-1234] [2023-06-12 11:07:57,913]  INFO {AUDIT_LOG} - Initiator=wso2.system.user Action=Get-User-Claim-Values Target=admin Data={"Claims":{},"Profile":"default"} Outcome=Success
TID: [-1234] [2023-06-12 11:07:57,913]  INFO {AUDIT_LOG} - Initiator=wso2.system.user Action=Get-User-Claim-Values Target=admin Data={"Claims":{},"Profile":"default"} Outcome=Success
TID: [-1234] [2023-06-12 11:07:57,913]  INFO {AUDIT_LOG} - Initiator=wso2.system.user Action=Get-User-Claim-Values Target=admin Data={"Claims":{},"Profile":"default"} Outcome=Success
TID: [-1234] [2023-06-12 11:07:57,913]  INFO {AUDIT_LOG} - Initiator=wso2.system.user Action=Get-User-Claim-Values Target=admin Data={"Claims":{},"Profile":"default"} Outcome=Success
TID: [-1234] [2023-06-12 11:07:57,944]  INFO {AUDIT_LOG} - Initiator=wso2.system.user Action=Get-User-Claim-Values Target=admin Data={"Claims":{},"Profile":"default"} Outcome=Success
TID: [-1234] [2023-06-12 11:07:57,926]  INFO {AUDIT_LOG} - Initiator=wso2.system.user Action=Get-User-Claim-Values Target=admin Data={"Claims":{},"Profile":"default"} Outcome=Success
TID: [-1234] [2023-06-12 11:07:57,927]  INFO {AUDIT_LOG} - Initiator=wso2.system.user Action=Get-User-Claim-Values Target=admin Data={"Claims":{},"Profile":"default"} Outcome=Success
TID: [-1234] [2023-06-12 11:07:57,927]  INFO {AUDIT_LOG} - Initiator=wso2.system.user Action=Get-User-Claim-Values Target=admin Data={"Claims":{},"Profile":"default"} Outcome=Success
TID: [-1234] [2023-06-12 11:07:57,928]  INFO {AUDIT_LOG} - Initiator=wso2.system.user Action=Get-User-Claim-Values Target=admin Data={"Claims":{},"Profile":"default"} Outcome=Success
TID: [-1234] [2023-06-12 11:07:57,929]  INFO {AUDIT_LOG} - Initiator=wso2.system.user Action=Get-User-Claim-Values Target=admin Data={"Claims":{},"Profile":"default"} Outcome=Success
TID: [-1234] [2023-06-12 11:07:57,933]  INFO {AUDIT_LOG} - Initiator=wso2.system.user Action=Get-User-Claim-Values Target=admin Data={"Claims":{},"Profile":"default"} Outcome=Success
TID: [-1234] [2023-06-12 11:07:57,934]  INFO {AUDIT_LOG} - Initiator=wso2.system.user Action=Get-User-Claim-Values Target=admin Data={"Claims":{},"Profile":"default"} Outcome=Success
TID: [-1234] [2023-06-12 11:07:57,934]  INFO {AUDIT_LOG} - Initiator=wso2.system.user Action=Get-User-Claim-Values Target=admin Data={"Claims":{},"Profile":"default"} Outcome=Success
TID: [-1234] [2023-06-12 11:07:57,939]  INFO {AUDIT_LOG} - Initiator=wso2.system.user Action=Get-User-Claim-Values Target=admin Data={"Claims":{},"Profile":"default"} Outcome=Success
TID: [-1234] [2023-06-12 11:07:57,939]  INFO {AUDIT_LOG} - Initiator=wso2.system.user Action=Get-User-Claim-Values Target=admin Data={"Claims":{},"Profile":"default"} Outcome=Success
TID: [-1234] [2023-06-12 11:07:57,940]  INFO {AUDIT_LOG} - Initiator=wso2.system.user Action=Get-User-Claim-Values Target=admin Data={"Claims":{},"Profile":"default"} Outcome=Success
TID: [-1234] [2023-06-12 11:07:57,940]  INFO {AUDIT_LOG} - Initiator=wso2.system.user Action=Get-User-Claim-Values Target=admin Data={"Claims":{},"Profile":"default"} Outcome=Success
TID: [-1234] [2023-06-12 11:07:57,940]  INFO {AUDIT_LOG} - Initiator=wso2.system.user Action=Get-User-Claim-Values Target=admin Data={"Claims":{},"Profile":"default"} Outcome=Success
TID: [-1234] [2023-06-12 11:07:57,942]  INFO {AUDIT_LOG} - Initiator=wso2.system.user Action=Get-User-Claim-Values Target=admin Data={"Claims":{},"Profile":"default"} Outcome=Success
TID: [-1234] [2023-06-12 11:07:57,942]  INFO {AUDIT_LOG} - Initiator=wso2.system.user Action=Get-User-Claim-Values Target=admin Data={"Claims":{},"Profile":"default"} Outcome=Success
TID: [-1234] [2023-06-12 11:07:57,943]  INFO {AUDIT_LOG} - Initiator=wso2.system.user Action=Get-User-Claim-Values Target=admin Data={"Claims":{},"Profile":"default"} Outcome=Success
TID: [-1234] [2023-06-12 11:07:57,952]  INFO {AUDIT_LOG} - Initiator=wso2.system.user Action=Get-User-Claim-Values Target=admin Data={"Claims":{},"Profile":"default"} Outcome=Success
TID: [-1234] [2023-06-12 11:07:57,954]  INFO {AUDIT_LOG} - Initiator=wso2.system.user Action=Get-User-Claim-Values Target=admin Data={"Claims":{},"Profile":"default"} Outcome=Success
TID: [-1234] [2023-06-12 11:07:59,768]  INFO {AUDIT_LOG} - Initiator=wso2.system.user Action=Get-User-Claim-Values Target=admin Data={"Claims":{},"Profile":"default"} Outcome=Success
TID: [-1234] [2023-06-12 11:07:59,770]  INFO {AUDIT_LOG} - Initiator=wso2.system.user Action=Get-User-Claim-Values Target=admin Data={"Claims":{},"Profile":"default"} Outcome=Success
TID: [-1234] [2023-06-12 11:07:59,771]  INFO {AUDIT_LOG} - Initiator=wso2.system.user Action=Get-User-Claim-Values Target=admin Data={"Claims":{},"Profile":"default"} Outcome=Success
TID: [-1234] [2023-06-12 11:07:59,851]  INFO {AUDIT_LOG} - Initiator=wso2.system.user Action=Get-User-Claim-Values Target=admin Data={"Claims":{},"Profile":"default"} Outcome=Success
TID: [-1234] [2023-06-12 11:07:59,855]  INFO {AUDIT_LOG} - Initiator=wso2.system.user Action=Get-User-Claim-Values Target=admin Data={"Claims":{},"Profile":"default"} Outcome=Success
TID: [-1234] [2023-06-12 11:07:59,856]  INFO {AUDIT_LOG} - Initiator=wso2.system.user Action=Get-User-Claim-Values Target=admin Data={"Claims":{},"Profile":"default"} Outcome=Success
TID: [-1234] [2023-06-12 11:07:59,952]  INFO {AUDIT_LOG} - Initiator=wso2.system.user Action=Get-User-Claim-Values Target=admin Data={"Claims":{},"Profile":"default"} Outcome=Success
TID: [-1234] [2023-06-12 11:07:59,954]  INFO {AUDIT_LOG} - Initiator=wso2.system.user Action=Get-User-Claim-Values Target=admin Data={"Claims":{},"Profile":"default"} Outcome=Success
TID: [-1234] [2023-06-12 11:07:59,955]  INFO {AUDIT_LOG} - Initiator=wso2.system.user Action=Get-User-Claim-Values Target=admin Data={"Claims":{},"Profile":"default"} Outcome=Success
TID: [-1234] [2023-06-12 11:08:00,036]  INFO {AUDIT_LOG} - Initiator=wso2.system.user Action=Get-User-Claim-Values Target=admin Data={"Claims":{},"Profile":"default"} Outcome=Success
TID: [-1234] [2023-06-12 11:08:00,037]  INFO {AUDIT_LOG} - Initiator=wso2.system.user Action=Get-User-Claim-Values Target=admin Data={"Claims":{},"Profile":"default"} Outcome=Success
TID: [-1234] [2023-06-12 11:08:00,038]  INFO {AUDIT_LOG} - Initiator=wso2.system.user Action=Get-User-Claim-Values Target=admin Data={"Claims":{},"Profile":"default"} Outcome=Success
TID: [-1234] [2023-06-12 11:08:00,039]  INFO {AUDIT_LOG} - Initiator=wso2.system.user Action=Get-User-Claim-Values Target=admin Data={"Claims":{},"Profile":"default"} Outcome=Success
TID: [-1234] [2023-06-12 11:08:00,040]  INFO {AUDIT_LOG} - Initiator=wso2.system.user Action=Get-User-Claim-Values Target=admin Data={"Claims":{},"Profile":"default"} Outcome=Success
TID: [-1234] [2023-06-12 11:08:00,041]  INFO {AUDIT_LOG} - Initiator=wso2.system.user Action=Get-User-Claim-Values Target=admin Data={"Claims":{},"Profile":"default"} Outcome=Success
TID: [-1234] [2023-06-12 11:08:00,049]  INFO {AUDIT_LOG} - Initiator=wso2.system.user Action=Get-User-Claim-Values Target=admin Data={"Claims":{},"Profile":"default"} Outcome=Success
TID: [-1234] [2023-06-12 11:08:00,051]  INFO {AUDIT_LOG} - Initiator=wso2.system.user Action=Get-User-Claim-Values Target=admin Data={"Claims":{},"Profile":"default"} Outcome=Success
TID: [-1234] [2023-06-12 11:08:00,053]  INFO {AUDIT_LOG} - Initiator=wso2.system.user Action=Get-User-Claim-Values Target=admin Data={"Claims":{},"Profile":"default"} Outcome=Success
TID: [-1234] [2023-06-12 11:08:00,102]  INFO {AUDIT_LOG} - Initiator=wso2.system.user Action=Get-User-Claim-Values Target=admin Data={"Claims":{},"Profile":"default"} Outcome=Success
TID: [-1234] [2023-06-12 11:08:00,108]  INFO {AUDIT_LOG} - Initiator=wso2.system.user Action=Get-User-Claim-Values Target=admin Data={"Claims":{},"Profile":"default"} Outcome=Success
TID: [-1234] [2023-06-12 11:08:00,109]  INFO {AUDIT_LOG} - Initiator=wso2.system.user Action=Get-User-Claim-Values Target=admin Data={"Claims":{},"Profile":"default"} Outcome=Success
TID: [] [2023-06-12 11:08:00,816]  INFO {AUDIT_LOG} - Initiator=wso2.system.user Action=Get-User-Claim-Values Target=admin Data={"Claims":{},"Profile":"default"} Outcome=Success
TID: [] [2023-06-12 11:08:00,819]  INFO {AUDIT_LOG} - Initiator=wso2.system.user Action=Get-User-Claim-Values Target=admin Data={"Claims":{},"Profile":"default"} Outcome=Success
TID: [] [2023-06-12 11:08:00,819]  INFO {AUDIT_LOG} - Initiator=wso2.system.user Action=Get-User-Claim-Values Target=admin Data={"Claims":{},"Profile":"default"} Outcome=Success
TID: [-1234] [2023-06-12 11:08:01,017]  INFO {AUDIT_LOG} - Initiator=wso2.system.user Action=Get-User-Claim-Values Target=admin Data={"Claims":{},"Profile":"default"} Outcome=Success
TID: [-1234] [2023-06-12 11:08:01,019]  INFO {AUDIT_LOG} - Initiator=wso2.system.user Action=Get-User-Claim-Values Target=admin Data={"Claims":{},"Profile":"default"} Outcome=Success
TID: [-1234] [2023-06-12 11:08:01,020]  INFO {AUDIT_LOG} - Initiator=wso2.system.user Action=Get-User-Claim-Values Target=admin Data={"Claims":{},"Profile":"default"} Outcome=Success
TID: [-1234] [2023-06-12 11:08:01,039]  INFO {AUDIT_LOG} - Initiator=wso2.system.user Action=Get-User-Claim-Values Target=admin Data={"Claims":{},"Profile":"default"} Outcome=Success
TID: [-1234] [2023-06-12 11:08:01,040]  INFO {AUDIT_LOG} - Initiator=wso2.system.user Action=Get-User-Claim-Values Target=admin Data={"Claims":{},"Profile":"default"} Outcome=Success
TID: [-1234] [2023-06-12 11:08:01,041]  INFO {AUDIT_LOG} - Initiator=wso2.system.user Action=Get-User-Claim-Values Target=admin Data={"Claims":{},"Profile":"default"} Outcome=Success
TID: [-1234] [2023-06-12 11:08:01,077]  INFO {AUDIT_LOG} - Initiator=wso2.system.user Action=Get-User-Claim-Values Target=admin Data={"Claims":{},"Profile":"default"} Outcome=Success
TID: [-1234] [2023-06-12 11:08:01,080]  INFO {AUDIT_LOG} - Initiator=wso2.system.user Action=Get-User-Claim-Values Target=admin Data={"Claims":{},"Profile":"default"} Outcome=Success
TID: [-1234] [2023-06-12 11:08:01,080]  INFO {AUDIT_LOG} - Initiator=wso2.system.user Action=Get-User-Claim-Values Target=admin Data={"Claims":{},"Profile":"default"} Outcome=Success
TID: [-1234] [2023-06-12 11:08:02,555]  INFO {AUDIT_LOG} - Initiator=wso2.system.user Action=Get-User-Claim-Values Target=admin Data={"Claims":{},"Profile":"default"} Outcome=Success
TID: [-1234] [2023-06-12 11:08:02,557]  INFO {AUDIT_LOG} - Initiator=wso2.system.user Action=Get-User-Claim-Values Target=admin Data={"Claims":{},"Profile":"default"} Outcome=Success
TID: [-1234] [2023-06-12 11:08:02,558]  INFO {AUDIT_LOG} - Initiator=wso2.system.user Action=Get-User-Claim-Values Target=admin Data={"Claims":{},"Profile":"default"} Outcome=Success
TID: [-1234] [2023-06-12 11:08:03,132]  INFO {AUDIT_LOG} - Initiator=wso2.system.user Action=Get-User-Claim-Values Target=admin Data={"Claims":{},"Profile":"default"} Outcome=Success
TID: [-1234] [2023-06-12 11:08:03,134]  INFO {AUDIT_LOG} - Initiator=wso2.system.user Action=Get-User-Claim-Values Target=admin Data={"Claims":{},"Profile":"default"} Outcome=Success
TID: [-1234] [2023-06-12 11:08:03,139]  INFO {AUDIT_LOG} - Initiator=wso2.system.user Action=Get-User-Claim-Values Target=admin Data={"Claims":{},"Profile":"default"} Outcome=Success
TID: [-1234] [2023-06-12 11:08:03,756]  INFO {AUDIT_LOG} - Initiator=wso2.system.user Action=Get-User-Claim-Values Target=admin Data={"Claims":{},"Profile":"default"} Outcome=Success
TID: [-1234] [2023-06-12 11:08:03,758]  INFO {AUDIT_LOG} - Initiator=wso2.system.user Action=Get-User-Claim-Values Target=admin Data={"Claims":{},"Profile":"default"} Outcome=Success
TID: [-1234] [2023-06-12 11:08:03,758]  INFO {AUDIT_LOG} - Initiator=wso2.system.user Action=Get-User-Claim-Values Target=admin Data={"Claims":{},"Profile":"default"} Outcome=Success
TID: [] [2023-06-12 11:08:06,242]  INFO {AUDIT_LOG} - Initiator=wso2.system.user Action=Get-User-Claim-Values Target=admin Data={"Claims":{},"Profile":"default"} Outcome=Success
TID: [] [2023-06-12 11:08:06,243]  INFO {AUDIT_LOG} - Initiator=wso2.system.user Action=Get-User-Claim-Values Target=admin Data={"Claims":{},"Profile":"default"} Outcome=Success
TID: [] [2023-06-12 11:08:06,243]  INFO {AUDIT_LOG} - Initiator=wso2.system.user Action=Get-User-Claim-Values Target=admin Data={"Claims":{},"Profile":"default"} Outcome=Success
TID: [] [2023-06-12 11:08:06,244]  INFO {AUDIT_LOG} - Initiator=wso2.system.user Action=Get-User-Claim-Values Target=admin Data={"Claims":{},"Profile":"default"} Outcome=Success
TID: [] [2023-06-12 11:08:06,244]  INFO {AUDIT_LOG} - Initiator=wso2.system.user Action=Get-User-Claim-Values Target=admin Data={"Claims":{},"Profile":"default"} Outcome=Success
TID: [] [2023-06-12 11:08:06,246]  INFO {AUDIT_LOG} - Initiator=wso2.system.user Action=Get-User-Claim-Values Target=admin Data={"Claims":{},"Profile":"default"} Outcome=Success
TID: [] [2023-06-12 11:08:06,247]  INFO {AUDIT_LOG} - Initiator=wso2.system.user Action=Get-User-Claim-Values Target=admin Data={"Claims":{},"Profile":"default"} Outcome=Success
TID: [] [2023-06-12 11:08:06,247]  INFO {AUDIT_LOG} - Initiator=wso2.system.user Action=Get-User-Claim-Values Target=admin Data={"Claims":{},"Profile":"default"} Outcome=Success
TID: [] [2023-06-12 11:08:06,248]  INFO {AUDIT_LOG} - Initiator=wso2.system.user Action=Get-User-Claim-Values Target=admin Data={"Claims":{},"Profile":"default"} Outcome=Success
TID: [] [2023-06-12 11:08:06,249]  INFO {AUDIT_LOG} - Initiator=wso2.system.user Action=Get-User-Claim-Values Target=admin Data={"Claims":{},"Profile":"default"} Outcome=Success
TID: [] [2023-06-12 11:08:06,249]  INFO {AUDIT_LOG} - Initiator=wso2.system.user Action=Get-User-Claim-Values Target=admin Data={"Claims":{},"Profile":"default"} Outcome=Success
TID: [] [2023-06-12 11:08:06,249]  INFO {AUDIT_LOG} - Initiator=wso2.system.user Action=Get-User-Claim-Values Target=admin Data={"Claims":{},"Profile":"default"} Outcome=Success
TID: [] [2023-06-12 11:08:10,800]  INFO {AUDIT_LOG} - Initiator=wso2.system.user Action=Get-User-Claim-Values Target=admin Data={"Claims":{},"Profile":"default"} Outcome=Success
TID: [] [2023-06-12 11:08:10,800]  INFO {AUDIT_LOG} - Initiator=wso2.system.user Action=Get-User-Claim-Values Target=admin Data={"Claims":{},"Profile":"default"} Outcome=Success
TID: [] [2023-06-12 11:08:10,801]  INFO {AUDIT_LOG} - Initiator=wso2.system.user Action=Get-User-Claim-Values Target=admin Data={"Claims":{},"Profile":"default"} Outcome=Success
TID: [] [2023-06-12 11:08:10,801]  INFO {AUDIT_LOG} - Initiator=wso2.system.user Action=Get-User-Claim-Values Target=admin Data={"Claims":{},"Profile":"default"} Outcome=Success
TID: [] [2023-06-12 11:08:10,803]  INFO {AUDIT_LOG} - Initiator=wso2.system.user Action=Get-User-Claim-Values Target=admin Data={"Claims":{},"Profile":"default"} Outcome=Success
TID: [] [2023-06-12 11:08:10,804]  INFO {AUDIT_LOG} - Initiator=wso2.system.user Action=Get-User-Claim-Values Target=admin Data={"Claims":{},"Profile":"default"} Outcome=Success
TID: [] [2023-06-12 11:08:10,804]  INFO {AUDIT_LOG} - Initiator=wso2.system.user Action=Get-User-Claim-Values Target=admin Data={"Claims":{},"Profile":"default"} Outcome=Success
TID: [] [2023-06-12 11:08:10,805]  INFO {AUDIT_LOG} - Initiator=wso2.system.user Action=Get-User-Claim-Values Target=admin Data={"Claims":{},"Profile":"default"} Outcome=Success
TID: [] [2023-06-12 11:08:10,805]  INFO {AUDIT_LOG} - Initiator=wso2.system.user Action=Get-User-Claim-Values Target=admin Data={"Claims":{},"Profile":"default"} Outcome=Success
TID: [] [2023-06-12 11:08:10,817]  INFO {AUDIT_LOG} - Initiator=wso2.system.user Action=Get-User-Claim-Values Target=admin Data={"Claims":{},"Profile":"default"} Outcome=Success
TID: [] [2023-06-12 11:08:10,819]  INFO {AUDIT_LOG} - Initiator=wso2.system.user Action=Get-User-Claim-Values Target=admin Data={"Claims":{},"Profile":"default"} Outcome=Success
TID: [] [2023-06-12 11:08:10,820]  INFO {AUDIT_LOG} - Initiator=wso2.system.user Action=Get-User-Claim-Values Target=admin Data={"Claims":{},"Profile":"default"} Outcome=Success
TID: [] [2023-06-12 11:08:15,349]  INFO {AUDIT_LOG} - Initiator=wso2.system.user Action=Get-User-Claim-Values Target=admin Data={"Claims":{},"Profile":"default"} Outcome=Success
TID: [] [2023-06-12 11:08:15,350]  INFO {AUDIT_LOG} - Initiator=wso2.system.user Action=Get-User-Claim-Values Target=admin Data={"Claims":{},"Profile":"default"} Outcome=Success
TID: [] [2023-06-12 11:08:15,350]  INFO {AUDIT_LOG} - Initiator=wso2.system.user Action=Get-User-Claim-Values Target=admin Data={"Claims":{},"Profile":"default"} Outcome=Success
TID: [] [2023-06-12 11:08:15,410]  INFO {AUDIT_LOG} - Initiator=wso2.system.user Action=Get-User-Claim-Values Target=admin Data={"Claims":{},"Profile":"default"} Outcome=Success
TID: [] [2023-06-12 11:08:15,411]  INFO {AUDIT_LOG} - Initiator=wso2.system.user Action=Get-User-Claim-Values Target=admin Data={"Claims":{},"Profile":"default"} Outcome=Success
TID: [] [2023-06-12 11:08:15,411]  INFO {AUDIT_LOG} - Initiator=wso2.system.user Action=Get-User-Claim-Values Target=admin Data={"Claims":{},"Profile":"default"} Outcome=Success
TID: [] [2023-06-12 11:08:15,412]  INFO {AUDIT_LOG} - Initiator=wso2.system.user Action=Get-User-Claim-Values Target=admin Data={"Claims":{},"Profile":"default"} Outcome=Success
TID: [] [2023-06-12 11:08:15,412]  INFO {AUDIT_LOG} - Initiator=wso2.system.user Action=Get-User-Claim-Values Target=admin Data={"Claims":{},"Profile":"default"} Outcome=Success
TID: [] [2023-06-12 11:08:15,413]  INFO {AUDIT_LOG} - Initiator=wso2.system.user Action=Get-User-Claim-Values Target=admin Data={"Claims":{},"Profile":"default"} Outcome=Success
TID: [] [2023-06-12 11:08:15,415]  INFO {AUDIT_LOG} - Initiator=wso2.system.user Action=Get-User-Claim-Values Target=admin Data={"Claims":{},"Profile":"default"} Outcome=Success
TID: [] [2023-06-12 11:08:15,416]  INFO {AUDIT_LOG} - Initiator=wso2.system.user Action=Get-User-Claim-Values Target=admin Data={"Claims":{},"Profile":"default"} Outcome=Success
TID: [] [2023-06-12 11:08:15,417]  INFO {AUDIT_LOG} - Initiator=wso2.system.user Action=Get-User-Claim-Values Target=admin Data={"Claims":{},"Profile":"default"} Outcome=Success
TID: [] [2023-06-12 11:08:19,897]  INFO {AUDIT_LOG} - Initiator=wso2.system.user Action=Get-User-Claim-Values Target=admin Data={"Claims":{},"Profile":"default"} Outcome=Success
TID: [] [2023-06-12 11:08:19,898]  INFO {AUDIT_LOG} - Initiator=wso2.system.user Action=Get-User-Claim-Values Target=admin Data={"Claims":{},"Profile":"default"} Outcome=Success
TID: [] [2023-06-12 11:08:19,898]  INFO {AUDIT_LOG} - Initiator=wso2.system.user Action=Get-User-Claim-Values Target=admin Data={"Claims":{},"Profile":"default"} Outcome=Success
TID: [] [2023-06-12 11:08:19,945]  INFO {AUDIT_LOG} - Initiator=wso2.system.user Action=Get-User-Claim-Values Target=admin Data={"Claims":{},"Profile":"default"} Outcome=Success
TID: [] [2023-06-12 11:08:19,948]  INFO {AUDIT_LOG} - Initiator=wso2.system.user Action=Get-User-Claim-Values Target=admin Data={"Claims":{},"Profile":"default"} Outcome=Success
TID: [] [2023-06-12 11:08:19,947]  INFO {AUDIT_LOG} - Initiator=wso2.system.user Action=Get-User-Claim-Values Target=admin Data={"Claims":{},"Profile":"default"} Outcome=Success
TID: [] [2023-06-12 11:08:19,947]  INFO {AUDIT_LOG} - Initiator=wso2.system.user Action=Get-User-Claim-Values Target=admin Data={"Claims":{},"Profile":"default"} Outcome=Success
TID: [] [2023-06-12 11:08:19,948]  INFO {AUDIT_LOG} - Initiator=wso2.system.user Action=Get-User-Claim-Values Target=admin Data={"Claims":{},"Profile":"default"} Outcome=Success
TID: [] [2023-06-12 11:08:19,948]  INFO {AUDIT_LOG} - Initiator=wso2.system.user Action=Get-User-Claim-Values Target=admin Data={"Claims":{},"Profile":"default"} Outcome=Success
TID: [] [2023-06-12 11:08:19,948]  INFO {AUDIT_LOG} - Initiator=wso2.system.user Action=Get-User-Claim-Values Target=admin Data={"Claims":{},"Profile":"default"} Outcome=Success
TID: [] [2023-06-12 11:08:19,948]  INFO {AUDIT_LOG} - Initiator=wso2.system.user Action=Get-User-Claim-Values Target=admin Data={"Claims":{},"Profile":"default"} Outcome=Success
TID: [] [2023-06-12 11:08:19,950]  INFO {AUDIT_LOG} - Initiator=wso2.system.user Action=Get-User-Claim-Values Target=admin Data={"Claims":{},"Profile":"default"} Outcome=Success
TID: [] [2023-06-12 11:08:20,054]  INFO {AUDIT_LOG} - Initiator=wso2.system.user Action=Get-Roles-of-User Target=admin Data={"Filter":"*","Roles":["Internal/subscriber","Internal/creator","Internal/publisher","Internal/everyone","Internal/devops","admin","Internal/analytics","Internal/observer","Internal/integration_dev"]} Outcome=Success
TID: [] [2023-06-12 11:08:24,525]  INFO {AUDIT_LOG} - Initiator=wso2.system.user Action=Get-User-Claim-Values Target=admin Data={"Claims":{},"Profile":"default"} Outcome=Success
TID: [] [2023-06-12 11:08:24,525]  INFO {AUDIT_LOG} - Initiator=wso2.system.user Action=Get-User-Claim-Values Target=admin Data={"Claims":{},"Profile":"default"} Outcome=Success
TID: [] [2023-06-12 11:08:24,526]  INFO {AUDIT_LOG} - Initiator=wso2.system.user Action=Get-User-Claim-Values Target=admin Data={"Claims":{},"Profile":"default"} Outcome=Success
TID: [] [2023-06-12 11:08:24,526]  INFO {AUDIT_LOG} - Initiator=wso2.system.user Action=Get-User-Claim-Values Target=admin Data={"Claims":{},"Profile":"default"} Outcome=Success
TID: [] [2023-06-12 11:08:24,526]  INFO {AUDIT_LOG} - Initiator=wso2.system.user Action=Get-User-Claim-Values Target=admin Data={"Claims":{},"Profile":"default"} Outcome=Success
TID: [] [2023-06-12 11:08:24,526]  INFO {AUDIT_LOG} - Initiator=wso2.system.user Action=Get-User-Claim-Values Target=admin Data={"Claims":{},"Profile":"default"} Outcome=Success
TID: [-1234] [2023-06-12 11:15:55,162]  INFO {AUDIT_LOG} - GET /api/am/publisher/apis?limit=10&offset=0 user: admin@carbon.super app: txiX92C5lqCp5l9dsSSrmo9Dr6Ma
TID: [-1234] [2023-06-12 11:16:03,233]  INFO {AUDIT_LOG} - GET /api/am/publisher/apis/8485612f-b238-4e6d-9c05-e116e15f9121 user: admin@carbon.super app: txiX92C5lqCp5l9dsSSrmo9Dr6Ma
TID: [-1234] [2023-06-12 11:16:03,237]  INFO {AUDIT_LOG} - GET /api/am/publisher/tenants?state=active user: admin@carbon.super app: txiX92C5lqCp5l9dsSSrmo9Dr6Ma
TID: [-1234] [2023-06-12 11:16:04,229]  INFO {AUDIT_LOG} - GET /api/am/publisher/apis/8485612f-b238-4e6d-9c05-e116e15f9121/revisions?query=deployed%3Atrue user: admin@carbon.super app: txiX92C5lqCp5l9dsSSrmo9Dr6Ma
TID: [-1234] [2023-06-12 11:16:04,234]  INFO {AUDIT_LOG} - GET /api/am/publisher/apis/8485612f-b238-4e6d-9c05-e116e15f9121/revisions user: admin@carbon.super app: txiX92C5lqCp5l9dsSSrmo9Dr6Ma
TID: [-1234] [2023-06-12 11:16:04,239]  INFO {AUDIT_LOG} - GET /api/am/publisher/apis/8485612f-b238-4e6d-9c05-e116e15f9121/swagger user: admin@carbon.super app: txiX92C5lqCp5l9dsSSrmo9Dr6Ma
TID: [-1234] [2023-06-12 11:16:04,562]  INFO {AUDIT_LOG} - GET /api/am/publisher/apis/8485612f-b238-4e6d-9c05-e116e15f9121/revisions?query=deployed%3Atrue user: admin@carbon.super app: txiX92C5lqCp5l9dsSSrmo9Dr6Ma
TID: [-1234] [2023-06-12 11:16:04,682]  INFO {AUDIT_LOG} - GET /api/am/publisher/apis/8485612f-b238-4e6d-9c05-e116e15f9121/revisions?query=deployed%3Atrue user: admin@carbon.super app: txiX92C5lqCp5l9dsSSrmo9Dr6Ma
TID: [-1234] [2023-06-12 11:16:04,772]  INFO {AUDIT_LOG} - GET /api/am/publisher/apis/8485612f-b238-4e6d-9c05-e116e15f9121/swagger user: admin@carbon.super app: txiX92C5lqCp5l9dsSSrmo9Dr6Ma
TID: [-1234] [2023-06-12 11:16:04,908]  INFO {AUDIT_LOG} - GET /api/am/publisher/apis/8485612f-b238-4e6d-9c05-e116e15f9121/swagger user: admin@carbon.super app: txiX92C5lqCp5l9dsSSrmo9Dr6Ma
TID: [-1234] [2023-06-12 11:16:04,915]  INFO {AUDIT_LOG} - GET /api/am/publisher/apis/8485612f-b238-4e6d-9c05-e116e15f9121/revisions?query=deployed%3Atrue user: admin@carbon.super app: txiX92C5lqCp5l9dsSSrmo9Dr6Ma
TID: [-1234] [2023-06-12 11:16:08,309]  INFO {AUDIT_LOG} - GET /api/am/publisher/apis/8485612f-b238-4e6d-9c05-e116e15f9121/swagger user: admin@carbon.super app: txiX92C5lqCp5l9dsSSrmo9Dr6Ma
TID: [-1234] [2023-06-12 11:16:08,311]  INFO {AUDIT_LOG} - GET /api/am/publisher/endpoint-certificates?endpoint=https%3A%2F%2Fjsonplaceholder.typicode.com%2Fusers user: admin@carbon.super app: txiX92C5lqCp5l9dsSSrmo9Dr6Ma
TID: [-1234] [2023-06-12 11:16:16,674]  INFO {AUDIT_LOG} - POST /api/am/publisher/apis/validate-endpoint?endpointUrl=https%3A%2F%2Fjsonplaceholder.typicode.com&apiId=8485612f-b238-4e6d-9c05-e116e15f9121 user: admin@carbon.super app: txiX92C5lqCp5l9dsSSrmo9Dr6Ma
TID: [-1234] [2023-06-12 11:16:26,896]  INFO {AUDIT_LOG} - PUT /api/am/publisher/apis/8485612f-b238-4e6d-9c05-e116e15f9121 user: admin@carbon.super app: txiX92C5lqCp5l9dsSSrmo9Dr6Ma
TID: [-1234] [2023-06-12 11:16:27,741]  INFO {AUDIT_LOG} - {"performedBy":"admin","action":"updated","typ":"API","info":{"provider":"admin","name":"UserApi","context":"/users/1.0.0","version":"1.0.0"}}
TID: [] [2023-06-12 11:16:27,912]  INFO {AUDIT_LOG} - Initiator=wso2.system.user Action=Get-User-Claim-Values Target=admin Data={"Claims":{},"Profile":"default"} Outcome=Success
TID: [] [2023-06-12 11:16:27,914]  INFO {AUDIT_LOG} - Initiator=wso2.system.user Action=Get-User-Claim-Values Target=admin Data={"Claims":{},"Profile":"default"} Outcome=Success
TID: [] [2023-06-12 11:16:27,914]  INFO {AUDIT_LOG} - Initiator=wso2.system.user Action=Get-User-Claim-Values Target=admin Data={"Claims":{},"Profile":"default"} Outcome=Success
TID: [-1234] [2023-06-12 11:16:28,376]  INFO {AUDIT_LOG} - GET /api/am/publisher/apis/8485612f-b238-4e6d-9c05-e116e15f9121/swagger user: admin@carbon.super app: txiX92C5lqCp5l9dsSSrmo9Dr6Ma
TID: [-1234] [2023-06-12 11:16:28,395]  INFO {AUDIT_LOG} - GET /api/am/publisher/endpoint-certificates?endpoint=https%3A%2F%2Fjsonplaceholder.typicode.com%2Fusers user: admin@carbon.super app: txiX92C5lqCp5l9dsSSrmo9Dr6Ma
TID: [-1234] [2023-06-12 11:16:28,426]  INFO {AUDIT_LOG} - GET /api/am/publisher/endpoint-certificates?endpoint=https%3A%2F%2Fjsonplaceholder.typicode.com user: admin@carbon.super app: txiX92C5lqCp5l9dsSSrmo9Dr6Ma
TID: [-1234] [2023-06-12 11:16:30,689]  INFO {AUDIT_LOG} - GET /api/am/publisher/apis/8485612f-b238-4e6d-9c05-e116e15f9121/swagger user: admin@carbon.super app: txiX92C5lqCp5l9dsSSrmo9Dr6Ma
TID: [-1234] [2023-06-12 11:16:30,690]  INFO {AUDIT_LOG} - GET /api/am/publisher/apis/8485612f-b238-4e6d-9c05-e116e15f9121/revisions?query=deployed%3Atrue user: admin@carbon.super app: txiX92C5lqCp5l9dsSSrmo9Dr6Ma
TID: [] [2023-06-12 11:16:32,764]  INFO {AUDIT_LOG} - Initiator=wso2.system.user Action=Get-User-Claim-Values Target=admin Data={"Claims":{},"Profile":"default"} Outcome=Success
TID: [] [2023-06-12 11:16:32,766]  INFO {AUDIT_LOG} - Initiator=wso2.system.user Action=Get-User-Claim-Values Target=admin Data={"Claims":{},"Profile":"default"} Outcome=Success
TID: [] [2023-06-12 11:16:32,767]  INFO {AUDIT_LOG} - Initiator=wso2.system.user Action=Get-User-Claim-Values Target=admin Data={"Claims":{},"Profile":"default"} Outcome=Success
TID: [-1234] [2023-06-12 11:16:34,016]  INFO {AUDIT_LOG} - Initiator=wso2.system.user Action=Get-User-Claim-Values Target=admin Data={"Claims":{},"Profile":"default"} Outcome=Success
TID: [-1234] [2023-06-12 11:16:34,017]  INFO {AUDIT_LOG} - Initiator=wso2.system.user Action=Get-User-Claim-Values Target=admin Data={"Claims":{},"Profile":"default"} Outcome=Success
TID: [-1234] [2023-06-12 11:16:34,017]  INFO {AUDIT_LOG} - Initiator=wso2.system.user Action=Get-User-Claim-Values Target=admin Data={"Claims":{},"Profile":"default"} Outcome=Success
TID: [-1234] [2023-06-12 11:16:34,037]  INFO {AUDIT_LOG} - Initiator=wso2.system.user Action=Get-User-Claim-Values Target=admin Data={"Claims":{},"Profile":"default"} Outcome=Success
TID: [-1234] [2023-06-12 11:16:34,038]  INFO {AUDIT_LOG} - Initiator=wso2.system.user Action=Get-User-Claim-Values Target=admin Data={"Claims":{},"Profile":"default"} Outcome=Success
TID: [-1234] [2023-06-12 11:16:34,039]  INFO {AUDIT_LOG} - Initiator=wso2.system.user Action=Get-User-Claim-Values Target=admin Data={"Claims":{},"Profile":"default"} Outcome=Success
TID: [-1234] [2023-06-12 11:16:43,437]  INFO {AUDIT_LOG} - GET /api/am/publisher/apis/8485612f-b238-4e6d-9c05-e116e15f9121/swagger user: admin@carbon.super app: txiX92C5lqCp5l9dsSSrmo9Dr6Ma
TID: [-1234] [2023-06-12 11:16:43,443]  INFO {AUDIT_LOG} - GET /api/am/publisher/scopes user: admin@carbon.super app: txiX92C5lqCp5l9dsSSrmo9Dr6Ma
TID: [-1234] [2023-06-12 11:16:43,452]  INFO {AUDIT_LOG} - GET /api/am/publisher/apis/8485612f-b238-4e6d-9c05-e116e15f9121/amznResourceNames user: admin@carbon.super app: txiX92C5lqCp5l9dsSSrmo9Dr6Ma
TID: [-1234] [2023-06-12 11:16:43,466]  INFO {AUDIT_LOG} - GET /api/am/publisher/throttling-policies/api?limit=80 user: admin@carbon.super app: txiX92C5lqCp5l9dsSSrmo9Dr6Ma
TID: [-1234] [2023-06-12 11:17:05,003]  INFO {AUDIT_LOG} - GET /api/am/publisher/apis/8485612f-b238-4e6d-9c05-e116e15f9121/swagger user: admin@carbon.super app: txiX92C5lqCp5l9dsSSrmo9Dr6Ma
TID: [-1234] [2023-06-12 11:17:09,219]  INFO {AUDIT_LOG} - GET /api/am/publisher/key-managers user: admin@carbon.super app: txiX92C5lqCp5l9dsSSrmo9Dr6Ma
TID: [-1234] [2023-06-12 11:17:09,230]  INFO {AUDIT_LOG} - GET /api/am/publisher/apis/8485612f-b238-4e6d-9c05-e116e15f9121/client-certificates user: admin@carbon.super app: txiX92C5lqCp5l9dsSSrmo9Dr6Ma
TID: [-1234] [2023-06-12 11:17:09,323]  INFO {AUDIT_LOG} - GET /api/am/publisher/key-managers user: admin@carbon.super app: txiX92C5lqCp5l9dsSSrmo9Dr6Ma
TID: [-1234] [2023-06-12 11:17:19,435]  INFO {AUDIT_LOG} - GET /api/am/publisher/apis/8485612f-b238-4e6d-9c05-e116e15f9121/swagger user: admin@carbon.super app: txiX92C5lqCp5l9dsSSrmo9Dr6Ma
TID: [-1234] [2023-06-12 11:17:19,437]  INFO {AUDIT_LOG} - GET /api/am/publisher/apis/8485612f-b238-4e6d-9c05-e116e15f9121/deployments user: admin@carbon.super app: txiX92C5lqCp5l9dsSSrmo9Dr6Ma
TID: [-1234] [2023-06-12 11:17:19,439]  INFO {AUDIT_LOG} - POST /api/am/publisher/apis/8485612f-b238-4e6d-9c05-e116e15f9121/generate-key user: admin@carbon.super app: txiX92C5lqCp5l9dsSSrmo9Dr6Ma
TID: [-1234] [2023-06-12 11:17:22,089]  INFO {AUDIT_LOG} - POST /api/am/publisher/apis/8485612f-b238-4e6d-9c05-e116e15f9121/generate-key user: admin@carbon.super app: txiX92C5lqCp5l9dsSSrmo9Dr6Ma
TID: [-1234] [2023-06-12 11:18:15,977]  INFO {AUDIT_LOG} - GET /api/am/publisher/apis/8485612f-b238-4e6d-9c05-e116e15f9121/swagger user: admin@carbon.super app: txiX92C5lqCp5l9dsSSrmo9Dr6Ma
TID: [-1234] [2023-06-12 11:18:15,978]  INFO {AUDIT_LOG} - GET /api/am/publisher/apis/8485612f-b238-4e6d-9c05-e116e15f9121/revisions?query=deployed%3Atrue user: admin@carbon.super app: txiX92C5lqCp5l9dsSSrmo9Dr6Ma
TID: [-1234] [2023-06-12 11:18:18,821]  INFO {AUDIT_LOG} - GET /api/am/publisher/apis/8485612f-b238-4e6d-9c05-e116e15f9121/swagger user: admin@carbon.super app: txiX92C5lqCp5l9dsSSrmo9Dr6Ma
TID: [-1234] [2023-06-12 11:18:18,905]  INFO {AUDIT_LOG} - GET /api/am/publisher/endpoint-certificates?endpoint=https%3A%2F%2Fjsonplaceholder.typicode.com user: admin@carbon.super app: txiX92C5lqCp5l9dsSSrmo9Dr6Ma
TID: [-1234] [2023-06-12 11:18:18,951]  INFO {AUDIT_LOG} - GET /api/am/publisher/endpoint-certificates?endpoint=https%3A%2F%2Fjsonplaceholder.typicode.com%2Fusers user: admin@carbon.super app: txiX92C5lqCp5l9dsSSrmo9Dr6Ma
TID: [-1234] [2023-06-12 11:18:26,437]  INFO {AUDIT_LOG} - POST /api/am/publisher/apis/validate-endpoint?endpointUrl=https%3A%2F%2Fjsonplaceholder.typicode.com%2Fusers&apiId=8485612f-b238-4e6d-9c05-e116e15f9121 user: admin@carbon.super app: txiX92C5lqCp5l9dsSSrmo9Dr6Ma
TID: [-1234] [2023-06-12 11:18:28,648]  INFO {AUDIT_LOG} - POST /api/am/publisher/apis/validate-endpoint?endpointUrl=https%3A%2F%2Fjsonplaceholder.typicode.com%2Fusers&apiId=8485612f-b238-4e6d-9c05-e116e15f9121 user: admin@carbon.super app: txiX92C5lqCp5l9dsSSrmo9Dr6Ma
TID: [-1234] [2023-06-12 11:18:54,674]  INFO {AUDIT_LOG} - POST /api/am/publisher/apis/validate-endpoint?endpointUrl=https%3A%2F%2Fjsonplaceholder.typicode.com%2Fusers&apiId=8485612f-b238-4e6d-9c05-e116e15f9121 user: admin@carbon.super app: txiX92C5lqCp5l9dsSSrmo9Dr6Ma
TID: [-1234] [2023-06-12 11:18:55,860]  INFO {AUDIT_LOG} - POST /api/am/publisher/apis/validate-endpoint?endpointUrl=https%3A%2F%2Fjsonplaceholder.typicode.com%2Fusers&apiId=8485612f-b238-4e6d-9c05-e116e15f9121 user: admin@carbon.super app: txiX92C5lqCp5l9dsSSrmo9Dr6Ma
TID: [-1234] [2023-06-12 11:19:38,691]  INFO {AUDIT_LOG} - POST /api/am/publisher/apis/validate-endpoint?endpointUrl=https%3A%2F%2Fjsonplaceholder.typicode.com%2Fusers&apiId=8485612f-b238-4e6d-9c05-e116e15f9121 user: admin@carbon.super app: txiX92C5lqCp5l9dsSSrmo9Dr6Ma
TID: [-1234] [2023-06-12 11:19:40,981]  INFO {AUDIT_LOG} - POST /api/am/publisher/apis/validate-endpoint?endpointUrl=https%3A%2F%2Fjsonplaceholder.typicode.com%2Fusers&apiId=8485612f-b238-4e6d-9c05-e116e15f9121 user: admin@carbon.super app: txiX92C5lqCp5l9dsSSrmo9Dr6Ma
TID: [-1234] [2023-06-12 11:19:46,919]  INFO {AUDIT_LOG} - POST /api/am/publisher/apis/validate-endpoint?endpointUrl=https%3A%2F%2Fjsonplaceholder.typicode.com%2F&apiId=8485612f-b238-4e6d-9c05-e116e15f9121 user: admin@carbon.super app: txiX92C5lqCp5l9dsSSrmo9Dr6Ma
TID: [-1234] [2023-06-12 11:20:04,074]  INFO {AUDIT_LOG} - PUT /api/am/publisher/apis/8485612f-b238-4e6d-9c05-e116e15f9121 user: admin@carbon.super app: txiX92C5lqCp5l9dsSSrmo9Dr6Ma
TID: [-1234] [2023-06-12 11:20:04,656]  INFO {AUDIT_LOG} - {"performedBy":"admin","action":"updated","typ":"API","info":{"provider":"admin","name":"UserApi","context":"/users/1.0.0","version":"1.0.0"}}
TID: [] [2023-06-12 11:20:04,932]  INFO {AUDIT_LOG} - Initiator=wso2.system.user Action=Get-User-Claim-Values Target=admin Data={"Claims":{},"Profile":"default"} Outcome=Success
TID: [] [2023-06-12 11:20:04,935]  INFO {AUDIT_LOG} - Initiator=wso2.system.user Action=Get-User-Claim-Values Target=admin Data={"Claims":{},"Profile":"default"} Outcome=Success
TID: [] [2023-06-12 11:20:04,935]  INFO {AUDIT_LOG} - Initiator=wso2.system.user Action=Get-User-Claim-Values Target=admin Data={"Claims":{},"Profile":"default"} Outcome=Success
TID: [-1234] [2023-06-12 11:20:05,345]  INFO {AUDIT_LOG} - GET /api/am/publisher/apis/8485612f-b238-4e6d-9c05-e116e15f9121/swagger user: admin@carbon.super app: txiX92C5lqCp5l9dsSSrmo9Dr6Ma
TID: [-1234] [2023-06-12 11:20:05,358]  INFO {AUDIT_LOG} - GET /api/am/publisher/endpoint-certificates?endpoint=https%3A%2F%2Fjsonplaceholder.typicode.com%2Fusers user: admin@carbon.super app: txiX92C5lqCp5l9dsSSrmo9Dr6Ma
TID: [-1234] [2023-06-12 11:20:06,039]  INFO {AUDIT_LOG} - Initiator=wso2.system.user Action=Get-User-Claim-Values Target=admin Data={"Claims":{},"Profile":"default"} Outcome=Success
TID: [-1234] [2023-06-12 11:20:06,041]  INFO {AUDIT_LOG} - Initiator=wso2.system.user Action=Get-User-Claim-Values Target=admin Data={"Claims":{},"Profile":"default"} Outcome=Success
TID: [-1234] [2023-06-12 11:20:06,041]  INFO {AUDIT_LOG} - Initiator=wso2.system.user Action=Get-User-Claim-Values Target=admin Data={"Claims":{},"Profile":"default"} Outcome=Success
TID: [-1234] [2023-06-12 11:20:06,061]  INFO {AUDIT_LOG} - Initiator=wso2.system.user Action=Get-User-Claim-Values Target=admin Data={"Claims":{},"Profile":"default"} Outcome=Success
TID: [-1234] [2023-06-12 11:20:06,062]  INFO {AUDIT_LOG} - Initiator=wso2.system.user Action=Get-User-Claim-Values Target=admin Data={"Claims":{},"Profile":"default"} Outcome=Success
TID: [-1234] [2023-06-12 11:20:06,063]  INFO {AUDIT_LOG} - Initiator=wso2.system.user Action=Get-User-Claim-Values Target=admin Data={"Claims":{},"Profile":"default"} Outcome=Success
TID: [-1234] [2023-06-12 11:20:07,870]  INFO {AUDIT_LOG} - POST /api/am/publisher/apis/validate-endpoint?endpointUrl=https%3A%2F%2Fjsonplaceholder.typicode.com%2Fusers&apiId=8485612f-b238-4e6d-9c05-e116e15f9121 user: admin@carbon.super app: txiX92C5lqCp5l9dsSSrmo9Dr6Ma
TID: [-1234] [2023-06-12 11:20:09,606]  INFO {AUDIT_LOG} - POST /api/am/publisher/apis/validate-endpoint?endpointUrl=https%3A%2F%2Fjsonplaceholder.typicode.com%2Fusers&apiId=8485612f-b238-4e6d-9c05-e116e15f9121 user: admin@carbon.super app: txiX92C5lqCp5l9dsSSrmo9Dr6Ma
TID: [-1234] [2023-06-12 11:20:12,079]  INFO {AUDIT_LOG} - POST /api/am/publisher/apis/validate-endpoint?endpointUrl=https%3A%2F%2Fjsonplaceholder.typicode.com%2Fusers&apiId=8485612f-b238-4e6d-9c05-e116e15f9121 user: admin@carbon.super app: txiX92C5lqCp5l9dsSSrmo9Dr6Ma
TID: [-1234] [2023-06-12 11:20:15,021]  INFO {AUDIT_LOG} - GET /api/am/publisher/apis/8485612f-b238-4e6d-9c05-e116e15f9121/deployments user: admin@carbon.super app: txiX92C5lqCp5l9dsSSrmo9Dr6Ma
TID: [-1234] [2023-06-12 11:20:15,022]  INFO {AUDIT_LOG} - GET /api/am/publisher/apis/8485612f-b238-4e6d-9c05-e116e15f9121/swagger user: admin@carbon.super app: txiX92C5lqCp5l9dsSSrmo9Dr6Ma
TID: [-1234] [2023-06-12 11:20:15,032]  INFO {AUDIT_LOG} - POST /api/am/publisher/apis/8485612f-b238-4e6d-9c05-e116e15f9121/generate-key user: admin@carbon.super app: txiX92C5lqCp5l9dsSSrmo9Dr6Ma
TID: [-1234] [2023-06-12 11:20:18,202]  INFO {AUDIT_LOG} - POST /api/am/publisher/apis/8485612f-b238-4e6d-9c05-e116e15f9121/generate-key user: admin@carbon.super app: txiX92C5lqCp5l9dsSSrmo9Dr6Ma
TID: [-1234] [2023-06-12 11:21:06,835]  INFO {AUDIT_LOG} - GET /api/am/publisher/apis?limit=10&offset=0 user: admin@carbon.super app: txiX92C5lqCp5l9dsSSrmo9Dr6Ma
TID: [-1234] [2023-06-12 11:21:09,359]  INFO {AUDIT_LOG} - GET /api/am/publisher/tenants?state=active user: admin@carbon.super app: txiX92C5lqCp5l9dsSSrmo9Dr6Ma
TID: [-1234] [2023-06-12 11:21:09,368]  INFO {AUDIT_LOG} - GET /api/am/publisher/apis/746c7962-0923-4c21-be0e-a84d3748b57b user: admin@carbon.super app: txiX92C5lqCp5l9dsSSrmo9Dr6Ma
TID: [-1234] [2023-06-12 11:21:10,224]  INFO {AUDIT_LOG} - GET /api/am/publisher/apis/746c7962-0923-4c21-be0e-a84d3748b57b/revisions?query=deployed%3Atrue user: admin@carbon.super app: txiX92C5lqCp5l9dsSSrmo9Dr6Ma
TID: [-1234] [2023-06-12 11:21:10,226]  INFO {AUDIT_LOG} - GET /api/am/publisher/apis/746c7962-0923-4c21-be0e-a84d3748b57b/swagger user: admin@carbon.super app: txiX92C5lqCp5l9dsSSrmo9Dr6Ma
TID: [-1234] [2023-06-12 11:21:10,235]  INFO {AUDIT_LOG} - GET /api/am/publisher/apis/746c7962-0923-4c21-be0e-a84d3748b57b/revisions user: admin@carbon.super app: txiX92C5lqCp5l9dsSSrmo9Dr6Ma
TID: [-1234] [2023-06-12 11:21:10,236]  INFO {AUDIT_LOG} - GET /api/am/publisher/apis/746c7962-0923-4c21-be0e-a84d3748b57b/revisions?query=deployed%3Atrue user: admin@carbon.super app: txiX92C5lqCp5l9dsSSrmo9Dr6Ma
TID: [-1234] [2023-06-12 11:21:10,479]  INFO {AUDIT_LOG} - GET /api/am/publisher/apis/746c7962-0923-4c21-be0e-a84d3748b57b/revisions?query=deployed%3Atrue user: admin@carbon.super app: txiX92C5lqCp5l9dsSSrmo9Dr6Ma
TID: [-1234] [2023-06-12 11:21:10,479]  INFO {AUDIT_LOG} - GET /api/am/publisher/apis/746c7962-0923-4c21-be0e-a84d3748b57b/swagger user: admin@carbon.super app: txiX92C5lqCp5l9dsSSrmo9Dr6Ma
TID: [-1234] [2023-06-12 11:21:10,700]  INFO {AUDIT_LOG} - GET /api/am/publisher/apis/746c7962-0923-4c21-be0e-a84d3748b57b/revisions?query=deployed%3Atrue user: admin@carbon.super app: txiX92C5lqCp5l9dsSSrmo9Dr6Ma
TID: [-1234] [2023-06-12 11:21:10,700]  INFO {AUDIT_LOG} - GET /api/am/publisher/apis/746c7962-0923-4c21-be0e-a84d3748b57b/swagger user: admin@carbon.super app: txiX92C5lqCp5l9dsSSrmo9Dr6Ma
TID: [-1234] [2023-06-12 11:21:14,022]  INFO {AUDIT_LOG} - GET /api/am/publisher/apis/746c7962-0923-4c21-be0e-a84d3748b57b/swagger user: admin@carbon.super app: txiX92C5lqCp5l9dsSSrmo9Dr6Ma
TID: [-1234] [2023-06-12 11:21:14,025]  INFO {AUDIT_LOG} - GET /api/am/publisher/apis/746c7962-0923-4c21-be0e-a84d3748b57b/deployments user: admin@carbon.super app: txiX92C5lqCp5l9dsSSrmo9Dr6Ma
TID: [-1234] [2023-06-12 11:21:14,032]  INFO {AUDIT_LOG} - POST /api/am/publisher/apis/746c7962-0923-4c21-be0e-a84d3748b57b/generate-key user: admin@carbon.super app: txiX92C5lqCp5l9dsSSrmo9Dr6Ma
TID: [-1234] [2023-06-12 11:21:15,667]  INFO {AUDIT_LOG} - POST /api/am/publisher/apis/746c7962-0923-4c21-be0e-a84d3748b57b/generate-key user: admin@carbon.super app: txiX92C5lqCp5l9dsSSrmo9Dr6Ma
TID: [-1234] [2023-06-12 11:32:08,558]  INFO {AUDIT_LOG} - GET /api/am/publisher/apis/746c7962-0923-4c21-be0e-a84d3748b57b/revisions?query=deployed%3Atrue user: admin@carbon.super app: txiX92C5lqCp5l9dsSSrmo9Dr6Ma
TID: [-1234] [2023-06-12 11:32:08,559]  INFO {AUDIT_LOG} - GET /api/am/publisher/apis/746c7962-0923-4c21-be0e-a84d3748b57b/swagger user: admin@carbon.super app: txiX92C5lqCp5l9dsSSrmo9Dr6Ma
TID: [-1234] [2023-06-12 11:32:19,585]  INFO {AUDIT_LOG} - GET /api/am/publisher/apis?limit=10&offset=0 user: admin@carbon.super app: txiX92C5lqCp5l9dsSSrmo9Dr6Ma
TID: [-1234] [2023-06-12 11:32:19,587]  INFO {AUDIT_LOG} - Initiator=admin@carbon.super Action=Get-Roles-of-User Target=admin Data={"Filter":"*","Roles":["Internal/subscriber","Internal/creator","Internal/publisher","Internal/everyone","Internal/devops","admin","Internal/analytics","Internal/observer","Internal/integration_dev"]} Outcome=Success
TID: [-1234] [2023-06-12 11:32:24,893]  INFO {AUDIT_LOG} - GET /api/am/publisher/tenants?state=active user: admin@carbon.super app: txiX92C5lqCp5l9dsSSrmo9Dr6Ma
TID: [-1234] [2023-06-12 11:32:24,895]  INFO {AUDIT_LOG} - GET /api/am/publisher/apis/8485612f-b238-4e6d-9c05-e116e15f9121 user: admin@carbon.super app: txiX92C5lqCp5l9dsSSrmo9Dr6Ma
TID: [-1234] [2023-06-12 11:32:25,738]  INFO {AUDIT_LOG} - GET /api/am/publisher/apis/8485612f-b238-4e6d-9c05-e116e15f9121/swagger user: admin@carbon.super app: txiX92C5lqCp5l9dsSSrmo9Dr6Ma
TID: [-1234] [2023-06-12 11:32:25,748]  INFO {AUDIT_LOG} - GET /api/am/publisher/apis/8485612f-b238-4e6d-9c05-e116e15f9121/revisions?query=deployed%3Atrue user: admin@carbon.super app: txiX92C5lqCp5l9dsSSrmo9Dr6Ma
TID: [-1234] [2023-06-12 11:32:25,764]  INFO {AUDIT_LOG} - GET /api/am/publisher/apis/8485612f-b238-4e6d-9c05-e116e15f9121/revisions?query=deployed%3Atrue user: admin@carbon.super app: txiX92C5lqCp5l9dsSSrmo9Dr6Ma
TID: [-1234] [2023-06-12 11:32:25,777]  INFO {AUDIT_LOG} - GET /api/am/publisher/apis/8485612f-b238-4e6d-9c05-e116e15f9121/revisions user: admin@carbon.super app: txiX92C5lqCp5l9dsSSrmo9Dr6Ma
TID: [-1234] [2023-06-12 11:32:25,994]  INFO {AUDIT_LOG} - GET /api/am/publisher/apis/8485612f-b238-4e6d-9c05-e116e15f9121/swagger user: admin@carbon.super app: txiX92C5lqCp5l9dsSSrmo9Dr6Ma
TID: [-1234] [2023-06-12 11:32:25,995]  INFO {AUDIT_LOG} - GET /api/am/publisher/apis/8485612f-b238-4e6d-9c05-e116e15f9121/revisions?query=deployed%3Atrue user: admin@carbon.super app: txiX92C5lqCp5l9dsSSrmo9Dr6Ma
TID: [-1234] [2023-06-12 11:32:26,207]  INFO {AUDIT_LOG} - GET /api/am/publisher/apis/8485612f-b238-4e6d-9c05-e116e15f9121/swagger user: admin@carbon.super app: txiX92C5lqCp5l9dsSSrmo9Dr6Ma
TID: [-1234] [2023-06-12 11:32:26,207]  INFO {AUDIT_LOG} - GET /api/am/publisher/apis/8485612f-b238-4e6d-9c05-e116e15f9121/revisions?query=deployed%3Atrue user: admin@carbon.super app: txiX92C5lqCp5l9dsSSrmo9Dr6Ma
TID: [-1234] [2023-06-12 11:32:31,856]  INFO {AUDIT_LOG} - GET /api/am/publisher/apis/8485612f-b238-4e6d-9c05-e116e15f9121/deployments user: admin@carbon.super app: txiX92C5lqCp5l9dsSSrmo9Dr6Ma
TID: [-1234] [2023-06-12 11:32:31,857]  INFO {AUDIT_LOG} - GET /api/am/publisher/apis/8485612f-b238-4e6d-9c05-e116e15f9121/swagger user: admin@carbon.super app: txiX92C5lqCp5l9dsSSrmo9Dr6Ma
TID: [-1234] [2023-06-12 11:32:31,866]  INFO {AUDIT_LOG} - POST /api/am/publisher/apis/8485612f-b238-4e6d-9c05-e116e15f9121/generate-key user: admin@carbon.super app: txiX92C5lqCp5l9dsSSrmo9Dr6Ma
TID: [-1234] [2023-06-12 11:32:34,088]  INFO {AUDIT_LOG} - POST /api/am/publisher/apis/8485612f-b238-4e6d-9c05-e116e15f9121/generate-key user: admin@carbon.super app: txiX92C5lqCp5l9dsSSrmo9Dr6Ma
TID: [] [2023-06-12 11:43:03,648]  INFO {AUDIT_LOG} - Initiator=wso2.system.user Action=Get-User-Claim-Values Target=admin Data={"Claims":{},"Profile":"default"} Outcome=Success
TID: [] [2023-06-12 11:43:03,649]  INFO {AUDIT_LOG} - Initiator=wso2.system.user Action=Get-User-Claim-Values Target=admin Data={"Claims":{},"Profile":"default"} Outcome=Success
TID: [] [2023-06-12 11:43:03,650]  INFO {AUDIT_LOG} - Initiator=wso2.system.user Action=Get-User-Claim-Values Target=admin Data={"Claims":{},"Profile":"default"} Outcome=Success
TID: [-1234] [2023-06-12 11:46:29,444]  INFO {AUDIT_LOG} - Initiator=wso2.system.user Action=Get-User-Claim-Values Target=admin Data={"Claims":{},"Profile":"default"} Outcome=Success
TID: [-1234] [2023-06-12 11:46:29,446]  INFO {AUDIT_LOG} - Initiator=wso2.system.user Action=Get-User-Claim-Values Target=admin Data={"Claims":{},"Profile":"default"} Outcome=Success
TID: [-1234] [2023-06-12 11:46:29,446]  INFO {AUDIT_LOG} - Initiator=wso2.system.user Action=Get-User-Claim-Values Target=admin Data={"Claims":{},"Profile":"default"} Outcome=Success
TID: [-1234] [2023-06-12 11:46:29,477]  INFO {AUDIT_LOG} - 'admin@carbon.super [-1234]' logged in at [2023-06-12 11:46:29,477+0300]
TID: [-1234] [2023-06-12 12:34:23,540]  INFO {AUDIT_LOG} - Initiator=wso2.system.user Action=Get-User-List Target=null Data={"ServiceProviderName":"apim_publisher","Claim Value":"admin","Users":["admin"],"Claim":"http://wso2.org/claims/username"} Outcome=Success
TID: [-1234] [2023-06-12 12:34:23,549]  INFO {AUDIT_LOG} - Initiator=wso2.system.user Action=Get-User-Claim-Values Target=admin Data={"ServiceProviderName":"apim_publisher","Claims":{},"Profile":"default"} Outcome=Success
TID: [-1234] [2023-06-12 12:34:23,550]  INFO {AUDIT_LOG} - Initiator=wso2.system.user Action=Get-User-Claim-Values Target=admin Data={"ServiceProviderName":"apim_publisher","Claims":{},"Profile":"default"} Outcome=Success
TID: [-1234] [2023-06-12 12:34:23,551]  INFO {AUDIT_LOG} - Initiator=wso2.system.user Action=Get-User-Claim-Values Target=admin Data={"ServiceProviderName":"apim_publisher","Claims":{},"Profile":"default"} Outcome=Success
TID: [-1234] [2023-06-12 12:34:23,614]  INFO {AUDIT_LOG} - Initiator : admin | Action : LoginStepSuccess | Target : ApplicationAuthenticationFramework | Data : { "ContextIdentifier" : "ba40c891-6085-4653-bf26-08b62cf7cd40","AuthenticatedUser" : "admin","AuthenticatedUserTenantDomain" : "carbon.super","ServiceProviderName" : "apim_publisher","RequestType" : "oidc","RelyingParty" : "txiX92C5lqCp5l9dsSSrmo9Dr6Ma","AuthenticatedIdP" : "LOCAL","User Agent" : "null","RemoteAddress" : "null","UserStoreDomain" : "PRIMARY" } | Result : Success 
TID: [-1234] [2023-06-12 12:34:23,647]  INFO {AUDIT_LOG} - Initiator : admin@carbon.super | Action : Authenticate | Target : ApplicationAuthenticationFramework | Data : { Step: 1, IDP: LOCAL, Authenticator:BasicAuthenticator } | Result : Success 
TID: [-1234] [2023-06-12 12:34:23,653]  INFO {AUDIT_LOG} - Initiator=wso2.system.user Action=Get-Roles-of-User Target=admin Data={"ServiceProviderName":"apim_publisher","Filter":"*","Roles":["Internal/subscriber","Internal/creator","Internal/publisher","Internal/everyone","Internal/devops","admin","Internal/analytics","Internal/observer","Internal/integration_dev"]} Outcome=Success
TID: [-1234] [2023-06-12 12:34:23,654]  INFO {AUDIT_LOG} - Initiator=wso2.system.user Action=Get-User-Claim-Values Target=admin Data={"ServiceProviderName":"apim_publisher","Claims":{"http://wso2.org/claims/username":"admin","http://wso2.org/claims/userid":"419d3f27-ed71-4348-be1c-824ababa77e2","http://wso2.org/claims/role":"Internal/subscriber,Internal/creator,Internal/publisher,Internal/everyone,Internal/devops,admin,Internal/analytics,Internal/observer,Internal/integration_dev","http://wso2.org/claims/userprincipal":"admin"}} Outcome=Success
TID: [-1234] [2023-06-12 12:34:24,091]  INFO {AUDIT_LOG} - Initiator : admin | Action : StoreSession | Data : { {"traceId":"5f321528-abb8-4466-9104-581265876160","RememberMe":true,"sessionContextId":"d040d4507a99c21d3917928e702fdb362eea36344e56d73aad30dc8db9e22d90","AuthenticatedUserTenantDomain":"carbon.super","AuthenticatedUser":"admin","LastAccessedTimestamp":1686562463692} } | Result : Success 
TID: [-1234] [2023-06-12 12:34:24,163]  INFO {AUDIT_LOG} - Initiator : admin | Action : Login | Target : ApplicationAuthenticationFramework | Data : { "ContextIdentifier" : "ba40c891-6085-4653-bf26-08b62cf7cd40","AuthenticatedUser" : "admin","AuthenticatedUserTenantDomain" : "carbon.super","ServiceProviderName" : "apim_publisher","RequestType" : "oidc","RelyingParty" : "txiX92C5lqCp5l9dsSSrmo9Dr6Ma","AuthenticatedIdPs" : "eyJ0eXAiOiJKV1QiLCJhbGciOiJIUzI1NiJ9.eyJpc3MiOiJ3c28yIiwiZXhwIjoxNjg2NTYyNDY2NjQ3LCJpYXQiOjE2ODY1NjI0NjM2NDcsImlkcHMiOlt7ImlkcCI6IkxPQ0FMIiwiYXV0aGVudGljYXRvciI6IkJhc2ljQXV0aGVudGljYXRvciJ9XX0.D9_YKd7mTCooaew7a4qbn_JzbLNI05JpMNmIsUlx-1k","User Agent" : "null","RemoteAddress" : "null","UserStoreDomain" : "PRIMARY" } | Result : Success 
TID: [-1234] [2023-06-12 12:34:25,285]  INFO {AUDIT_LOG} - Initiator=wso2.system.user Action=Get-User-List Target=null Data={"Claim Value":"admin","Users":["admin"],"Claim":"http://wso2.org/claims/username"} Outcome=Success
TID: [-1234] [2023-06-12 12:34:25,300]  INFO {AUDIT_LOG} - Initiator=wso2.system.user Action=Get-User-Claim-Values Target=admin Data={"Claims":{},"Profile":"default"} Outcome=Success
TID: [-1234] [2023-06-12 12:34:25,303]  INFO {AUDIT_LOG} - Initiator=wso2.system.user Action=Get-User-Claim-Values Target=admin Data={"Claims":{},"Profile":"default"} Outcome=Success
TID: [-1234] [2023-06-12 12:34:25,304]  INFO {AUDIT_LOG} - Initiator=wso2.system.user Action=Get-User-Claim-Values Target=admin Data={"Claims":{},"Profile":"default"} Outcome=Success
TID: [-1234] [2023-06-12 12:34:29,361]  INFO {AUDIT_LOG} - GET /api/am/publisher/apis?limit=10&offset=0 user: admin@carbon.super app: txiX92C5lqCp5l9dsSSrmo9Dr6Ma
TID: [-1234] [2023-06-12 12:34:35,402]  INFO {AUDIT_LOG} - GET /api/am/publisher/tenants?state=active user: admin@carbon.super app: txiX92C5lqCp5l9dsSSrmo9Dr6Ma
TID: [-1234] [2023-06-12 12:34:35,403]  INFO {AUDIT_LOG} - GET /api/am/publisher/apis/b708e07c-f833-4577-9072-b66243c058b3 user: admin@carbon.super app: txiX92C5lqCp5l9dsSSrmo9Dr6Ma
TID: [-1234] [2023-06-12 12:34:35,484]  INFO {AUDIT_LOG} - GET /api/am/publisher/settings user: admin@carbon.super app: txiX92C5lqCp5l9dsSSrmo9Dr6Ma
TID: [-1234] [2023-06-12 12:34:36,089]  INFO {AUDIT_LOG} - GET /api/am/publisher/apis/b708e07c-f833-4577-9072-b66243c058b3/revisions user: admin@carbon.super app: txiX92C5lqCp5l9dsSSrmo9Dr6Ma
TID: [-1234] [2023-06-12 12:34:36,107]  INFO {AUDIT_LOG} - GET /api/am/publisher/apis/b708e07c-f833-4577-9072-b66243c058b3/revisions?query=deployed%3Atrue user: admin@carbon.super app: txiX92C5lqCp5l9dsSSrmo9Dr6Ma
TID: [-1234] [2023-06-12 12:34:36,549]  INFO {AUDIT_LOG} - GET /api/am/publisher/apis/b708e07c-f833-4577-9072-b66243c058b3/revisions?query=deployed%3Atrue user: admin@carbon.super app: txiX92C5lqCp5l9dsSSrmo9Dr6Ma
TID: [-1234] [2023-06-12 12:34:36,552]  INFO {AUDIT_LOG} - GET /api/am/publisher/apis/b708e07c-f833-4577-9072-b66243c058b3/swagger user: admin@carbon.super app: txiX92C5lqCp5l9dsSSrmo9Dr6Ma
TID: [-1234] [2023-06-12 12:34:40,606]  INFO {AUDIT_LOG} - GET /api/am/publisher/apis/b708e07c-f833-4577-9072-b66243c058b3/swagger user: admin@carbon.super app: txiX92C5lqCp5l9dsSSrmo9Dr6Ma
TID: [-1234] [2023-06-12 12:34:40,606]  INFO {AUDIT_LOG} - GET /api/am/publisher/apis/b708e07c-f833-4577-9072-b66243c058b3/deployments user: admin@carbon.super app: txiX92C5lqCp5l9dsSSrmo9Dr6Ma
TID: [-1234] [2023-06-12 12:34:40,612]  INFO {AUDIT_LOG} - POST /api/am/publisher/apis/b708e07c-f833-4577-9072-b66243c058b3/generate-key user: admin@carbon.super app: txiX92C5lqCp5l9dsSSrmo9Dr6Ma
TID: [-1234] [2023-06-12 12:34:46,432]  INFO {AUDIT_LOG} - POST /api/am/publisher/apis/b708e07c-f833-4577-9072-b66243c058b3/generate-key user: admin@carbon.super app: txiX92C5lqCp5l9dsSSrmo9Dr6Ma
TID: [] [2023-06-12 12:34:56,003]  INFO {AUDIT_LOG} - Initiator=wso2.system.user Action=Get-User-Claim-Values Target=admin Data={"Claims":{},"Profile":"default"} Outcome=Success
TID: [] [2023-06-12 12:34:56,004]  INFO {AUDIT_LOG} - Initiator=wso2.system.user Action=Get-User-Claim-Values Target=admin Data={"Claims":{},"Profile":"default"} Outcome=Success
TID: [] [2023-06-12 12:34:56,004]  INFO {AUDIT_LOG} - Initiator=wso2.system.user Action=Get-User-Claim-Values Target=admin Data={"Claims":{},"Profile":"default"} Outcome=Success
TID: [-1234] [2023-06-12 12:35:20,146]  INFO {AUDIT_LOG} - GET /api/am/publisher/apis?limit=10&offset=0 user: admin@carbon.super app: txiX92C5lqCp5l9dsSSrmo9Dr6Ma
TID: [-1234] [2023-06-12 12:35:22,251]  INFO {AUDIT_LOG} - GET /api/am/publisher/tenants?state=active user: admin@carbon.super app: txiX92C5lqCp5l9dsSSrmo9Dr6Ma
TID: [-1234] [2023-06-12 12:35:22,266]  INFO {AUDIT_LOG} - GET /api/am/publisher/apis/b708e07c-f833-4577-9072-b66243c058b3 user: admin@carbon.super app: txiX92C5lqCp5l9dsSSrmo9Dr6Ma
TID: [-1234] [2023-06-12 12:35:23,145]  INFO {AUDIT_LOG} - GET /api/am/publisher/apis/b708e07c-f833-4577-9072-b66243c058b3/revisions user: admin@carbon.super app: txiX92C5lqCp5l9dsSSrmo9Dr6Ma
TID: [-1234] [2023-06-12 12:35:23,145]  INFO {AUDIT_LOG} - GET /api/am/publisher/apis/b708e07c-f833-4577-9072-b66243c058b3/revisions?query=deployed%3Atrue user: admin@carbon.super app: txiX92C5lqCp5l9dsSSrmo9Dr6Ma
TID: [-1234] [2023-06-12 12:35:23,146]  INFO {AUDIT_LOG} - GET /api/am/publisher/apis/b708e07c-f833-4577-9072-b66243c058b3/swagger user: admin@carbon.super app: txiX92C5lqCp5l9dsSSrmo9Dr6Ma
TID: [-1234] [2023-06-12 12:35:23,163]  INFO {AUDIT_LOG} - GET /api/am/publisher/apis/b708e07c-f833-4577-9072-b66243c058b3/revisions?query=deployed%3Atrue user: admin@carbon.super app: txiX92C5lqCp5l9dsSSrmo9Dr6Ma
TID: [-1234] [2023-06-12 12:35:23,424]  INFO {AUDIT_LOG} - GET /api/am/publisher/apis/b708e07c-f833-4577-9072-b66243c058b3/swagger user: admin@carbon.super app: txiX92C5lqCp5l9dsSSrmo9Dr6Ma
TID: [-1234] [2023-06-12 12:35:23,426]  INFO {AUDIT_LOG} - GET /api/am/publisher/apis/b708e07c-f833-4577-9072-b66243c058b3/revisions?query=deployed%3Atrue user: admin@carbon.super app: txiX92C5lqCp5l9dsSSrmo9Dr6Ma
TID: [-1234] [2023-06-12 12:35:23,659]  INFO {AUDIT_LOG} - GET /api/am/publisher/apis/b708e07c-f833-4577-9072-b66243c058b3/revisions?query=deployed%3Atrue user: admin@carbon.super app: txiX92C5lqCp5l9dsSSrmo9Dr6Ma
TID: [-1234] [2023-06-12 12:35:23,660]  INFO {AUDIT_LOG} - GET /api/am/publisher/apis/b708e07c-f833-4577-9072-b66243c058b3/swagger user: admin@carbon.super app: txiX92C5lqCp5l9dsSSrmo9Dr6Ma
TID: [-1234] [2023-06-12 12:35:29,296]  INFO {AUDIT_LOG} - GET /api/am/publisher/apis/b708e07c-f833-4577-9072-b66243c058b3/swagger user: admin@carbon.super app: txiX92C5lqCp5l9dsSSrmo9Dr6Ma
TID: [-1234] [2023-06-12 12:35:29,298]  INFO {AUDIT_LOG} - GET /api/am/publisher/endpoint-certificates?endpoint=http%3A%2F%2Flocalhost%3A8000 user: admin@carbon.super app: txiX92C5lqCp5l9dsSSrmo9Dr6Ma
TID: [-1234] [2023-06-12 12:36:02,060]  INFO {AUDIT_LOG} - POST /api/am/publisher/apis/validate-endpoint?endpointUrl=https%3A%2F%2Fdemo.cwwms.com%2Fcategories&apiId=b708e07c-f833-4577-9072-b66243c058b3 user: admin@carbon.super app: txiX92C5lqCp5l9dsSSrmo9Dr6Ma
TID: [-1234] [2023-06-12 12:36:17,747]  INFO {AUDIT_LOG} - POST /api/am/publisher/apis/validate-endpoint?endpointUrl=https%3A%2F%2Fdemo.cwwms.com%2Fcategories&apiId=b708e07c-f833-4577-9072-b66243c058b3 user: admin@carbon.super app: txiX92C5lqCp5l9dsSSrmo9Dr6Ma
TID: [-1234] [2023-06-12 12:36:23,797]  INFO {AUDIT_LOG} - PUT /api/am/publisher/apis/b708e07c-f833-4577-9072-b66243c058b3 user: admin@carbon.super app: txiX92C5lqCp5l9dsSSrmo9Dr6Ma
TID: [-1234] [2023-06-12 12:36:24,705]  INFO {AUDIT_LOG} - {"performedBy":"admin","action":"updated","typ":"API","info":{"provider":"admin","name":"SocialApp","context":"/posts/1.0","version":"1.0"}}
TID: [] [2023-06-12 12:36:25,106]  INFO {AUDIT_LOG} - Initiator=wso2.system.user Action=Get-User-Claim-Values Target=admin Data={"Claims":{},"Profile":"default"} Outcome=Success
TID: [] [2023-06-12 12:36:25,107]  INFO {AUDIT_LOG} - Initiator=wso2.system.user Action=Get-User-Claim-Values Target=admin Data={"Claims":{},"Profile":"default"} Outcome=Success
TID: [] [2023-06-12 12:36:25,107]  INFO {AUDIT_LOG} - Initiator=wso2.system.user Action=Get-User-Claim-Values Target=admin Data={"Claims":{},"Profile":"default"} Outcome=Success
TID: [-1234] [2023-06-12 12:36:25,615]  INFO {AUDIT_LOG} - GET /api/am/publisher/apis/b708e07c-f833-4577-9072-b66243c058b3/swagger user: admin@carbon.super app: txiX92C5lqCp5l9dsSSrmo9Dr6Ma
TID: [-1234] [2023-06-12 12:36:25,638]  INFO {AUDIT_LOG} - GET /api/am/publisher/endpoint-certificates?endpoint=https%3A%2F%2Fdemo.cwwms.com%2Fcategories user: admin@carbon.super app: txiX92C5lqCp5l9dsSSrmo9Dr6Ma
TID: [] [2023-06-12 12:36:30,594]  INFO {AUDIT_LOG} - Initiator=wso2.system.user Action=Get-User-Claim-Values Target=admin Data={"Claims":{},"Profile":"default"} Outcome=Success
TID: [] [2023-06-12 12:36:30,595]  INFO {AUDIT_LOG} - Initiator=wso2.system.user Action=Get-User-Claim-Values Target=admin Data={"Claims":{},"Profile":"default"} Outcome=Success
TID: [] [2023-06-12 12:36:30,595]  INFO {AUDIT_LOG} - Initiator=wso2.system.user Action=Get-User-Claim-Values Target=admin Data={"Claims":{},"Profile":"default"} Outcome=Success
TID: [-1234] [2023-06-12 12:36:31,510]  INFO {AUDIT_LOG} - Initiator=wso2.system.user Action=Get-User-Claim-Values Target=admin Data={"Claims":{},"Profile":"default"} Outcome=Success
TID: [-1234] [2023-06-12 12:36:31,513]  INFO {AUDIT_LOG} - Initiator=wso2.system.user Action=Get-User-Claim-Values Target=admin Data={"Claims":{},"Profile":"default"} Outcome=Success
TID: [-1234] [2023-06-12 12:36:31,513]  INFO {AUDIT_LOG} - Initiator=wso2.system.user Action=Get-User-Claim-Values Target=admin Data={"Claims":{},"Profile":"default"} Outcome=Success
TID: [-1234] [2023-06-12 12:36:31,554]  INFO {AUDIT_LOG} - Initiator=wso2.system.user Action=Get-User-Claim-Values Target=admin Data={"Claims":{},"Profile":"default"} Outcome=Success
TID: [-1234] [2023-06-12 12:36:31,556]  INFO {AUDIT_LOG} - Initiator=wso2.system.user Action=Get-User-Claim-Values Target=admin Data={"Claims":{},"Profile":"default"} Outcome=Success
TID: [-1234] [2023-06-12 12:36:31,556]  INFO {AUDIT_LOG} - Initiator=wso2.system.user Action=Get-User-Claim-Values Target=admin Data={"Claims":{},"Profile":"default"} Outcome=Success
TID: [-1234] [2023-06-12 12:36:35,038]  INFO {AUDIT_LOG} - GET /api/am/publisher/apis/b708e07c-f833-4577-9072-b66243c058b3/swagger user: admin@carbon.super app: txiX92C5lqCp5l9dsSSrmo9Dr6Ma
TID: [-1234] [2023-06-12 12:36:35,049]  INFO {AUDIT_LOG} - GET /api/am/publisher/apis/b708e07c-f833-4577-9072-b66243c058b3/amznResourceNames user: admin@carbon.super app: txiX92C5lqCp5l9dsSSrmo9Dr6Ma
TID: [-1234] [2023-06-12 12:36:35,132]  INFO {AUDIT_LOG} - GET /api/am/publisher/scopes user: admin@carbon.super app: txiX92C5lqCp5l9dsSSrmo9Dr6Ma
TID: [-1234] [2023-06-12 12:36:35,137]  INFO {AUDIT_LOG} - GET /api/am/publisher/throttling-policies/api?limit=80 user: admin@carbon.super app: txiX92C5lqCp5l9dsSSrmo9Dr6Ma
TID: [-1234] [2023-06-12 12:36:53,750]  INFO {AUDIT_LOG} - PUT /api/am/publisher/apis/b708e07c-f833-4577-9072-b66243c058b3/swagger user: admin@carbon.super app: txiX92C5lqCp5l9dsSSrmo9Dr6Ma
TID: [-1234] [2023-06-12 12:36:54,144]  INFO {AUDIT_LOG} - {"performedBy":"admin","action":"updated","typ":"API","info":{"provider":"admin","name":"SocialApp","context":"/posts/1.0","version":"1.0"}}
TID: [-1234] [2023-06-12 12:36:54,706]  INFO {AUDIT_LOG} - GET /api/am/publisher/apis/b708e07c-f833-4577-9072-b66243c058b3 user: admin@carbon.super app: txiX92C5lqCp5l9dsSSrmo9Dr6Ma
TID: [] [2023-06-12 12:36:59,053]  INFO {AUDIT_LOG} - Initiator=wso2.system.user Action=Get-User-Claim-Values Target=admin Data={"Claims":{},"Profile":"default"} Outcome=Success
TID: [] [2023-06-12 12:36:59,055]  INFO {AUDIT_LOG} - Initiator=wso2.system.user Action=Get-User-Claim-Values Target=admin Data={"Claims":{},"Profile":"default"} Outcome=Success
TID: [] [2023-06-12 12:36:59,055]  INFO {AUDIT_LOG} - Initiator=wso2.system.user Action=Get-User-Claim-Values Target=admin Data={"Claims":{},"Profile":"default"} Outcome=Success
TID: [-1234] [2023-06-12 12:36:59,758]  INFO {AUDIT_LOG} - Initiator=wso2.system.user Action=Get-User-Claim-Values Target=admin Data={"Claims":{},"Profile":"default"} Outcome=Success
TID: [-1234] [2023-06-12 12:36:59,759]  INFO {AUDIT_LOG} - Initiator=wso2.system.user Action=Get-User-Claim-Values Target=admin Data={"Claims":{},"Profile":"default"} Outcome=Success
TID: [-1234] [2023-06-12 12:36:59,759]  INFO {AUDIT_LOG} - Initiator=wso2.system.user Action=Get-User-Claim-Values Target=admin Data={"Claims":{},"Profile":"default"} Outcome=Success
TID: [-1234] [2023-06-12 12:36:59,791]  INFO {AUDIT_LOG} - Initiator=wso2.system.user Action=Get-User-Claim-Values Target=admin Data={"Claims":{},"Profile":"default"} Outcome=Success
TID: [-1234] [2023-06-12 12:36:59,793]  INFO {AUDIT_LOG} - Initiator=wso2.system.user Action=Get-User-Claim-Values Target=admin Data={"Claims":{},"Profile":"default"} Outcome=Success
TID: [-1234] [2023-06-12 12:36:59,794]  INFO {AUDIT_LOG} - Initiator=wso2.system.user Action=Get-User-Claim-Values Target=admin Data={"Claims":{},"Profile":"default"} Outcome=Success
TID: [-1234] [2023-06-12 12:37:05,012]  INFO {AUDIT_LOG} - GET /api/am/publisher/apis/b708e07c-f833-4577-9072-b66243c058b3/deployments user: admin@carbon.super app: txiX92C5lqCp5l9dsSSrmo9Dr6Ma
TID: [-1234] [2023-06-12 12:37:05,016]  INFO {AUDIT_LOG} - GET /api/am/publisher/apis/b708e07c-f833-4577-9072-b66243c058b3/swagger user: admin@carbon.super app: txiX92C5lqCp5l9dsSSrmo9Dr6Ma
TID: [-1234] [2023-06-12 12:37:05,022]  INFO {AUDIT_LOG} - POST /api/am/publisher/apis/b708e07c-f833-4577-9072-b66243c058b3/generate-key user: admin@carbon.super app: txiX92C5lqCp5l9dsSSrmo9Dr6Ma
TID: [-1234] [2023-06-12 12:37:06,940]  INFO {AUDIT_LOG} - POST /api/am/publisher/apis/b708e07c-f833-4577-9072-b66243c058b3/generate-key user: admin@carbon.super app: txiX92C5lqCp5l9dsSSrmo9Dr6Ma
TID: [-1234] [2023-06-12 12:38:24,431]  INFO {AUDIT_LOG} - GET /api/am/publisher/apis?limit=10&offset=0 user: admin@carbon.super app: txiX92C5lqCp5l9dsSSrmo9Dr6Ma
TID: [-1234] [2023-06-12 12:38:33,718]  INFO {AUDIT_LOG} - GET /api/am/publisher/apis/746c7962-0923-4c21-be0e-a84d3748b57b user: admin@carbon.super app: txiX92C5lqCp5l9dsSSrmo9Dr6Ma
TID: [-1234] [2023-06-12 12:38:33,720]  INFO {AUDIT_LOG} - GET /api/am/publisher/tenants?state=active user: admin@carbon.super app: txiX92C5lqCp5l9dsSSrmo9Dr6Ma
TID: [-1234] [2023-06-12 12:38:34,684]  INFO {AUDIT_LOG} - GET /api/am/publisher/apis/746c7962-0923-4c21-be0e-a84d3748b57b/revisions?query=deployed%3Atrue user: admin@carbon.super app: txiX92C5lqCp5l9dsSSrmo9Dr6Ma
TID: [-1234] [2023-06-12 12:38:34,687]  INFO {AUDIT_LOG} - GET /api/am/publisher/apis/746c7962-0923-4c21-be0e-a84d3748b57b/swagger user: admin@carbon.super app: txiX92C5lqCp5l9dsSSrmo9Dr6Ma
TID: [-1234] [2023-06-12 12:38:34,734]  INFO {AUDIT_LOG} - GET /api/am/publisher/apis/746c7962-0923-4c21-be0e-a84d3748b57b/revisions user: admin@carbon.super app: txiX92C5lqCp5l9dsSSrmo9Dr6Ma
TID: [-1234] [2023-06-12 12:38:34,756]  INFO {AUDIT_LOG} - GET /api/am/publisher/apis/746c7962-0923-4c21-be0e-a84d3748b57b/revisions?query=deployed%3Atrue user: admin@carbon.super app: txiX92C5lqCp5l9dsSSrmo9Dr6Ma
TID: [-1234] [2023-06-12 12:38:34,992]  INFO {AUDIT_LOG} - GET /api/am/publisher/apis/746c7962-0923-4c21-be0e-a84d3748b57b/revisions?query=deployed%3Atrue user: admin@carbon.super app: txiX92C5lqCp5l9dsSSrmo9Dr6Ma
TID: [-1234] [2023-06-12 12:38:34,992]  INFO {AUDIT_LOG} - GET /api/am/publisher/apis/746c7962-0923-4c21-be0e-a84d3748b57b/swagger user: admin@carbon.super app: txiX92C5lqCp5l9dsSSrmo9Dr6Ma
TID: [-1234] [2023-06-12 12:38:35,247]  INFO {AUDIT_LOG} - GET /api/am/publisher/apis/746c7962-0923-4c21-be0e-a84d3748b57b/swagger user: admin@carbon.super app: txiX92C5lqCp5l9dsSSrmo9Dr6Ma
TID: [-1234] [2023-06-12 12:38:35,248]  INFO {AUDIT_LOG} - GET /api/am/publisher/apis/746c7962-0923-4c21-be0e-a84d3748b57b/revisions?query=deployed%3Atrue user: admin@carbon.super app: txiX92C5lqCp5l9dsSSrmo9Dr6Ma
TID: [-1234] [2023-06-12 12:38:40,992]  INFO {AUDIT_LOG} - GET /api/am/publisher/apis/746c7962-0923-4c21-be0e-a84d3748b57b/deployments user: admin@carbon.super app: txiX92C5lqCp5l9dsSSrmo9Dr6Ma
TID: [-1234] [2023-06-12 12:38:40,992]  INFO {AUDIT_LOG} - GET /api/am/publisher/apis/746c7962-0923-4c21-be0e-a84d3748b57b/swagger user: admin@carbon.super app: txiX92C5lqCp5l9dsSSrmo9Dr6Ma
TID: [-1234] [2023-06-12 12:38:40,998]  INFO {AUDIT_LOG} - POST /api/am/publisher/apis/746c7962-0923-4c21-be0e-a84d3748b57b/generate-key user: admin@carbon.super app: txiX92C5lqCp5l9dsSSrmo9Dr6Ma
TID: [-1234] [2023-06-12 12:38:43,012]  INFO {AUDIT_LOG} - POST /api/am/publisher/apis/746c7962-0923-4c21-be0e-a84d3748b57b/generate-key user: admin@carbon.super app: txiX92C5lqCp5l9dsSSrmo9Dr6Ma
