- 0:0:0:0:0:0:0:1 - - [08/Jun/2023:00:10:22.425 +0300] "OPTIONS /posts/1.0/posts HTTP/1.1" - - "https://localhost:9443/" "Mozilla/5.0 (Windows NT 10.0; Win64; x64) AppleWebKit/537.36 (KHTML, like Gecko) Chrome/114.0.0.0 Safari/537.36 Edg/114.0.1823.37"
- 0:0:0:0:0:0:0:1  - [08/Jun/2023:00:10:22.425 +0300] "- - " 404 - "-" "-"
- 0:0:0:0:0:0:0:1 - - [08/Jun/2023:00:10:24.637 +0300] "OPTIONS /posts/1.0/posts HTTP/1.1" - - "https://localhost:9443/" "Mozilla/5.0 (Windows NT 10.0; Win64; x64) AppleWebKit/537.36 (KHTML, like Gecko) Chrome/114.0.0.0 Safari/537.36 Edg/114.0.1823.37"
- 0:0:0:0:0:0:0:1  - [08/Jun/2023:00:10:24.637 +0300] "- - " 404 - "-" "-"
- 0:0:0:0:0:0:0:1 - - [08/Jun/2023:00:11:27.621 +0300] "OPTIONS /posts/1.0/posts HTTP/1.1" - - "https://localhost:9443/" "Mozilla/5.0 (Windows NT 10.0; Win64; x64) AppleWebKit/537.36 (KHTML, like Gecko) Chrome/114.0.0.0 Safari/537.36 Edg/114.0.1823.37"
- 0:0:0:0:0:0:0:1  - [08/Jun/2023:00:11:27.621 +0300] "- - " 404 - "-" "-"
- 0:0:0:0:0:0:0:1  - [08/Jun/2023:00:11:59.512 +0300] "- - " 404 - "-" "-"
- 0:0:0:0:0:0:0:1 - - [08/Jun/2023:00:11:59.512 +0300] "OPTIONS /posts/1.0/posts HTTP/1.1" - - "https://localhost:9443/" "Mozilla/5.0 (Windows NT 10.0; Win64; x64) AppleWebKit/537.36 (KHTML, like Gecko) Chrome/114.0.0.0 Safari/537.36 Edg/114.0.1823.37"
- 0:0:0:0:0:0:0:1 - - [08/Jun/2023:09:21:50.247 +0300] "OPTIONS /posts/1.0 HTTP/1.1" - - "https://localhost:9443/" "Mozilla/5.0 (Windows NT 10.0; Win64; x64) AppleWebKit/537.36 (KHTML, like Gecko) Chrome/114.0.0.0 Safari/537.36 Edg/114.0.1823.37"
- 0:0:0:0:0:0:0:1  - [08/Jun/2023:09:21:50.247 +0300] "- - " 404 - "-" "-"
- 0:0:0:0:0:0:0:1  - [08/Jun/2023:09:23:51.862 +0300] "- - " 404 - "-" "-"
- 0:0:0:0:0:0:0:1  - [08/Jun/2023:09:23:54.419 +0300] "- - " 404 - "-" "-"
- 0:0:0:0:0:0:0:1 - - [08/Jun/2023:09:23:51.862 +0300] "OPTIONS /posts/1.0 HTTP/1.1" - - "https://localhost:9443/" "Mozilla/5.0 (Windows NT 10.0; Win64; x64) AppleWebKit/537.36 (KHTML, like Gecko) Chrome/114.0.0.0 Safari/537.36 Edg/114.0.1823.37"
- 0:0:0:0:0:0:0:1 - - [08/Jun/2023:09:23:54.419 +0300] "OPTIONS /posts/1.0 HTTP/1.1" - - "https://localhost:9443/" "Mozilla/5.0 (Windows NT 10.0; Win64; x64) AppleWebKit/537.36 (KHTML, like Gecko) Chrome/114.0.0.0 Safari/537.36 Edg/114.0.1823.37"
- 0:0:0:0:0:0:0:1  - [08/Jun/2023:15:09:57.690 +0300] "- - " 404 - "-" "-"
- 0:0:0:0:0:0:0:1 - - [08/Jun/2023:15:09:57.690 +0300] "OPTIONS /pizzashack/1.0.0/order HTTP/1.1" - - "https://localhost:9443/" "Mozilla/5.0 (Windows NT 10.0; Win64; x64) AppleWebKit/537.36 (KHTML, like Gecko) Chrome/114.0.0.0 Safari/537.36 Edg/114.0.1823.37"
- 0:0:0:0:0:0:0:1 - - [08/Jun/2023:15:29:20.553 +0300] "GET /pizzashack/1.0.0/menu HTTP/1.1" - - "-" "PostmanRuntime/7.32.2"
- 0:0:0:0:0:0:0:1  - [08/Jun/2023:15:29:20.553 +0300] "- - " 404 - "-" "-"
- 0:0:0:0:0:0:0:1 - - [08/Jun/2023:15:29:25.703 +0300] "GET /pizzashack/1.0.0/menu HTTP/1.1" - - "-" "PostmanRuntime/7.32.2"
- 0:0:0:0:0:0:0:1  - [08/Jun/2023:15:29:25.703 +0300] "- - " 404 - "-" "-"
- 0:0:0:0:0:0:0:1 - - [08/Jun/2023:15:30:18.699 +0300] "GET //menu HTTP/1.1" - - "-" "PostmanRuntime/7.32.2"
- 0:0:0:0:0:0:0:1  - [08/Jun/2023:15:30:18.699 +0300] "- - " 404 - "-" "-"
- 0:0:0:0:0:0:0:1 - - [08/Jun/2023:15:30:56.153 +0300] "GET //menu HTTP/1.1" - - "-" "PostmanRuntime/7.32.2"
- 0:0:0:0:0:0:0:1  - [08/Jun/2023:15:30:56.153 +0300] "- - " 404 - "-" "-"
- 0:0:0:0:0:0:0:1  - [08/Jun/2023:15:33:41.087 +0300] "- - " 404 - "-" "-"
- 0:0:0:0:0:0:0:1 - - [08/Jun/2023:15:33:41.087 +0300] "GET /pizzashack/1.0.0/menu HTTP/1.1" - - "-" "PostmanRuntime/7.32.2"
- 0:0:0:0:0:0:0:1 - - [08/Jun/2023:15:34:06.337 +0300] "POST /pizzashack/1.0.0/order HTTP/1.1" - - "-" "PostmanRuntime/7.32.2"
- 0:0:0:0:0:0:0:1  - [08/Jun/2023:15:34:06.337 +0300] "- - " 404 - "-" "-"
- 0:0:0:0:0:0:0:1 - - [08/Jun/2023:15:34:17.602 +0300] "POST /pizzashack/1.0.0/order HTTP/1.1" - - "-" "PostmanRuntime/7.32.2"
- 0:0:0:0:0:0:0:1  - [08/Jun/2023:15:34:17.602 +0300] "- - " 404 - "-" "-"
- 0:0:0:0:0:0:0:1 - - [08/Jun/2023:15:34:44.412 +0300] "GET /pizzashack/1.0.0/menu HTTP/1.1" - - "-" "PostmanRuntime/7.32.2"
- 0:0:0:0:0:0:0:1  - [08/Jun/2023:15:34:44.412 +0300] "- - " 404 - "-" "-"
- 0:0:0:0:0:0:0:1 - - [08/Jun/2023:15:48:17.679 +0300] "GET /pizzashack/1.0.0/menu HTTP/1.1" - - "-" "PostmanRuntime/7.32.2"
- 0:0:0:0:0:0:0:1  - [08/Jun/2023:15:48:17.679 +0300] "- - " 404 - "-" "-"
- 0:0:0:0:0:0:0:1  - [08/Jun/2023:15:48:36.916 +0300] "- - " 404 - "-" "-"
- 0:0:0:0:0:0:0:1 - - [08/Jun/2023:15:48:36.916 +0300] "GET /pizzashack/1.0.0/menu HTTP/1.1" - - "-" "PostmanRuntime/7.32.2"
- 0:0:0:0:0:0:0:1 - - [08/Jun/2023:15:52:59.298 +0300] "GET /pizzashack/1.0.0/menu HTTP/1.1" - - "-" "PostmanRuntime/7.32.2"
- 0:0:0:0:0:0:0:1  - [08/Jun/2023:15:52:59.298 +0300] "- - " 404 - "-" "-"
- 0:0:0:0:0:0:0:1 - - [08/Jun/2023:15:53:26.598 +0300] "GET /pizzashack/1.0.0/menu HTTP/1.1" - - "-" "PostmanRuntime/7.32.2"
- 0:0:0:0:0:0:0:1  - [08/Jun/2023:15:53:26.598 +0300] "- - " 404 - "-" "-"
- 0:0:0:0:0:0:0:1 - - [08/Jun/2023:15:53:47.328 +0300] "GET /pizzashack/1.0.0/menu HTTP/1.1" - - "-" "PostmanRuntime/7.32.2"
- 0:0:0:0:0:0:0:1  - [08/Jun/2023:15:53:47.328 +0300] "- - " 404 - "-" "-"
- 0:0:0:0:0:0:0:1 - - [08/Jun/2023:16:01:23.268 +0300] "OPTIONS /posts/1.0/ HTTP/1.1" - - "https://localhost:9443/" "Mozilla/5.0 (Windows NT 10.0; Win64; x64) AppleWebKit/537.36 (KHTML, like Gecko) Chrome/114.0.0.0 Safari/537.36 Edg/114.0.1823.37"
- 0:0:0:0:0:0:0:1  - [08/Jun/2023:16:01:23.268 +0300] "- - " 404 - "-" "-"
- 0:0:0:0:0:0:0:1 - - [08/Jun/2023:16:01:27.534 +0300] "OPTIONS /posts/1.0/ HTTP/1.1" - - "https://localhost:9443/" "Mozilla/5.0 (Windows NT 10.0; Win64; x64) AppleWebKit/537.36 (KHTML, like Gecko) Chrome/114.0.0.0 Safari/537.36 Edg/114.0.1823.37"
- 0:0:0:0:0:0:0:1  - [08/Jun/2023:16:01:27.534 +0300] "- - " 404 - "-" "-"
- 0:0:0:0:0:0:0:1 - - [08/Jun/2023:16:02:54.452 +0300] "GET /posts/1.0/ HTTP/1.1" - - "-" "PostmanRuntime/7.32.2"
- 0:0:0:0:0:0:0:1  - [08/Jun/2023:16:02:54.452 +0300] "- - " 404 - "-" "-"
- 0:0:0:0:0:0:0:1 - - [08/Jun/2023:16:03:23.520 +0300] "GET /posts/1.0/ HTTP/1.1" - - "-" "PostmanRuntime/7.32.2"
- 0:0:0:0:0:0:0:1  - [08/Jun/2023:16:03:23.520 +0300] "- - " 404 - "-" "-"
- 0:0:0:0:0:0:0:1  - [08/Jun/2023:16:05:35.499 +0300] "- - " 404 - "-" "-"
- 0:0:0:0:0:0:0:1 - - [08/Jun/2023:16:05:35.499 +0300] "GET /posts/1.0/ HTTP/1.1" - - "-" "PostmanRuntime/7.32.2"
- 0:0:0:0:0:0:0:1 - - [08/Jun/2023:16:06:01.332 +0300] "GET /posts/1.0/posts/1 HTTP/1.1" - - "-" "PostmanRuntime/7.32.2"
- 0:0:0:0:0:0:0:1 - - [08/Jun/2023:16:06:14.608 +0300] "GET /posts/1.0/posts/1 HTTP/1.1" - - "-" "PostmanRuntime/7.32.2"
- 0:0:0:0:0:0:0:1  - [08/Jun/2023:16:06:01.332 +0300] "- - " 404 - "-" "-"
- 0:0:0:0:0:0:0:1  - [08/Jun/2023:16:06:14.608 +0300] "- - " 404 - "-" "-"
- 0:0:0:0:0:0:0:1 - - [08/Jun/2023:16:11:49.022 +0300] "GET /posts/1.0/ HTTP/1.1" - - "-" "PostmanRuntime/7.32.2"
- 0:0:0:0:0:0:0:1  - [08/Jun/2023:16:11:49.022 +0300] "- - " 404 - "-" "-"
- 0:0:0:0:0:0:0:1 - - [08/Jun/2023:16:12:15.769 +0300] "GET /posts/1.0/ HTTP/1.1" - - "-" "PostmanRuntime/7.32.2"
- 0:0:0:0:0:0:0:1  - [08/Jun/2023:16:12:15.769 +0300] "- - " 404 - "-" "-"
- 0:0:0:0:0:0:0:1 - - [08/Jun/2023:16:12:36.800 +0300] "GET /posts/1.0/ HTTP/1.1" - - "-" "PostmanRuntime/7.32.2"
- 0:0:0:0:0:0:0:1  - [08/Jun/2023:16:12:36.800 +0300] "- - " 404 - "-" "-"
- 0:0:0:0:0:0:0:1 - - [08/Jun/2023:16:12:42.658 +0300] "GET /posts/1.0 HTTP/1.1" - - "-" "PostmanRuntime/7.32.2"
- 0:0:0:0:0:0:0:1  - [08/Jun/2023:16:12:42.658 +0300] "- - " 404 - "-" "-"
- 0:0:0:0:0:0:0:1 - - [08/Jun/2023:16:28:31.872 +0300] "GET /posts/1.0 HTTP/1.1" - - "-" "PostmanRuntime/7.32.2"
- 0:0:0:0:0:0:0:1  - [08/Jun/2023:16:28:31.872 +0300] "- - " 404 - "-" "-"
- 0:0:0:0:0:0:0:1  - [08/Jun/2023:16:51:38.063 +0300] "- - " 404 - "-" "-"
- 0:0:0:0:0:0:0:1 - - [08/Jun/2023:16:51:38.063 +0300] "OPTIONS /users/1.0.0 HTTP/1.1" - - "https://localhost:9443/" "Mozilla/5.0 (Windows NT 10.0; Win64; x64) AppleWebKit/537.36 (KHTML, like Gecko) Chrome/114.0.0.0 Safari/537.36 Edg/114.0.1823.37"
- 0:0:0:0:0:0:0:1  - [08/Jun/2023:16:51:39.776 +0300] "- - " 404 - "-" "-"
- 0:0:0:0:0:0:0:1 - - [08/Jun/2023:16:51:39.776 +0300] "OPTIONS /users/1.0.0 HTTP/1.1" - - "https://localhost:9443/" "Mozilla/5.0 (Windows NT 10.0; Win64; x64) AppleWebKit/537.36 (KHTML, like Gecko) Chrome/114.0.0.0 Safari/537.36 Edg/114.0.1823.37"
- 0:0:0:0:0:0:0:1 - - [08/Jun/2023:16:53:37.262 +0300] "OPTIONS /users/1.0.0/ HTTP/1.1" - - "https://localhost:9443/" "Mozilla/5.0 (Windows NT 10.0; Win64; x64) AppleWebKit/537.36 (KHTML, like Gecko) Chrome/114.0.0.0 Safari/537.36 Edg/114.0.1823.37"
- 0:0:0:0:0:0:0:1  - [08/Jun/2023:16:53:37.262 +0300] "- - " 404 - "-" "-"
