2023-06-07T23:15:08,002 [-] [PassThroughMessageProcessor-1]  INFO __SynapseService STATUS = Message dispatched to the main sequence. Invalid URL., RESOURCE = /pizzashack/1.0.0/menu, HEALTH CHECK URL = /pizzashack/1.0.0/menu
2023-06-07T23:15:26,339 [-] [PassThroughMessageProcessor-2]  INFO __SynapseService STATUS = Message dispatched to the main sequence. Invalid URL., RESOURCE = /pizzashack/1.0.0/menu, HEALTH CHECK URL = /pizzashack/1.0.0/menu
2023-06-07T23:55:20,393 [-] [PassThroughMessageProcessor-3]  INFO __SynapseService STATUS = Message dispatched to the main sequence. Invalid URL., RESOURCE = /carwash/1.0/categories/409aa466a9e927d0e07976ab5c4054882a4e9462, HEALTH CHECK URL = /carwash/1.0/categories/409aa466a9e927d0e07976ab5c4054882a4e9462
2023-06-07T23:56:43,228 [-] [PassThroughMessageProcessor-4]  INFO __SynapseService STATUS = Message dispatched to the main sequence. Invalid URL., RESOURCE = /carwash/1.0/categories/1, HEALTH CHECK URL = /carwash/1.0/categories/1
2023-06-08T00:10:22,427 [-] [PassThroughMessageProcessor-5]  INFO __SynapseService STATUS = Message dispatched to the main sequence. Invalid URL., RESOURCE = /posts/1.0/posts, HEALTH CHECK URL = /posts/1.0/posts
2023-06-08T00:10:24,640 [-] [PassThroughMessageProcessor-6]  INFO __SynapseService STATUS = Message dispatched to the main sequence. Invalid URL., RESOURCE = /posts/1.0/posts, HEALTH CHECK URL = /posts/1.0/posts
2023-06-08T00:11:27,624 [-] [PassThroughMessageProcessor-7]  INFO __SynapseService STATUS = Message dispatched to the main sequence. Invalid URL., RESOURCE = /posts/1.0/posts, HEALTH CHECK URL = /posts/1.0/posts
2023-06-08T00:11:59,516 [-] [PassThroughMessageProcessor-8]  INFO __SynapseService STATUS = Message dispatched to the main sequence. Invalid URL., RESOURCE = /posts/1.0/posts, HEALTH CHECK URL = /posts/1.0/posts
2023-06-08T09:21:50,290 [-] [PassThroughMessageProcessor-9]  INFO __SynapseService STATUS = Message dispatched to the main sequence. Invalid URL., RESOURCE = /posts/1.0, HEALTH CHECK URL = /posts/1.0
2023-06-08T09:23:51,865 [-] [PassThroughMessageProcessor-10]  INFO __SynapseService STATUS = Message dispatched to the main sequence. Invalid URL., RESOURCE = /posts/1.0, HEALTH CHECK URL = /posts/1.0
2023-06-08T09:23:54,422 [-] [PassThroughMessageProcessor-11]  INFO __SynapseService STATUS = Message dispatched to the main sequence. Invalid URL., RESOURCE = /posts/1.0, HEALTH CHECK URL = /posts/1.0
2023-06-08T15:09:57,719 [-] [PassThroughMessageProcessor-12]  INFO __SynapseService STATUS = Message dispatched to the main sequence. Invalid URL., RESOURCE = /pizzashack/1.0.0/order, HEALTH CHECK URL = /pizzashack/1.0.0/order
2023-06-08T15:29:20,600 [-] [PassThroughMessageProcessor-13]  INFO __SynapseService STATUS = Message dispatched to the main sequence. Invalid URL., RESOURCE = /pizzashack/1.0.0/menu, HEALTH CHECK URL = /pizzashack/1.0.0/menu
2023-06-08T15:29:25,704 [-] [PassThroughMessageProcessor-14]  INFO __SynapseService STATUS = Message dispatched to the main sequence. Invalid URL., RESOURCE = /pizzashack/1.0.0/menu, HEALTH CHECK URL = /pizzashack/1.0.0/menu
2023-06-08T15:30:18,701 [-] [PassThroughMessageProcessor-15]  INFO __SynapseService STATUS = Message dispatched to the main sequence. Invalid URL., RESOURCE = //menu, HEALTH CHECK URL = //menu
2023-06-08T15:30:56,158 [-] [PassThroughMessageProcessor-16]  INFO __SynapseService STATUS = Message dispatched to the main sequence. Invalid URL., RESOURCE = //menu, HEALTH CHECK URL = //menu
2023-06-08T15:33:41,090 [-] [PassThroughMessageProcessor-17]  INFO __SynapseService STATUS = Message dispatched to the main sequence. Invalid URL., RESOURCE = /pizzashack/1.0.0/menu, HEALTH CHECK URL = /pizzashack/1.0.0/menu
2023-06-08T15:34:06,352 [-] [PassThroughMessageProcessor-18]  INFO __SynapseService STATUS = Message dispatched to the main sequence. Invalid URL., RESOURCE = /pizzashack/1.0.0/order, HEALTH CHECK URL = /pizzashack/1.0.0/order
2023-06-08T15:34:17,604 [-] [PassThroughMessageProcessor-19]  INFO __SynapseService STATUS = Message dispatched to the main sequence. Invalid URL., RESOURCE = /pizzashack/1.0.0/order, HEALTH CHECK URL = /pizzashack/1.0.0/order
2023-06-08T15:34:44,414 [-] [PassThroughMessageProcessor-20]  INFO __SynapseService STATUS = Message dispatched to the main sequence. Invalid URL., RESOURCE = /pizzashack/1.0.0/menu, HEALTH CHECK URL = /pizzashack/1.0.0/menu
2023-06-08T15:48:17,682 [-] [PassThroughMessageProcessor-21]  INFO __SynapseService STATUS = Message dispatched to the main sequence. Invalid URL., RESOURCE = /pizzashack/1.0.0/menu, HEALTH CHECK URL = /pizzashack/1.0.0/menu
2023-06-08T15:48:36,919 [-] [PassThroughMessageProcessor-22]  INFO __SynapseService STATUS = Message dispatched to the main sequence. Invalid URL., RESOURCE = /pizzashack/1.0.0/menu, HEALTH CHECK URL = /pizzashack/1.0.0/menu
2023-06-08T15:52:59,301 [-] [PassThroughMessageProcessor-23]  INFO __SynapseService STATUS = Message dispatched to the main sequence. Invalid URL., RESOURCE = /pizzashack/1.0.0/menu, HEALTH CHECK URL = /pizzashack/1.0.0/menu
2023-06-08T15:53:26,600 [-] [PassThroughMessageProcessor-24]  INFO __SynapseService STATUS = Message dispatched to the main sequence. Invalid URL., RESOURCE = /pizzashack/1.0.0/menu, HEALTH CHECK URL = /pizzashack/1.0.0/menu
2023-06-08T15:53:47,330 [-] [PassThroughMessageProcessor-25]  INFO __SynapseService STATUS = Message dispatched to the main sequence. Invalid URL., RESOURCE = /pizzashack/1.0.0/menu, HEALTH CHECK URL = /pizzashack/1.0.0/menu
2023-06-08T16:01:23,273 [-] [PassThroughMessageProcessor-26]  INFO __SynapseService STATUS = Message dispatched to the main sequence. Invalid URL., RESOURCE = /posts/1.0/, HEALTH CHECK URL = /posts/1.0/
2023-06-08T16:01:27,536 [-] [PassThroughMessageProcessor-27]  INFO __SynapseService STATUS = Message dispatched to the main sequence. Invalid URL., RESOURCE = /posts/1.0/, HEALTH CHECK URL = /posts/1.0/
2023-06-08T16:02:54,453 [-] [PassThroughMessageProcessor-28]  INFO __SynapseService STATUS = Message dispatched to the main sequence. Invalid URL., RESOURCE = /posts/1.0/, HEALTH CHECK URL = /posts/1.0/
2023-06-08T16:03:23,523 [-] [PassThroughMessageProcessor-29]  INFO __SynapseService STATUS = Message dispatched to the main sequence. Invalid URL., RESOURCE = /posts/1.0/, HEALTH CHECK URL = /posts/1.0/
2023-06-08T16:05:35,501 [-] [PassThroughMessageProcessor-30]  INFO __SynapseService STATUS = Message dispatched to the main sequence. Invalid URL., RESOURCE = /posts/1.0/, HEALTH CHECK URL = /posts/1.0/
2023-06-08T16:06:01,336 [-] [PassThroughMessageProcessor-31]  INFO __SynapseService STATUS = Message dispatched to the main sequence. Invalid URL., RESOURCE = /posts/1.0/posts/1, HEALTH CHECK URL = /posts/1.0/posts/1
2023-06-08T16:06:14,609 [-] [PassThroughMessageProcessor-32]  INFO __SynapseService STATUS = Message dispatched to the main sequence. Invalid URL., RESOURCE = /posts/1.0/posts/1, HEALTH CHECK URL = /posts/1.0/posts/1
2023-06-08T16:11:49,027 [-] [PassThroughMessageProcessor-33]  INFO __SynapseService STATUS = Message dispatched to the main sequence. Invalid URL., RESOURCE = /posts/1.0/, HEALTH CHECK URL = /posts/1.0/
2023-06-08T16:12:15,770 [-] [PassThroughMessageProcessor-34]  INFO __SynapseService STATUS = Message dispatched to the main sequence. Invalid URL., RESOURCE = /posts/1.0/, HEALTH CHECK URL = /posts/1.0/
2023-06-08T16:12:36,801 [-] [PassThroughMessageProcessor-35]  INFO __SynapseService STATUS = Message dispatched to the main sequence. Invalid URL., RESOURCE = /posts/1.0/, HEALTH CHECK URL = /posts/1.0/
2023-06-08T16:12:42,659 [-] [PassThroughMessageProcessor-36]  INFO __SynapseService STATUS = Message dispatched to the main sequence. Invalid URL., RESOURCE = /posts/1.0, HEALTH CHECK URL = /posts/1.0
2023-06-08T16:28:31,875 [-] [PassThroughMessageProcessor-37]  INFO __SynapseService STATUS = Message dispatched to the main sequence. Invalid URL., RESOURCE = /posts/1.0, HEALTH CHECK URL = /posts/1.0
2023-06-08T16:51:38,068 [-] [PassThroughMessageProcessor-38]  INFO __SynapseService STATUS = Message dispatched to the main sequence. Invalid URL., RESOURCE = /users/1.0.0, HEALTH CHECK URL = /users/1.0.0
2023-06-08T16:51:39,778 [-] [PassThroughMessageProcessor-39]  INFO __SynapseService STATUS = Message dispatched to the main sequence. Invalid URL., RESOURCE = /users/1.0.0, HEALTH CHECK URL = /users/1.0.0
2023-06-08T16:53:37,266 [-] [PassThroughMessageProcessor-40]  INFO __SynapseService STATUS = Message dispatched to the main sequence. Invalid URL., RESOURCE = /users/1.0.0/, HEALTH CHECK URL = /users/1.0.0/
2023-06-09T09:17:49,492 [-] [PassThroughMessageProcessor-41]  INFO __SynapseService STATUS = Message dispatched to the main sequence. Invalid URL., RESOURCE = /posts/1.0/, HEALTH CHECK URL = /posts/1.0/
2023-06-09T09:17:52,366 [-] [PassThroughMessageProcessor-42]  INFO __SynapseService STATUS = Message dispatched to the main sequence. Invalid URL., RESOURCE = /posts/1.0/, HEALTH CHECK URL = /posts/1.0/
2023-06-09T09:21:48,896 [-] [PassThroughMessageProcessor-43]  INFO __SynapseService STATUS = Message dispatched to the main sequence. Invalid URL., RESOURCE = /posts/1.0/, HEALTH CHECK URL = /posts/1.0/
2023-06-09T09:22:17,140 [-] [PassThroughMessageProcessor-44]  INFO __SynapseService STATUS = Message dispatched to the main sequence. Invalid URL., RESOURCE = /posts/1.0/posts/1, HEALTH CHECK URL = /posts/1.0/posts/1
2023-06-13T12:52:19,136 [-] [PassThroughMessageProcessor-4]  INFO __SynapseService STATUS = Message dispatched to the main sequence. Invalid URL., RESOURCE = /, HEALTH CHECK URL = /
2023-06-13T12:52:19,477 [-] [PassThroughMessageProcessor-5]  INFO __SynapseService STATUS = Message dispatched to the main sequence. Invalid URL., RESOURCE = /favicon.ico, HEALTH CHECK URL = /favicon.ico
2023-06-13T12:52:52,000 [-] [PassThroughMessageProcessor-6]  INFO __SynapseService STATUS = Message dispatched to the main sequence. Invalid URL., RESOURCE = /posts, HEALTH CHECK URL = /posts
2023-06-13T12:53:21,471 [-] [PassThroughMessageProcessor-7]  INFO __SynapseService STATUS = Message dispatched to the main sequence. Invalid URL., RESOURCE = /order, HEALTH CHECK URL = /order
2023-06-13T12:53:28,415 [-] [PassThroughMessageProcessor-8]  INFO __SynapseService STATUS = Message dispatched to the main sequence. Invalid URL., RESOURCE = /order, HEALTH CHECK URL = /order
2023-06-13T12:53:34,071 [-] [PassThroughMessageProcessor-9]  INFO __SynapseService STATUS = Message dispatched to the main sequence. Invalid URL., RESOURCE = /order, HEALTH CHECK URL = /order
2023-06-13T12:53:53,064 [-] [PassThroughMessageProcessor-10]  INFO __SynapseService STATUS = Message dispatched to the main sequence. Invalid URL., RESOURCE = /menu, HEALTH CHECK URL = /menu
2023-06-13T12:53:56,908 [-] [PassThroughMessageProcessor-11]  INFO __SynapseService STATUS = Message dispatched to the main sequence. Invalid URL., RESOURCE = /menu, HEALTH CHECK URL = /menu
2023-06-13T12:53:58,729 [-] [PassThroughMessageProcessor-12]  INFO __SynapseService STATUS = Message dispatched to the main sequence. Invalid URL., RESOURCE = /menu, HEALTH CHECK URL = /menu
2023-06-13T13:27:49,291 [-] [PassThroughMessageProcessor-14]  INFO __SynapseService STATUS = Message dispatched to the main sequence. Invalid URL., RESOURCE = /hello/1.0.0, HEALTH CHECK URL = /hello/1.0.0
2023-06-13T13:28:04,515 [-] [PassThroughMessageProcessor-15]  INFO __SynapseService STATUS = Message dispatched to the main sequence. Invalid URL., RESOURCE = /hello/1.0.0, HEALTH CHECK URL = /hello/1.0.0
2023-06-13T13:28:22,616 [-] [PassThroughMessageProcessor-16]  INFO __SynapseService STATUS = Message dispatched to the main sequence. Invalid URL., RESOURCE = /hello/1.0.0, HEALTH CHECK URL = /hello/1.0.0
2023-06-13T13:29:27,043 [-] [PassThroughMessageProcessor-17]  INFO __SynapseService STATUS = Message dispatched to the main sequence. Invalid URL., RESOURCE = /hello/1.0.0, HEALTH CHECK URL = /hello/1.0.0
2023-06-13T13:30:25,168 [-] [PassThroughMessageProcessor-18]  INFO __SynapseService STATUS = Message dispatched to the main sequence. Invalid URL., RESOURCE = /hello/1.0.0, HEALTH CHECK URL = /hello/1.0.0
2023-06-13T13:31:51,302 [-] [PassThroughMessageProcessor-19]  INFO __SynapseService STATUS = Message dispatched to the main sequence. Invalid URL., RESOURCE = /hello/1.0.0, HEALTH CHECK URL = /hello/1.0.0
2023-06-13T13:34:29,615 [-] [PassThroughMessageProcessor-20]  INFO __SynapseService STATUS = Message dispatched to the main sequence. Invalid URL., RESOURCE = /hello/1.0.0, HEALTH CHECK URL = /hello/1.0.0
2023-06-13T13:35:04,422 [-] [PassThroughMessageProcessor-21]  INFO __SynapseService STATUS = Message dispatched to the main sequence. Invalid URL., RESOURCE = /hello/1.0.0, HEALTH CHECK URL = /hello/1.0.0
2023-06-13T13:36:00,372 [-] [PassThroughMessageProcessor-22]  INFO __SynapseService STATUS = Message dispatched to the main sequence. Invalid URL., RESOURCE = /, HEALTH CHECK URL = /
2023-06-13T13:36:06,654 [-] [PassThroughMessageProcessor-24]  INFO __SynapseService STATUS = Message dispatched to the main sequence. Invalid URL., RESOURCE = /hello, HEALTH CHECK URL = /hello
2023-06-13T13:36:17,222 [-] [PassThroughMessageProcessor-25]  INFO __SynapseService STATUS = Message dispatched to the main sequence. Invalid URL., RESOURCE = /hello/, HEALTH CHECK URL = /hello/
2023-06-13T13:36:25,274 [-] [PassThroughMessageProcessor-26]  INFO __SynapseService STATUS = Message dispatched to the main sequence. Invalid URL., RESOURCE = /hello/1.0.0, HEALTH CHECK URL = /hello/1.0.0
2023-06-13T13:36:29,519 [-] [PassThroughMessageProcessor-27]  INFO __SynapseService STATUS = Message dispatched to the main sequence. Invalid URL., RESOURCE = /hello/1.0.0, HEALTH CHECK URL = /hello/1.0.0
2023-06-13T13:43:18,478 [-] [PassThroughMessageProcessor-28]  INFO __SynapseService STATUS = Message dispatched to the main sequence. Invalid URL., RESOURCE = /hello/1.0.0, HEALTH CHECK URL = /hello/1.0.0
2023-06-13T13:43:40,266 [-] [PassThroughMessageProcessor-29]  INFO __SynapseService STATUS = Message dispatched to the main sequence. Invalid URL., RESOURCE = /hello/1.0.0, HEALTH CHECK URL = /hello/1.0.0
2023-06-13T13:46:30,755 [-] [PassThroughMessageProcessor-30]  INFO __SynapseService STATUS = Message dispatched to the main sequence. Invalid URL., RESOURCE = /hello/1.0.0, HEALTH CHECK URL = /hello/1.0.0
2023-06-13T13:46:56,698 [-] [PassThroughMessageProcessor-31]  INFO __SynapseService STATUS = Message dispatched to the main sequence. Invalid URL., RESOURCE = /v2/5185415ba171ea3a00704eed, HEALTH CHECK URL = /http://run.mocky.io/v2/5185415ba171ea3a00704eed
2023-06-13T13:47:09,370 [-] [PassThroughMessageProcessor-32]  INFO __SynapseService STATUS = Message dispatched to the main sequence. Invalid URL., RESOURCE = /run.mocky.io/v2/5185415ba171ea3a00704eed, HEALTH CHECK URL = /run.mocky.io/v2/5185415ba171ea3a00704eed
2023-06-13T13:47:16,549 [-] [PassThroughMessageProcessor-33]  INFO __SynapseService STATUS = Message dispatched to the main sequence. Invalid URL., RESOURCE = /run.mocky.io/v2/5185415ba171ea3a00704eed, HEALTH CHECK URL = /run.mocky.io/v2/5185415ba171ea3a00704eed
2023-06-13T13:47:31,303 [-] [PassThroughMessageProcessor-34]  INFO __SynapseService STATUS = Message dispatched to the main sequence. Invalid URL., RESOURCE = /5185415ba171ea3a00704eed, HEALTH CHECK URL = /5185415ba171ea3a00704eed
2023-06-13T13:48:22,175 [-] [PassThroughMessageProcessor-36]  INFO __SynapseService STATUS = Message dispatched to the main sequence. Invalid URL., RESOURCE = /hello/1.0.0, HEALTH CHECK URL = /hello/1.0.0
2023-06-13T13:49:10,051 [-] [PassThroughMessageProcessor-37]  INFO __SynapseService STATUS = Message dispatched to the main sequence. Invalid URL., RESOURCE = /hello/1.0.0, HEALTH CHECK URL = /hello/1.0.0
2023-06-13T13:49:30,498 [-] [PassThroughMessageProcessor-38]  INFO __SynapseService STATUS = Message dispatched to the main sequence. Invalid URL., RESOURCE = /hello/1.0.0, HEALTH CHECK URL = /hello/1.0.0
